[ 2016-04-07T17:46:18+08:00 ] 127.0.0.1 /
INFO: [ app_init ] --START--
INFO: Run Behavior\BuildLiteBehavior [ RunTime:0.000355s ]
INFO: Run Common\Behavior\InitHookBehavior [ RunTime:0.072950s ]
INFO: [ app_init ] --END-- [ RunTime:0.110172s ]
INFO: [ app_begin ] --START--
INFO: Run Behavior\ReadHtmlCacheBehavior [ RunTime:0.006774s ]
INFO: Run Addons\Iswaf\IswafAddon [ RunTime:0.131199s ]
INFO: [ app_begin ] --END-- [ RunTime:0.140653s ]
SQL: SHOW COLUMNS FROM `jm_config` [ RunTime:0.0075s ]
SQL: SELECT `type`,`name`,`value` FROM `jm_config` WHERE `status` = 1  [ RunTime:0.0097s ]
SQL: SHOW COLUMNS FROM `jm_notice` [ RunTime:0.0064s ]
SQL: SELECT `id`,`create_time`,`title` FROM `jm_notice` WHERE ( status = 0 ) ORDER BY is_top desc,create_time desc LIMIT 6   [ RunTime:0.0063s ]
SQL: SHOW COLUMNS FROM `jm_infomation` [ RunTime:0.0065s ]
SQL: SELECT `id`,`create_time`,`title` FROM `jm_infomation` WHERE ( status = 1 ) ORDER BY level desc,create_time desc LIMIT 6   [ RunTime:0.0069s ]
NOTIC: [8] Undefined variable: noticearray C:\wamp\www\yinma\Application\Home\Controller\IndexController.class.php 第 60 行.
NOTIC: [2] implode(): Invalid arguments passed C:\wamp\www\yinma\Application\Home\Controller\IndexController.class.php 第 60 行.
NOTIC: [8] Undefined variable: newsarray C:\wamp\www\yinma\Application\Home\Controller\IndexController.class.php 第 62 行.
NOTIC: [2] implode(): Invalid arguments passed C:\wamp\www\yinma\Application\Home\Controller\IndexController.class.php 第 62 行.
SQL: SHOW COLUMNS FROM `jm_project` [ RunTime:0.0077s ]
SQL: SHOW COLUMNS FROM `jm_proj_index` [ RunTime:0.0078s ]
SQL: SELECT * FROM `jm_proj_index` WHERE `stage` = 4 ORDER BY is_top desc, create_time desc LIMIT 6   [ RunTime:0.0078s ]
SQL: SELECT * FROM `jm_proj_index` WHERE `stage` = 2 ORDER BY is_top desc, create_time desc  [ RunTime:0.0073s ]
SQL: SELECT * FROM `jm_proj_index` WHERE `stage` = 1 ORDER BY is_top desc, create_time desc  [ RunTime:0.0077s ]
SQL: SELECT * FROM `jm_proj_index` WHERE `stage` = 9 ORDER BY is_top desc, create_time desc LIMIT 6   [ RunTime:0.0076s ]
SQL: SHOW COLUMNS FROM `jm_banner` [ RunTime:0.0062s ]
SQL: SELECT * FROM `jm_banner` WHERE `status` = 0 ORDER BY sort asc,id desc  [ RunTime:0.0058s ]
SQL: SHOW COLUMNS FROM `jm_product` [ RunTime:0.0075s ]
SQL: SELECT * FROM `jm_product` WHERE `status` = 9 AND ( `stage` > 1 AND `stage` < 9 AND `stage` <> 8  ) ORDER BY is_sort desc,start_time desc LIMIT 4   [ RunTime:0.0065s ]
SQL: SELECT * FROM `jm_product` WHERE `status` = 9 AND ( `stage` = 9  ) ORDER BY is_sort desc,start_time desc LIMIT 4   [ RunTime:0.0064s ]
SQL: SELECT * FROM `jm_proj_index` WHERE `status` = 9 AND `stage` BETWEEN '1' AND '4' ORDER BY stage desc,is_top desc,create_time desc LIMIT 6   [ RunTime:0.0076s ]
SQL: SHOW COLUMNS FROM `jm_project` [ RunTime:0.0072s ]
SQL: SELECT COUNT(*) AS tp_count FROM `jm_project` WHERE `status` >= 9 AND `stage` IN ('1','4','9') LIMIT 1   [ RunTime:0.0061s ]
SQL: SHOW COLUMNS FROM `jm_project_investor` [ RunTime:0.0068s ]
SQL: SELECT SUM(fund) AS tp_sum FROM `jm_project_investor` WHERE `status` >= 4 LIMIT 1   [ RunTime:0.0060s ]
SQL: SELECT COUNT(*) AS tp_count FROM `jm_product` WHERE `status` >= 9 AND `stage` IN ('2','9') LIMIT 1   [ RunTime:0.0077s ]
SQL: SHOW COLUMNS FROM `jm_custom` [ RunTime:0.0064s ]
SQL: SELECT SUM(amount*count) AS tp_sum FROM `jm_custom` WHERE `status` = 1 LIMIT 1   [ RunTime:0.0057s ]
SQL: SHOW COLUMNS FROM `jm_ucenter_member` [ RunTime:0.0063s ]
SQL: SELECT COUNT(*) AS tp_count FROM `jm_ucenter_member` WHERE `status` = 1 LIMIT 1   [ RunTime:0.0061s ]
SQL: SHOW COLUMNS FROM `jm_link` [ RunTime:0.0071s ]
SQL: SELECT `name`,`logo`,`url` FROM `jm_link` WHERE `status` = 1 ORDER BY sort desc LIMIT 15   [ RunTime:0.0061s ]
INFO: [ view_parse ] --START--
INFO: [ template_filter ] --START--
INFO: Run Behavior\ContentReplaceBehavior [ RunTime:0.001914s ]
INFO: [ template_filter ] --END-- [ RunTime:0.003691s ]
SQL: SHOW COLUMNS FROM `jm_picture` [ RunTime:0.0063s ]
SQL: SELECT * FROM `jm_picture` WHERE `status` = 1 AND `id` = 5817 LIMIT 1   [ RunTime:0.0058s ]
SQL: SELECT * FROM `jm_picture` WHERE `status` = 1 AND `id` = 5817 LIMIT 1   [ RunTime:0.0057s ]
SQL: SELECT * FROM `jm_picture` WHERE `status` = 1 AND `id` = 5769 LIMIT 1   [ RunTime:0.0059s ]
SQL: SELECT * FROM `jm_picture` WHERE `status` = 1 AND `id` = 5769 LIMIT 1   [ RunTime:0.0057s ]
SQL: SELECT * FROM `jm_picture` WHERE `status` = 1 AND `id` = 5794 LIMIT 1   [ RunTime:0.0061s ]
SQL: SELECT * FROM `jm_picture` WHERE `status` = 1 AND `id` = 5789 LIMIT 1   [ RunTime:0.0059s ]
NOTIC: [8] Undefined index: city C:\wamp\www\yinma\Runtime\Cache\Home\769e70f2e46f34ceb60619bbda5e4691.php 第 364 行.
NOTIC: [8] Undefined index: d C:\wamp\www\yinma\Application\Common\Common\function.php 第 1243 行.
NOTIC: [8] Undefined variable: finish_amount C:\wamp\www\yinma\Runtime\Cache\Home\769e70f2e46f34ceb60619bbda5e4691.php 第 365 行.
SQL: SELECT * FROM `jm_picture` WHERE `status` = 1 AND `id` = 5733 LIMIT 1   [ RunTime:0.0056s ]
SQL: SELECT * FROM `jm_picture` WHERE `status` = 1 AND `id` = 5672 LIMIT 1   [ RunTime:0.0064s ]
SQL: SELECT * FROM `jm_picture` WHERE `status` = 1 AND `id` = 5622 LIMIT 1   [ RunTime:0.0062s ]
SQL: SELECT * FROM `jm_picture` WHERE `status` = 1 AND `id` = 5597 LIMIT 1   [ RunTime:0.0058s ]
SQL: SELECT * FROM `jm_picture` WHERE `status` = 1 AND `id` = 5708 LIMIT 1   [ RunTime:0.0061s ]
SQL: SELECT * FROM `jm_picture` WHERE `status` = 1 AND `id` = 5572 LIMIT 1   [ RunTime:0.0079s ]
SQL: SELECT * FROM `jm_picture` WHERE `status` = 1 AND `id` = 5577 LIMIT 1   [ RunTime:0.0063s ]
SQL: SELECT * FROM `jm_picture` WHERE `status` = 1 AND `id` = 5580 LIMIT 1   [ RunTime:0.0057s ]
SQL: SELECT * FROM `jm_picture` WHERE `status` = 1 AND `id` = 5571 LIMIT 1   [ RunTime:0.0067s ]
SQL: SELECT * FROM `jm_picture` WHERE `status` = 1 AND `id` = 5579 LIMIT 1   [ RunTime:0.0058s ]
SQL: SELECT * FROM `jm_picture` WHERE `status` = 1 AND `id` = 5576 LIMIT 1   [ RunTime:0.0057s ]
SQL: SELECT * FROM `jm_picture` WHERE `status` = 1 AND `id` = 5574 LIMIT 1   [ RunTime:0.0067s ]
SQL: SELECT * FROM `jm_picture` WHERE `status` = 1 AND `id` = 5569 LIMIT 1   [ RunTime:0.0057s ]
SQL: SELECT * FROM `jm_picture` WHERE `status` = 1 AND `id` = 5650 LIMIT 1   [ RunTime:0.0057s ]
SQL: SELECT * FROM `jm_picture` WHERE `status` = 1 AND `id` = 5654 LIMIT 1   [ RunTime:0.0065s ]
SQL: SELECT * FROM `jm_picture` WHERE `status` = 1 AND `id` = 5828 LIMIT 1   [ RunTime:0.0061s ]
SQL: SELECT * FROM `jm_picture` WHERE `status` = 1 AND `id` = 5829 LIMIT 1   [ RunTime:0.0058s ]
INFO: Run Behavior\ParseTemplateBehavior [ RunTime:1.059893s ]
INFO: [ view_parse ] --END-- [ RunTime:1.061789s ]
INFO: [ view_filter ] --START--
INFO: Run Behavior\WriteHtmlCacheBehavior [ RunTime:0.014417s ]
INFO: [ view_filter ] --END-- [ RunTime:0.017642s ]
INFO: [ app_end ] --START--
INFO: Run Behavior\ShowPageTraceBehavior [ RunTime:0.012062s ]
INFO: [ app_end ] --END-- [ RunTime:0.014518s ]

[ 2016-04-07T17:46:21+08:00 ] 127.0.0.1 /Index/getinfo.html?type=1&id=173
INFO: [ app_init ] --START--
INFO: Run Behavior\BuildLiteBehavior [ RunTime:0.000807s ]
INFO: Run Common\Behavior\InitHookBehavior [ RunTime:0.014575s ]
INFO: [ app_init ] --END-- [ RunTime:0.022620s ]
INFO: [ app_begin ] --START--
INFO: Run Behavior\ReadHtmlCacheBehavior [ RunTime:0.003877s ]
INFO: Run Addons\Iswaf\IswafAddon [ RunTime:0.060535s ]
INFO: [ app_begin ] --END-- [ RunTime:0.070655s ]
SQL: SHOW COLUMNS FROM `jm_config` [ RunTime:0.0071s ]
SQL: SELECT `type`,`name`,`value` FROM `jm_config` WHERE `status` = 1  [ RunTime:0.0071s ]
SQL: SHOW COLUMNS FROM `jm_infomation` [ RunTime:0.0071s ]
SQL: SELECT `description`,`title` FROM `jm_infomation` WHERE `id` = 173 LIMIT 1   [ RunTime:0.0097s ]
NOTIC: [8] Undefined index: id C:\wamp\www\yinma\Application\Home\Controller\IndexController.class.php 第 152 行.

[ 2016-04-07T17:46:21+08:00 ] 127.0.0.1 /Public/static/jquery.js
INFO: [ app_init ] --START--
INFO: Run Behavior\BuildLiteBehavior [ RunTime:0.000662s ]
INFO: Run Common\Behavior\InitHookBehavior [ RunTime:0.015249s ]
INFO: [ app_init ] --END-- [ RunTime:0.022850s ]
INFO: [ app_begin ] --START--
INFO: Run Behavior\ReadHtmlCacheBehavior [ RunTime:0.003714s ]
INFO: Run Addons\Iswaf\IswafAddon [ RunTime:0.048196s ]
INFO: [ app_begin ] --END-- [ RunTime:0.057420s ]
SQL: SHOW COLUMNS FROM `jm_config` [ RunTime:0.0059s ]
SQL: SELECT `type`,`name`,`value` FROM `jm_config` WHERE `status` = 1  [ RunTime:0.0057s ]

[ 2016-04-07T17:46:21+08:00 ] 127.0.0.1 /User/login.html
INFO: [ app_init ] --START--
INFO: Run Behavior\BuildLiteBehavior [ RunTime:0.000463s ]
INFO: Run Common\Behavior\InitHookBehavior [ RunTime:0.010377s ]
INFO: [ app_init ] --END-- [ RunTime:0.015467s ]
INFO: [ app_begin ] --START--
INFO: Run Behavior\ReadHtmlCacheBehavior [ RunTime:0.002895s ]
INFO: Run Addons\Iswaf\IswafAddon [ RunTime:0.048044s ]
INFO: [ app_begin ] --END-- [ RunTime:0.056308s ]
SQL: SHOW COLUMNS FROM `jm_config` [ RunTime:0.0063s ]
SQL: SELECT `type`,`name`,`value` FROM `jm_config` WHERE `status` = 1  [ RunTime:0.0069s ]
INFO: [ view_parse ] --START--
INFO: [ template_filter ] --START--
INFO: Run Behavior\ContentReplaceBehavior [ RunTime:0.001855s ]
INFO: [ template_filter ] --END-- [ RunTime:0.004748s ]
NOTIC: [8] Use of undefined constant Index - assumed 'Index' C:\wamp\www\yinma\Runtime\Cache\Home\b171d71961885d3bf0f7a9b2e0867b01.php 第 134 行.
NOTIC: [8] Use of undefined constant index - assumed 'index' C:\wamp\www\yinma\Runtime\Cache\Home\b171d71961885d3bf0f7a9b2e0867b01.php 第 134 行.
NOTIC: [2] Division by zero C:\wamp\www\yinma\Runtime\Cache\Home\b171d71961885d3bf0f7a9b2e0867b01.php 第 134 行.
INFO: Run Behavior\ParseTemplateBehavior [ RunTime:0.133853s ]
INFO: [ view_parse ] --END-- [ RunTime:0.136559s ]
INFO: [ view_filter ] --START--
INFO: Run Behavior\WriteHtmlCacheBehavior [ RunTime:0.001666s ]
INFO: [ view_filter ] --END-- [ RunTime:0.003757s ]
INFO: [ app_end ] --START--
INFO: Run Behavior\ShowPageTraceBehavior [ RunTime:0.002003s ]
INFO: [ app_end ] --END-- [ RunTime:0.004349s ]

[ 2016-04-07T17:46:23+08:00 ] 127.0.0.1 /Index/index.html
INFO: [ app_init ] --START--
INFO: Run Behavior\BuildLiteBehavior [ RunTime:0.000358s ]
INFO: Run Common\Behavior\InitHookBehavior [ RunTime:0.007536s ]
INFO: [ app_init ] --END-- [ RunTime:0.011992s ]
INFO: [ app_begin ] --START--
INFO: Run Behavior\ReadHtmlCacheBehavior [ RunTime:0.003782s ]
INFO: Run Addons\Iswaf\IswafAddon [ RunTime:0.039806s ]
INFO: [ app_begin ] --END-- [ RunTime:0.048237s ]
SQL: SHOW COLUMNS FROM `jm_config` [ RunTime:0.0077s ]
SQL: SELECT `type`,`name`,`value` FROM `jm_config` WHERE `status` = 1  [ RunTime:0.0094s ]
SQL: SHOW COLUMNS FROM `jm_notice` [ RunTime:0.0071s ]
SQL: SELECT `id`,`create_time`,`title` FROM `jm_notice` WHERE ( status = 0 ) ORDER BY is_top desc,create_time desc LIMIT 6   [ RunTime:0.0064s ]
SQL: SHOW COLUMNS FROM `jm_infomation` [ RunTime:0.0072s ]
SQL: SELECT `id`,`create_time`,`title` FROM `jm_infomation` WHERE ( status = 1 ) ORDER BY level desc,create_time desc LIMIT 6   [ RunTime:0.0072s ]
NOTIC: [8] Undefined variable: noticearray C:\wamp\www\yinma\Application\Home\Controller\IndexController.class.php 第 60 行.
NOTIC: [2] implode(): Invalid arguments passed C:\wamp\www\yinma\Application\Home\Controller\IndexController.class.php 第 60 行.
NOTIC: [8] Undefined variable: newsarray C:\wamp\www\yinma\Application\Home\Controller\IndexController.class.php 第 62 行.
NOTIC: [2] implode(): Invalid arguments passed C:\wamp\www\yinma\Application\Home\Controller\IndexController.class.php 第 62 行.
SQL: SHOW COLUMNS FROM `jm_project` [ RunTime:0.0083s ]
SQL: SHOW COLUMNS FROM `jm_proj_index` [ RunTime:0.0091s ]
SQL: SELECT * FROM `jm_proj_index` WHERE `stage` = 4 ORDER BY is_top desc, create_time desc LIMIT 6   [ RunTime:0.0124s ]
SQL: SELECT * FROM `jm_proj_index` WHERE `stage` = 2 ORDER BY is_top desc, create_time desc  [ RunTime:0.0086s ]
SQL: SELECT * FROM `jm_proj_index` WHERE `stage` = 1 ORDER BY is_top desc, create_time desc  [ RunTime:0.0081s ]
SQL: SELECT * FROM `jm_proj_index` WHERE `stage` = 9 ORDER BY is_top desc, create_time desc LIMIT 6   [ RunTime:0.0081s ]
SQL: SHOW COLUMNS FROM `jm_banner` [ RunTime:0.0071s ]
SQL: SELECT * FROM `jm_banner` WHERE `status` = 0 ORDER BY sort asc,id desc  [ RunTime:0.0074s ]
SQL: SHOW COLUMNS FROM `jm_product` [ RunTime:0.0080s ]
SQL: SELECT * FROM `jm_product` WHERE `status` = 9 AND ( `stage` > 1 AND `stage` < 9 AND `stage` <> 8  ) ORDER BY is_sort desc,start_time desc LIMIT 4   [ RunTime:0.0106s ]
SQL: SELECT * FROM `jm_product` WHERE `status` = 9 AND ( `stage` = 9  ) ORDER BY is_sort desc,start_time desc LIMIT 4   [ RunTime:0.0069s ]
SQL: SELECT * FROM `jm_proj_index` WHERE `status` = 9 AND `stage` BETWEEN '1' AND '4' ORDER BY stage desc,is_top desc,create_time desc LIMIT 6   [ RunTime:0.0098s ]
SQL: SHOW COLUMNS FROM `jm_project` [ RunTime:0.0079s ]
SQL: SELECT COUNT(*) AS tp_count FROM `jm_project` WHERE `status` >= 9 AND `stage` IN ('1','4','9') LIMIT 1   [ RunTime:0.0072s ]
SQL: SHOW COLUMNS FROM `jm_project_investor` [ RunTime:0.0105s ]
SQL: SELECT SUM(fund) AS tp_sum FROM `jm_project_investor` WHERE `status` >= 4 LIMIT 1   [ RunTime:0.0065s ]
SQL: SELECT COUNT(*) AS tp_count FROM `jm_product` WHERE `status` >= 9 AND `stage` IN ('2','9') LIMIT 1   [ RunTime:0.2164s ]
SQL: SHOW COLUMNS FROM `jm_custom` [ RunTime:0.0072s ]
SQL: SELECT SUM(amount*count) AS tp_sum FROM `jm_custom` WHERE `status` = 1 LIMIT 1   [ RunTime:0.0106s ]
SQL: SHOW COLUMNS FROM `jm_ucenter_member` [ RunTime:0.0069s ]
SQL: SELECT COUNT(*) AS tp_count FROM `jm_ucenter_member` WHERE `status` = 1 LIMIT 1   [ RunTime:0.0066s ]
SQL: SHOW COLUMNS FROM `jm_link` [ RunTime:0.0067s ]
SQL: SELECT `name`,`logo`,`url` FROM `jm_link` WHERE `status` = 1 ORDER BY sort desc LIMIT 15   [ RunTime:0.0066s ]
INFO: [ view_parse ] --START--
INFO: [ template_filter ] --START--
INFO: Run Behavior\ContentReplaceBehavior [ RunTime:0.002295s ]
INFO: [ template_filter ] --END-- [ RunTime:0.004342s ]
SQL: SHOW COLUMNS FROM `jm_picture` [ RunTime:0.0070s ]
SQL: SELECT * FROM `jm_picture` WHERE `status` = 1 AND `id` = 5817 LIMIT 1   [ RunTime:0.0064s ]
SQL: SELECT * FROM `jm_picture` WHERE `status` = 1 AND `id` = 5817 LIMIT 1   [ RunTime:0.0065s ]
SQL: SELECT * FROM `jm_picture` WHERE `status` = 1 AND `id` = 5769 LIMIT 1   [ RunTime:0.0065s ]
SQL: SELECT * FROM `jm_picture` WHERE `status` = 1 AND `id` = 5769 LIMIT 1   [ RunTime:0.0064s ]
SQL: SELECT * FROM `jm_picture` WHERE `status` = 1 AND `id` = 5794 LIMIT 1   [ RunTime:0.0065s ]
SQL: SELECT * FROM `jm_picture` WHERE `status` = 1 AND `id` = 5789 LIMIT 1   [ RunTime:0.0066s ]
NOTIC: [8] Undefined index: city C:\wamp\www\yinma\Runtime\Cache\Home\769e70f2e46f34ceb60619bbda5e4691.php 第 364 行.
NOTIC: [8] Undefined index: d C:\wamp\www\yinma\Application\Common\Common\function.php 第 1243 行.
NOTIC: [8] Undefined variable: finish_amount C:\wamp\www\yinma\Runtime\Cache\Home\769e70f2e46f34ceb60619bbda5e4691.php 第 365 行.
SQL: SELECT * FROM `jm_picture` WHERE `status` = 1 AND `id` = 5733 LIMIT 1   [ RunTime:0.0065s ]
SQL: SELECT * FROM `jm_picture` WHERE `status` = 1 AND `id` = 5672 LIMIT 1   [ RunTime:0.0064s ]
SQL: SELECT * FROM `jm_picture` WHERE `status` = 1 AND `id` = 5622 LIMIT 1   [ RunTime:0.0064s ]
SQL: SELECT * FROM `jm_picture` WHERE `status` = 1 AND `id` = 5597 LIMIT 1   [ RunTime:0.0082s ]
SQL: SELECT * FROM `jm_picture` WHERE `status` = 1 AND `id` = 5708 LIMIT 1   [ RunTime:0.0066s ]
SQL: SELECT * FROM `jm_picture` WHERE `status` = 1 AND `id` = 5572 LIMIT 1   [ RunTime:0.0063s ]
SQL: SELECT * FROM `jm_picture` WHERE `status` = 1 AND `id` = 5577 LIMIT 1   [ RunTime:0.0063s ]
SQL: SELECT * FROM `jm_picture` WHERE `status` = 1 AND `id` = 5580 LIMIT 1   [ RunTime:0.0080s ]
SQL: SELECT * FROM `jm_picture` WHERE `status` = 1 AND `id` = 5571 LIMIT 1   [ RunTime:0.0065s ]
SQL: SELECT * FROM `jm_picture` WHERE `status` = 1 AND `id` = 5579 LIMIT 1   [ RunTime:0.0067s ]
SQL: SELECT * FROM `jm_picture` WHERE `status` = 1 AND `id` = 5576 LIMIT 1   [ RunTime:0.0065s ]
SQL: SELECT * FROM `jm_picture` WHERE `status` = 1 AND `id` = 5574 LIMIT 1   [ RunTime:0.0072s ]
SQL: SELECT * FROM `jm_picture` WHERE `status` = 1 AND `id` = 5569 LIMIT 1   [ RunTime:0.0066s ]
SQL: SELECT * FROM `jm_picture` WHERE `status` = 1 AND `id` = 5650 LIMIT 1   [ RunTime:0.0065s ]
SQL: SELECT * FROM `jm_picture` WHERE `status` = 1 AND `id` = 5654 LIMIT 1   [ RunTime:0.0065s ]
SQL: SELECT * FROM `jm_picture` WHERE `status` = 1 AND `id` = 5828 LIMIT 1   [ RunTime:0.0065s ]
SQL: SELECT * FROM `jm_picture` WHERE `status` = 1 AND `id` = 5829 LIMIT 1   [ RunTime:0.0070s ]
INFO: Run Behavior\ParseTemplateBehavior [ RunTime:1.068283s ]
INFO: [ view_parse ] --END-- [ RunTime:1.070822s ]
INFO: [ view_filter ] --START--
INFO: Run Behavior\WriteHtmlCacheBehavior [ RunTime:0.001656s ]
INFO: [ view_filter ] --END-- [ RunTime:0.003893s ]
INFO: [ app_end ] --START--
INFO: Run Behavior\ShowPageTraceBehavior [ RunTime:0.002693s ]
INFO: [ app_end ] --END-- [ RunTime:0.005983s ]

[ 2016-04-07T17:46:23+08:00 ] 127.0.0.1 /Public/Home/fsr/js/jquery-2.0.3.min.map
INFO: [ app_init ] --START--
INFO: Run Behavior\BuildLiteBehavior [ RunTime:0.000338s ]
INFO: Run Common\Behavior\InitHookBehavior [ RunTime:0.009124s ]
INFO: [ app_init ] --END-- [ RunTime:0.013572s ]
INFO: [ app_begin ] --START--
INFO: Run Behavior\ReadHtmlCacheBehavior [ RunTime:0.002347s ]
INFO: Run Addons\Iswaf\IswafAddon [ RunTime:0.041408s ]
INFO: [ app_begin ] --END-- [ RunTime:0.047546s ]
SQL: SHOW COLUMNS FROM `jm_config` [ RunTime:0.0057s ]
SQL: SELECT `type`,`name`,`value` FROM `jm_config` WHERE `status` = 1  [ RunTime:0.0054s ]

[ 2016-04-07T17:46:25+08:00 ] 127.0.0.1 /Index/index.html
INFO: [ app_init ] --START--
INFO: Run Behavior\BuildLiteBehavior [ RunTime:0.000437s ]
INFO: Run Common\Behavior\InitHookBehavior [ RunTime:0.007638s ]
INFO: [ app_init ] --END-- [ RunTime:0.012208s ]
INFO: [ app_begin ] --START--
INFO: Run Behavior\ReadHtmlCacheBehavior [ RunTime:0.002149s ]
INFO: Run Addons\Iswaf\IswafAddon [ RunTime:0.033924s ]
INFO: [ app_begin ] --END-- [ RunTime:0.039664s ]
SQL: SHOW COLUMNS FROM `jm_config` [ RunTime:0.0064s ]
SQL: SELECT `type`,`name`,`value` FROM `jm_config` WHERE `status` = 1  [ RunTime:0.0065s ]
SQL: SHOW COLUMNS FROM `jm_notice` [ RunTime:0.0062s ]
SQL: SELECT `id`,`create_time`,`title` FROM `jm_notice` WHERE ( status = 0 ) ORDER BY is_top desc,create_time desc LIMIT 6   [ RunTime:0.0055s ]
SQL: SHOW COLUMNS FROM `jm_infomation` [ RunTime:0.0063s ]
SQL: SELECT `id`,`create_time`,`title` FROM `jm_infomation` WHERE ( status = 1 ) ORDER BY level desc,create_time desc LIMIT 6   [ RunTime:0.0061s ]
NOTIC: [8] Undefined variable: noticearray C:\wamp\www\yinma\Application\Home\Controller\IndexController.class.php 第 60 行.
NOTIC: [2] implode(): Invalid arguments passed C:\wamp\www\yinma\Application\Home\Controller\IndexController.class.php 第 60 行.
NOTIC: [8] Undefined variable: newsarray C:\wamp\www\yinma\Application\Home\Controller\IndexController.class.php 第 62 行.
NOTIC: [2] implode(): Invalid arguments passed C:\wamp\www\yinma\Application\Home\Controller\IndexController.class.php 第 62 行.
SQL: SHOW COLUMNS FROM `jm_project` [ RunTime:0.0069s ]
SQL: SHOW COLUMNS FROM `jm_proj_index` [ RunTime:0.0068s ]
SQL: SELECT * FROM `jm_proj_index` WHERE `stage` = 4 ORDER BY is_top desc, create_time desc LIMIT 6   [ RunTime:0.0073s ]
SQL: SELECT * FROM `jm_proj_index` WHERE `stage` = 2 ORDER BY is_top desc, create_time desc  [ RunTime:0.0073s ]
SQL: SELECT * FROM `jm_proj_index` WHERE `stage` = 1 ORDER BY is_top desc, create_time desc  [ RunTime:0.0074s ]
SQL: SELECT * FROM `jm_proj_index` WHERE `stage` = 9 ORDER BY is_top desc, create_time desc LIMIT 6   [ RunTime:0.0102s ]
SQL: SHOW COLUMNS FROM `jm_banner` [ RunTime:0.0064s ]
SQL: SELECT * FROM `jm_banner` WHERE `status` = 0 ORDER BY sort asc,id desc  [ RunTime:0.0059s ]
SQL: SHOW COLUMNS FROM `jm_product` [ RunTime:0.0066s ]
SQL: SELECT * FROM `jm_product` WHERE `status` = 9 AND ( `stage` > 1 AND `stage` < 9 AND `stage` <> 8  ) ORDER BY is_sort desc,start_time desc LIMIT 4   [ RunTime:0.0063s ]
SQL: SELECT * FROM `jm_product` WHERE `status` = 9 AND ( `stage` = 9  ) ORDER BY is_sort desc,start_time desc LIMIT 4   [ RunTime:0.0067s ]
SQL: SELECT * FROM `jm_proj_index` WHERE `status` = 9 AND `stage` BETWEEN '1' AND '4' ORDER BY stage desc,is_top desc,create_time desc LIMIT 6   [ RunTime:0.0146s ]
SQL: SHOW COLUMNS FROM `jm_project` [ RunTime:0.0073s ]
SQL: SELECT COUNT(*) AS tp_count FROM `jm_project` WHERE `status` >= 9 AND `stage` IN ('1','4','9') LIMIT 1   [ RunTime:0.0053s ]
SQL: SHOW COLUMNS FROM `jm_project_investor` [ RunTime:0.0062s ]
SQL: SELECT SUM(fund) AS tp_sum FROM `jm_project_investor` WHERE `status` >= 4 LIMIT 1   [ RunTime:0.0059s ]
SQL: SELECT COUNT(*) AS tp_count FROM `jm_product` WHERE `status` >= 9 AND `stage` IN ('2','9') LIMIT 1   [ RunTime:0.0056s ]
SQL: SHOW COLUMNS FROM `jm_custom` [ RunTime:0.0062s ]
SQL: SELECT SUM(amount*count) AS tp_sum FROM `jm_custom` WHERE `status` = 1 LIMIT 1   [ RunTime:0.0057s ]
SQL: SHOW COLUMNS FROM `jm_ucenter_member` [ RunTime:0.0065s ]
SQL: SELECT COUNT(*) AS tp_count FROM `jm_ucenter_member` WHERE `status` = 1 LIMIT 1   [ RunTime:0.0056s ]
SQL: SHOW COLUMNS FROM `jm_link` [ RunTime:0.0059s ]
SQL: SELECT `name`,`logo`,`url` FROM `jm_link` WHERE `status` = 1 ORDER BY sort desc LIMIT 15   [ RunTime:0.0058s ]
INFO: [ view_parse ] --START--
INFO: [ template_filter ] --START--
INFO: Run Behavior\ContentReplaceBehavior [ RunTime:0.002523s ]
INFO: [ template_filter ] --END-- [ RunTime:0.004516s ]
SQL: SHOW COLUMNS FROM `jm_picture` [ RunTime:0.0071s ]
SQL: SELECT * FROM `jm_picture` WHERE `status` = 1 AND `id` = 5817 LIMIT 1   [ RunTime:0.0056s ]
SQL: SELECT * FROM `jm_picture` WHERE `status` = 1 AND `id` = 5817 LIMIT 1   [ RunTime:0.0055s ]
SQL: SELECT * FROM `jm_picture` WHERE `status` = 1 AND `id` = 5769 LIMIT 1   [ RunTime:0.0053s ]
SQL: SELECT * FROM `jm_picture` WHERE `status` = 1 AND `id` = 5769 LIMIT 1   [ RunTime:0.0086s ]
SQL: SELECT * FROM `jm_picture` WHERE `status` = 1 AND `id` = 5794 LIMIT 1   [ RunTime:0.0060s ]
SQL: SELECT * FROM `jm_picture` WHERE `status` = 1 AND `id` = 5789 LIMIT 1   [ RunTime:0.0057s ]
NOTIC: [8] Undefined index: city C:\wamp\www\yinma\Runtime\Cache\Home\769e70f2e46f34ceb60619bbda5e4691.php 第 364 行.
NOTIC: [8] Undefined index: d C:\wamp\www\yinma\Application\Common\Common\function.php 第 1243 行.
NOTIC: [8] Undefined variable: finish_amount C:\wamp\www\yinma\Runtime\Cache\Home\769e70f2e46f34ceb60619bbda5e4691.php 第 365 行.
SQL: SELECT * FROM `jm_picture` WHERE `status` = 1 AND `id` = 5733 LIMIT 1   [ RunTime:0.0063s ]
SQL: SELECT * FROM `jm_picture` WHERE `status` = 1 AND `id` = 5672 LIMIT 1   [ RunTime:0.0057s ]
SQL: SELECT * FROM `jm_picture` WHERE `status` = 1 AND `id` = 5622 LIMIT 1   [ RunTime:0.0061s ]
SQL: SELECT * FROM `jm_picture` WHERE `status` = 1 AND `id` = 5597 LIMIT 1   [ RunTime:0.0054s ]
SQL: SELECT * FROM `jm_picture` WHERE `status` = 1 AND `id` = 5708 LIMIT 1   [ RunTime:0.0056s ]
SQL: SELECT * FROM `jm_picture` WHERE `status` = 1 AND `id` = 5572 LIMIT 1   [ RunTime:0.0059s ]
SQL: SELECT * FROM `jm_picture` WHERE `status` = 1 AND `id` = 5577 LIMIT 1   [ RunTime:0.0058s ]
SQL: SELECT * FROM `jm_picture` WHERE `status` = 1 AND `id` = 5580 LIMIT 1   [ RunTime:0.0055s ]
SQL: SELECT * FROM `jm_picture` WHERE `status` = 1 AND `id` = 5571 LIMIT 1   [ RunTime:0.0053s ]
SQL: SELECT * FROM `jm_picture` WHERE `status` = 1 AND `id` = 5579 LIMIT 1   [ RunTime:0.0055s ]
SQL: SELECT * FROM `jm_picture` WHERE `status` = 1 AND `id` = 5576 LIMIT 1   [ RunTime:0.0055s ]
SQL: SELECT * FROM `jm_picture` WHERE `status` = 1 AND `id` = 5574 LIMIT 1   [ RunTime:0.0055s ]
SQL: SELECT * FROM `jm_picture` WHERE `status` = 1 AND `id` = 5569 LIMIT 1   [ RunTime:0.0056s ]
SQL: SELECT * FROM `jm_picture` WHERE `status` = 1 AND `id` = 5650 LIMIT 1   [ RunTime:0.0131s ]
SQL: SELECT * FROM `jm_picture` WHERE `status` = 1 AND `id` = 5654 LIMIT 1   [ RunTime:0.0056s ]
SQL: SELECT * FROM `jm_picture` WHERE `status` = 1 AND `id` = 5828 LIMIT 1   [ RunTime:0.0060s ]
SQL: SELECT * FROM `jm_picture` WHERE `status` = 1 AND `id` = 5829 LIMIT 1   [ RunTime:0.0056s ]
INFO: Run Behavior\ParseTemplateBehavior [ RunTime:0.979495s ]
INFO: [ view_parse ] --END-- [ RunTime:0.981272s ]
INFO: [ view_filter ] --START--
INFO: Run Behavior\WriteHtmlCacheBehavior [ RunTime:0.001329s ]
INFO: [ view_filter ] --END-- [ RunTime:0.002953s ]
INFO: [ app_end ] --START--
INFO: Run Behavior\ShowPageTraceBehavior [ RunTime:0.001821s ]
INFO: [ app_end ] --END-- [ RunTime:0.003963s ]

[ 2016-04-07T17:47:15+08:00 ] 127.0.0.1 /User/login.html
INFO: [ app_init ] --START--
INFO: Run Behavior\BuildLiteBehavior [ RunTime:0.000321s ]
INFO: Run Common\Behavior\InitHookBehavior [ RunTime:0.005780s ]
INFO: [ app_init ] --END-- [ RunTime:0.009670s ]
INFO: [ app_begin ] --START--
INFO: Run Behavior\ReadHtmlCacheBehavior [ RunTime:0.001715s ]
INFO: Run Addons\Iswaf\IswafAddon [ RunTime:0.025621s ]
INFO: [ app_begin ] --END-- [ RunTime:0.030029s ]
SQL: SHOW COLUMNS FROM `jm_config` [ RunTime:0.0064s ]
SQL: SELECT `type`,`name`,`value` FROM `jm_config` WHERE `status` = 1  [ RunTime:0.0061s ]
INFO: [ view_parse ] --START--
INFO: [ template_filter ] --START--
INFO: Run Behavior\ContentReplaceBehavior [ RunTime:0.001108s ]
INFO: [ template_filter ] --END-- [ RunTime:0.002810s ]
NOTIC: [8] Use of undefined constant Index - assumed 'Index' C:\wamp\www\yinma\Runtime\Cache\Home\b171d71961885d3bf0f7a9b2e0867b01.php 第 135 行.
NOTIC: [8] Use of undefined constant index - assumed 'index' C:\wamp\www\yinma\Runtime\Cache\Home\b171d71961885d3bf0f7a9b2e0867b01.php 第 135 行.
NOTIC: [2] Division by zero C:\wamp\www\yinma\Runtime\Cache\Home\b171d71961885d3bf0f7a9b2e0867b01.php 第 135 行.
INFO: Run Behavior\ParseTemplateBehavior [ RunTime:0.090805s ]
INFO: [ view_parse ] --END-- [ RunTime:0.092402s ]
INFO: [ view_filter ] --START--
INFO: Run Behavior\WriteHtmlCacheBehavior [ RunTime:0.001533s ]
INFO: [ view_filter ] --END-- [ RunTime:0.003360s ]
INFO: [ app_end ] --START--
INFO: Run Behavior\ShowPageTraceBehavior [ RunTime:0.002253s ]
INFO: [ app_end ] --END-- [ RunTime:0.003906s ]

[ 2016-04-07T17:47:15+08:00 ] 127.0.0.1 /Public/Home/fsr/js/jquery-2.0.3.min.map
INFO: [ app_init ] --START--
INFO: Run Behavior\BuildLiteBehavior [ RunTime:0.000302s ]
INFO: Run Common\Behavior\InitHookBehavior [ RunTime:0.005832s ]
INFO: [ app_init ] --END-- [ RunTime:0.009016s ]
INFO: [ app_begin ] --START--
INFO: Run Behavior\ReadHtmlCacheBehavior [ RunTime:0.002524s ]
INFO: Run Addons\Iswaf\IswafAddon [ RunTime:0.027582s ]
INFO: [ app_begin ] --END-- [ RunTime:0.032798s ]
SQL: SHOW COLUMNS FROM `jm_config` [ RunTime:0.0055s ]
SQL: SELECT `type`,`name`,`value` FROM `jm_config` WHERE `status` = 1  [ RunTime:0.0054s ]

[ 2016-04-07T17:47:16+08:00 ] 127.0.0.1 /Index/index.html
INFO: [ app_init ] --START--
INFO: Run Behavior\BuildLiteBehavior [ RunTime:0.000624s ]
INFO: Run Common\Behavior\InitHookBehavior [ RunTime:0.006329s ]
INFO: [ app_init ] --END-- [ RunTime:0.010581s ]
INFO: [ app_begin ] --START--
INFO: Run Behavior\ReadHtmlCacheBehavior [ RunTime:0.001661s ]
INFO: Run Addons\Iswaf\IswafAddon [ RunTime:0.027362s ]
INFO: [ app_begin ] --END-- [ RunTime:0.031938s ]
SQL: SHOW COLUMNS FROM `jm_config` [ RunTime:0.0057s ]
SQL: SELECT `type`,`name`,`value` FROM `jm_config` WHERE `status` = 1  [ RunTime:0.0055s ]
SQL: SHOW COLUMNS FROM `jm_notice` [ RunTime:0.0051s ]
SQL: SELECT `id`,`create_time`,`title` FROM `jm_notice` WHERE ( status = 0 ) ORDER BY is_top desc,create_time desc LIMIT 6   [ RunTime:0.0050s ]
SQL: SHOW COLUMNS FROM `jm_infomation` [ RunTime:0.0056s ]
SQL: SELECT `id`,`create_time`,`title` FROM `jm_infomation` WHERE ( status = 1 ) ORDER BY level desc,create_time desc LIMIT 6   [ RunTime:0.0056s ]
NOTIC: [8] Undefined variable: noticearray C:\wamp\www\yinma\Application\Home\Controller\IndexController.class.php 第 60 行.
NOTIC: [2] implode(): Invalid arguments passed C:\wamp\www\yinma\Application\Home\Controller\IndexController.class.php 第 60 行.
NOTIC: [8] Undefined variable: newsarray C:\wamp\www\yinma\Application\Home\Controller\IndexController.class.php 第 62 行.
NOTIC: [2] implode(): Invalid arguments passed C:\wamp\www\yinma\Application\Home\Controller\IndexController.class.php 第 62 行.
SQL: SHOW COLUMNS FROM `jm_project` [ RunTime:0.0066s ]
SQL: SHOW COLUMNS FROM `jm_proj_index` [ RunTime:0.0061s ]
SQL: SELECT * FROM `jm_proj_index` WHERE `stage` = 4 ORDER BY is_top desc, create_time desc LIMIT 6   [ RunTime:0.0068s ]
SQL: SELECT * FROM `jm_proj_index` WHERE `stage` = 2 ORDER BY is_top desc, create_time desc  [ RunTime:0.0072s ]
SQL: SELECT * FROM `jm_proj_index` WHERE `stage` = 1 ORDER BY is_top desc, create_time desc  [ RunTime:0.0075s ]
SQL: SELECT * FROM `jm_proj_index` WHERE `stage` = 9 ORDER BY is_top desc, create_time desc LIMIT 6   [ RunTime:0.0066s ]
SQL: SHOW COLUMNS FROM `jm_banner` [ RunTime:0.0055s ]
SQL: SELECT * FROM `jm_banner` WHERE `status` = 0 ORDER BY sort asc,id desc  [ RunTime:0.0054s ]
SQL: SHOW COLUMNS FROM `jm_product` [ RunTime:0.0060s ]
SQL: SELECT * FROM `jm_product` WHERE `status` = 9 AND ( `stage` > 1 AND `stage` < 9 AND `stage` <> 8  ) ORDER BY is_sort desc,start_time desc LIMIT 4   [ RunTime:0.0057s ]
SQL: SELECT * FROM `jm_product` WHERE `status` = 9 AND ( `stage` = 9  ) ORDER BY is_sort desc,start_time desc LIMIT 4   [ RunTime:0.0056s ]
SQL: SELECT * FROM `jm_proj_index` WHERE `status` = 9 AND `stage` BETWEEN '1' AND '4' ORDER BY stage desc,is_top desc,create_time desc LIMIT 6   [ RunTime:0.0068s ]
SQL: SHOW COLUMNS FROM `jm_project` [ RunTime:0.0061s ]
SQL: SELECT COUNT(*) AS tp_count FROM `jm_project` WHERE `status` >= 9 AND `stage` IN ('1','4','9') LIMIT 1   [ RunTime:0.0048s ]
SQL: SHOW COLUMNS FROM `jm_project_investor` [ RunTime:0.0057s ]
SQL: SELECT SUM(fund) AS tp_sum FROM `jm_project_investor` WHERE `status` >= 4 LIMIT 1   [ RunTime:0.0048s ]
SQL: SELECT COUNT(*) AS tp_count FROM `jm_product` WHERE `status` >= 9 AND `stage` IN ('2','9') LIMIT 1   [ RunTime:0.0046s ]
SQL: SHOW COLUMNS FROM `jm_custom` [ RunTime:0.0068s ]
SQL: SELECT SUM(amount*count) AS tp_sum FROM `jm_custom` WHERE `status` = 1 LIMIT 1   [ RunTime:0.0049s ]
SQL: SHOW COLUMNS FROM `jm_ucenter_member` [ RunTime:0.0057s ]
SQL: SELECT COUNT(*) AS tp_count FROM `jm_ucenter_member` WHERE `status` = 1 LIMIT 1   [ RunTime:0.0082s ]
SQL: SHOW COLUMNS FROM `jm_link` [ RunTime:0.0051s ]
SQL: SELECT `name`,`logo`,`url` FROM `jm_link` WHERE `status` = 1 ORDER BY sort desc LIMIT 15   [ RunTime:0.0051s ]
INFO: [ view_parse ] --START--
INFO: [ template_filter ] --START--
INFO: Run Behavior\ContentReplaceBehavior [ RunTime:0.002033s ]
INFO: [ template_filter ] --END-- [ RunTime:0.003909s ]
SQL: SHOW COLUMNS FROM `jm_picture` [ RunTime:0.0086s ]
SQL: SELECT * FROM `jm_picture` WHERE `status` = 1 AND `id` = 5817 LIMIT 1   [ RunTime:0.0051s ]
SQL: SELECT * FROM `jm_picture` WHERE `status` = 1 AND `id` = 5817 LIMIT 1   [ RunTime:0.0049s ]
SQL: SELECT * FROM `jm_picture` WHERE `status` = 1 AND `id` = 5769 LIMIT 1   [ RunTime:0.0050s ]
SQL: SELECT * FROM `jm_picture` WHERE `status` = 1 AND `id` = 5769 LIMIT 1   [ RunTime:0.0052s ]
SQL: SELECT * FROM `jm_picture` WHERE `status` = 1 AND `id` = 5794 LIMIT 1   [ RunTime:0.0049s ]
SQL: SELECT * FROM `jm_picture` WHERE `status` = 1 AND `id` = 5789 LIMIT 1   [ RunTime:0.0051s ]
NOTIC: [8] Undefined index: city C:\wamp\www\yinma\Runtime\Cache\Home\769e70f2e46f34ceb60619bbda5e4691.php 第 364 行.
NOTIC: [8] Undefined index: d C:\wamp\www\yinma\Application\Common\Common\function.php 第 1243 行.
NOTIC: [8] Undefined variable: finish_amount C:\wamp\www\yinma\Runtime\Cache\Home\769e70f2e46f34ceb60619bbda5e4691.php 第 365 行.
SQL: SELECT * FROM `jm_picture` WHERE `status` = 1 AND `id` = 5733 LIMIT 1   [ RunTime:0.0049s ]
SQL: SELECT * FROM `jm_picture` WHERE `status` = 1 AND `id` = 5672 LIMIT 1   [ RunTime:0.0048s ]
SQL: SELECT * FROM `jm_picture` WHERE `status` = 1 AND `id` = 5622 LIMIT 1   [ RunTime:0.0050s ]
SQL: SELECT * FROM `jm_picture` WHERE `status` = 1 AND `id` = 5597 LIMIT 1   [ RunTime:0.0050s ]
SQL: SELECT * FROM `jm_picture` WHERE `status` = 1 AND `id` = 5708 LIMIT 1   [ RunTime:0.0048s ]
SQL: SELECT * FROM `jm_picture` WHERE `status` = 1 AND `id` = 5572 LIMIT 1   [ RunTime:0.0050s ]
SQL: SELECT * FROM `jm_picture` WHERE `status` = 1 AND `id` = 5577 LIMIT 1   [ RunTime:0.0051s ]
SQL: SELECT * FROM `jm_picture` WHERE `status` = 1 AND `id` = 5580 LIMIT 1   [ RunTime:0.0049s ]
SQL: SELECT * FROM `jm_picture` WHERE `status` = 1 AND `id` = 5571 LIMIT 1   [ RunTime:0.0051s ]
SQL: SELECT * FROM `jm_picture` WHERE `status` = 1 AND `id` = 5579 LIMIT 1   [ RunTime:0.0054s ]
SQL: SELECT * FROM `jm_picture` WHERE `status` = 1 AND `id` = 5576 LIMIT 1   [ RunTime:0.0051s ]
SQL: SELECT * FROM `jm_picture` WHERE `status` = 1 AND `id` = 5574 LIMIT 1   [ RunTime:0.0048s ]
SQL: SELECT * FROM `jm_picture` WHERE `status` = 1 AND `id` = 5569 LIMIT 1   [ RunTime:0.0050s ]
SQL: SELECT * FROM `jm_picture` WHERE `status` = 1 AND `id` = 5650 LIMIT 1   [ RunTime:0.0096s ]
SQL: SELECT * FROM `jm_picture` WHERE `status` = 1 AND `id` = 5654 LIMIT 1   [ RunTime:0.0051s ]
SQL: SELECT * FROM `jm_picture` WHERE `status` = 1 AND `id` = 5828 LIMIT 1   [ RunTime:0.0051s ]
SQL: SELECT * FROM `jm_picture` WHERE `status` = 1 AND `id` = 5829 LIMIT 1   [ RunTime:0.0051s ]
INFO: Run Behavior\ParseTemplateBehavior [ RunTime:0.858421s ]
INFO: [ view_parse ] --END-- [ RunTime:0.860120s ]
INFO: [ view_filter ] --START--
INFO: Run Behavior\WriteHtmlCacheBehavior [ RunTime:0.001940s ]
INFO: [ view_filter ] --END-- [ RunTime:0.004574s ]
INFO: [ app_end ] --START--
INFO: Run Behavior\ShowPageTraceBehavior [ RunTime:0.001999s ]
INFO: [ app_end ] --END-- [ RunTime:0.004067s ]

[ 2016-04-07T17:56:05+08:00 ] 127.0.0.1 /User/login.html
INFO: [ app_init ] --START--
INFO: Run Behavior\BuildLiteBehavior [ RunTime:0.000313s ]
INFO: Run Common\Behavior\InitHookBehavior [ RunTime:0.006785s ]
INFO: [ app_init ] --END-- [ RunTime:0.011249s ]
INFO: [ app_begin ] --START--
INFO: Run Behavior\ReadHtmlCacheBehavior [ RunTime:0.002834s ]
INFO: Run Addons\Iswaf\IswafAddon [ RunTime:0.032268s ]
INFO: [ app_begin ] --END-- [ RunTime:0.039699s ]
SQL: SHOW COLUMNS FROM `jm_config` [ RunTime:0.0069s ]
SQL: SELECT `type`,`name`,`value` FROM `jm_config` WHERE `status` = 1  [ RunTime:0.0067s ]
INFO: [ view_parse ] --START--
INFO: [ template_filter ] --START--
INFO: Run Behavior\ContentReplaceBehavior [ RunTime:0.001209s ]
INFO: [ template_filter ] --END-- [ RunTime:0.003320s ]
NOTIC: [8] Use of undefined constant Index - assumed 'Index' C:\wamp\www\yinma\Runtime\Cache\Home\b171d71961885d3bf0f7a9b2e0867b01.php 第 135 行.
NOTIC: [8] Use of undefined constant index - assumed 'index' C:\wamp\www\yinma\Runtime\Cache\Home\b171d71961885d3bf0f7a9b2e0867b01.php 第 135 行.
NOTIC: [2] Division by zero C:\wamp\www\yinma\Runtime\Cache\Home\b171d71961885d3bf0f7a9b2e0867b01.php 第 135 行.
INFO: Run Behavior\ParseTemplateBehavior [ RunTime:0.103085s ]
INFO: [ view_parse ] --END-- [ RunTime:0.105265s ]
INFO: [ view_filter ] --START--
INFO: Run Behavior\WriteHtmlCacheBehavior [ RunTime:0.002067s ]
INFO: [ view_filter ] --END-- [ RunTime:0.005002s ]
INFO: [ app_end ] --START--
INFO: Run Behavior\ShowPageTraceBehavior [ RunTime:0.002000s ]
INFO: [ app_end ] --END-- [ RunTime:0.003742s ]

[ 2016-04-07T17:56:05+08:00 ] 127.0.0.1 /Public/Home/fsr/js/jquery-2.0.3.min.map
INFO: [ app_init ] --START--
INFO: Run Behavior\BuildLiteBehavior [ RunTime:0.000299s ]
INFO: Run Common\Behavior\InitHookBehavior [ RunTime:0.016058s ]
INFO: [ app_init ] --END-- [ RunTime:0.020312s ]
INFO: [ app_begin ] --START--
INFO: Run Behavior\ReadHtmlCacheBehavior [ RunTime:0.001860s ]
INFO: Run Addons\Iswaf\IswafAddon [ RunTime:0.029033s ]
INFO: [ app_begin ] --END-- [ RunTime:0.033705s ]
SQL: SHOW COLUMNS FROM `jm_config` [ RunTime:0.0078s ]
SQL: SELECT `type`,`name`,`value` FROM `jm_config` WHERE `status` = 1  [ RunTime:0.0073s ]

[ 2016-04-07T17:56:07+08:00 ] 127.0.0.1 /Index/index.html
INFO: [ app_init ] --START--
INFO: Run Behavior\BuildLiteBehavior [ RunTime:0.000422s ]
INFO: Run Common\Behavior\InitHookBehavior [ RunTime:0.009078s ]
INFO: [ app_init ] --END-- [ RunTime:0.013745s ]
INFO: [ app_begin ] --START--
INFO: Run Behavior\ReadHtmlCacheBehavior [ RunTime:0.001678s ]
INFO: Run Addons\Iswaf\IswafAddon [ RunTime:0.029317s ]
INFO: [ app_begin ] --END-- [ RunTime:0.034244s ]
SQL: SHOW COLUMNS FROM `jm_config` [ RunTime:0.0056s ]
SQL: SELECT `type`,`name`,`value` FROM `jm_config` WHERE `status` = 1  [ RunTime:0.0055s ]
SQL: SHOW COLUMNS FROM `jm_notice` [ RunTime:0.0054s ]
SQL: SELECT `id`,`create_time`,`title` FROM `jm_notice` WHERE ( status = 0 ) ORDER BY is_top desc,create_time desc LIMIT 6   [ RunTime:0.0049s ]
SQL: SHOW COLUMNS FROM `jm_infomation` [ RunTime:0.0057s ]
SQL: SELECT `id`,`create_time`,`title` FROM `jm_infomation` WHERE ( status = 1 ) ORDER BY level desc,create_time desc LIMIT 6   [ RunTime:0.0056s ]
NOTIC: [8] Undefined variable: noticearray C:\wamp\www\yinma\Application\Home\Controller\IndexController.class.php 第 60 行.
NOTIC: [2] implode(): Invalid arguments passed C:\wamp\www\yinma\Application\Home\Controller\IndexController.class.php 第 60 行.
NOTIC: [8] Undefined variable: newsarray C:\wamp\www\yinma\Application\Home\Controller\IndexController.class.php 第 62 行.
NOTIC: [2] implode(): Invalid arguments passed C:\wamp\www\yinma\Application\Home\Controller\IndexController.class.php 第 62 行.
SQL: SHOW COLUMNS FROM `jm_project` [ RunTime:0.0064s ]
SQL: SHOW COLUMNS FROM `jm_proj_index` [ RunTime:0.0062s ]
SQL: SELECT * FROM `jm_proj_index` WHERE `stage` = 4 ORDER BY is_top desc, create_time desc LIMIT 6   [ RunTime:0.0067s ]
SQL: SELECT * FROM `jm_proj_index` WHERE `stage` = 2 ORDER BY is_top desc, create_time desc  [ RunTime:0.0064s ]
SQL: SELECT * FROM `jm_proj_index` WHERE `stage` = 1 ORDER BY is_top desc, create_time desc  [ RunTime:0.0063s ]
SQL: SELECT * FROM `jm_proj_index` WHERE `stage` = 9 ORDER BY is_top desc, create_time desc LIMIT 6   [ RunTime:0.0071s ]
SQL: SHOW COLUMNS FROM `jm_banner` [ RunTime:0.0057s ]
SQL: SELECT * FROM `jm_banner` WHERE `status` = 0 ORDER BY sort asc,id desc  [ RunTime:0.0052s ]
SQL: SHOW COLUMNS FROM `jm_product` [ RunTime:0.0060s ]
SQL: SELECT * FROM `jm_product` WHERE `status` = 9 AND ( `stage` > 1 AND `stage` < 9 AND `stage` <> 8  ) ORDER BY is_sort desc,start_time desc LIMIT 4   [ RunTime:0.0058s ]
SQL: SELECT * FROM `jm_product` WHERE `status` = 9 AND ( `stage` = 9  ) ORDER BY is_sort desc,start_time desc LIMIT 4   [ RunTime:0.0054s ]
SQL: SELECT * FROM `jm_proj_index` WHERE `status` = 9 AND `stage` BETWEEN '1' AND '4' ORDER BY stage desc,is_top desc,create_time desc LIMIT 6   [ RunTime:0.0067s ]
SQL: SHOW COLUMNS FROM `jm_project` [ RunTime:0.0069s ]
SQL: SELECT COUNT(*) AS tp_count FROM `jm_project` WHERE `status` >= 9 AND `stage` IN ('1','4','9') LIMIT 1   [ RunTime:0.0046s ]
SQL: SHOW COLUMNS FROM `jm_project_investor` [ RunTime:0.0062s ]
SQL: SELECT SUM(fund) AS tp_sum FROM `jm_project_investor` WHERE `status` >= 4 LIMIT 1   [ RunTime:0.0072s ]
SQL: SELECT COUNT(*) AS tp_count FROM `jm_product` WHERE `status` >= 9 AND `stage` IN ('2','9') LIMIT 1   [ RunTime:0.0051s ]
SQL: SHOW COLUMNS FROM `jm_custom` [ RunTime:0.0061s ]
SQL: SELECT SUM(amount*count) AS tp_sum FROM `jm_custom` WHERE `status` = 1 LIMIT 1   [ RunTime:0.0049s ]
SQL: SHOW COLUMNS FROM `jm_ucenter_member` [ RunTime:0.0065s ]
SQL: SELECT COUNT(*) AS tp_count FROM `jm_ucenter_member` WHERE `status` = 1 LIMIT 1   [ RunTime:0.0051s ]
SQL: SHOW COLUMNS FROM `jm_link` [ RunTime:0.0054s ]
SQL: SELECT `name`,`logo`,`url` FROM `jm_link` WHERE `status` = 1 ORDER BY sort desc LIMIT 15   [ RunTime:0.0057s ]
INFO: [ view_parse ] --START--
INFO: [ template_filter ] --START--
INFO: Run Behavior\ContentReplaceBehavior [ RunTime:0.002480s ]
INFO: [ template_filter ] --END-- [ RunTime:0.005224s ]
SQL: SHOW COLUMNS FROM `jm_picture` [ RunTime:0.0055s ]
SQL: SELECT * FROM `jm_picture` WHERE `status` = 1 AND `id` = 5817 LIMIT 1   [ RunTime:0.0048s ]
SQL: SELECT * FROM `jm_picture` WHERE `status` = 1 AND `id` = 5817 LIMIT 1   [ RunTime:0.0050s ]
SQL: SELECT * FROM `jm_picture` WHERE `status` = 1 AND `id` = 5769 LIMIT 1   [ RunTime:0.0049s ]
SQL: SELECT * FROM `jm_picture` WHERE `status` = 1 AND `id` = 5769 LIMIT 1   [ RunTime:0.0049s ]
SQL: SELECT * FROM `jm_picture` WHERE `status` = 1 AND `id` = 5794 LIMIT 1   [ RunTime:0.0058s ]
SQL: SELECT * FROM `jm_picture` WHERE `status` = 1 AND `id` = 5789 LIMIT 1   [ RunTime:0.0049s ]
NOTIC: [8] Undefined index: city C:\wamp\www\yinma\Runtime\Cache\Home\769e70f2e46f34ceb60619bbda5e4691.php 第 364 行.
NOTIC: [8] Undefined index: d C:\wamp\www\yinma\Application\Common\Common\function.php 第 1243 行.
NOTIC: [8] Undefined variable: finish_amount C:\wamp\www\yinma\Runtime\Cache\Home\769e70f2e46f34ceb60619bbda5e4691.php 第 365 行.
SQL: SELECT * FROM `jm_picture` WHERE `status` = 1 AND `id` = 5733 LIMIT 1   [ RunTime:0.0053s ]
SQL: SELECT * FROM `jm_picture` WHERE `status` = 1 AND `id` = 5672 LIMIT 1   [ RunTime:0.0052s ]
SQL: SELECT * FROM `jm_picture` WHERE `status` = 1 AND `id` = 5622 LIMIT 1   [ RunTime:0.0066s ]
SQL: SELECT * FROM `jm_picture` WHERE `status` = 1 AND `id` = 5597 LIMIT 1   [ RunTime:0.0065s ]
SQL: SELECT * FROM `jm_picture` WHERE `status` = 1 AND `id` = 5708 LIMIT 1   [ RunTime:0.0051s ]
SQL: SELECT * FROM `jm_picture` WHERE `status` = 1 AND `id` = 5572 LIMIT 1   [ RunTime:0.0048s ]
SQL: SELECT * FROM `jm_picture` WHERE `status` = 1 AND `id` = 5577 LIMIT 1   [ RunTime:0.0050s ]
SQL: SELECT * FROM `jm_picture` WHERE `status` = 1 AND `id` = 5580 LIMIT 1   [ RunTime:0.0050s ]
SQL: SELECT * FROM `jm_picture` WHERE `status` = 1 AND `id` = 5571 LIMIT 1   [ RunTime:0.0052s ]
SQL: SELECT * FROM `jm_picture` WHERE `status` = 1 AND `id` = 5579 LIMIT 1   [ RunTime:0.0048s ]
SQL: SELECT * FROM `jm_picture` WHERE `status` = 1 AND `id` = 5576 LIMIT 1   [ RunTime:0.0050s ]
SQL: SELECT * FROM `jm_picture` WHERE `status` = 1 AND `id` = 5574 LIMIT 1   [ RunTime:0.0050s ]
SQL: SELECT * FROM `jm_picture` WHERE `status` = 1 AND `id` = 5569 LIMIT 1   [ RunTime:0.0052s ]
SQL: SELECT * FROM `jm_picture` WHERE `status` = 1 AND `id` = 5650 LIMIT 1   [ RunTime:0.0060s ]
SQL: SELECT * FROM `jm_picture` WHERE `status` = 1 AND `id` = 5654 LIMIT 1   [ RunTime:0.0049s ]
SQL: SELECT * FROM `jm_picture` WHERE `status` = 1 AND `id` = 5828 LIMIT 1   [ RunTime:0.0069s ]
SQL: SELECT * FROM `jm_picture` WHERE `status` = 1 AND `id` = 5829 LIMIT 1   [ RunTime:0.0050s ]
INFO: Run Behavior\ParseTemplateBehavior [ RunTime:0.907854s ]
INFO: [ view_parse ] --END-- [ RunTime:0.910650s ]
INFO: [ view_filter ] --START--
INFO: Run Behavior\WriteHtmlCacheBehavior [ RunTime:0.001458s ]
INFO: [ view_filter ] --END-- [ RunTime:0.003418s ]
INFO: [ app_end ] --START--
INFO: Run Behavior\ShowPageTraceBehavior [ RunTime:0.001999s ]
INFO: [ app_end ] --END-- [ RunTime:0.003609s ]

[ 2016-04-07T17:57:39+08:00 ] 127.0.0.1 /User/login.html
INFO: [ app_init ] --START--
INFO: Run Behavior\BuildLiteBehavior [ RunTime:0.000336s ]
INFO: Run Common\Behavior\InitHookBehavior [ RunTime:0.006896s ]
INFO: [ app_init ] --END-- [ RunTime:0.010347s ]
INFO: [ app_begin ] --START--
INFO: Run Behavior\ReadHtmlCacheBehavior [ RunTime:0.001885s ]
INFO: Run Addons\Iswaf\IswafAddon [ RunTime:0.032103s ]
INFO: [ app_begin ] --END-- [ RunTime:0.036610s ]
SQL: SHOW COLUMNS FROM `jm_config` [ RunTime:0.0067s ]
SQL: SELECT `type`,`name`,`value` FROM `jm_config` WHERE `status` = 1  [ RunTime:0.0064s ]
INFO: [ view_parse ] --START--
INFO: [ template_filter ] --START--
INFO: Run Behavior\ContentReplaceBehavior [ RunTime:0.001201s ]
INFO: [ template_filter ] --END-- [ RunTime:0.003535s ]
NOTIC: [8] Use of undefined constant Index - assumed 'Index' C:\wamp\www\yinma\Runtime\Cache\Home\b171d71961885d3bf0f7a9b2e0867b01.php 第 135 行.
NOTIC: [8] Use of undefined constant index - assumed 'index' C:\wamp\www\yinma\Runtime\Cache\Home\b171d71961885d3bf0f7a9b2e0867b01.php 第 135 行.
NOTIC: [2] Division by zero C:\wamp\www\yinma\Runtime\Cache\Home\b171d71961885d3bf0f7a9b2e0867b01.php 第 135 行.
INFO: Run Behavior\ParseTemplateBehavior [ RunTime:0.112426s ]
INFO: [ view_parse ] --END-- [ RunTime:0.115120s ]
INFO: [ view_filter ] --START--
INFO: Run Behavior\WriteHtmlCacheBehavior [ RunTime:0.001425s ]
INFO: [ view_filter ] --END-- [ RunTime:0.003128s ]
INFO: [ app_end ] --START--
INFO: Run Behavior\ShowPageTraceBehavior [ RunTime:0.002538s ]
INFO: [ app_end ] --END-- [ RunTime:0.004290s ]

[ 2016-04-07T17:57:40+08:00 ] 127.0.0.1 /Public/Home/fsr/js/jquery-2.0.3.min.map
INFO: [ app_init ] --START--
INFO: Run Behavior\BuildLiteBehavior [ RunTime:0.000568s ]
INFO: Run Common\Behavior\InitHookBehavior [ RunTime:0.007514s ]
INFO: [ app_init ] --END-- [ RunTime:0.012754s ]
INFO: [ app_begin ] --START--
INFO: Run Behavior\ReadHtmlCacheBehavior [ RunTime:0.001636s ]
INFO: Run Addons\Iswaf\IswafAddon [ RunTime:0.028219s ]
INFO: [ app_begin ] --END-- [ RunTime:0.032805s ]
SQL: SHOW COLUMNS FROM `jm_config` [ RunTime:0.0068s ]
SQL: SELECT `type`,`name`,`value` FROM `jm_config` WHERE `status` = 1  [ RunTime:0.0063s ]

[ 2016-04-07T17:57:42+08:00 ] 127.0.0.1 /Index/index.html
INFO: [ app_init ] --START--
INFO: Run Behavior\BuildLiteBehavior [ RunTime:0.000509s ]
INFO: Run Common\Behavior\InitHookBehavior [ RunTime:0.008261s ]
INFO: [ app_init ] --END-- [ RunTime:0.011986s ]
INFO: [ app_begin ] --START--
INFO: Run Behavior\ReadHtmlCacheBehavior [ RunTime:0.002518s ]
INFO: Run Addons\Iswaf\IswafAddon [ RunTime:0.028887s ]
INFO: [ app_begin ] --END-- [ RunTime:0.034877s ]
SQL: SHOW COLUMNS FROM `jm_config` [ RunTime:0.0065s ]
SQL: SELECT `type`,`name`,`value` FROM `jm_config` WHERE `status` = 1  [ RunTime:0.0066s ]
SQL: SHOW COLUMNS FROM `jm_notice` [ RunTime:0.0108s ]
SQL: SELECT `id`,`create_time`,`title` FROM `jm_notice` WHERE ( status = 0 ) ORDER BY is_top desc,create_time desc LIMIT 6   [ RunTime:0.0059s ]
SQL: SHOW COLUMNS FROM `jm_infomation` [ RunTime:0.0076s ]
SQL: SELECT `id`,`create_time`,`title` FROM `jm_infomation` WHERE ( status = 1 ) ORDER BY level desc,create_time desc LIMIT 6   [ RunTime:0.0071s ]
NOTIC: [8] Undefined variable: noticearray C:\wamp\www\yinma\Application\Home\Controller\IndexController.class.php 第 60 行.
NOTIC: [2] implode(): Invalid arguments passed C:\wamp\www\yinma\Application\Home\Controller\IndexController.class.php 第 60 行.
NOTIC: [8] Undefined variable: newsarray C:\wamp\www\yinma\Application\Home\Controller\IndexController.class.php 第 62 行.
NOTIC: [2] implode(): Invalid arguments passed C:\wamp\www\yinma\Application\Home\Controller\IndexController.class.php 第 62 行.
SQL: SHOW COLUMNS FROM `jm_project` [ RunTime:0.0084s ]
SQL: SHOW COLUMNS FROM `jm_proj_index` [ RunTime:0.0079s ]
SQL: SELECT * FROM `jm_proj_index` WHERE `stage` = 4 ORDER BY is_top desc, create_time desc LIMIT 6   [ RunTime:0.0212s ]
SQL: SELECT * FROM `jm_proj_index` WHERE `stage` = 2 ORDER BY is_top desc, create_time desc  [ RunTime:0.0089s ]
SQL: SELECT * FROM `jm_proj_index` WHERE `stage` = 1 ORDER BY is_top desc, create_time desc  [ RunTime:0.0081s ]
SQL: SELECT * FROM `jm_proj_index` WHERE `stage` = 9 ORDER BY is_top desc, create_time desc LIMIT 6   [ RunTime:0.0087s ]
SQL: SHOW COLUMNS FROM `jm_banner` [ RunTime:0.0069s ]
SQL: SELECT * FROM `jm_banner` WHERE `status` = 0 ORDER BY sort asc,id desc  [ RunTime:0.0141s ]
SQL: SHOW COLUMNS FROM `jm_product` [ RunTime:0.0075s ]
SQL: SELECT * FROM `jm_product` WHERE `status` = 9 AND ( `stage` > 1 AND `stage` < 9 AND `stage` <> 8  ) ORDER BY is_sort desc,start_time desc LIMIT 4   [ RunTime:0.0071s ]
SQL: SELECT * FROM `jm_product` WHERE `status` = 9 AND ( `stage` = 9  ) ORDER BY is_sort desc,start_time desc LIMIT 4   [ RunTime:0.0073s ]
SQL: SELECT * FROM `jm_proj_index` WHERE `status` = 9 AND `stage` BETWEEN '1' AND '4' ORDER BY stage desc,is_top desc,create_time desc LIMIT 6   [ RunTime:0.0091s ]
SQL: SHOW COLUMNS FROM `jm_project` [ RunTime:0.0081s ]
SQL: SELECT COUNT(*) AS tp_count FROM `jm_project` WHERE `status` >= 9 AND `stage` IN ('1','4','9') LIMIT 1   [ RunTime:0.0054s ]
SQL: SHOW COLUMNS FROM `jm_project_investor` [ RunTime:0.0062s ]
SQL: SELECT SUM(fund) AS tp_sum FROM `jm_project_investor` WHERE `status` >= 4 LIMIT 1   [ RunTime:0.0062s ]
SQL: SELECT COUNT(*) AS tp_count FROM `jm_product` WHERE `status` >= 9 AND `stage` IN ('2','9') LIMIT 1   [ RunTime:0.0054s ]
SQL: SHOW COLUMNS FROM `jm_custom` [ RunTime:0.0065s ]
SQL: SELECT SUM(amount*count) AS tp_sum FROM `jm_custom` WHERE `status` = 1 LIMIT 1   [ RunTime:0.0057s ]
SQL: SHOW COLUMNS FROM `jm_ucenter_member` [ RunTime:0.0071s ]
SQL: SELECT COUNT(*) AS tp_count FROM `jm_ucenter_member` WHERE `status` = 1 LIMIT 1   [ RunTime:0.0081s ]
SQL: SHOW COLUMNS FROM `jm_link` [ RunTime:0.0065s ]
SQL: SELECT `name`,`logo`,`url` FROM `jm_link` WHERE `status` = 1 ORDER BY sort desc LIMIT 15   [ RunTime:0.0069s ]
INFO: [ view_parse ] --START--
INFO: [ template_filter ] --START--
INFO: Run Behavior\ContentReplaceBehavior [ RunTime:0.003290s ]
INFO: [ template_filter ] --END-- [ RunTime:0.007133s ]
SQL: SHOW COLUMNS FROM `jm_picture` [ RunTime:0.0086s ]
SQL: SELECT * FROM `jm_picture` WHERE `status` = 1 AND `id` = 5817 LIMIT 1   [ RunTime:0.0060s ]
SQL: SELECT * FROM `jm_picture` WHERE `status` = 1 AND `id` = 5817 LIMIT 1   [ RunTime:0.0065s ]
SQL: SELECT * FROM `jm_picture` WHERE `status` = 1 AND `id` = 5769 LIMIT 1   [ RunTime:0.0062s ]
SQL: SELECT * FROM `jm_picture` WHERE `status` = 1 AND `id` = 5769 LIMIT 1   [ RunTime:0.0063s ]
SQL: SELECT * FROM `jm_picture` WHERE `status` = 1 AND `id` = 5794 LIMIT 1   [ RunTime:0.0059s ]
SQL: SELECT * FROM `jm_picture` WHERE `status` = 1 AND `id` = 5789 LIMIT 1   [ RunTime:0.0057s ]
NOTIC: [8] Undefined index: city C:\wamp\www\yinma\Runtime\Cache\Home\769e70f2e46f34ceb60619bbda5e4691.php 第 364 行.
NOTIC: [8] Undefined index: d C:\wamp\www\yinma\Application\Common\Common\function.php 第 1243 行.
NOTIC: [8] Undefined variable: finish_amount C:\wamp\www\yinma\Runtime\Cache\Home\769e70f2e46f34ceb60619bbda5e4691.php 第 365 行.
SQL: SELECT * FROM `jm_picture` WHERE `status` = 1 AND `id` = 5733 LIMIT 1   [ RunTime:0.0057s ]
SQL: SELECT * FROM `jm_picture` WHERE `status` = 1 AND `id` = 5672 LIMIT 1   [ RunTime:0.0057s ]
SQL: SELECT * FROM `jm_picture` WHERE `status` = 1 AND `id` = 5622 LIMIT 1   [ RunTime:0.0060s ]
SQL: SELECT * FROM `jm_picture` WHERE `status` = 1 AND `id` = 5597 LIMIT 1   [ RunTime:0.0058s ]
SQL: SELECT * FROM `jm_picture` WHERE `status` = 1 AND `id` = 5708 LIMIT 1   [ RunTime:0.0057s ]
SQL: SELECT * FROM `jm_picture` WHERE `status` = 1 AND `id` = 5572 LIMIT 1   [ RunTime:0.0059s ]
SQL: SELECT * FROM `jm_picture` WHERE `status` = 1 AND `id` = 5577 LIMIT 1   [ RunTime:0.0060s ]
SQL: SELECT * FROM `jm_picture` WHERE `status` = 1 AND `id` = 5580 LIMIT 1   [ RunTime:0.0126s ]
SQL: SELECT * FROM `jm_picture` WHERE `status` = 1 AND `id` = 5571 LIMIT 1   [ RunTime:0.0056s ]
SQL: SELECT * FROM `jm_picture` WHERE `status` = 1 AND `id` = 5579 LIMIT 1   [ RunTime:0.0060s ]
SQL: SELECT * FROM `jm_picture` WHERE `status` = 1 AND `id` = 5576 LIMIT 1   [ RunTime:0.0058s ]
SQL: SELECT * FROM `jm_picture` WHERE `status` = 1 AND `id` = 5574 LIMIT 1   [ RunTime:0.0063s ]
SQL: SELECT * FROM `jm_picture` WHERE `status` = 1 AND `id` = 5569 LIMIT 1   [ RunTime:0.0069s ]
SQL: SELECT * FROM `jm_picture` WHERE `status` = 1 AND `id` = 5650 LIMIT 1   [ RunTime:0.0059s ]
SQL: SELECT * FROM `jm_picture` WHERE `status` = 1 AND `id` = 5654 LIMIT 1   [ RunTime:0.0065s ]
SQL: SELECT * FROM `jm_picture` WHERE `status` = 1 AND `id` = 5828 LIMIT 1   [ RunTime:0.0059s ]
SQL: SELECT * FROM `jm_picture` WHERE `status` = 1 AND `id` = 5829 LIMIT 1   [ RunTime:0.0061s ]
INFO: Run Behavior\ParseTemplateBehavior [ RunTime:1.081479s ]
INFO: [ view_parse ] --END-- [ RunTime:1.083871s ]
INFO: [ view_filter ] --START--
INFO: Run Behavior\WriteHtmlCacheBehavior [ RunTime:0.002816s ]
INFO: [ view_filter ] --END-- [ RunTime:0.005458s ]
INFO: [ app_end ] --START--
INFO: Run Behavior\ShowPageTraceBehavior [ RunTime:0.004280s ]
INFO: [ app_end ] --END-- [ RunTime:0.007891s ]

[ 2016-04-07T17:57:46+08:00 ] 127.0.0.1 /User/login.html
INFO: [ app_init ] --START--
INFO: Run Behavior\BuildLiteBehavior [ RunTime:0.001618s ]
INFO: Run Common\Behavior\InitHookBehavior [ RunTime:0.006074s ]
INFO: [ app_init ] --END-- [ RunTime:0.011489s ]
INFO: [ app_begin ] --START--
INFO: Run Behavior\ReadHtmlCacheBehavior [ RunTime:0.002072s ]
INFO: Run Addons\Iswaf\IswafAddon [ RunTime:0.028411s ]
INFO: [ app_begin ] --END-- [ RunTime:0.033579s ]
SQL: SHOW COLUMNS FROM `jm_config` [ RunTime:0.0062s ]
SQL: SELECT `type`,`name`,`value` FROM `jm_config` WHERE `status` = 1  [ RunTime:0.0062s ]
INFO: [ view_parse ] --START--
INFO: [ template_filter ] --START--
INFO: Run Behavior\ContentReplaceBehavior [ RunTime:0.001226s ]
INFO: [ template_filter ] --END-- [ RunTime:0.003036s ]
NOTIC: [8] Use of undefined constant Index - assumed 'Index' C:\wamp\www\yinma\Runtime\Cache\Home\b171d71961885d3bf0f7a9b2e0867b01.php 第 135 行.
NOTIC: [8] Use of undefined constant index - assumed 'index' C:\wamp\www\yinma\Runtime\Cache\Home\b171d71961885d3bf0f7a9b2e0867b01.php 第 135 行.
NOTIC: [2] Division by zero C:\wamp\www\yinma\Runtime\Cache\Home\b171d71961885d3bf0f7a9b2e0867b01.php 第 135 行.
INFO: Run Behavior\ParseTemplateBehavior [ RunTime:0.097059s ]
INFO: [ view_parse ] --END-- [ RunTime:0.099237s ]
INFO: [ view_filter ] --START--
INFO: Run Behavior\WriteHtmlCacheBehavior [ RunTime:0.001580s ]
INFO: [ view_filter ] --END-- [ RunTime:0.003354s ]
INFO: [ app_end ] --START--
INFO: Run Behavior\ShowPageTraceBehavior [ RunTime:0.002116s ]
INFO: [ app_end ] --END-- [ RunTime:0.003852s ]

[ 2016-04-07T17:57:46+08:00 ] 127.0.0.1 /Public/Home/fsr/js/jquery-2.0.3.min.map
INFO: [ app_init ] --START--
INFO: Run Behavior\BuildLiteBehavior [ RunTime:0.000414s ]
INFO: Run Common\Behavior\InitHookBehavior [ RunTime:0.006003s ]
INFO: [ app_init ] --END-- [ RunTime:0.010582s ]
INFO: [ app_begin ] --START--
INFO: Run Behavior\ReadHtmlCacheBehavior [ RunTime:0.001595s ]
INFO: Run Addons\Iswaf\IswafAddon [ RunTime:0.027235s ]
INFO: [ app_begin ] --END-- [ RunTime:0.031339s ]
SQL: SHOW COLUMNS FROM `jm_config` [ RunTime:0.0065s ]
SQL: SELECT `type`,`name`,`value` FROM `jm_config` WHERE `status` = 1  [ RunTime:0.0061s ]

[ 2016-04-07T17:57:48+08:00 ] 127.0.0.1 /Index/index.html
INFO: [ app_init ] --START--
INFO: Run Behavior\BuildLiteBehavior [ RunTime:0.000302s ]
INFO: Run Common\Behavior\InitHookBehavior [ RunTime:0.006933s ]
INFO: [ app_init ] --END-- [ RunTime:0.011015s ]
INFO: [ app_begin ] --START--
INFO: Run Behavior\ReadHtmlCacheBehavior [ RunTime:0.001654s ]
INFO: Run Addons\Iswaf\IswafAddon [ RunTime:0.029339s ]
INFO: [ app_begin ] --END-- [ RunTime:0.033694s ]
SQL: SHOW COLUMNS FROM `jm_config` [ RunTime:0.0073s ]
SQL: SELECT `type`,`name`,`value` FROM `jm_config` WHERE `status` = 1  [ RunTime:0.0070s ]
SQL: SHOW COLUMNS FROM `jm_notice` [ RunTime:0.0067s ]
SQL: SELECT `id`,`create_time`,`title` FROM `jm_notice` WHERE ( status = 0 ) ORDER BY is_top desc,create_time desc LIMIT 6   [ RunTime:0.0066s ]
SQL: SHOW COLUMNS FROM `jm_infomation` [ RunTime:0.0069s ]
SQL: SELECT `id`,`create_time`,`title` FROM `jm_infomation` WHERE ( status = 1 ) ORDER BY level desc,create_time desc LIMIT 6   [ RunTime:0.0069s ]
NOTIC: [8] Undefined variable: noticearray C:\wamp\www\yinma\Application\Home\Controller\IndexController.class.php 第 60 行.
NOTIC: [2] implode(): Invalid arguments passed C:\wamp\www\yinma\Application\Home\Controller\IndexController.class.php 第 60 行.
NOTIC: [8] Undefined variable: newsarray C:\wamp\www\yinma\Application\Home\Controller\IndexController.class.php 第 62 行.
NOTIC: [2] implode(): Invalid arguments passed C:\wamp\www\yinma\Application\Home\Controller\IndexController.class.php 第 62 行.
SQL: SHOW COLUMNS FROM `jm_project` [ RunTime:0.0075s ]
SQL: SHOW COLUMNS FROM `jm_proj_index` [ RunTime:0.0078s ]
SQL: SELECT * FROM `jm_proj_index` WHERE `stage` = 4 ORDER BY is_top desc, create_time desc LIMIT 6   [ RunTime:0.0080s ]
SQL: SELECT * FROM `jm_proj_index` WHERE `stage` = 2 ORDER BY is_top desc, create_time desc  [ RunTime:0.0085s ]
SQL: SELECT * FROM `jm_proj_index` WHERE `stage` = 1 ORDER BY is_top desc, create_time desc  [ RunTime:0.0078s ]
SQL: SELECT * FROM `jm_proj_index` WHERE `stage` = 9 ORDER BY is_top desc, create_time desc LIMIT 6   [ RunTime:0.0081s ]
SQL: SHOW COLUMNS FROM `jm_banner` [ RunTime:0.0071s ]
SQL: SELECT * FROM `jm_banner` WHERE `status` = 0 ORDER BY sort asc,id desc  [ RunTime:0.0067s ]
SQL: SHOW COLUMNS FROM `jm_product` [ RunTime:0.0085s ]
SQL: SELECT * FROM `jm_product` WHERE `status` = 9 AND ( `stage` > 1 AND `stage` < 9 AND `stage` <> 8  ) ORDER BY is_sort desc,start_time desc LIMIT 4   [ RunTime:0.0070s ]
SQL: SELECT * FROM `jm_product` WHERE `status` = 9 AND ( `stage` = 9  ) ORDER BY is_sort desc,start_time desc LIMIT 4   [ RunTime:0.0068s ]
SQL: SELECT * FROM `jm_proj_index` WHERE `status` = 9 AND `stage` BETWEEN '1' AND '4' ORDER BY stage desc,is_top desc,create_time desc LIMIT 6   [ RunTime:0.0080s ]
SQL: SHOW COLUMNS FROM `jm_project` [ RunTime:0.0076s ]
SQL: SELECT COUNT(*) AS tp_count FROM `jm_project` WHERE `status` >= 9 AND `stage` IN ('1','4','9') LIMIT 1   [ RunTime:0.0061s ]
SQL: SHOW COLUMNS FROM `jm_project_investor` [ RunTime:0.0068s ]
SQL: SELECT SUM(fund) AS tp_sum FROM `jm_project_investor` WHERE `status` >= 4 LIMIT 1   [ RunTime:0.0064s ]
SQL: SELECT COUNT(*) AS tp_count FROM `jm_product` WHERE `status` >= 9 AND `stage` IN ('2','9') LIMIT 1   [ RunTime:0.0062s ]
SQL: SHOW COLUMNS FROM `jm_custom` [ RunTime:0.0070s ]
SQL: SELECT SUM(amount*count) AS tp_sum FROM `jm_custom` WHERE `status` = 1 LIMIT 1   [ RunTime:0.0062s ]
SQL: SHOW COLUMNS FROM `jm_ucenter_member` [ RunTime:0.0070s ]
SQL: SELECT COUNT(*) AS tp_count FROM `jm_ucenter_member` WHERE `status` = 1 LIMIT 1   [ RunTime:0.0098s ]
SQL: SHOW COLUMNS FROM `jm_link` [ RunTime:0.0071s ]
SQL: SELECT `name`,`logo`,`url` FROM `jm_link` WHERE `status` = 1 ORDER BY sort desc LIMIT 15   [ RunTime:0.0065s ]
INFO: [ view_parse ] --START--
INFO: [ template_filter ] --START--
INFO: Run Behavior\ContentReplaceBehavior [ RunTime:0.001905s ]
INFO: [ template_filter ] --END-- [ RunTime:0.003793s ]
SQL: SHOW COLUMNS FROM `jm_picture` [ RunTime:0.0071s ]
SQL: SELECT * FROM `jm_picture` WHERE `status` = 1 AND `id` = 5817 LIMIT 1   [ RunTime:0.0065s ]
SQL: SELECT * FROM `jm_picture` WHERE `status` = 1 AND `id` = 5817 LIMIT 1   [ RunTime:0.0067s ]
SQL: SELECT * FROM `jm_picture` WHERE `status` = 1 AND `id` = 5769 LIMIT 1   [ RunTime:0.0065s ]
SQL: SELECT * FROM `jm_picture` WHERE `status` = 1 AND `id` = 5769 LIMIT 1   [ RunTime:0.0064s ]
SQL: SELECT * FROM `jm_picture` WHERE `status` = 1 AND `id` = 5794 LIMIT 1   [ RunTime:0.0072s ]
SQL: SELECT * FROM `jm_picture` WHERE `status` = 1 AND `id` = 5789 LIMIT 1   [ RunTime:0.0070s ]
NOTIC: [8] Undefined index: city C:\wamp\www\yinma\Runtime\Cache\Home\769e70f2e46f34ceb60619bbda5e4691.php 第 364 行.
NOTIC: [8] Undefined index: d C:\wamp\www\yinma\Application\Common\Common\function.php 第 1243 行.
NOTIC: [8] Undefined variable: finish_amount C:\wamp\www\yinma\Runtime\Cache\Home\769e70f2e46f34ceb60619bbda5e4691.php 第 365 行.
SQL: SELECT * FROM `jm_picture` WHERE `status` = 1 AND `id` = 5733 LIMIT 1   [ RunTime:0.0062s ]
SQL: SELECT * FROM `jm_picture` WHERE `status` = 1 AND `id` = 5672 LIMIT 1   [ RunTime:0.0072s ]
SQL: SELECT * FROM `jm_picture` WHERE `status` = 1 AND `id` = 5622 LIMIT 1   [ RunTime:0.0087s ]
SQL: SELECT * FROM `jm_picture` WHERE `status` = 1 AND `id` = 5597 LIMIT 1   [ RunTime:0.0070s ]
SQL: SELECT * FROM `jm_picture` WHERE `status` = 1 AND `id` = 5708 LIMIT 1   [ RunTime:0.0066s ]
SQL: SELECT * FROM `jm_picture` WHERE `status` = 1 AND `id` = 5572 LIMIT 1   [ RunTime:0.0062s ]
SQL: SELECT * FROM `jm_picture` WHERE `status` = 1 AND `id` = 5577 LIMIT 1   [ RunTime:0.0070s ]
SQL: SELECT * FROM `jm_picture` WHERE `status` = 1 AND `id` = 5580 LIMIT 1   [ RunTime:0.0067s ]
SQL: SELECT * FROM `jm_picture` WHERE `status` = 1 AND `id` = 5571 LIMIT 1   [ RunTime:0.0088s ]
SQL: SELECT * FROM `jm_picture` WHERE `status` = 1 AND `id` = 5579 LIMIT 1   [ RunTime:0.0079s ]
SQL: SELECT * FROM `jm_picture` WHERE `status` = 1 AND `id` = 5576 LIMIT 1   [ RunTime:0.0063s ]
SQL: SELECT * FROM `jm_picture` WHERE `status` = 1 AND `id` = 5574 LIMIT 1   [ RunTime:0.0063s ]
SQL: SELECT * FROM `jm_picture` WHERE `status` = 1 AND `id` = 5569 LIMIT 1   [ RunTime:0.0062s ]
SQL: SELECT * FROM `jm_picture` WHERE `status` = 1 AND `id` = 5650 LIMIT 1   [ RunTime:0.0064s ]
SQL: SELECT * FROM `jm_picture` WHERE `status` = 1 AND `id` = 5654 LIMIT 1   [ RunTime:0.0064s ]
SQL: SELECT * FROM `jm_picture` WHERE `status` = 1 AND `id` = 5828 LIMIT 1   [ RunTime:0.0071s ]
SQL: SELECT * FROM `jm_picture` WHERE `status` = 1 AND `id` = 5829 LIMIT 1   [ RunTime:0.0067s ]
INFO: Run Behavior\ParseTemplateBehavior [ RunTime:0.969114s ]
INFO: [ view_parse ] --END-- [ RunTime:0.971036s ]
INFO: [ view_filter ] --START--
INFO: Run Behavior\WriteHtmlCacheBehavior [ RunTime:0.001908s ]
INFO: [ view_filter ] --END-- [ RunTime:0.003653s ]
INFO: [ app_end ] --START--
INFO: Run Behavior\ShowPageTraceBehavior [ RunTime:0.002372s ]
INFO: [ app_end ] --END-- [ RunTime:0.004093s ]

[ 2016-04-07T17:58:39+08:00 ] 127.0.0.1 /User/login.html
INFO: [ app_init ] --START--
INFO: Run Behavior\BuildLiteBehavior [ RunTime:0.000349s ]
INFO: Run Common\Behavior\InitHookBehavior [ RunTime:0.007166s ]
INFO: [ app_init ] --END-- [ RunTime:0.011670s ]
INFO: [ app_begin ] --START--
INFO: Run Behavior\ReadHtmlCacheBehavior [ RunTime:0.002518s ]
INFO: Run Addons\Iswaf\IswafAddon [ RunTime:0.032255s ]
INFO: [ app_begin ] --END-- [ RunTime:0.038019s ]
SQL: SHOW COLUMNS FROM `jm_config` [ RunTime:0.0064s ]
SQL: SELECT `type`,`name`,`value` FROM `jm_config` WHERE `status` = 1  [ RunTime:0.0062s ]
INFO: [ view_parse ] --START--
INFO: [ template_filter ] --START--
INFO: Run Behavior\ContentReplaceBehavior [ RunTime:0.001100s ]
INFO: [ template_filter ] --END-- [ RunTime:0.003170s ]
NOTIC: [8] Use of undefined constant Index - assumed 'Index' C:\wamp\www\yinma\Runtime\Cache\Home\b171d71961885d3bf0f7a9b2e0867b01.php 第 135 行.
NOTIC: [8] Use of undefined constant index - assumed 'index' C:\wamp\www\yinma\Runtime\Cache\Home\b171d71961885d3bf0f7a9b2e0867b01.php 第 135 行.
NOTIC: [2] Division by zero C:\wamp\www\yinma\Runtime\Cache\Home\b171d71961885d3bf0f7a9b2e0867b01.php 第 135 行.
INFO: Run Behavior\ParseTemplateBehavior [ RunTime:0.110705s ]
INFO: [ view_parse ] --END-- [ RunTime:0.112824s ]
INFO: [ view_filter ] --START--
INFO: Run Behavior\WriteHtmlCacheBehavior [ RunTime:0.002054s ]
INFO: [ view_filter ] --END-- [ RunTime:0.004140s ]
INFO: [ app_end ] --START--
INFO: Run Behavior\ShowPageTraceBehavior [ RunTime:0.002582s ]
INFO: [ app_end ] --END-- [ RunTime:0.005480s ]

[ 2016-04-07T17:58:40+08:00 ] 127.0.0.1 /Public/Home/fsr/js/jquery-2.0.3.min.map
INFO: [ app_init ] --START--
INFO: Run Behavior\BuildLiteBehavior [ RunTime:0.000453s ]
INFO: Run Common\Behavior\InitHookBehavior [ RunTime:0.008158s ]
INFO: [ app_init ] --END-- [ RunTime:0.012708s ]
INFO: [ app_begin ] --START--
INFO: Run Behavior\ReadHtmlCacheBehavior [ RunTime:0.002185s ]
INFO: Run Addons\Iswaf\IswafAddon [ RunTime:0.032423s ]
INFO: [ app_begin ] --END-- [ RunTime:0.037851s ]
SQL: SHOW COLUMNS FROM `jm_config` [ RunTime:0.0073s ]
SQL: SELECT `type`,`name`,`value` FROM `jm_config` WHERE `status` = 1  [ RunTime:0.0068s ]

[ 2016-04-07T17:58:41+08:00 ] 127.0.0.1 /Index/index.html
INFO: [ app_init ] --START--
INFO: Run Behavior\BuildLiteBehavior [ RunTime:0.000547s ]
INFO: Run Common\Behavior\InitHookBehavior [ RunTime:0.008325s ]
INFO: [ app_init ] --END-- [ RunTime:0.012515s ]
INFO: [ app_begin ] --START--
INFO: Run Behavior\ReadHtmlCacheBehavior [ RunTime:0.002000s ]
INFO: Run Addons\Iswaf\IswafAddon [ RunTime:0.030118s ]
INFO: [ app_begin ] --END-- [ RunTime:0.035314s ]
SQL: SHOW COLUMNS FROM `jm_config` [ RunTime:0.0056s ]
SQL: SELECT `type`,`name`,`value` FROM `jm_config` WHERE `status` = 1  [ RunTime:0.0055s ]
SQL: SHOW COLUMNS FROM `jm_notice` [ RunTime:0.0058s ]
SQL: SELECT `id`,`create_time`,`title` FROM `jm_notice` WHERE ( status = 0 ) ORDER BY is_top desc,create_time desc LIMIT 6   [ RunTime:0.0048s ]
SQL: SHOW COLUMNS FROM `jm_infomation` [ RunTime:0.0054s ]
SQL: SELECT `id`,`create_time`,`title` FROM `jm_infomation` WHERE ( status = 1 ) ORDER BY level desc,create_time desc LIMIT 6   [ RunTime:0.0058s ]
NOTIC: [8] Undefined variable: noticearray C:\wamp\www\yinma\Application\Home\Controller\IndexController.class.php 第 60 行.
NOTIC: [2] implode(): Invalid arguments passed C:\wamp\www\yinma\Application\Home\Controller\IndexController.class.php 第 60 行.
NOTIC: [8] Undefined variable: newsarray C:\wamp\www\yinma\Application\Home\Controller\IndexController.class.php 第 62 行.
NOTIC: [2] implode(): Invalid arguments passed C:\wamp\www\yinma\Application\Home\Controller\IndexController.class.php 第 62 行.
SQL: SHOW COLUMNS FROM `jm_project` [ RunTime:0.0058s ]
SQL: SHOW COLUMNS FROM `jm_proj_index` [ RunTime:0.0062s ]
SQL: SELECT * FROM `jm_proj_index` WHERE `stage` = 4 ORDER BY is_top desc, create_time desc LIMIT 6   [ RunTime:0.0066s ]
SQL: SELECT * FROM `jm_proj_index` WHERE `stage` = 2 ORDER BY is_top desc, create_time desc  [ RunTime:0.0066s ]
SQL: SELECT * FROM `jm_proj_index` WHERE `stage` = 1 ORDER BY is_top desc, create_time desc  [ RunTime:0.0066s ]
SQL: SELECT * FROM `jm_proj_index` WHERE `stage` = 9 ORDER BY is_top desc, create_time desc LIMIT 6   [ RunTime:0.0069s ]
SQL: SHOW COLUMNS FROM `jm_banner` [ RunTime:0.0057s ]
SQL: SELECT * FROM `jm_banner` WHERE `status` = 0 ORDER BY sort asc,id desc  [ RunTime:0.0055s ]
SQL: SHOW COLUMNS FROM `jm_product` [ RunTime:0.0069s ]
SQL: SELECT * FROM `jm_product` WHERE `status` = 9 AND ( `stage` > 1 AND `stage` < 9 AND `stage` <> 8  ) ORDER BY is_sort desc,start_time desc LIMIT 4   [ RunTime:0.0055s ]
SQL: SELECT * FROM `jm_product` WHERE `status` = 9 AND ( `stage` = 9  ) ORDER BY is_sort desc,start_time desc LIMIT 4   [ RunTime:0.0057s ]
SQL: SELECT * FROM `jm_proj_index` WHERE `status` = 9 AND `stage` BETWEEN '1' AND '4' ORDER BY stage desc,is_top desc,create_time desc LIMIT 6   [ RunTime:0.0094s ]
SQL: SHOW COLUMNS FROM `jm_project` [ RunTime:0.0063s ]
SQL: SELECT COUNT(*) AS tp_count FROM `jm_project` WHERE `status` >= 9 AND `stage` IN ('1','4','9') LIMIT 1   [ RunTime:0.0051s ]
SQL: SHOW COLUMNS FROM `jm_project_investor` [ RunTime:0.0098s ]
SQL: SELECT SUM(fund) AS tp_sum FROM `jm_project_investor` WHERE `status` >= 4 LIMIT 1   [ RunTime:0.0048s ]
SQL: SELECT COUNT(*) AS tp_count FROM `jm_product` WHERE `status` >= 9 AND `stage` IN ('2','9') LIMIT 1   [ RunTime:0.0048s ]
SQL: SHOW COLUMNS FROM `jm_custom` [ RunTime:0.0057s ]
SQL: SELECT SUM(amount*count) AS tp_sum FROM `jm_custom` WHERE `status` = 1 LIMIT 1   [ RunTime:0.0048s ]
SQL: SHOW COLUMNS FROM `jm_ucenter_member` [ RunTime:0.0054s ]
SQL: SELECT COUNT(*) AS tp_count FROM `jm_ucenter_member` WHERE `status` = 1 LIMIT 1   [ RunTime:0.0047s ]
SQL: SHOW COLUMNS FROM `jm_link` [ RunTime:0.0056s ]
SQL: SELECT `name`,`logo`,`url` FROM `jm_link` WHERE `status` = 1 ORDER BY sort desc LIMIT 15   [ RunTime:0.0052s ]
INFO: [ view_parse ] --START--
INFO: [ template_filter ] --START--
INFO: Run Behavior\ContentReplaceBehavior [ RunTime:0.002546s ]
INFO: [ template_filter ] --END-- [ RunTime:0.004764s ]
SQL: SHOW COLUMNS FROM `jm_picture` [ RunTime:0.0115s ]
SQL: SELECT * FROM `jm_picture` WHERE `status` = 1 AND `id` = 5817 LIMIT 1   [ RunTime:0.0049s ]
SQL: SELECT * FROM `jm_picture` WHERE `status` = 1 AND `id` = 5817 LIMIT 1   [ RunTime:0.0049s ]
SQL: SELECT * FROM `jm_picture` WHERE `status` = 1 AND `id` = 5769 LIMIT 1   [ RunTime:0.0050s ]
SQL: SELECT * FROM `jm_picture` WHERE `status` = 1 AND `id` = 5769 LIMIT 1   [ RunTime:0.0057s ]
SQL: SELECT * FROM `jm_picture` WHERE `status` = 1 AND `id` = 5794 LIMIT 1   [ RunTime:0.0049s ]
SQL: SELECT * FROM `jm_picture` WHERE `status` = 1 AND `id` = 5789 LIMIT 1   [ RunTime:0.0129s ]
NOTIC: [8] Undefined index: city C:\wamp\www\yinma\Runtime\Cache\Home\769e70f2e46f34ceb60619bbda5e4691.php 第 364 行.
NOTIC: [8] Undefined index: d C:\wamp\www\yinma\Application\Common\Common\function.php 第 1243 行.
NOTIC: [8] Undefined variable: finish_amount C:\wamp\www\yinma\Runtime\Cache\Home\769e70f2e46f34ceb60619bbda5e4691.php 第 365 行.
SQL: SELECT * FROM `jm_picture` WHERE `status` = 1 AND `id` = 5733 LIMIT 1   [ RunTime:0.0048s ]
SQL: SELECT * FROM `jm_picture` WHERE `status` = 1 AND `id` = 5672 LIMIT 1   [ RunTime:0.0048s ]
SQL: SELECT * FROM `jm_picture` WHERE `status` = 1 AND `id` = 5622 LIMIT 1   [ RunTime:0.0048s ]
SQL: SELECT * FROM `jm_picture` WHERE `status` = 1 AND `id` = 5597 LIMIT 1   [ RunTime:0.0049s ]
SQL: SELECT * FROM `jm_picture` WHERE `status` = 1 AND `id` = 5708 LIMIT 1   [ RunTime:0.0048s ]
SQL: SELECT * FROM `jm_picture` WHERE `status` = 1 AND `id` = 5572 LIMIT 1   [ RunTime:0.0049s ]
SQL: SELECT * FROM `jm_picture` WHERE `status` = 1 AND `id` = 5577 LIMIT 1   [ RunTime:0.0051s ]
SQL: SELECT * FROM `jm_picture` WHERE `status` = 1 AND `id` = 5580 LIMIT 1   [ RunTime:0.0047s ]
SQL: SELECT * FROM `jm_picture` WHERE `status` = 1 AND `id` = 5571 LIMIT 1   [ RunTime:0.0048s ]
SQL: SELECT * FROM `jm_picture` WHERE `status` = 1 AND `id` = 5579 LIMIT 1   [ RunTime:0.0047s ]
SQL: SELECT * FROM `jm_picture` WHERE `status` = 1 AND `id` = 5576 LIMIT 1   [ RunTime:0.0050s ]
SQL: SELECT * FROM `jm_picture` WHERE `status` = 1 AND `id` = 5574 LIMIT 1   [ RunTime:0.0056s ]
SQL: SELECT * FROM `jm_picture` WHERE `status` = 1 AND `id` = 5569 LIMIT 1   [ RunTime:0.0048s ]
SQL: SELECT * FROM `jm_picture` WHERE `status` = 1 AND `id` = 5650 LIMIT 1   [ RunTime:0.0049s ]
SQL: SELECT * FROM `jm_picture` WHERE `status` = 1 AND `id` = 5654 LIMIT 1   [ RunTime:0.0050s ]
SQL: SELECT * FROM `jm_picture` WHERE `status` = 1 AND `id` = 5828 LIMIT 1   [ RunTime:0.0057s ]
SQL: SELECT * FROM `jm_picture` WHERE `status` = 1 AND `id` = 5829 LIMIT 1   [ RunTime:0.0050s ]
INFO: Run Behavior\ParseTemplateBehavior [ RunTime:0.961325s ]
INFO: [ view_parse ] --END-- [ RunTime:0.962963s ]
INFO: [ view_filter ] --START--
INFO: Run Behavior\WriteHtmlCacheBehavior [ RunTime:0.001547s ]
INFO: [ view_filter ] --END-- [ RunTime:0.003309s ]
INFO: [ app_end ] --START--
INFO: Run Behavior\ShowPageTraceBehavior [ RunTime:0.001895s ]
INFO: [ app_end ] --END-- [ RunTime:0.003682s ]

