[ 2016-03-14T16:57:33+08:00 ] 127.0.0.1 /
INFO: [ app_init ] --START--
INFO: Run Behavior\BuildLiteBehavior [ RunTime:0.000037s ]
SQL: SHOW COLUMNS FROM `jm_hooks` [ RunTime:0.0052s ]
SQL: SELECT `name`,`addons` FROM `jm_hooks`  [ RunTime:0.0047s ]
SQL: SHOW COLUMNS FROM `jm_addons` [ RunTime:0.0051s ]
SQL: SELECT `id`,`name` FROM `jm_addons` WHERE `status` = 1 AND `name` IN ('ReturnTop')  [ RunTime:0.0046s ]
SQL: SELECT `id`,`name` FROM `jm_addons` WHERE `status` = 1 AND `name` IN ('Attachment')  [ RunTime:0.0044s ]
SQL: SELECT `id`,`name` FROM `jm_addons` WHERE `status` = 1 AND `name` IN ('Attachment','SocialComment','Digg')  [ RunTime:0.0047s ]
SQL: SELECT `id`,`name` FROM `jm_addons` WHERE `status` = 1 AND `name` IN ('Attachment')  [ RunTime:0.0045s ]
SQL: SELECT `id`,`name` FROM `jm_addons` WHERE `status` = 1 AND `name` IN ('Editor')  [ RunTime:0.0046s ]
SQL: SELECT `id`,`name` FROM `jm_addons` WHERE `status` = 1 AND `name` IN ('EditorForAdmin')  [ RunTime:0.0044s ]
SQL: SELECT `id`,`name` FROM `jm_addons` WHERE `status` = 1 AND `name` IN ('SiteStat','SystemInfo','DevTeam','QiuBai')  [ RunTime:0.0048s ]
SQL: SELECT `id`,`name` FROM `jm_addons` WHERE `status` = 1 AND `name` IN ('Editor')  [ RunTime:0.0044s ]
SQL: SELECT `id`,`name` FROM `jm_addons` WHERE `status` = 1 AND `name` IN ('Iswaf')  [ RunTime:0.0044s ]
SQL: SELECT `id`,`name` FROM `jm_addons` WHERE `status` = 1 AND `name` IN ('ChinaCity')  [ RunTime:0.0049s ]
INFO: Run Common\Behavior\InitHookBehavior [ RunTime:0.100755s ]
INFO: [ app_init ] --END-- [ RunTime:0.101799s ]
INFO: [ app_begin ] --START--
INFO: Run Behavior\ReadHtmlCacheBehavior [ RunTime:0.001012s ]
NOTIC: [2] opendir(./Runtime/iswaf_database//conf/,./Runtime/iswaf_database//conf/):  C:\wamp\www\yinma\Addons\Iswaf\iswaf\iswaf.php 第 159 行.
NOTIC: [2] opendir(./Runtime/iswaf_database//conf/): failed to open dir: No such file or directory C:\wamp\www\yinma\Addons\Iswaf\iswaf\iswaf.php 第 159 行.
INFO: Run Addons\Iswaf\IswafAddon [ RunTime:0.031722s ]
INFO: [ app_begin ] --END-- [ RunTime:0.032958s ]
SQL: SHOW COLUMNS FROM `jm_config` [ RunTime:0.0054s ]
SQL: SELECT `type`,`name`,`value` FROM `jm_config` WHERE `status` = 1  [ RunTime:0.0054s ]
SQL: SHOW COLUMNS FROM `jm_notice` [ RunTime:0.0053s ]
SQL: SELECT `id`,`create_time`,`title` FROM `jm_notice` WHERE ( status = 0 ) ORDER BY is_top desc,create_time desc LIMIT 6   [ RunTime:0.0048s ]
SQL: SHOW COLUMNS FROM `jm_infomation` [ RunTime:0.0081s ]
SQL: SELECT `id`,`create_time`,`title` FROM `jm_infomation` WHERE ( status = 1 ) ORDER BY level desc,create_time desc LIMIT 6   [ RunTime:0.0055s ]
NOTIC: [8] Undefined variable: noticearray C:\wamp\www\yinma\Application\Home\Controller\IndexController.class.php 第 60 行.
NOTIC: [2] implode(): Invalid arguments passed C:\wamp\www\yinma\Application\Home\Controller\IndexController.class.php 第 60 行.
SQL: SHOW COLUMNS FROM `jm_banner` [ RunTime:0.0054s ]
SQL: SELECT * FROM `jm_banner` WHERE `status` = 0 ORDER BY sort asc,id desc  [ RunTime:0.0053s ]
SQL: SHOW COLUMNS FROM `jm_project` [ RunTime:0.0067s ]
SQL: SHOW COLUMNS FROM `jm_proj_index` [ RunTime:0.0060s ]
SQL: SELECT * FROM `jm_proj_index` WHERE `status` = 9 AND `stage` BETWEEN '1' AND '4' ORDER BY stage desc,is_top desc,create_time desc LIMIT 6   [ RunTime:0.0064s ]
SQL: SHOW COLUMNS FROM `jm_project_fund` [ RunTime:0.0061s ]
SQL: SELECT * FROM `jm_project_fund` WHERE `project_id` = 345 LIMIT 1   [ RunTime:0.0053s ]
SQL: SHOW COLUMNS FROM `jm_product` [ RunTime:0.0061s ]
SQL: SHOW COLUMNS FROM `jm_product` [ RunTime:0.0058s ]
SQL: SELECT * FROM `jm_product` WHERE `status` = 9 AND `stage` = 2 ORDER BY stage desc,create_time desc  [ RunTime:0.0055s ]
SQL: SHOW COLUMNS FROM `jm_product_comment` [ RunTime:0.0050s ]
SQL: SELECT COUNT(*) AS tp_count FROM `jm_product_comment` WHERE `project_id` = 145 LIMIT 1   [ RunTime:0.0044s ]
SQL: SHOW COLUMNS FROM `jm_product` [ RunTime:0.0058s ]
SQL: SHOW COLUMNS FROM `jm_product_price` [ RunTime:0.0056s ]
SQL: SELECT SUM(sell_count) AS tp_sum FROM `jm_product_price` WHERE `pid` = 145 LIMIT 1   [ RunTime:0.0043s ]
SQL: SHOW COLUMNS FROM `jm_stock` [ RunTime:0.0056s ]
SQL: SHOW COLUMNS FROM `jm_stock` [ RunTime:0.0056s ]
SQL: SELECT * FROM `jm_stock` WHERE `status` = 1 ORDER BY create_time desc  [ RunTime:0.0054s ]
NOTIC: [2] Invalid argument supplied for foreach() C:\wamp\www\yinma\Application\Home\Model\StockModel.class.php 第 8 行.
INFO: [ view_parse ] --START--
INFO: [ template_filter ] --START--
INFO: Run Behavior\ContentReplaceBehavior [ RunTime:0.000287s ]
INFO: [ template_filter ] --END-- [ RunTime:0.000412s ]
SQL: SHOW COLUMNS FROM `jm_picture` [ RunTime:0.0058s ]
SQL: SELECT * FROM `jm_picture` WHERE `status` = 1 AND `id` = 5770 LIMIT 1   [ RunTime:0.0046s ]
SQL: SELECT * FROM `jm_picture` WHERE `status` = 1 AND `id` = 5794 LIMIT 1   [ RunTime:0.0048s ]
NOTIC: [8] Use of undefined constant id - assumed 'id' C:\wamp\www\yinma\Runtime\Cache\Home\04427ce356d851ebf0f1058e6afd5995.php 第 136 行.
SQL: SHOW COLUMNS FROM `jm_district` [ RunTime:0.0051s ]
SQL: SELECT `id`,`name`,`upid` FROM `jm_district` WHERE ( level in (1,2) )  [ RunTime:0.0077s ]
SQL: SELECT * FROM `jm_picture` WHERE `status` = 1 AND `id` = 5789 LIMIT 1   [ RunTime:0.0047s ]
NOTIC: [8] Undefined index: stock C:\wamp\www\yinma\Runtime\Cache\Home\04427ce356d851ebf0f1058e6afd5995.php 第 255 行.
INFO: Run Behavior\ParseTemplateBehavior [ RunTime:0.076160s ]
INFO: [ view_parse ] --END-- [ RunTime:0.076264s ]
INFO: [ view_filter ] --START--
INFO: Run Behavior\WriteHtmlCacheBehavior [ RunTime:0.000700s ]
INFO: [ view_filter ] --END-- [ RunTime:0.000784s ]
INFO: [ app_end ] --START--
INFO: Run Behavior\ShowPageTraceBehavior [ RunTime:0.001022s ]
INFO: [ app_end ] --END-- [ RunTime:0.001150s ]

[ 2016-03-14T16:58:56+08:00 ] 127.0.0.1 /
INFO: [ app_init ] --START--
INFO: Run Behavior\BuildLiteBehavior [ RunTime:0.000040s ]
INFO: Run Common\Behavior\InitHookBehavior [ RunTime:0.004909s ]
INFO: [ app_init ] --END-- [ RunTime:0.005711s ]
INFO: [ app_begin ] --START--
INFO: Run Behavior\ReadHtmlCacheBehavior [ RunTime:0.001306s ]
INFO: Run Addons\Iswaf\IswafAddon [ RunTime:0.013204s ]
INFO: [ app_begin ] --END-- [ RunTime:0.014724s ]
SQL: SHOW COLUMNS FROM `jm_config` [ RunTime:0.0052s ]
SQL: SELECT `type`,`name`,`value` FROM `jm_config` WHERE `status` = 1  [ RunTime:0.0052s ]
SQL: SHOW COLUMNS FROM `jm_notice` [ RunTime:0.0047s ]
SQL: SELECT `id`,`create_time`,`title` FROM `jm_notice` WHERE ( status = 0 ) ORDER BY is_top desc,create_time desc LIMIT 6   [ RunTime:0.0045s ]
SQL: SHOW COLUMNS FROM `jm_infomation` [ RunTime:0.0051s ]
SQL: SELECT `id`,`create_time`,`title` FROM `jm_infomation` WHERE ( status = 1 ) ORDER BY level desc,create_time desc LIMIT 6   [ RunTime:0.0049s ]
NOTIC: [8] Undefined variable: noticearray C:\wamp\www\yinma\Application\Home\Controller\IndexController.class.php 第 60 行.
NOTIC: [2] implode(): Invalid arguments passed C:\wamp\www\yinma\Application\Home\Controller\IndexController.class.php 第 60 行.
SQL: SHOW COLUMNS FROM `jm_banner` [ RunTime:0.0050s ]
SQL: SELECT * FROM `jm_banner` WHERE `status` = 0 ORDER BY sort asc,id desc  [ RunTime:0.0046s ]
SQL: SHOW COLUMNS FROM `jm_project` [ RunTime:0.0060s ]
SQL: SHOW COLUMNS FROM `jm_proj_index` [ RunTime:0.0060s ]
SQL: SELECT * FROM `jm_proj_index` WHERE `status` = 9 AND `stage` BETWEEN '1' AND '4' ORDER BY stage desc,is_top desc,create_time desc LIMIT 6   [ RunTime:0.0063s ]
SQL: SHOW COLUMNS FROM `jm_project_fund` [ RunTime:0.0054s ]
SQL: SELECT * FROM `jm_project_fund` WHERE `project_id` = 345 LIMIT 1   [ RunTime:0.0050s ]
SQL: SHOW COLUMNS FROM `jm_product` [ RunTime:0.0061s ]
SQL: SHOW COLUMNS FROM `jm_product` [ RunTime:0.0056s ]
SQL: SELECT * FROM `jm_product` WHERE `status` = 9 AND `stage` = 2 ORDER BY stage desc,create_time desc  [ RunTime:0.0073s ]
SQL: SHOW COLUMNS FROM `jm_product_comment` [ RunTime:0.0048s ]
SQL: SELECT COUNT(*) AS tp_count FROM `jm_product_comment` WHERE `project_id` = 145 LIMIT 1   [ RunTime:0.0042s ]
SQL: SHOW COLUMNS FROM `jm_product` [ RunTime:0.0052s ]
SQL: SHOW COLUMNS FROM `jm_product_price` [ RunTime:0.0051s ]
SQL: SELECT SUM(sell_count) AS tp_sum FROM `jm_product_price` WHERE `pid` = 145 LIMIT 1   [ RunTime:0.0042s ]
SQL: SHOW COLUMNS FROM `jm_stock` [ RunTime:0.0060s ]
SQL: SHOW COLUMNS FROM `jm_stock` [ RunTime:0.0053s ]
SQL: SELECT * FROM `jm_stock` WHERE `status` = 1 ORDER BY create_time desc  [ RunTime:0.0050s ]
NOTIC: [2] Invalid argument supplied for foreach() C:\wamp\www\yinma\Application\Home\Model\StockModel.class.php 第 8 行.
INFO: [ view_parse ] --START--
INFO: [ template_filter ] --START--
INFO: Run Behavior\ContentReplaceBehavior [ RunTime:0.000222s ]
INFO: [ template_filter ] --END-- [ RunTime:0.000314s ]
SQL: SHOW COLUMNS FROM `jm_picture` [ RunTime:0.0049s ]
SQL: SELECT * FROM `jm_picture` WHERE `status` = 1 AND `id` = 5770 LIMIT 1   [ RunTime:0.0045s ]
SQL: SELECT * FROM `jm_picture` WHERE `status` = 1 AND `id` = 5794 LIMIT 1   [ RunTime:0.0044s ]
NOTIC: [8] Use of undefined constant id - assumed 'id' C:\wamp\www\yinma\Runtime\Cache\Home\04427ce356d851ebf0f1058e6afd5995.php 第 136 行.
SQL: SELECT * FROM `jm_picture` WHERE `status` = 1 AND `id` = 5789 LIMIT 1   [ RunTime:0.0045s ]
NOTIC: [8] Undefined index: stock C:\wamp\www\yinma\Runtime\Cache\Home\04427ce356d851ebf0f1058e6afd5995.php 第 255 行.
INFO: Run Behavior\ParseTemplateBehavior [ RunTime:0.056221s ]
INFO: [ view_parse ] --END-- [ RunTime:0.056318s ]
INFO: [ view_filter ] --START--
INFO: Run Behavior\WriteHtmlCacheBehavior [ RunTime:0.000648s ]
INFO: [ view_filter ] --END-- [ RunTime:0.000729s ]
INFO: [ app_end ] --START--
INFO: Run Behavior\ShowPageTraceBehavior [ RunTime:0.001007s ]
INFO: [ app_end ] --END-- [ RunTime:0.001114s ]

[ 2016-03-14T16:58:56+08:00 ] 127.0.0.1 /
INFO: [ app_init ] --START--
INFO: Run Behavior\BuildLiteBehavior [ RunTime:0.000020s ]
INFO: Run Common\Behavior\InitHookBehavior [ RunTime:0.002004s ]
INFO: [ app_init ] --END-- [ RunTime:0.002474s ]
INFO: [ app_begin ] --START--
INFO: Run Behavior\ReadHtmlCacheBehavior [ RunTime:0.000652s ]
INFO: Run Addons\Iswaf\IswafAddon [ RunTime:0.010176s ]
INFO: [ app_begin ] --END-- [ RunTime:0.010974s ]
SQL: SHOW COLUMNS FROM `jm_config` [ RunTime:0.0052s ]
SQL: SELECT `type`,`name`,`value` FROM `jm_config` WHERE `status` = 1  [ RunTime:0.0050s ]
SQL: SHOW COLUMNS FROM `jm_notice` [ RunTime:0.0050s ]
SQL: SELECT `id`,`create_time`,`title` FROM `jm_notice` WHERE ( status = 0 ) ORDER BY is_top desc,create_time desc LIMIT 6   [ RunTime:0.0048s ]
SQL: SHOW COLUMNS FROM `jm_infomation` [ RunTime:0.0052s ]
SQL: SELECT `id`,`create_time`,`title` FROM `jm_infomation` WHERE ( status = 1 ) ORDER BY level desc,create_time desc LIMIT 6   [ RunTime:0.0051s ]
NOTIC: [8] Undefined variable: noticearray C:\wamp\www\yinma\Application\Home\Controller\IndexController.class.php 第 60 行.
NOTIC: [2] implode(): Invalid arguments passed C:\wamp\www\yinma\Application\Home\Controller\IndexController.class.php 第 60 行.
SQL: SHOW COLUMNS FROM `jm_banner` [ RunTime:0.0053s ]
SQL: SELECT * FROM `jm_banner` WHERE `status` = 0 ORDER BY sort asc,id desc  [ RunTime:0.0050s ]
SQL: SHOW COLUMNS FROM `jm_project` [ RunTime:0.0064s ]
SQL: SHOW COLUMNS FROM `jm_proj_index` [ RunTime:0.0058s ]
SQL: SELECT * FROM `jm_proj_index` WHERE `status` = 9 AND `stage` BETWEEN '1' AND '4' ORDER BY stage desc,is_top desc,create_time desc LIMIT 6   [ RunTime:0.0063s ]
SQL: SHOW COLUMNS FROM `jm_project_fund` [ RunTime:0.0052s ]
SQL: SELECT * FROM `jm_project_fund` WHERE `project_id` = 345 LIMIT 1   [ RunTime:0.0053s ]
SQL: SHOW COLUMNS FROM `jm_product` [ RunTime:0.0055s ]
SQL: SHOW COLUMNS FROM `jm_product` [ RunTime:0.0055s ]
SQL: SELECT * FROM `jm_product` WHERE `status` = 9 AND `stage` = 2 ORDER BY stage desc,create_time desc  [ RunTime:0.0052s ]
SQL: SHOW COLUMNS FROM `jm_product_comment` [ RunTime:0.0049s ]
SQL: SELECT COUNT(*) AS tp_count FROM `jm_product_comment` WHERE `project_id` = 145 LIMIT 1   [ RunTime:0.0044s ]
SQL: SHOW COLUMNS FROM `jm_product` [ RunTime:0.0056s ]
SQL: SHOW COLUMNS FROM `jm_product_price` [ RunTime:0.0054s ]
SQL: SELECT SUM(sell_count) AS tp_sum FROM `jm_product_price` WHERE `pid` = 145 LIMIT 1   [ RunTime:0.0043s ]
SQL: SHOW COLUMNS FROM `jm_stock` [ RunTime:0.0058s ]
SQL: SHOW COLUMNS FROM `jm_stock` [ RunTime:0.0055s ]
SQL: SELECT * FROM `jm_stock` WHERE `status` = 1 ORDER BY create_time desc  [ RunTime:0.0057s ]
NOTIC: [2] Invalid argument supplied for foreach() C:\wamp\www\yinma\Application\Home\Model\StockModel.class.php 第 8 行.
INFO: [ view_parse ] --START--
INFO: [ template_filter ] --START--
INFO: Run Behavior\ContentReplaceBehavior [ RunTime:0.000225s ]
INFO: [ template_filter ] --END-- [ RunTime:0.000305s ]
SQL: SHOW COLUMNS FROM `jm_picture` [ RunTime:0.0051s ]
SQL: SELECT * FROM `jm_picture` WHERE `status` = 1 AND `id` = 5770 LIMIT 1   [ RunTime:0.0047s ]
SQL: SELECT * FROM `jm_picture` WHERE `status` = 1 AND `id` = 5794 LIMIT 1   [ RunTime:0.0051s ]
NOTIC: [8] Use of undefined constant id - assumed 'id' C:\wamp\www\yinma\Runtime\Cache\Home\04427ce356d851ebf0f1058e6afd5995.php 第 136 行.
SQL: SELECT * FROM `jm_picture` WHERE `status` = 1 AND `id` = 5789 LIMIT 1   [ RunTime:0.0046s ]
NOTIC: [8] Undefined index: stock C:\wamp\www\yinma\Runtime\Cache\Home\04427ce356d851ebf0f1058e6afd5995.php 第 255 行.
INFO: Run Behavior\ParseTemplateBehavior [ RunTime:0.062340s ]
INFO: [ view_parse ] --END-- [ RunTime:0.062465s ]
INFO: [ view_filter ] --START--
INFO: Run Behavior\WriteHtmlCacheBehavior [ RunTime:0.000732s ]
INFO: [ view_filter ] --END-- [ RunTime:0.000823s ]
INFO: [ app_end ] --START--
INFO: Run Behavior\ShowPageTraceBehavior [ RunTime:0.000832s ]
INFO: [ app_end ] --END-- [ RunTime:0.000904s ]

[ 2016-03-14T16:59:44+08:00 ] 127.0.0.1 /
INFO: [ app_init ] --START--
INFO: Run Behavior\BuildLiteBehavior [ RunTime:0.000026s ]
INFO: Run Common\Behavior\InitHookBehavior [ RunTime:0.003514s ]
INFO: [ app_init ] --END-- [ RunTime:0.004512s ]
INFO: [ app_begin ] --START--
INFO: Run Behavior\ReadHtmlCacheBehavior [ RunTime:0.001033s ]
INFO: Run Addons\Iswaf\IswafAddon [ RunTime:0.013224s ]
INFO: [ app_begin ] --END-- [ RunTime:0.014487s ]
SQL: SHOW COLUMNS FROM `jm_config` [ RunTime:0.0061s ]
SQL: SELECT `type`,`name`,`value` FROM `jm_config` WHERE `status` = 1  [ RunTime:0.0067s ]
SQL: SHOW COLUMNS FROM `jm_notice` [ RunTime:0.0063s ]
SQL: SELECT `id`,`create_time`,`title` FROM `jm_notice` WHERE ( status = 0 ) ORDER BY is_top desc,create_time desc LIMIT 6   [ RunTime:0.0057s ]
SQL: SHOW COLUMNS FROM `jm_infomation` [ RunTime:0.0061s ]
SQL: SELECT `id`,`create_time`,`title` FROM `jm_infomation` WHERE ( status = 1 ) ORDER BY level desc,create_time desc LIMIT 6   [ RunTime:0.0069s ]
NOTIC: [8] Undefined variable: noticearray C:\wamp\www\yinma\Application\Home\Controller\IndexController.class.php 第 60 行.
NOTIC: [2] implode(): Invalid arguments passed C:\wamp\www\yinma\Application\Home\Controller\IndexController.class.php 第 60 行.
SQL: SHOW COLUMNS FROM `jm_banner` [ RunTime:0.0061s ]
SQL: SELECT * FROM `jm_banner` WHERE `status` = 0 ORDER BY sort asc,id desc  [ RunTime:0.0058s ]
SQL: SHOW COLUMNS FROM `jm_project` [ RunTime:0.0071s ]
SQL: SHOW COLUMNS FROM `jm_proj_index` [ RunTime:0.0067s ]
SQL: SELECT * FROM `jm_proj_index` WHERE `status` = 9 AND `stage` BETWEEN '1' AND '4' ORDER BY stage desc,is_top desc,create_time desc LIMIT 6   [ RunTime:0.0072s ]
SQL: SHOW COLUMNS FROM `jm_project_fund` [ RunTime:0.0059s ]
SQL: SELECT * FROM `jm_project_fund` WHERE `project_id` = 345 LIMIT 1   [ RunTime:0.0062s ]
SQL: SHOW COLUMNS FROM `jm_product` [ RunTime:0.0067s ]
SQL: SHOW COLUMNS FROM `jm_product` [ RunTime:0.0068s ]
SQL: SELECT * FROM `jm_product` WHERE `status` = 9 AND `stage` = 2 ORDER BY stage desc,create_time desc  [ RunTime:0.0060s ]
SQL: SHOW COLUMNS FROM `jm_product_comment` [ RunTime:0.0061s ]
SQL: SELECT COUNT(*) AS tp_count FROM `jm_product_comment` WHERE `project_id` = 145 LIMIT 1   [ RunTime:0.0050s ]
SQL: SHOW COLUMNS FROM `jm_product` [ RunTime:0.0062s ]
SQL: SHOW COLUMNS FROM `jm_product_price` [ RunTime:0.0060s ]
SQL: SELECT SUM(sell_count) AS tp_sum FROM `jm_product_price` WHERE `pid` = 145 LIMIT 1   [ RunTime:0.0052s ]
SQL: SHOW COLUMNS FROM `jm_stock` [ RunTime:0.0063s ]
SQL: SHOW COLUMNS FROM `jm_stock` [ RunTime:0.0061s ]
SQL: SELECT * FROM `jm_stock` WHERE `status` = 1 ORDER BY create_time desc  [ RunTime:0.0057s ]
NOTIC: [2] Invalid argument supplied for foreach() C:\wamp\www\yinma\Application\Home\Model\StockModel.class.php 第 8 行.
INFO: [ view_parse ] --START--
INFO: [ template_filter ] --START--
INFO: Run Behavior\ContentReplaceBehavior [ RunTime:0.000351s ]
INFO: [ template_filter ] --END-- [ RunTime:0.000497s ]
SQL: SHOW COLUMNS FROM `jm_picture` [ RunTime:0.0056s ]
SQL: SELECT * FROM `jm_picture` WHERE `status` = 1 AND `id` = 5770 LIMIT 1   [ RunTime:0.0067s ]
SQL: SELECT * FROM `jm_picture` WHERE `status` = 1 AND `id` = 5794 LIMIT 1   [ RunTime:0.0053s ]
NOTIC: [8] Use of undefined constant id - assumed 'id' C:\wamp\www\yinma\Runtime\Cache\Home\04427ce356d851ebf0f1058e6afd5995.php 第 136 行.
SQL: SELECT * FROM `jm_picture` WHERE `status` = 1 AND `id` = 5789 LIMIT 1   [ RunTime:0.0056s ]
NOTIC: [8] Undefined index: stock C:\wamp\www\yinma\Runtime\Cache\Home\04427ce356d851ebf0f1058e6afd5995.php 第 255 行.
INFO: Run Behavior\ParseTemplateBehavior [ RunTime:0.070027s ]
INFO: [ view_parse ] --END-- [ RunTime:0.070125s ]
INFO: [ view_filter ] --START--
INFO: Run Behavior\WriteHtmlCacheBehavior [ RunTime:0.000782s ]
INFO: [ view_filter ] --END-- [ RunTime:0.000873s ]
INFO: [ app_end ] --START--
INFO: Run Behavior\ShowPageTraceBehavior [ RunTime:0.000994s ]
INFO: [ app_end ] --END-- [ RunTime:0.001076s ]

[ 2016-03-14T16:59:44+08:00 ] 127.0.0.1 /
INFO: [ app_init ] --START--
INFO: Run Behavior\BuildLiteBehavior [ RunTime:0.000019s ]
INFO: Run Common\Behavior\InitHookBehavior [ RunTime:0.003151s ]
INFO: [ app_init ] --END-- [ RunTime:0.003620s ]
INFO: [ app_begin ] --START--
INFO: Run Behavior\ReadHtmlCacheBehavior [ RunTime:0.000999s ]
INFO: Run Addons\Iswaf\IswafAddon [ RunTime:0.012751s ]
INFO: [ app_begin ] --END-- [ RunTime:0.013980s ]
SQL: SHOW COLUMNS FROM `jm_config` [ RunTime:0.0083s ]
SQL: SELECT `type`,`name`,`value` FROM `jm_config` WHERE `status` = 1  [ RunTime:0.0103s ]
SQL: SHOW COLUMNS FROM `jm_notice` [ RunTime:0.0068s ]
SQL: SELECT `id`,`create_time`,`title` FROM `jm_notice` WHERE ( status = 0 ) ORDER BY is_top desc,create_time desc LIMIT 6   [ RunTime:0.0065s ]
SQL: SHOW COLUMNS FROM `jm_infomation` [ RunTime:0.0070s ]
SQL: SELECT `id`,`create_time`,`title` FROM `jm_infomation` WHERE ( status = 1 ) ORDER BY level desc,create_time desc LIMIT 6   [ RunTime:0.0075s ]
NOTIC: [8] Undefined variable: noticearray C:\wamp\www\yinma\Application\Home\Controller\IndexController.class.php 第 60 行.
NOTIC: [2] implode(): Invalid arguments passed C:\wamp\www\yinma\Application\Home\Controller\IndexController.class.php 第 60 行.
SQL: SHOW COLUMNS FROM `jm_banner` [ RunTime:0.0067s ]
SQL: SELECT * FROM `jm_banner` WHERE `status` = 0 ORDER BY sort asc,id desc  [ RunTime:0.0072s ]
SQL: SHOW COLUMNS FROM `jm_project` [ RunTime:0.0075s ]
SQL: SHOW COLUMNS FROM `jm_proj_index` [ RunTime:0.0077s ]
SQL: SELECT * FROM `jm_proj_index` WHERE `status` = 9 AND `stage` BETWEEN '1' AND '4' ORDER BY stage desc,is_top desc,create_time desc LIMIT 6   [ RunTime:0.0081s ]
SQL: SHOW COLUMNS FROM `jm_project_fund` [ RunTime:0.0070s ]
SQL: SELECT * FROM `jm_project_fund` WHERE `project_id` = 345 LIMIT 1   [ RunTime:0.0070s ]
SQL: SHOW COLUMNS FROM `jm_product` [ RunTime:0.0074s ]
SQL: SHOW COLUMNS FROM `jm_product` [ RunTime:0.0073s ]
SQL: SELECT * FROM `jm_product` WHERE `status` = 9 AND `stage` = 2 ORDER BY stage desc,create_time desc  [ RunTime:0.0070s ]
SQL: SHOW COLUMNS FROM `jm_product_comment` [ RunTime:0.0069s ]
SQL: SELECT COUNT(*) AS tp_count FROM `jm_product_comment` WHERE `project_id` = 145 LIMIT 1   [ RunTime:0.0062s ]
SQL: SHOW COLUMNS FROM `jm_product` [ RunTime:0.0074s ]
SQL: SHOW COLUMNS FROM `jm_product_price` [ RunTime:0.0087s ]
SQL: SELECT SUM(sell_count) AS tp_sum FROM `jm_product_price` WHERE `pid` = 145 LIMIT 1   [ RunTime:0.0064s ]
SQL: SHOW COLUMNS FROM `jm_stock` [ RunTime:0.0087s ]
SQL: SHOW COLUMNS FROM `jm_stock` [ RunTime:0.0075s ]
SQL: SELECT * FROM `jm_stock` WHERE `status` = 1 ORDER BY create_time desc  [ RunTime:0.0073s ]
NOTIC: [2] Invalid argument supplied for foreach() C:\wamp\www\yinma\Application\Home\Model\StockModel.class.php 第 8 行.
INFO: [ view_parse ] --START--
INFO: [ template_filter ] --START--
INFO: Run Behavior\ContentReplaceBehavior [ RunTime:0.000251s ]
INFO: [ template_filter ] --END-- [ RunTime:0.000348s ]
SQL: SHOW COLUMNS FROM `jm_picture` [ RunTime:0.0068s ]
SQL: SELECT * FROM `jm_picture` WHERE `status` = 1 AND `id` = 5770 LIMIT 1   [ RunTime:0.0064s ]
SQL: SELECT * FROM `jm_picture` WHERE `status` = 1 AND `id` = 5794 LIMIT 1   [ RunTime:0.0063s ]
NOTIC: [8] Use of undefined constant id - assumed 'id' C:\wamp\www\yinma\Runtime\Cache\Home\04427ce356d851ebf0f1058e6afd5995.php 第 136 行.
SQL: SELECT * FROM `jm_picture` WHERE `status` = 1 AND `id` = 5789 LIMIT 1   [ RunTime:0.0064s ]
NOTIC: [8] Undefined index: stock C:\wamp\www\yinma\Runtime\Cache\Home\04427ce356d851ebf0f1058e6afd5995.php 第 255 行.
INFO: Run Behavior\ParseTemplateBehavior [ RunTime:0.064336s ]
INFO: [ view_parse ] --END-- [ RunTime:0.064467s ]
INFO: [ view_filter ] --START--
INFO: Run Behavior\WriteHtmlCacheBehavior [ RunTime:0.000673s ]
INFO: [ view_filter ] --END-- [ RunTime:0.000755s ]
INFO: [ app_end ] --START--
INFO: Run Behavior\ShowPageTraceBehavior [ RunTime:0.000852s ]
INFO: [ app_end ] --END-- [ RunTime:0.000940s ]

[ 2016-03-14T16:59:52+08:00 ] 127.0.0.1 /
INFO: [ app_init ] --START--
INFO: Run Behavior\BuildLiteBehavior [ RunTime:0.000025s ]
INFO: Run Common\Behavior\InitHookBehavior [ RunTime:0.005134s ]
INFO: [ app_init ] --END-- [ RunTime:0.005821s ]
INFO: [ app_begin ] --START--
INFO: Run Behavior\ReadHtmlCacheBehavior [ RunTime:0.000946s ]
INFO: Run Addons\Iswaf\IswafAddon [ RunTime:0.014910s ]
INFO: [ app_begin ] --END-- [ RunTime:0.016042s ]
SQL: SHOW COLUMNS FROM `jm_config` [ RunTime:0.0053s ]
SQL: SELECT `type`,`name`,`value` FROM `jm_config` WHERE `status` = 1  [ RunTime:0.0050s ]
SQL: SHOW COLUMNS FROM `jm_notice` [ RunTime:0.0049s ]
SQL: SELECT `id`,`create_time`,`title` FROM `jm_notice` WHERE ( status = 0 ) ORDER BY is_top desc,create_time desc LIMIT 6   [ RunTime:0.0049s ]
SQL: SHOW COLUMNS FROM `jm_infomation` [ RunTime:0.0050s ]
SQL: SELECT `id`,`create_time`,`title` FROM `jm_infomation` WHERE ( status = 1 ) ORDER BY level desc,create_time desc LIMIT 6   [ RunTime:0.0052s ]
NOTIC: [8] Undefined variable: noticearray C:\wamp\www\yinma\Application\Home\Controller\IndexController.class.php 第 60 行.
NOTIC: [2] implode(): Invalid arguments passed C:\wamp\www\yinma\Application\Home\Controller\IndexController.class.php 第 60 行.
SQL: SHOW COLUMNS FROM `jm_banner` [ RunTime:0.0050s ]
SQL: SELECT * FROM `jm_banner` WHERE `status` = 0 ORDER BY sort asc,id desc  [ RunTime:0.0048s ]
SQL: SHOW COLUMNS FROM `jm_project` [ RunTime:0.0057s ]
SQL: SHOW COLUMNS FROM `jm_proj_index` [ RunTime:0.0058s ]
SQL: SELECT * FROM `jm_proj_index` WHERE `status` = 9 AND `stage` BETWEEN '1' AND '4' ORDER BY stage desc,is_top desc,create_time desc LIMIT 6   [ RunTime:0.0061s ]
SQL: SHOW COLUMNS FROM `jm_project_fund` [ RunTime:0.0052s ]
SQL: SELECT * FROM `jm_project_fund` WHERE `project_id` = 345 LIMIT 1   [ RunTime:0.0051s ]
SQL: SHOW COLUMNS FROM `jm_product` [ RunTime:0.0067s ]
SQL: SHOW COLUMNS FROM `jm_product` [ RunTime:0.0054s ]
SQL: SELECT * FROM `jm_product` WHERE `status` = 9 AND `stage` = 2 ORDER BY stage desc,create_time desc  [ RunTime:0.0051s ]
SQL: SHOW COLUMNS FROM `jm_product_comment` [ RunTime:0.0062s ]
SQL: SELECT COUNT(*) AS tp_count FROM `jm_product_comment` WHERE `project_id` = 145 LIMIT 1   [ RunTime:0.0042s ]
SQL: SHOW COLUMNS FROM `jm_product` [ RunTime:0.0056s ]
SQL: SHOW COLUMNS FROM `jm_product_price` [ RunTime:0.0054s ]
SQL: SELECT SUM(sell_count) AS tp_sum FROM `jm_product_price` WHERE `pid` = 145 LIMIT 1   [ RunTime:0.0046s ]
SQL: SHOW COLUMNS FROM `jm_stock` [ RunTime:0.0054s ]
SQL: SHOW COLUMNS FROM `jm_stock` [ RunTime:0.0054s ]
SQL: SELECT * FROM `jm_stock` WHERE `status` = 1 ORDER BY create_time desc  [ RunTime:0.0060s ]
NOTIC: [2] Invalid argument supplied for foreach() C:\wamp\www\yinma\Application\Home\Model\StockModel.class.php 第 8 行.
INFO: [ view_parse ] --START--
INFO: [ template_filter ] --START--
INFO: Run Behavior\ContentReplaceBehavior [ RunTime:0.000257s ]
INFO: [ template_filter ] --END-- [ RunTime:0.000337s ]
SQL: SHOW COLUMNS FROM `jm_picture` [ RunTime:0.0057s ]
SQL: SELECT * FROM `jm_picture` WHERE `status` = 1 AND `id` = 5770 LIMIT 1   [ RunTime:0.0046s ]
SQL: SELECT * FROM `jm_picture` WHERE `status` = 1 AND `id` = 5794 LIMIT 1   [ RunTime:0.0045s ]
NOTIC: [8] Use of undefined constant id - assumed 'id' C:\wamp\www\yinma\Runtime\Cache\Home\04427ce356d851ebf0f1058e6afd5995.php 第 136 行.
SQL: SELECT * FROM `jm_picture` WHERE `status` = 1 AND `id` = 5789 LIMIT 1   [ RunTime:0.0045s ]
NOTIC: [8] Undefined index: stock C:\wamp\www\yinma\Runtime\Cache\Home\04427ce356d851ebf0f1058e6afd5995.php 第 255 行.
INFO: Run Behavior\ParseTemplateBehavior [ RunTime:0.057110s ]
INFO: [ view_parse ] --END-- [ RunTime:0.057281s ]
INFO: [ view_filter ] --START--
INFO: Run Behavior\WriteHtmlCacheBehavior [ RunTime:0.000645s ]
INFO: [ view_filter ] --END-- [ RunTime:0.000768s ]
INFO: [ app_end ] --START--
INFO: Run Behavior\ShowPageTraceBehavior [ RunTime:0.000899s ]
INFO: [ app_end ] --END-- [ RunTime:0.000976s ]

[ 2016-03-14T16:59:52+08:00 ] 127.0.0.1 /
INFO: [ app_init ] --START--
INFO: Run Behavior\BuildLiteBehavior [ RunTime:0.000035s ]
INFO: Run Common\Behavior\InitHookBehavior [ RunTime:0.004843s ]
INFO: [ app_init ] --END-- [ RunTime:0.005775s ]
INFO: [ app_begin ] --START--
INFO: Run Behavior\ReadHtmlCacheBehavior [ RunTime:0.001167s ]
INFO: Run Addons\Iswaf\IswafAddon [ RunTime:0.016648s ]
INFO: [ app_begin ] --END-- [ RunTime:0.017987s ]
SQL: SHOW COLUMNS FROM `jm_config` [ RunTime:0.0054s ]
SQL: SELECT `type`,`name`,`value` FROM `jm_config` WHERE `status` = 1  [ RunTime:0.0052s ]
SQL: SHOW COLUMNS FROM `jm_notice` [ RunTime:0.0051s ]
SQL: SELECT `id`,`create_time`,`title` FROM `jm_notice` WHERE ( status = 0 ) ORDER BY is_top desc,create_time desc LIMIT 6   [ RunTime:0.0069s ]
SQL: SHOW COLUMNS FROM `jm_infomation` [ RunTime:0.0069s ]
SQL: SELECT `id`,`create_time`,`title` FROM `jm_infomation` WHERE ( status = 1 ) ORDER BY level desc,create_time desc LIMIT 6   [ RunTime:0.0052s ]
NOTIC: [8] Undefined variable: noticearray C:\wamp\www\yinma\Application\Home\Controller\IndexController.class.php 第 60 行.
NOTIC: [2] implode(): Invalid arguments passed C:\wamp\www\yinma\Application\Home\Controller\IndexController.class.php 第 60 行.
SQL: SHOW COLUMNS FROM `jm_banner` [ RunTime:0.0052s ]
SQL: SELECT * FROM `jm_banner` WHERE `status` = 0 ORDER BY sort asc,id desc  [ RunTime:0.0050s ]
SQL: SHOW COLUMNS FROM `jm_project` [ RunTime:0.0061s ]
SQL: SHOW COLUMNS FROM `jm_proj_index` [ RunTime:0.0061s ]
SQL: SELECT * FROM `jm_proj_index` WHERE `status` = 9 AND `stage` BETWEEN '1' AND '4' ORDER BY stage desc,is_top desc,create_time desc LIMIT 6   [ RunTime:0.0066s ]
SQL: SHOW COLUMNS FROM `jm_project_fund` [ RunTime:0.0057s ]
SQL: SELECT * FROM `jm_project_fund` WHERE `project_id` = 345 LIMIT 1   [ RunTime:0.0053s ]
SQL: SHOW COLUMNS FROM `jm_product` [ RunTime:0.0060s ]
SQL: SHOW COLUMNS FROM `jm_product` [ RunTime:0.0058s ]
SQL: SELECT * FROM `jm_product` WHERE `status` = 9 AND `stage` = 2 ORDER BY stage desc,create_time desc  [ RunTime:0.0058s ]
SQL: SHOW COLUMNS FROM `jm_product_comment` [ RunTime:0.0086s ]
SQL: SELECT COUNT(*) AS tp_count FROM `jm_product_comment` WHERE `project_id` = 145 LIMIT 1   [ RunTime:0.0064s ]
SQL: SHOW COLUMNS FROM `jm_product` [ RunTime:0.0057s ]
SQL: SHOW COLUMNS FROM `jm_product_price` [ RunTime:0.0061s ]
SQL: SELECT SUM(sell_count) AS tp_sum FROM `jm_product_price` WHERE `pid` = 145 LIMIT 1   [ RunTime:0.0044s ]
SQL: SHOW COLUMNS FROM `jm_stock` [ RunTime:0.0057s ]
SQL: SHOW COLUMNS FROM `jm_stock` [ RunTime:0.0058s ]
SQL: SELECT * FROM `jm_stock` WHERE `status` = 1 ORDER BY create_time desc  [ RunTime:0.0054s ]
NOTIC: [2] Invalid argument supplied for foreach() C:\wamp\www\yinma\Application\Home\Model\StockModel.class.php 第 8 行.
INFO: [ view_parse ] --START--
INFO: [ template_filter ] --START--
INFO: Run Behavior\ContentReplaceBehavior [ RunTime:0.000223s ]
INFO: [ template_filter ] --END-- [ RunTime:0.000343s ]
SQL: SHOW COLUMNS FROM `jm_picture` [ RunTime:0.0055s ]
SQL: SELECT * FROM `jm_picture` WHERE `status` = 1 AND `id` = 5770 LIMIT 1   [ RunTime:0.0049s ]
SQL: SELECT * FROM `jm_picture` WHERE `status` = 1 AND `id` = 5794 LIMIT 1   [ RunTime:0.0050s ]
NOTIC: [8] Use of undefined constant id - assumed 'id' C:\wamp\www\yinma\Runtime\Cache\Home\04427ce356d851ebf0f1058e6afd5995.php 第 136 行.
SQL: SELECT * FROM `jm_picture` WHERE `status` = 1 AND `id` = 5789 LIMIT 1   [ RunTime:0.0050s ]
NOTIC: [8] Undefined index: stock C:\wamp\www\yinma\Runtime\Cache\Home\04427ce356d851ebf0f1058e6afd5995.php 第 255 行.
INFO: Run Behavior\ParseTemplateBehavior [ RunTime:0.056634s ]
INFO: [ view_parse ] --END-- [ RunTime:0.056715s ]
INFO: [ view_filter ] --START--
INFO: Run Behavior\WriteHtmlCacheBehavior [ RunTime:0.000709s ]
INFO: [ view_filter ] --END-- [ RunTime:0.000778s ]
INFO: [ app_end ] --START--
INFO: Run Behavior\ShowPageTraceBehavior [ RunTime:0.000893s ]
INFO: [ app_end ] --END-- [ RunTime:0.000965s ]

[ 2016-03-14T17:00:37+08:00 ] 127.0.0.1 /
INFO: [ app_init ] --START--
INFO: Run Behavior\BuildLiteBehavior [ RunTime:0.000023s ]
INFO: Run Common\Behavior\InitHookBehavior [ RunTime:0.007551s ]
INFO: [ app_init ] --END-- [ RunTime:0.008237s ]
INFO: [ app_begin ] --START--
INFO: Run Behavior\ReadHtmlCacheBehavior [ RunTime:0.004889s ]
INFO: Run Addons\Iswaf\IswafAddon [ RunTime:0.038608s ]
INFO: [ app_begin ] --END-- [ RunTime:0.044193s ]
SQL: SHOW COLUMNS FROM `jm_config` [ RunTime:0.0059s ]
SQL: SELECT `type`,`name`,`value` FROM `jm_config` WHERE `status` = 1  [ RunTime:0.0060s ]
SQL: SHOW COLUMNS FROM `jm_notice` [ RunTime:0.0063s ]
SQL: SELECT `id`,`create_time`,`title` FROM `jm_notice` WHERE ( status = 0 ) ORDER BY is_top desc,create_time desc LIMIT 6   [ RunTime:0.0067s ]
SQL: SHOW COLUMNS FROM `jm_infomation` [ RunTime:0.0064s ]
SQL: SELECT `id`,`create_time`,`title` FROM `jm_infomation` WHERE ( status = 1 ) ORDER BY level desc,create_time desc LIMIT 6   [ RunTime:0.0064s ]
NOTIC: [8] Undefined variable: noticearray C:\wamp\www\yinma\Application\Home\Controller\IndexController.class.php 第 60 行.
NOTIC: [2] implode(): Invalid arguments passed C:\wamp\www\yinma\Application\Home\Controller\IndexController.class.php 第 60 行.
SQL: SHOW COLUMNS FROM `jm_banner` [ RunTime:0.0055s ]
SQL: SELECT * FROM `jm_banner` WHERE `status` = 0 ORDER BY sort asc,id desc  [ RunTime:0.0065s ]
SQL: SHOW COLUMNS FROM `jm_project` [ RunTime:0.0073s ]
SQL: SHOW COLUMNS FROM `jm_proj_index` [ RunTime:0.0076s ]
SQL: SELECT * FROM `jm_proj_index` WHERE `status` = 9 AND `stage` BETWEEN '1' AND '4' ORDER BY stage desc,is_top desc,create_time desc LIMIT 6   [ RunTime:0.0071s ]
SQL: SHOW COLUMNS FROM `jm_project_fund` [ RunTime:0.0061s ]
SQL: SELECT * FROM `jm_project_fund` WHERE `project_id` = 345 LIMIT 1   [ RunTime:0.0057s ]
SQL: SHOW COLUMNS FROM `jm_product` [ RunTime:0.0063s ]
SQL: SHOW COLUMNS FROM `jm_product` [ RunTime:0.0060s ]
SQL: SELECT * FROM `jm_product` WHERE `status` = 9 AND `stage` = 2 ORDER BY stage desc,create_time desc  [ RunTime:0.0068s ]
SQL: SHOW COLUMNS FROM `jm_product_comment` [ RunTime:0.0057s ]
SQL: SELECT COUNT(*) AS tp_count FROM `jm_product_comment` WHERE `project_id` = 145 LIMIT 1   [ RunTime:0.0049s ]
SQL: SHOW COLUMNS FROM `jm_product` [ RunTime:0.0063s ]
SQL: SHOW COLUMNS FROM `jm_product_price` [ RunTime:0.0059s ]
SQL: SELECT SUM(sell_count) AS tp_sum FROM `jm_product_price` WHERE `pid` = 145 LIMIT 1   [ RunTime:0.0049s ]
SQL: SHOW COLUMNS FROM `jm_stock` [ RunTime:0.0066s ]
SQL: SHOW COLUMNS FROM `jm_stock` [ RunTime:0.0073s ]
SQL: SELECT * FROM `jm_stock` WHERE `status` = 1 ORDER BY create_time desc  [ RunTime:0.0056s ]
NOTIC: [2] Invalid argument supplied for foreach() C:\wamp\www\yinma\Application\Home\Model\StockModel.class.php 第 8 行.
INFO: [ view_parse ] --START--
INFO: [ template_filter ] --START--
INFO: Run Behavior\ContentReplaceBehavior [ RunTime:0.000220s ]
INFO: [ template_filter ] --END-- [ RunTime:0.000302s ]
SQL: SHOW COLUMNS FROM `jm_picture` [ RunTime:0.0065s ]
SQL: SELECT * FROM `jm_picture` WHERE `status` = 1 AND `id` = 5770 LIMIT 1   [ RunTime:0.0053s ]
SQL: SELECT * FROM `jm_picture` WHERE `status` = 1 AND `id` = 5794 LIMIT 1   [ RunTime:0.0063s ]
NOTIC: [8] Use of undefined constant id - assumed 'id' C:\wamp\www\yinma\Runtime\Cache\Home\04427ce356d851ebf0f1058e6afd5995.php 第 136 行.
SQL: SELECT * FROM `jm_picture` WHERE `status` = 1 AND `id` = 5789 LIMIT 1   [ RunTime:0.0053s ]
NOTIC: [8] Undefined index: stock C:\wamp\www\yinma\Runtime\Cache\Home\04427ce356d851ebf0f1058e6afd5995.php 第 255 行.
INFO: Run Behavior\ParseTemplateBehavior [ RunTime:0.076504s ]
INFO: [ view_parse ] --END-- [ RunTime:0.076601s ]
INFO: [ view_filter ] --START--
INFO: Run Behavior\WriteHtmlCacheBehavior [ RunTime:0.000791s ]
INFO: [ view_filter ] --END-- [ RunTime:0.000865s ]
INFO: [ app_end ] --START--
INFO: Run Behavior\ShowPageTraceBehavior [ RunTime:0.000909s ]
INFO: [ app_end ] --END-- [ RunTime:0.000981s ]

[ 2016-03-14T17:00:37+08:00 ] 127.0.0.1 /
INFO: [ app_init ] --START--
INFO: Run Behavior\BuildLiteBehavior [ RunTime:0.000064s ]
INFO: Run Common\Behavior\InitHookBehavior [ RunTime:0.007823s ]
INFO: [ app_init ] --END-- [ RunTime:0.008573s ]
INFO: [ app_begin ] --START--
INFO: Run Behavior\ReadHtmlCacheBehavior [ RunTime:0.001127s ]
INFO: Run Addons\Iswaf\IswafAddon [ RunTime:0.019700s ]
INFO: [ app_begin ] --END-- [ RunTime:0.020999s ]
SQL: SHOW COLUMNS FROM `jm_config` [ RunTime:0.0065s ]
SQL: SELECT `type`,`name`,`value` FROM `jm_config` WHERE `status` = 1  [ RunTime:0.0051s ]
SQL: SHOW COLUMNS FROM `jm_notice` [ RunTime:0.0055s ]
SQL: SELECT `id`,`create_time`,`title` FROM `jm_notice` WHERE ( status = 0 ) ORDER BY is_top desc,create_time desc LIMIT 6   [ RunTime:0.0049s ]
SQL: SHOW COLUMNS FROM `jm_infomation` [ RunTime:0.0061s ]
SQL: SELECT `id`,`create_time`,`title` FROM `jm_infomation` WHERE ( status = 1 ) ORDER BY level desc,create_time desc LIMIT 6   [ RunTime:0.0063s ]
NOTIC: [8] Undefined variable: noticearray C:\wamp\www\yinma\Application\Home\Controller\IndexController.class.php 第 60 行.
NOTIC: [2] implode(): Invalid arguments passed C:\wamp\www\yinma\Application\Home\Controller\IndexController.class.php 第 60 行.
SQL: SHOW COLUMNS FROM `jm_banner` [ RunTime:0.0073s ]
SQL: SELECT * FROM `jm_banner` WHERE `status` = 0 ORDER BY sort asc,id desc  [ RunTime:0.0052s ]
SQL: SHOW COLUMNS FROM `jm_project` [ RunTime:0.0080s ]
SQL: SHOW COLUMNS FROM `jm_proj_index` [ RunTime:0.0060s ]
SQL: SELECT * FROM `jm_proj_index` WHERE `status` = 9 AND `stage` BETWEEN '1' AND '4' ORDER BY stage desc,is_top desc,create_time desc LIMIT 6   [ RunTime:0.0112s ]
SQL: SHOW COLUMNS FROM `jm_project_fund` [ RunTime:0.0056s ]
SQL: SELECT * FROM `jm_project_fund` WHERE `project_id` = 345 LIMIT 1   [ RunTime:0.0058s ]
SQL: SHOW COLUMNS FROM `jm_product` [ RunTime:0.0055s ]
SQL: SHOW COLUMNS FROM `jm_product` [ RunTime:0.0056s ]
SQL: SELECT * FROM `jm_product` WHERE `status` = 9 AND `stage` = 2 ORDER BY stage desc,create_time desc  [ RunTime:0.0052s ]
SQL: SHOW COLUMNS FROM `jm_product_comment` [ RunTime:0.0051s ]
SQL: SELECT COUNT(*) AS tp_count FROM `jm_product_comment` WHERE `project_id` = 145 LIMIT 1   [ RunTime:0.0046s ]
SQL: SHOW COLUMNS FROM `jm_product` [ RunTime:0.0057s ]
SQL: SHOW COLUMNS FROM `jm_product_price` [ RunTime:0.0055s ]
SQL: SELECT SUM(sell_count) AS tp_sum FROM `jm_product_price` WHERE `pid` = 145 LIMIT 1   [ RunTime:0.0055s ]
SQL: SHOW COLUMNS FROM `jm_stock` [ RunTime:0.0098s ]
SQL: SHOW COLUMNS FROM `jm_stock` [ RunTime:0.0094s ]
SQL: SELECT * FROM `jm_stock` WHERE `status` = 1 ORDER BY create_time desc  [ RunTime:0.0119s ]
NOTIC: [2] Invalid argument supplied for foreach() C:\wamp\www\yinma\Application\Home\Model\StockModel.class.php 第 8 行.
INFO: [ view_parse ] --START--
INFO: [ template_filter ] --START--
INFO: Run Behavior\ContentReplaceBehavior [ RunTime:0.000227s ]
INFO: [ template_filter ] --END-- [ RunTime:0.000315s ]
SQL: SHOW COLUMNS FROM `jm_picture` [ RunTime:0.0057s ]
SQL: SELECT * FROM `jm_picture` WHERE `status` = 1 AND `id` = 5770 LIMIT 1   [ RunTime:0.0056s ]
SQL: SELECT * FROM `jm_picture` WHERE `status` = 1 AND `id` = 5794 LIMIT 1   [ RunTime:0.0052s ]
NOTIC: [8] Use of undefined constant id - assumed 'id' C:\wamp\www\yinma\Runtime\Cache\Home\04427ce356d851ebf0f1058e6afd5995.php 第 136 行.
SQL: SELECT * FROM `jm_picture` WHERE `status` = 1 AND `id` = 5789 LIMIT 1   [ RunTime:0.0048s ]
NOTIC: [8] Undefined index: stock C:\wamp\www\yinma\Runtime\Cache\Home\04427ce356d851ebf0f1058e6afd5995.php 第 255 行.
INFO: Run Behavior\ParseTemplateBehavior [ RunTime:0.060395s ]
INFO: [ view_parse ] --END-- [ RunTime:0.060672s ]
INFO: [ view_filter ] --START--
INFO: Run Behavior\WriteHtmlCacheBehavior [ RunTime:0.002149s ]
INFO: [ view_filter ] --END-- [ RunTime:0.002272s ]
INFO: [ app_end ] --START--
INFO: Run Behavior\ShowPageTraceBehavior [ RunTime:0.001690s ]
INFO: [ app_end ] --END-- [ RunTime:0.001831s ]

[ 2016-03-14T17:00:44+08:00 ] 127.0.0.1 /
INFO: [ app_init ] --START--
INFO: Run Behavior\BuildLiteBehavior [ RunTime:0.000038s ]
INFO: Run Common\Behavior\InitHookBehavior [ RunTime:0.004390s ]
INFO: [ app_init ] --END-- [ RunTime:0.005151s ]
INFO: [ app_begin ] --START--
INFO: Run Behavior\ReadHtmlCacheBehavior [ RunTime:0.001316s ]
INFO: Run Addons\Iswaf\IswafAddon [ RunTime:0.015772s ]
INFO: [ app_begin ] --END-- [ RunTime:0.017323s ]
SQL: SHOW COLUMNS FROM `jm_config` [ RunTime:0.0062s ]
SQL: SELECT `type`,`name`,`value` FROM `jm_config` WHERE `status` = 1  [ RunTime:0.0059s ]
SQL: SHOW COLUMNS FROM `jm_notice` [ RunTime:0.0057s ]
SQL: SELECT `id`,`create_time`,`title` FROM `jm_notice` WHERE ( status = 0 ) ORDER BY is_top desc,create_time desc LIMIT 6   [ RunTime:0.0053s ]
SQL: SHOW COLUMNS FROM `jm_infomation` [ RunTime:0.0061s ]
SQL: SELECT `id`,`create_time`,`title` FROM `jm_infomation` WHERE ( status = 1 ) ORDER BY level desc,create_time desc LIMIT 6   [ RunTime:0.0060s ]
NOTIC: [8] Undefined variable: noticearray C:\wamp\www\yinma\Application\Home\Controller\IndexController.class.php 第 60 行.
NOTIC: [2] implode(): Invalid arguments passed C:\wamp\www\yinma\Application\Home\Controller\IndexController.class.php 第 60 行.
SQL: SHOW COLUMNS FROM `jm_banner` [ RunTime:0.0062s ]
SQL: SELECT * FROM `jm_banner` WHERE `status` = 0 ORDER BY sort asc,id desc  [ RunTime:0.0058s ]
SQL: SHOW COLUMNS FROM `jm_project` [ RunTime:0.0083s ]
SQL: SHOW COLUMNS FROM `jm_proj_index` [ RunTime:0.0072s ]
SQL: SELECT * FROM `jm_proj_index` WHERE `status` = 9 AND `stage` BETWEEN '1' AND '4' ORDER BY stage desc,is_top desc,create_time desc LIMIT 6   [ RunTime:0.0085s ]
SQL: SHOW COLUMNS FROM `jm_project_fund` [ RunTime:0.0080s ]
SQL: SELECT * FROM `jm_project_fund` WHERE `project_id` = 345 LIMIT 1   [ RunTime:0.0069s ]
SQL: SHOW COLUMNS FROM `jm_product` [ RunTime:0.0073s ]
SQL: SHOW COLUMNS FROM `jm_product` [ RunTime:0.0063s ]
SQL: SELECT * FROM `jm_product` WHERE `status` = 9 AND `stage` = 2 ORDER BY stage desc,create_time desc  [ RunTime:0.0065s ]
SQL: SHOW COLUMNS FROM `jm_product_comment` [ RunTime:0.0066s ]
SQL: SELECT COUNT(*) AS tp_count FROM `jm_product_comment` WHERE `project_id` = 145 LIMIT 1   [ RunTime:0.0066s ]
SQL: SHOW COLUMNS FROM `jm_product` [ RunTime:0.0070s ]
SQL: SHOW COLUMNS FROM `jm_product_price` [ RunTime:0.0063s ]
SQL: SELECT SUM(sell_count) AS tp_sum FROM `jm_product_price` WHERE `pid` = 145 LIMIT 1   [ RunTime:0.0064s ]
SQL: SHOW COLUMNS FROM `jm_stock` [ RunTime:0.0066s ]
SQL: SHOW COLUMNS FROM `jm_stock` [ RunTime:0.0064s ]
SQL: SELECT * FROM `jm_stock` WHERE `status` = 1 ORDER BY create_time desc  [ RunTime:0.0061s ]
NOTIC: [2] Invalid argument supplied for foreach() C:\wamp\www\yinma\Application\Home\Model\StockModel.class.php 第 8 行.
INFO: [ view_parse ] --START--
INFO: [ template_filter ] --START--
INFO: Run Behavior\ContentReplaceBehavior [ RunTime:0.000223s ]
INFO: [ template_filter ] --END-- [ RunTime:0.000303s ]
SQL: SHOW COLUMNS FROM `jm_picture` [ RunTime:0.0061s ]
SQL: SELECT * FROM `jm_picture` WHERE `status` = 1 AND `id` = 5770 LIMIT 1   [ RunTime:0.0057s ]
SQL: SELECT * FROM `jm_picture` WHERE `status` = 1 AND `id` = 5794 LIMIT 1   [ RunTime:0.0060s ]
NOTIC: [8] Use of undefined constant id - assumed 'id' C:\wamp\www\yinma\Runtime\Cache\Home\04427ce356d851ebf0f1058e6afd5995.php 第 136 行.
SQL: SELECT * FROM `jm_picture` WHERE `status` = 1 AND `id` = 5789 LIMIT 1   [ RunTime:0.0062s ]
NOTIC: [8] Undefined index: stock C:\wamp\www\yinma\Runtime\Cache\Home\04427ce356d851ebf0f1058e6afd5995.php 第 255 行.
INFO: Run Behavior\ParseTemplateBehavior [ RunTime:0.062917s ]
INFO: [ view_parse ] --END-- [ RunTime:0.063024s ]
INFO: [ view_filter ] --START--
INFO: Run Behavior\WriteHtmlCacheBehavior [ RunTime:0.000808s ]
INFO: [ view_filter ] --END-- [ RunTime:0.000897s ]
INFO: [ app_end ] --START--
INFO: Run Behavior\ShowPageTraceBehavior [ RunTime:0.001177s ]
INFO: [ app_end ] --END-- [ RunTime:0.001260s ]

[ 2016-03-14T17:00:45+08:00 ] 127.0.0.1 /
INFO: [ app_init ] --START--
INFO: Run Behavior\BuildLiteBehavior [ RunTime:0.000019s ]
INFO: Run Common\Behavior\InitHookBehavior [ RunTime:0.002994s ]
INFO: [ app_init ] --END-- [ RunTime:0.003532s ]
INFO: [ app_begin ] --START--
INFO: Run Behavior\ReadHtmlCacheBehavior [ RunTime:0.001251s ]
INFO: Run Addons\Iswaf\IswafAddon [ RunTime:0.014106s ]
INFO: [ app_begin ] --END-- [ RunTime:0.015569s ]
SQL: SHOW COLUMNS FROM `jm_config` [ RunTime:0.0063s ]
SQL: SELECT `type`,`name`,`value` FROM `jm_config` WHERE `status` = 1  [ RunTime:0.0062s ]
SQL: SHOW COLUMNS FROM `jm_notice` [ RunTime:0.0060s ]
SQL: SELECT `id`,`create_time`,`title` FROM `jm_notice` WHERE ( status = 0 ) ORDER BY is_top desc,create_time desc LIMIT 6   [ RunTime:0.0055s ]
SQL: SHOW COLUMNS FROM `jm_infomation` [ RunTime:0.0065s ]
SQL: SELECT `id`,`create_time`,`title` FROM `jm_infomation` WHERE ( status = 1 ) ORDER BY level desc,create_time desc LIMIT 6   [ RunTime:0.0100s ]
NOTIC: [8] Undefined variable: noticearray C:\wamp\www\yinma\Application\Home\Controller\IndexController.class.php 第 60 行.
NOTIC: [2] implode(): Invalid arguments passed C:\wamp\www\yinma\Application\Home\Controller\IndexController.class.php 第 60 行.
SQL: SHOW COLUMNS FROM `jm_banner` [ RunTime:0.0060s ]
SQL: SELECT * FROM `jm_banner` WHERE `status` = 0 ORDER BY sort asc,id desc  [ RunTime:0.0058s ]
SQL: SHOW COLUMNS FROM `jm_project` [ RunTime:0.0068s ]
SQL: SHOW COLUMNS FROM `jm_proj_index` [ RunTime:0.0069s ]
SQL: SELECT * FROM `jm_proj_index` WHERE `status` = 9 AND `stage` BETWEEN '1' AND '4' ORDER BY stage desc,is_top desc,create_time desc LIMIT 6   [ RunTime:0.0072s ]
SQL: SHOW COLUMNS FROM `jm_project_fund` [ RunTime:0.0066s ]
SQL: SELECT * FROM `jm_project_fund` WHERE `project_id` = 345 LIMIT 1   [ RunTime:0.0062s ]
SQL: SHOW COLUMNS FROM `jm_product` [ RunTime:0.0068s ]
SQL: SHOW COLUMNS FROM `jm_product` [ RunTime:0.0064s ]
SQL: SELECT * FROM `jm_product` WHERE `status` = 9 AND `stage` = 2 ORDER BY stage desc,create_time desc  [ RunTime:0.0080s ]
SQL: SHOW COLUMNS FROM `jm_product_comment` [ RunTime:0.0060s ]
SQL: SELECT COUNT(*) AS tp_count FROM `jm_product_comment` WHERE `project_id` = 145 LIMIT 1   [ RunTime:0.0054s ]
SQL: SHOW COLUMNS FROM `jm_product` [ RunTime:0.0064s ]
SQL: SHOW COLUMNS FROM `jm_product_price` [ RunTime:0.0071s ]
SQL: SELECT SUM(sell_count) AS tp_sum FROM `jm_product_price` WHERE `pid` = 145 LIMIT 1   [ RunTime:0.0058s ]
SQL: SHOW COLUMNS FROM `jm_stock` [ RunTime:0.0077s ]
SQL: SHOW COLUMNS FROM `jm_stock` [ RunTime:0.0068s ]
SQL: SELECT * FROM `jm_stock` WHERE `status` = 1 ORDER BY create_time desc  [ RunTime:0.0064s ]
NOTIC: [2] Invalid argument supplied for foreach() C:\wamp\www\yinma\Application\Home\Model\StockModel.class.php 第 8 行.
INFO: [ view_parse ] --START--
INFO: [ template_filter ] --START--
INFO: Run Behavior\ContentReplaceBehavior [ RunTime:0.000226s ]
INFO: [ template_filter ] --END-- [ RunTime:0.000314s ]
SQL: SHOW COLUMNS FROM `jm_picture` [ RunTime:0.0070s ]
SQL: SELECT * FROM `jm_picture` WHERE `status` = 1 AND `id` = 5770 LIMIT 1   [ RunTime:0.0059s ]
SQL: SELECT * FROM `jm_picture` WHERE `status` = 1 AND `id` = 5794 LIMIT 1   [ RunTime:0.0058s ]
NOTIC: [8] Use of undefined constant id - assumed 'id' C:\wamp\www\yinma\Runtime\Cache\Home\04427ce356d851ebf0f1058e6afd5995.php 第 136 行.
SQL: SELECT * FROM `jm_picture` WHERE `status` = 1 AND `id` = 5789 LIMIT 1   [ RunTime:0.0057s ]
NOTIC: [8] Undefined index: stock C:\wamp\www\yinma\Runtime\Cache\Home\04427ce356d851ebf0f1058e6afd5995.php 第 255 行.
INFO: Run Behavior\ParseTemplateBehavior [ RunTime:0.075982s ]
INFO: [ view_parse ] --END-- [ RunTime:0.076078s ]
INFO: [ view_filter ] --START--
INFO: Run Behavior\WriteHtmlCacheBehavior [ RunTime:0.000662s ]
INFO: [ view_filter ] --END-- [ RunTime:0.000728s ]
INFO: [ app_end ] --START--
INFO: Run Behavior\ShowPageTraceBehavior [ RunTime:0.000829s ]
INFO: [ app_end ] --END-- [ RunTime:0.000899s ]

