[ 2016-03-16T15:13:34+08:00 ] 127.0.0.1 /
INFO: [ app_init ] --START--
INFO: Run Behavior\BuildLiteBehavior [ RunTime:0.000115s ]
INFO: Run Common\Behavior\InitHookBehavior [ RunTime:0.003655s ]
INFO: [ app_init ] --END-- [ RunTime:0.004727s ]
INFO: [ app_begin ] --START--
INFO: Run Behavior\ReadHtmlCacheBehavior [ RunTime:0.001019s ]
INFO: Run Addons\Iswaf\IswafAddon [ RunTime:0.015853s ]
INFO: [ app_begin ] --END-- [ RunTime:0.017009s ]
SQL: SHOW COLUMNS FROM `jm_config` [ RunTime:0.0127s ]
SQL: SELECT `type`,`name`,`value` FROM `jm_config` WHERE `status` = 1  [ RunTime:0.0116s ]
SQL: SHOW COLUMNS FROM `jm_notice` [ RunTime:0.0115s ]
SQL: SELECT `id`,`create_time`,`title` FROM `jm_notice` WHERE ( status = 0 ) ORDER BY is_top desc,create_time desc LIMIT 6   [ RunTime:0.0128s ]
SQL: SHOW COLUMNS FROM `jm_infomation` [ RunTime:0.0307s ]
SQL: SELECT `id`,`create_time`,`title` FROM `jm_infomation` WHERE ( status = 1 ) ORDER BY level desc,create_time desc LIMIT 6   [ RunTime:0.0165s ]
NOTIC: [8] Undefined variable: noticearray C:\wamp\www\yinma\Application\Home\Controller\IndexController.class.php 第 60 行.
NOTIC: [2] implode(): Invalid arguments passed C:\wamp\www\yinma\Application\Home\Controller\IndexController.class.php 第 60 行.
NOTIC: [8] Undefined variable: newsarray C:\wamp\www\yinma\Application\Home\Controller\IndexController.class.php 第 62 行.
NOTIC: [2] implode(): Invalid arguments passed C:\wamp\www\yinma\Application\Home\Controller\IndexController.class.php 第 62 行.
SQL: SHOW COLUMNS FROM `jm_project` [ RunTime:0.0171s ]
SQL: SHOW COLUMNS FROM `jm_proj_index` [ RunTime:0.0196s ]
SQL: SELECT * FROM `jm_proj_index` WHERE `stage` = 4 ORDER BY is_top desc, create_time desc LIMIT 6   [ RunTime:0.2724s ]
SQL: SELECT * FROM `jm_proj_index` WHERE `stage` = 2 ORDER BY is_top desc, create_time desc  [ RunTime:0.0079s ]
SQL: SELECT * FROM `jm_proj_index` WHERE `stage` = 1 ORDER BY is_top desc, create_time desc  [ RunTime:0.0067s ]
SQL: SELECT * FROM `jm_proj_index` WHERE `stage` = 9 ORDER BY is_top desc, create_time desc LIMIT 6   [ RunTime:0.0064s ]
SQL: SHOW COLUMNS FROM `jm_banner` [ RunTime:0.0065s ]
SQL: SELECT * FROM `jm_banner` WHERE `status` = 0 ORDER BY sort asc,id desc  [ RunTime:0.0091s ]
SQL: SHOW COLUMNS FROM `jm_product` [ RunTime:0.0061s ]
SQL: SELECT * FROM `jm_product` WHERE `status` = 9 AND ( `stage` > 1 AND `stage` < 9 AND `stage` <> 8  ) ORDER BY is_sort desc,start_time desc LIMIT 4   [ RunTime:0.0062s ]
SQL: SELECT * FROM `jm_product` WHERE `status` = 9 AND ( `stage` = 9  ) ORDER BY is_sort desc,start_time desc LIMIT 4   [ RunTime:0.0053s ]
SQL: SELECT * FROM `jm_proj_index` WHERE `status` = 9 AND `stage` BETWEEN '1' AND '4' ORDER BY stage desc,is_top desc,create_time desc LIMIT 6   [ RunTime:0.0105s ]
SQL: SHOW COLUMNS FROM `jm_project` [ RunTime:0.0079s ]
SQL: SELECT COUNT(*) AS tp_count FROM `jm_project` WHERE `status` >= 9 AND `stage` IN ('1','4','9') LIMIT 1   [ RunTime:0.0083s ]
SQL: SHOW COLUMNS FROM `jm_project_investor` [ RunTime:0.0085s ]
SQL: SELECT SUM(fund) AS tp_sum FROM `jm_project_investor` WHERE `status` >= 4 LIMIT 1   [ RunTime:0.0075s ]
SQL: SELECT COUNT(*) AS tp_count FROM `jm_product` WHERE `status` >= 9 AND `stage` IN ('2','9') LIMIT 1   [ RunTime:0.0087s ]
SQL: SHOW COLUMNS FROM `jm_custom` [ RunTime:0.0055s ]
SQL: SELECT SUM(amount*count) AS tp_sum FROM `jm_custom` WHERE `status` = 1 LIMIT 1   [ RunTime:0.0053s ]
SQL: SHOW COLUMNS FROM `jm_ucenter_member` [ RunTime:0.0050s ]
SQL: SELECT COUNT(*) AS tp_count FROM `jm_ucenter_member` WHERE `status` = 1 LIMIT 1   [ RunTime:0.0052s ]
SQL: SHOW COLUMNS FROM `jm_link` [ RunTime:0.0080s ]
SQL: SELECT `name`,`logo`,`url` FROM `jm_link` WHERE `status` = 1 ORDER BY sort desc LIMIT 12   [ RunTime:0.0058s ]
INFO: [ view_parse ] --START--
INFO: [ template_filter ] --START--
INFO: Run Behavior\ContentReplaceBehavior [ RunTime:0.000435s ]
INFO: [ template_filter ] --END-- [ RunTime:0.000524s ]
SQL: SHOW COLUMNS FROM `jm_picture` [ RunTime:0.2199s ]
SQL: SELECT * FROM `jm_picture` WHERE `status` = 1 AND `id` = 5817 LIMIT 1   [ RunTime:0.0061s ]
SQL: SELECT * FROM `jm_picture` WHERE `status` = 1 AND `id` = 5817 LIMIT 1   [ RunTime:0.0055s ]
SQL: SELECT * FROM `jm_picture` WHERE `status` = 1 AND `id` = 5769 LIMIT 1   [ RunTime:0.0047s ]
SQL: SELECT * FROM `jm_picture` WHERE `status` = 1 AND `id` = 5769 LIMIT 1   [ RunTime:0.0075s ]
SQL: SELECT * FROM `jm_picture` WHERE `status` = 1 AND `id` = 5794 LIMIT 1   [ RunTime:0.0079s ]
SQL: SELECT * FROM `jm_picture` WHERE `status` = 1 AND `id` = 5789 LIMIT 1   [ RunTime:0.0045s ]
NOTIC: [8] Undefined index: city C:\wamp\www\yinma\Runtime\Cache\Home\769e70f2e46f34ceb60619bbda5e4691.php 第 364 行.
NOTIC: [8] Undefined index: d C:\wamp\www\yinma\Application\Common\Common\function.php 第 1243 行.
NOTIC: [8] Undefined variable: finish_amount C:\wamp\www\yinma\Runtime\Cache\Home\769e70f2e46f34ceb60619bbda5e4691.php 第 365 行.
SQL: SELECT * FROM `jm_picture` WHERE `status` = 1 AND `id` = 5733 LIMIT 1   [ RunTime:0.0048s ]
SQL: SELECT * FROM `jm_picture` WHERE `status` = 1 AND `id` = 5672 LIMIT 1   [ RunTime:0.0078s ]
SQL: SELECT * FROM `jm_picture` WHERE `status` = 1 AND `id` = 5622 LIMIT 1   [ RunTime:0.0079s ]
SQL: SELECT * FROM `jm_picture` WHERE `status` = 1 AND `id` = 5597 LIMIT 1   [ RunTime:0.0064s ]
SQL: SELECT * FROM `jm_picture` WHERE `status` = 1 AND `id` = 5708 LIMIT 1   [ RunTime:0.0045s ]
SQL: SELECT * FROM `jm_picture` WHERE `status` = 1 AND `id` = 5572 LIMIT 1   [ RunTime:0.0047s ]
SQL: SELECT * FROM `jm_picture` WHERE `status` = 1 AND `id` = 5577 LIMIT 1   [ RunTime:0.0075s ]
SQL: SELECT * FROM `jm_picture` WHERE `status` = 1 AND `id` = 5580 LIMIT 1   [ RunTime:0.0098s ]
SQL: SELECT * FROM `jm_picture` WHERE `status` = 1 AND `id` = 5571 LIMIT 1   [ RunTime:0.0058s ]
SQL: SELECT * FROM `jm_picture` WHERE `status` = 1 AND `id` = 5579 LIMIT 1   [ RunTime:0.0095s ]
SQL: SELECT * FROM `jm_picture` WHERE `status` = 1 AND `id` = 5576 LIMIT 1   [ RunTime:0.2176s ]
SQL: SELECT * FROM `jm_picture` WHERE `status` = 1 AND `id` = 5574 LIMIT 1   [ RunTime:0.0167s ]
SQL: SELECT * FROM `jm_picture` WHERE `status` = 1 AND `id` = 5569 LIMIT 1   [ RunTime:0.0186s ]
SQL: SELECT * FROM `jm_picture` WHERE `status` = 1 AND `id` = 5650 LIMIT 1   [ RunTime:0.0138s ]
SQL: SELECT * FROM `jm_picture` WHERE `status` = 1 AND `id` = 5651 LIMIT 1   [ RunTime:0.0070s ]
SQL: SELECT * FROM `jm_picture` WHERE `status` = 1 AND `id` = 5654 LIMIT 1   [ RunTime:0.0071s ]
INFO: Run Behavior\ParseTemplateBehavior [ RunTime:0.714075s ]
INFO: [ view_parse ] --END-- [ RunTime:0.714191s ]
INFO: [ view_filter ] --START--
INFO: Run Behavior\WriteHtmlCacheBehavior [ RunTime:0.000889s ]
INFO: [ view_filter ] --END-- [ RunTime:0.001018s ]
INFO: [ app_end ] --START--
INFO: Run Behavior\ShowPageTraceBehavior [ RunTime:0.001265s ]
INFO: [ app_end ] --END-- [ RunTime:0.001382s ]

[ 2016-03-16T15:13:38+08:00 ] 127.0.0.1 /Public/static/jquery.js
INFO: [ app_init ] --START--
INFO: Run Behavior\BuildLiteBehavior [ RunTime:0.000028s ]
INFO: Run Common\Behavior\InitHookBehavior [ RunTime:0.005495s ]
INFO: [ app_init ] --END-- [ RunTime:0.006204s ]
INFO: [ app_begin ] --START--
INFO: Run Behavior\ReadHtmlCacheBehavior [ RunTime:0.001278s ]
INFO: Run Addons\Iswaf\IswafAddon [ RunTime:0.027820s ]
INFO: [ app_begin ] --END-- [ RunTime:0.029347s ]
SQL: SHOW COLUMNS FROM `jm_config` [ RunTime:0.0093s ]
SQL: SELECT `type`,`name`,`value` FROM `jm_config` WHERE `status` = 1  [ RunTime:0.0070s ]

[ 2016-03-16T15:13:38+08:00 ] 127.0.0.1 /Index/getinfo.html?type=1&id=170
INFO: [ app_init ] --START--
INFO: Run Behavior\BuildLiteBehavior [ RunTime:0.000037s ]
INFO: Run Common\Behavior\InitHookBehavior [ RunTime:0.011189s ]
INFO: [ app_init ] --END-- [ RunTime:0.012496s ]
INFO: [ app_begin ] --START--
INFO: Run Behavior\ReadHtmlCacheBehavior [ RunTime:0.001179s ]
INFO: Run Addons\Iswaf\IswafAddon [ RunTime:0.032436s ]
INFO: [ app_begin ] --END-- [ RunTime:0.033815s ]
SQL: SHOW COLUMNS FROM `jm_config` [ RunTime:0.0061s ]
SQL: SELECT `type`,`name`,`value` FROM `jm_config` WHERE `status` = 1  [ RunTime:0.0086s ]
SQL: SHOW COLUMNS FROM `jm_infomation` [ RunTime:0.0057s ]
SQL: SELECT `description`,`title` FROM `jm_infomation` WHERE `id` = 170 LIMIT 1   [ RunTime:0.0047s ]
NOTIC: [8] Undefined index: id C:\wamp\www\yinma\Application\Home\Controller\IndexController.class.php 第 152 行.

[ 2016-03-16T15:13:38+08:00 ] 127.0.0.1 /Index/index.html
INFO: [ app_init ] --START--
INFO: Run Behavior\BuildLiteBehavior [ RunTime:0.000024s ]
INFO: Run Common\Behavior\InitHookBehavior [ RunTime:0.005113s ]
INFO: [ app_init ] --END-- [ RunTime:0.005842s ]
INFO: [ app_begin ] --START--
INFO: Run Behavior\ReadHtmlCacheBehavior [ RunTime:0.001090s ]
INFO: Run Addons\Iswaf\IswafAddon [ RunTime:0.016455s ]
INFO: [ app_begin ] --END-- [ RunTime:0.017748s ]
SQL: SHOW COLUMNS FROM `jm_config` [ RunTime:0.0068s ]
SQL: SELECT `type`,`name`,`value` FROM `jm_config` WHERE `status` = 1  [ RunTime:0.0051s ]
SQL: SHOW COLUMNS FROM `jm_notice` [ RunTime:0.0066s ]
SQL: SELECT `id`,`create_time`,`title` FROM `jm_notice` WHERE ( status = 0 ) ORDER BY is_top desc,create_time desc LIMIT 6   [ RunTime:0.0056s ]
SQL: SHOW COLUMNS FROM `jm_infomation` [ RunTime:0.0056s ]
SQL: SELECT `id`,`create_time`,`title` FROM `jm_infomation` WHERE ( status = 1 ) ORDER BY level desc,create_time desc LIMIT 6   [ RunTime:0.0077s ]
NOTIC: [8] Undefined variable: noticearray C:\wamp\www\yinma\Application\Home\Controller\IndexController.class.php 第 60 行.
NOTIC: [2] implode(): Invalid arguments passed C:\wamp\www\yinma\Application\Home\Controller\IndexController.class.php 第 60 行.
NOTIC: [8] Undefined variable: newsarray C:\wamp\www\yinma\Application\Home\Controller\IndexController.class.php 第 62 行.
NOTIC: [2] implode(): Invalid arguments passed C:\wamp\www\yinma\Application\Home\Controller\IndexController.class.php 第 62 行.
SQL: SHOW COLUMNS FROM `jm_project` [ RunTime:0.0070s ]
SQL: SHOW COLUMNS FROM `jm_proj_index` [ RunTime:0.0137s ]
SQL: SELECT * FROM `jm_proj_index` WHERE `stage` = 4 ORDER BY is_top desc, create_time desc LIMIT 6   [ RunTime:0.0097s ]
SQL: SELECT * FROM `jm_proj_index` WHERE `stage` = 2 ORDER BY is_top desc, create_time desc  [ RunTime:0.0087s ]
SQL: SELECT * FROM `jm_proj_index` WHERE `stage` = 1 ORDER BY is_top desc, create_time desc  [ RunTime:0.0082s ]
SQL: SELECT * FROM `jm_proj_index` WHERE `stage` = 9 ORDER BY is_top desc, create_time desc LIMIT 6   [ RunTime:0.0068s ]
SQL: SHOW COLUMNS FROM `jm_banner` [ RunTime:0.0064s ]
SQL: SELECT * FROM `jm_banner` WHERE `status` = 0 ORDER BY sort asc,id desc  [ RunTime:0.0050s ]
SQL: SHOW COLUMNS FROM `jm_product` [ RunTime:0.0056s ]
SQL: SELECT * FROM `jm_product` WHERE `status` = 9 AND ( `stage` > 1 AND `stage` < 9 AND `stage` <> 8  ) ORDER BY is_sort desc,start_time desc LIMIT 4   [ RunTime:0.0052s ]
SQL: SELECT * FROM `jm_product` WHERE `status` = 9 AND ( `stage` = 9  ) ORDER BY is_sort desc,start_time desc LIMIT 4   [ RunTime:0.0051s ]
SQL: SELECT * FROM `jm_proj_index` WHERE `status` = 9 AND `stage` BETWEEN '1' AND '4' ORDER BY stage desc,is_top desc,create_time desc LIMIT 6   [ RunTime:0.0065s ]
SQL: SHOW COLUMNS FROM `jm_project` [ RunTime:0.0059s ]
SQL: SELECT COUNT(*) AS tp_count FROM `jm_project` WHERE `status` >= 9 AND `stage` IN ('1','4','9') LIMIT 1   [ RunTime:0.0074s ]
SQL: SHOW COLUMNS FROM `jm_project_investor` [ RunTime:0.0073s ]
SQL: SELECT SUM(fund) AS tp_sum FROM `jm_project_investor` WHERE `status` >= 4 LIMIT 1   [ RunTime:0.0048s ]
SQL: SELECT COUNT(*) AS tp_count FROM `jm_product` WHERE `status` >= 9 AND `stage` IN ('2','9') LIMIT 1   [ RunTime:0.0043s ]
SQL: SHOW COLUMNS FROM `jm_custom` [ RunTime:0.0053s ]
SQL: SELECT SUM(amount*count) AS tp_sum FROM `jm_custom` WHERE `status` = 1 LIMIT 1   [ RunTime:0.0045s ]
SQL: SHOW COLUMNS FROM `jm_ucenter_member` [ RunTime:0.0055s ]
SQL: SELECT COUNT(*) AS tp_count FROM `jm_ucenter_member` WHERE `status` = 1 LIMIT 1   [ RunTime:0.0046s ]
SQL: SHOW COLUMNS FROM `jm_link` [ RunTime:0.0051s ]
SQL: SELECT `name`,`logo`,`url` FROM `jm_link` WHERE `status` = 1 ORDER BY sort desc LIMIT 12   [ RunTime:0.0047s ]
INFO: [ view_parse ] --START--
INFO: [ template_filter ] --START--
INFO: Run Behavior\ContentReplaceBehavior [ RunTime:0.000565s ]
INFO: [ template_filter ] --END-- [ RunTime:0.000685s ]
SQL: SHOW COLUMNS FROM `jm_picture` [ RunTime:0.0052s ]
SQL: SELECT * FROM `jm_picture` WHERE `status` = 1 AND `id` = 5817 LIMIT 1   [ RunTime:0.0045s ]
SQL: SELECT * FROM `jm_picture` WHERE `status` = 1 AND `id` = 5817 LIMIT 1   [ RunTime:0.0045s ]
SQL: SELECT * FROM `jm_picture` WHERE `status` = 1 AND `id` = 5769 LIMIT 1   [ RunTime:0.0044s ]
SQL: SELECT * FROM `jm_picture` WHERE `status` = 1 AND `id` = 5769 LIMIT 1   [ RunTime:0.0045s ]
SQL: SELECT * FROM `jm_picture` WHERE `status` = 1 AND `id` = 5794 LIMIT 1   [ RunTime:0.0045s ]
SQL: SELECT * FROM `jm_picture` WHERE `status` = 1 AND `id` = 5789 LIMIT 1   [ RunTime:0.0047s ]
NOTIC: [8] Undefined index: city C:\wamp\www\yinma\Runtime\Cache\Home\769e70f2e46f34ceb60619bbda5e4691.php 第 364 行.
NOTIC: [8] Undefined index: d C:\wamp\www\yinma\Application\Common\Common\function.php 第 1243 行.
NOTIC: [8] Undefined variable: finish_amount C:\wamp\www\yinma\Runtime\Cache\Home\769e70f2e46f34ceb60619bbda5e4691.php 第 365 行.
SQL: SELECT * FROM `jm_picture` WHERE `status` = 1 AND `id` = 5733 LIMIT 1   [ RunTime:0.0045s ]
SQL: SELECT * FROM `jm_picture` WHERE `status` = 1 AND `id` = 5672 LIMIT 1   [ RunTime:0.0046s ]
SQL: SELECT * FROM `jm_picture` WHERE `status` = 1 AND `id` = 5622 LIMIT 1   [ RunTime:0.0049s ]
SQL: SELECT * FROM `jm_picture` WHERE `status` = 1 AND `id` = 5597 LIMIT 1   [ RunTime:0.0044s ]
SQL: SELECT * FROM `jm_picture` WHERE `status` = 1 AND `id` = 5708 LIMIT 1   [ RunTime:0.0045s ]
SQL: SELECT * FROM `jm_picture` WHERE `status` = 1 AND `id` = 5572 LIMIT 1   [ RunTime:0.0047s ]
SQL: SELECT * FROM `jm_picture` WHERE `status` = 1 AND `id` = 5577 LIMIT 1   [ RunTime:0.0045s ]
SQL: SELECT * FROM `jm_picture` WHERE `status` = 1 AND `id` = 5580 LIMIT 1   [ RunTime:0.0045s ]
SQL: SELECT * FROM `jm_picture` WHERE `status` = 1 AND `id` = 5571 LIMIT 1   [ RunTime:0.0051s ]
SQL: SELECT * FROM `jm_picture` WHERE `status` = 1 AND `id` = 5579 LIMIT 1   [ RunTime:0.0045s ]
SQL: SELECT * FROM `jm_picture` WHERE `status` = 1 AND `id` = 5576 LIMIT 1   [ RunTime:0.0046s ]
SQL: SELECT * FROM `jm_picture` WHERE `status` = 1 AND `id` = 5574 LIMIT 1   [ RunTime:0.0045s ]
SQL: SELECT * FROM `jm_picture` WHERE `status` = 1 AND `id` = 5569 LIMIT 1   [ RunTime:0.0069s ]
SQL: SELECT * FROM `jm_picture` WHERE `status` = 1 AND `id` = 5650 LIMIT 1   [ RunTime:0.0053s ]
SQL: SELECT * FROM `jm_picture` WHERE `status` = 1 AND `id` = 5651 LIMIT 1   [ RunTime:0.0046s ]
SQL: SELECT * FROM `jm_picture` WHERE `status` = 1 AND `id` = 5654 LIMIT 1   [ RunTime:0.0045s ]
INFO: Run Behavior\ParseTemplateBehavior [ RunTime:0.183975s ]
INFO: [ view_parse ] --END-- [ RunTime:0.184111s ]
INFO: [ view_filter ] --START--
INFO: Run Behavior\WriteHtmlCacheBehavior [ RunTime:0.001198s ]
INFO: [ view_filter ] --END-- [ RunTime:0.001378s ]
INFO: [ app_end ] --START--
INFO: Run Behavior\ShowPageTraceBehavior [ RunTime:0.001360s ]
INFO: [ app_end ] --END-- [ RunTime:0.001488s ]

[ 2016-03-16T15:13:46+08:00 ] 127.0.0.1 /Public/static/jquery.js
INFO: [ app_init ] --START--
INFO: Run Behavior\BuildLiteBehavior [ RunTime:0.000019s ]
INFO: Run Common\Behavior\InitHookBehavior [ RunTime:0.002994s ]
INFO: [ app_init ] --END-- [ RunTime:0.003442s ]
INFO: [ app_begin ] --START--
INFO: Run Behavior\ReadHtmlCacheBehavior [ RunTime:0.000831s ]
INFO: Run Addons\Iswaf\IswafAddon [ RunTime:0.013454s ]
INFO: [ app_begin ] --END-- [ RunTime:0.014419s ]
SQL: SHOW COLUMNS FROM `jm_config` [ RunTime:0.0051s ]
SQL: SELECT `type`,`name`,`value` FROM `jm_config` WHERE `status` = 1  [ RunTime:0.0061s ]

[ 2016-03-16T15:13:46+08:00 ] 127.0.0.1 /Index/index.html
INFO: [ app_init ] --START--
INFO: Run Behavior\BuildLiteBehavior [ RunTime:0.000023s ]
INFO: Run Common\Behavior\InitHookBehavior [ RunTime:0.003546s ]
INFO: [ app_init ] --END-- [ RunTime:0.004169s ]
INFO: [ app_begin ] --START--
INFO: Run Behavior\ReadHtmlCacheBehavior [ RunTime:0.001018s ]
INFO: Run Addons\Iswaf\IswafAddon [ RunTime:0.013639s ]
INFO: [ app_begin ] --END-- [ RunTime:0.014837s ]
SQL: SHOW COLUMNS FROM `jm_config` [ RunTime:0.0079s ]
SQL: SELECT `type`,`name`,`value` FROM `jm_config` WHERE `status` = 1  [ RunTime:0.0057s ]
SQL: SHOW COLUMNS FROM `jm_notice` [ RunTime:0.0056s ]
SQL: SELECT `id`,`create_time`,`title` FROM `jm_notice` WHERE ( status = 0 ) ORDER BY is_top desc,create_time desc LIMIT 6   [ RunTime:0.0060s ]
SQL: SHOW COLUMNS FROM `jm_infomation` [ RunTime:0.0058s ]
SQL: SELECT `id`,`create_time`,`title` FROM `jm_infomation` WHERE ( status = 1 ) ORDER BY level desc,create_time desc LIMIT 6   [ RunTime:0.0058s ]
NOTIC: [8] Undefined variable: noticearray C:\wamp\www\yinma\Application\Home\Controller\IndexController.class.php 第 60 行.
NOTIC: [2] implode(): Invalid arguments passed C:\wamp\www\yinma\Application\Home\Controller\IndexController.class.php 第 60 行.
NOTIC: [8] Undefined variable: newsarray C:\wamp\www\yinma\Application\Home\Controller\IndexController.class.php 第 62 行.
NOTIC: [2] implode(): Invalid arguments passed C:\wamp\www\yinma\Application\Home\Controller\IndexController.class.php 第 62 行.
SQL: SHOW COLUMNS FROM `jm_project` [ RunTime:0.0066s ]
SQL: SHOW COLUMNS FROM `jm_proj_index` [ RunTime:0.0064s ]
SQL: SELECT * FROM `jm_proj_index` WHERE `stage` = 4 ORDER BY is_top desc, create_time desc LIMIT 6   [ RunTime:0.0068s ]
SQL: SELECT * FROM `jm_proj_index` WHERE `stage` = 2 ORDER BY is_top desc, create_time desc  [ RunTime:0.0067s ]
SQL: SELECT * FROM `jm_proj_index` WHERE `stage` = 1 ORDER BY is_top desc, create_time desc  [ RunTime:0.0067s ]
SQL: SELECT * FROM `jm_proj_index` WHERE `stage` = 9 ORDER BY is_top desc, create_time desc LIMIT 6   [ RunTime:0.0070s ]
SQL: SHOW COLUMNS FROM `jm_banner` [ RunTime:0.0058s ]
SQL: SELECT * FROM `jm_banner` WHERE `status` = 0 ORDER BY sort asc,id desc  [ RunTime:0.0060s ]
SQL: SHOW COLUMNS FROM `jm_product` [ RunTime:0.0061s ]
SQL: SELECT * FROM `jm_product` WHERE `status` = 9 AND ( `stage` > 1 AND `stage` < 9 AND `stage` <> 8  ) ORDER BY is_sort desc,start_time desc LIMIT 4   [ RunTime:0.0061s ]
SQL: SELECT * FROM `jm_product` WHERE `status` = 9 AND ( `stage` = 9  ) ORDER BY is_sort desc,start_time desc LIMIT 4   [ RunTime:0.0058s ]
SQL: SELECT * FROM `jm_proj_index` WHERE `status` = 9 AND `stage` BETWEEN '1' AND '4' ORDER BY stage desc,is_top desc,create_time desc LIMIT 6   [ RunTime:0.0072s ]
SQL: SHOW COLUMNS FROM `jm_project` [ RunTime:0.0083s ]
SQL: SELECT COUNT(*) AS tp_count FROM `jm_project` WHERE `status` >= 9 AND `stage` IN ('1','4','9') LIMIT 1   [ RunTime:0.0059s ]
SQL: SHOW COLUMNS FROM `jm_project_investor` [ RunTime:0.0072s ]
SQL: SELECT SUM(fund) AS tp_sum FROM `jm_project_investor` WHERE `status` >= 4 LIMIT 1   [ RunTime:0.0072s ]
SQL: SELECT COUNT(*) AS tp_count FROM `jm_product` WHERE `status` >= 9 AND `stage` IN ('2','9') LIMIT 1   [ RunTime:0.0064s ]
SQL: SHOW COLUMNS FROM `jm_custom` [ RunTime:0.0110s ]
SQL: SELECT SUM(amount*count) AS tp_sum FROM `jm_custom` WHERE `status` = 1 LIMIT 1   [ RunTime:0.0075s ]
SQL: SHOW COLUMNS FROM `jm_ucenter_member` [ RunTime:0.0057s ]
SQL: SELECT COUNT(*) AS tp_count FROM `jm_ucenter_member` WHERE `status` = 1 LIMIT 1   [ RunTime:0.0051s ]
SQL: SHOW COLUMNS FROM `jm_link` [ RunTime:0.0058s ]
SQL: SELECT `name`,`logo`,`url` FROM `jm_link` WHERE `status` = 1 ORDER BY sort desc LIMIT 12   [ RunTime:0.0054s ]
INFO: [ view_parse ] --START--
INFO: [ template_filter ] --START--
INFO: Run Behavior\ContentReplaceBehavior [ RunTime:0.000473s ]
INFO: [ template_filter ] --END-- [ RunTime:0.000555s ]
SQL: SHOW COLUMNS FROM `jm_picture` [ RunTime:0.0059s ]
SQL: SELECT * FROM `jm_picture` WHERE `status` = 1 AND `id` = 5817 LIMIT 1   [ RunTime:0.0062s ]
SQL: SELECT * FROM `jm_picture` WHERE `status` = 1 AND `id` = 5817 LIMIT 1   [ RunTime:0.0064s ]
SQL: SELECT * FROM `jm_picture` WHERE `status` = 1 AND `id` = 5769 LIMIT 1   [ RunTime:0.0054s ]
SQL: SELECT * FROM `jm_picture` WHERE `status` = 1 AND `id` = 5769 LIMIT 1   [ RunTime:0.0054s ]
SQL: SELECT * FROM `jm_picture` WHERE `status` = 1 AND `id` = 5794 LIMIT 1   [ RunTime:0.0063s ]
SQL: SELECT * FROM `jm_picture` WHERE `status` = 1 AND `id` = 5789 LIMIT 1   [ RunTime:0.0077s ]
NOTIC: [8] Undefined index: city C:\wamp\www\yinma\Runtime\Cache\Home\769e70f2e46f34ceb60619bbda5e4691.php 第 364 行.
NOTIC: [8] Undefined index: d C:\wamp\www\yinma\Application\Common\Common\function.php 第 1243 行.
NOTIC: [8] Undefined variable: finish_amount C:\wamp\www\yinma\Runtime\Cache\Home\769e70f2e46f34ceb60619bbda5e4691.php 第 365 行.
SQL: SELECT * FROM `jm_picture` WHERE `status` = 1 AND `id` = 5733 LIMIT 1   [ RunTime:0.0053s ]
SQL: SELECT * FROM `jm_picture` WHERE `status` = 1 AND `id` = 5672 LIMIT 1   [ RunTime:0.0052s ]
SQL: SELECT * FROM `jm_picture` WHERE `status` = 1 AND `id` = 5622 LIMIT 1   [ RunTime:0.0057s ]
SQL: SELECT * FROM `jm_picture` WHERE `status` = 1 AND `id` = 5597 LIMIT 1   [ RunTime:0.0054s ]
SQL: SELECT * FROM `jm_picture` WHERE `status` = 1 AND `id` = 5708 LIMIT 1   [ RunTime:0.0058s ]
SQL: SELECT * FROM `jm_picture` WHERE `status` = 1 AND `id` = 5572 LIMIT 1   [ RunTime:0.0051s ]
SQL: SELECT * FROM `jm_picture` WHERE `status` = 1 AND `id` = 5577 LIMIT 1   [ RunTime:0.0059s ]
SQL: SELECT * FROM `jm_picture` WHERE `status` = 1 AND `id` = 5580 LIMIT 1   [ RunTime:0.0052s ]
SQL: SELECT * FROM `jm_picture` WHERE `status` = 1 AND `id` = 5571 LIMIT 1   [ RunTime:0.0051s ]
SQL: SELECT * FROM `jm_picture` WHERE `status` = 1 AND `id` = 5579 LIMIT 1   [ RunTime:0.0052s ]
SQL: SELECT * FROM `jm_picture` WHERE `status` = 1 AND `id` = 5576 LIMIT 1   [ RunTime:0.0056s ]
SQL: SELECT * FROM `jm_picture` WHERE `status` = 1 AND `id` = 5574 LIMIT 1   [ RunTime:0.0057s ]
SQL: SELECT * FROM `jm_picture` WHERE `status` = 1 AND `id` = 5569 LIMIT 1   [ RunTime:0.0051s ]
SQL: SELECT * FROM `jm_picture` WHERE `status` = 1 AND `id` = 5650 LIMIT 1   [ RunTime:0.0052s ]
SQL: SELECT * FROM `jm_picture` WHERE `status` = 1 AND `id` = 5651 LIMIT 1   [ RunTime:0.0053s ]
SQL: SELECT * FROM `jm_picture` WHERE `status` = 1 AND `id` = 5654 LIMIT 1   [ RunTime:0.0051s ]
INFO: Run Behavior\ParseTemplateBehavior [ RunTime:0.191908s ]
INFO: [ view_parse ] --END-- [ RunTime:0.192009s ]
INFO: [ view_filter ] --START--
INFO: Run Behavior\WriteHtmlCacheBehavior [ RunTime:0.000664s ]
INFO: [ view_filter ] --END-- [ RunTime:0.000737s ]
INFO: [ app_end ] --START--
INFO: Run Behavior\ShowPageTraceBehavior [ RunTime:0.000902s ]
INFO: [ app_end ] --END-- [ RunTime:0.000980s ]

[ 2016-03-16T15:13:51+08:00 ] 127.0.0.1 /Public/static/jquery.js
INFO: [ app_init ] --START--
INFO: Run Behavior\BuildLiteBehavior [ RunTime:0.000032s ]
INFO: Run Common\Behavior\InitHookBehavior [ RunTime:0.004317s ]
INFO: [ app_init ] --END-- [ RunTime:0.005057s ]
INFO: [ app_begin ] --START--
INFO: Run Behavior\ReadHtmlCacheBehavior [ RunTime:0.002171s ]
INFO: Run Addons\Iswaf\IswafAddon [ RunTime:0.014099s ]
INFO: [ app_begin ] --END-- [ RunTime:0.016461s ]
SQL: SHOW COLUMNS FROM `jm_config` [ RunTime:0.0116s ]
SQL: SELECT `type`,`name`,`value` FROM `jm_config` WHERE `status` = 1  [ RunTime:0.0054s ]

[ 2016-03-16T15:13:52+08:00 ] 127.0.0.1 /Index/index.html
INFO: [ app_init ] --START--
INFO: Run Behavior\BuildLiteBehavior [ RunTime:0.000021s ]
INFO: Run Common\Behavior\InitHookBehavior [ RunTime:0.003863s ]
INFO: [ app_init ] --END-- [ RunTime:0.004378s ]
INFO: [ app_begin ] --START--
INFO: Run Behavior\ReadHtmlCacheBehavior [ RunTime:0.000924s ]
INFO: Run Addons\Iswaf\IswafAddon [ RunTime:0.014408s ]
INFO: [ app_begin ] --END-- [ RunTime:0.015505s ]
SQL: SHOW COLUMNS FROM `jm_config` [ RunTime:0.0060s ]
SQL: SELECT `type`,`name`,`value` FROM `jm_config` WHERE `status` = 1  [ RunTime:0.0057s ]
SQL: SHOW COLUMNS FROM `jm_notice` [ RunTime:0.0058s ]
SQL: SELECT `id`,`create_time`,`title` FROM `jm_notice` WHERE ( status = 0 ) ORDER BY is_top desc,create_time desc LIMIT 6   [ RunTime:0.0064s ]
SQL: SHOW COLUMNS FROM `jm_infomation` [ RunTime:0.0061s ]
SQL: SELECT `id`,`create_time`,`title` FROM `jm_infomation` WHERE ( status = 1 ) ORDER BY level desc,create_time desc LIMIT 6   [ RunTime:0.0056s ]
NOTIC: [8] Undefined variable: noticearray C:\wamp\www\yinma\Application\Home\Controller\IndexController.class.php 第 60 行.
NOTIC: [2] implode(): Invalid arguments passed C:\wamp\www\yinma\Application\Home\Controller\IndexController.class.php 第 60 行.
NOTIC: [8] Undefined variable: newsarray C:\wamp\www\yinma\Application\Home\Controller\IndexController.class.php 第 62 行.
NOTIC: [2] implode(): Invalid arguments passed C:\wamp\www\yinma\Application\Home\Controller\IndexController.class.php 第 62 行.
SQL: SHOW COLUMNS FROM `jm_project` [ RunTime:0.0068s ]
SQL: SHOW COLUMNS FROM `jm_proj_index` [ RunTime:0.0064s ]
SQL: SELECT * FROM `jm_proj_index` WHERE `stage` = 4 ORDER BY is_top desc, create_time desc LIMIT 6   [ RunTime:0.0072s ]
SQL: SELECT * FROM `jm_proj_index` WHERE `stage` = 2 ORDER BY is_top desc, create_time desc  [ RunTime:0.0068s ]
SQL: SELECT * FROM `jm_proj_index` WHERE `stage` = 1 ORDER BY is_top desc, create_time desc  [ RunTime:0.0069s ]
SQL: SELECT * FROM `jm_proj_index` WHERE `stage` = 9 ORDER BY is_top desc, create_time desc LIMIT 6   [ RunTime:0.0067s ]
SQL: SHOW COLUMNS FROM `jm_banner` [ RunTime:0.0057s ]
SQL: SELECT * FROM `jm_banner` WHERE `status` = 0 ORDER BY sort asc,id desc  [ RunTime:0.0059s ]
SQL: SHOW COLUMNS FROM `jm_product` [ RunTime:0.0064s ]
SQL: SELECT * FROM `jm_product` WHERE `status` = 9 AND ( `stage` > 1 AND `stage` < 9 AND `stage` <> 8  ) ORDER BY is_sort desc,start_time desc LIMIT 4   [ RunTime:0.0060s ]
SQL: SELECT * FROM `jm_product` WHERE `status` = 9 AND ( `stage` = 9  ) ORDER BY is_sort desc,start_time desc LIMIT 4   [ RunTime:0.0064s ]
SQL: SELECT * FROM `jm_proj_index` WHERE `status` = 9 AND `stage` BETWEEN '1' AND '4' ORDER BY stage desc,is_top desc,create_time desc LIMIT 6   [ RunTime:0.0075s ]
SQL: SHOW COLUMNS FROM `jm_project` [ RunTime:0.0072s ]
SQL: SELECT COUNT(*) AS tp_count FROM `jm_project` WHERE `status` >= 9 AND `stage` IN ('1','4','9') LIMIT 1   [ RunTime:0.0067s ]
SQL: SHOW COLUMNS FROM `jm_project_investor` [ RunTime:0.0070s ]
SQL: SELECT SUM(fund) AS tp_sum FROM `jm_project_investor` WHERE `status` >= 4 LIMIT 1   [ RunTime:0.0076s ]
SQL: SELECT COUNT(*) AS tp_count FROM `jm_product` WHERE `status` >= 9 AND `stage` IN ('2','9') LIMIT 1   [ RunTime:0.2104s ]
SQL: SHOW COLUMNS FROM `jm_custom` [ RunTime:0.0064s ]
SQL: SELECT SUM(amount*count) AS tp_sum FROM `jm_custom` WHERE `status` = 1 LIMIT 1   [ RunTime:0.0074s ]
SQL: SHOW COLUMNS FROM `jm_ucenter_member` [ RunTime:0.0087s ]
SQL: SELECT COUNT(*) AS tp_count FROM `jm_ucenter_member` WHERE `status` = 1 LIMIT 1   [ RunTime:0.0084s ]
SQL: SHOW COLUMNS FROM `jm_link` [ RunTime:0.0061s ]
SQL: SELECT `name`,`logo`,`url` FROM `jm_link` WHERE `status` = 1 ORDER BY sort desc LIMIT 12   [ RunTime:0.0057s ]
INFO: [ view_parse ] --START--
INFO: [ template_filter ] --START--
INFO: Run Behavior\ContentReplaceBehavior [ RunTime:0.000493s ]
INFO: [ template_filter ] --END-- [ RunTime:0.000579s ]
SQL: SHOW COLUMNS FROM `jm_picture` [ RunTime:0.0054s ]
SQL: SELECT * FROM `jm_picture` WHERE `status` = 1 AND `id` = 5817 LIMIT 1   [ RunTime:0.0060s ]
SQL: SELECT * FROM `jm_picture` WHERE `status` = 1 AND `id` = 5817 LIMIT 1   [ RunTime:0.0052s ]
SQL: SELECT * FROM `jm_picture` WHERE `status` = 1 AND `id` = 5769 LIMIT 1   [ RunTime:0.0052s ]
SQL: SELECT * FROM `jm_picture` WHERE `status` = 1 AND `id` = 5769 LIMIT 1   [ RunTime:0.0057s ]
SQL: SELECT * FROM `jm_picture` WHERE `status` = 1 AND `id` = 5794 LIMIT 1   [ RunTime:0.0053s ]
SQL: SELECT * FROM `jm_picture` WHERE `status` = 1 AND `id` = 5789 LIMIT 1   [ RunTime:0.0062s ]
NOTIC: [8] Undefined index: city C:\wamp\www\yinma\Runtime\Cache\Home\769e70f2e46f34ceb60619bbda5e4691.php 第 364 行.
NOTIC: [8] Undefined index: d C:\wamp\www\yinma\Application\Common\Common\function.php 第 1243 行.
NOTIC: [8] Undefined variable: finish_amount C:\wamp\www\yinma\Runtime\Cache\Home\769e70f2e46f34ceb60619bbda5e4691.php 第 365 行.
SQL: SELECT * FROM `jm_picture` WHERE `status` = 1 AND `id` = 5733 LIMIT 1   [ RunTime:0.0052s ]
SQL: SELECT * FROM `jm_picture` WHERE `status` = 1 AND `id` = 5672 LIMIT 1   [ RunTime:0.0080s ]
SQL: SELECT * FROM `jm_picture` WHERE `status` = 1 AND `id` = 5622 LIMIT 1   [ RunTime:0.0055s ]
SQL: SELECT * FROM `jm_picture` WHERE `status` = 1 AND `id` = 5597 LIMIT 1   [ RunTime:0.0052s ]
SQL: SELECT * FROM `jm_picture` WHERE `status` = 1 AND `id` = 5708 LIMIT 1   [ RunTime:0.0052s ]
SQL: SELECT * FROM `jm_picture` WHERE `status` = 1 AND `id` = 5572 LIMIT 1   [ RunTime:0.0053s ]
SQL: SELECT * FROM `jm_picture` WHERE `status` = 1 AND `id` = 5577 LIMIT 1   [ RunTime:0.0051s ]
SQL: SELECT * FROM `jm_picture` WHERE `status` = 1 AND `id` = 5580 LIMIT 1   [ RunTime:0.0065s ]
SQL: SELECT * FROM `jm_picture` WHERE `status` = 1 AND `id` = 5571 LIMIT 1   [ RunTime:0.0080s ]
SQL: SELECT * FROM `jm_picture` WHERE `status` = 1 AND `id` = 5579 LIMIT 1   [ RunTime:0.0066s ]
SQL: SELECT * FROM `jm_picture` WHERE `status` = 1 AND `id` = 5576 LIMIT 1   [ RunTime:0.0057s ]
SQL: SELECT * FROM `jm_picture` WHERE `status` = 1 AND `id` = 5574 LIMIT 1   [ RunTime:0.0051s ]
SQL: SELECT * FROM `jm_picture` WHERE `status` = 1 AND `id` = 5569 LIMIT 1   [ RunTime:0.0093s ]
SQL: SELECT * FROM `jm_picture` WHERE `status` = 1 AND `id` = 5650 LIMIT 1   [ RunTime:0.0088s ]
SQL: SELECT * FROM `jm_picture` WHERE `status` = 1 AND `id` = 5651 LIMIT 1   [ RunTime:0.0072s ]
SQL: SELECT * FROM `jm_picture` WHERE `status` = 1 AND `id` = 5654 LIMIT 1   [ RunTime:0.0051s ]
INFO: Run Behavior\ParseTemplateBehavior [ RunTime:0.210922s ]
INFO: [ view_parse ] --END-- [ RunTime:0.211015s ]
INFO: [ view_filter ] --START--
INFO: Run Behavior\WriteHtmlCacheBehavior [ RunTime:0.001023s ]
INFO: [ view_filter ] --END-- [ RunTime:0.001149s ]
INFO: [ app_end ] --START--
INFO: Run Behavior\ShowPageTraceBehavior [ RunTime:0.000875s ]
INFO: [ app_end ] --END-- [ RunTime:0.000947s ]

[ 2016-03-16T15:13:56+08:00 ] 127.0.0.1 /Public/static/jquery.js
INFO: [ app_init ] --START--
INFO: Run Behavior\BuildLiteBehavior [ RunTime:0.000018s ]
INFO: Run Common\Behavior\InitHookBehavior [ RunTime:0.002885s ]
INFO: [ app_init ] --END-- [ RunTime:0.003332s ]
INFO: [ app_begin ] --START--
INFO: Run Behavior\ReadHtmlCacheBehavior [ RunTime:0.001781s ]
INFO: Run Addons\Iswaf\IswafAddon [ RunTime:0.012608s ]
INFO: [ app_begin ] --END-- [ RunTime:0.014550s ]
SQL: SHOW COLUMNS FROM `jm_config` [ RunTime:0.0058s ]
SQL: SELECT `type`,`name`,`value` FROM `jm_config` WHERE `status` = 1  [ RunTime:0.0053s ]

[ 2016-03-16T15:13:56+08:00 ] 127.0.0.1 /Index/index.html
INFO: [ app_init ] --START--
INFO: Run Behavior\BuildLiteBehavior [ RunTime:0.000037s ]
INFO: Run Common\Behavior\InitHookBehavior [ RunTime:0.003292s ]
INFO: [ app_init ] --END-- [ RunTime:0.003878s ]
INFO: [ app_begin ] --START--
INFO: Run Behavior\ReadHtmlCacheBehavior [ RunTime:0.001044s ]
INFO: Run Addons\Iswaf\IswafAddon [ RunTime:0.012040s ]
INFO: [ app_begin ] --END-- [ RunTime:0.013325s ]
SQL: SHOW COLUMNS FROM `jm_config` [ RunTime:0.0066s ]
SQL: SELECT `type`,`name`,`value` FROM `jm_config` WHERE `status` = 1  [ RunTime:0.0057s ]
SQL: SHOW COLUMNS FROM `jm_notice` [ RunTime:0.0056s ]
SQL: SELECT `id`,`create_time`,`title` FROM `jm_notice` WHERE ( status = 0 ) ORDER BY is_top desc,create_time desc LIMIT 6   [ RunTime:0.0051s ]
SQL: SHOW COLUMNS FROM `jm_infomation` [ RunTime:0.0059s ]
SQL: SELECT `id`,`create_time`,`title` FROM `jm_infomation` WHERE ( status = 1 ) ORDER BY level desc,create_time desc LIMIT 6   [ RunTime:0.0060s ]
NOTIC: [8] Undefined variable: noticearray C:\wamp\www\yinma\Application\Home\Controller\IndexController.class.php 第 60 行.
NOTIC: [2] implode(): Invalid arguments passed C:\wamp\www\yinma\Application\Home\Controller\IndexController.class.php 第 60 行.
NOTIC: [8] Undefined variable: newsarray C:\wamp\www\yinma\Application\Home\Controller\IndexController.class.php 第 62 行.
NOTIC: [2] implode(): Invalid arguments passed C:\wamp\www\yinma\Application\Home\Controller\IndexController.class.php 第 62 行.
SQL: SHOW COLUMNS FROM `jm_project` [ RunTime:0.0069s ]
SQL: SHOW COLUMNS FROM `jm_proj_index` [ RunTime:0.0067s ]
SQL: SELECT * FROM `jm_proj_index` WHERE `stage` = 4 ORDER BY is_top desc, create_time desc LIMIT 6   [ RunTime:0.0093s ]
SQL: SELECT * FROM `jm_proj_index` WHERE `stage` = 2 ORDER BY is_top desc, create_time desc  [ RunTime:0.0082s ]
SQL: SELECT * FROM `jm_proj_index` WHERE `stage` = 1 ORDER BY is_top desc, create_time desc  [ RunTime:0.0105s ]
SQL: SELECT * FROM `jm_proj_index` WHERE `stage` = 9 ORDER BY is_top desc, create_time desc LIMIT 6   [ RunTime:0.0092s ]
SQL: SHOW COLUMNS FROM `jm_banner` [ RunTime:0.0093s ]
SQL: SELECT * FROM `jm_banner` WHERE `status` = 0 ORDER BY sort asc,id desc  [ RunTime:0.0135s ]
SQL: SHOW COLUMNS FROM `jm_product` [ RunTime:0.0108s ]
SQL: SELECT * FROM `jm_product` WHERE `status` = 9 AND ( `stage` > 1 AND `stage` < 9 AND `stage` <> 8  ) ORDER BY is_sort desc,start_time desc LIMIT 4   [ RunTime:0.0123s ]
SQL: SELECT * FROM `jm_product` WHERE `status` = 9 AND ( `stage` = 9  ) ORDER BY is_sort desc,start_time desc LIMIT 4   [ RunTime:0.0124s ]
SQL: SELECT * FROM `jm_proj_index` WHERE `status` = 9 AND `stage` BETWEEN '1' AND '4' ORDER BY stage desc,is_top desc,create_time desc LIMIT 6   [ RunTime:0.0143s ]
SQL: SHOW COLUMNS FROM `jm_project` [ RunTime:0.0102s ]
SQL: SELECT COUNT(*) AS tp_count FROM `jm_project` WHERE `status` >= 9 AND `stage` IN ('1','4','9') LIMIT 1   [ RunTime:0.0126s ]
SQL: SHOW COLUMNS FROM `jm_project_investor` [ RunTime:0.0149s ]
SQL: SELECT SUM(fund) AS tp_sum FROM `jm_project_investor` WHERE `status` >= 4 LIMIT 1   [ RunTime:0.0091s ]
SQL: SELECT COUNT(*) AS tp_count FROM `jm_product` WHERE `status` >= 9 AND `stage` IN ('2','9') LIMIT 1   [ RunTime:0.0079s ]
SQL: SHOW COLUMNS FROM `jm_custom` [ RunTime:0.0055s ]
SQL: SELECT SUM(amount*count) AS tp_sum FROM `jm_custom` WHERE `status` = 1 LIMIT 1   [ RunTime:0.0062s ]
SQL: SHOW COLUMNS FROM `jm_ucenter_member` [ RunTime:0.0074s ]
SQL: SELECT COUNT(*) AS tp_count FROM `jm_ucenter_member` WHERE `status` = 1 LIMIT 1   [ RunTime:0.0125s ]
SQL: SHOW COLUMNS FROM `jm_link` [ RunTime:0.0061s ]
SQL: SELECT `name`,`logo`,`url` FROM `jm_link` WHERE `status` = 1 ORDER BY sort desc LIMIT 12   [ RunTime:0.0056s ]
INFO: [ view_parse ] --START--
INFO: [ template_filter ] --START--
INFO: Run Behavior\ContentReplaceBehavior [ RunTime:0.000408s ]
INFO: [ template_filter ] --END-- [ RunTime:0.000490s ]
SQL: SHOW COLUMNS FROM `jm_picture` [ RunTime:0.0056s ]
SQL: SELECT * FROM `jm_picture` WHERE `status` = 1 AND `id` = 5817 LIMIT 1   [ RunTime:0.0051s ]
SQL: SELECT * FROM `jm_picture` WHERE `status` = 1 AND `id` = 5817 LIMIT 1   [ RunTime:0.0055s ]
SQL: SELECT * FROM `jm_picture` WHERE `status` = 1 AND `id` = 5769 LIMIT 1   [ RunTime:0.0050s ]
SQL: SELECT * FROM `jm_picture` WHERE `status` = 1 AND `id` = 5769 LIMIT 1   [ RunTime:0.0050s ]
SQL: SELECT * FROM `jm_picture` WHERE `status` = 1 AND `id` = 5794 LIMIT 1   [ RunTime:0.0052s ]
SQL: SELECT * FROM `jm_picture` WHERE `status` = 1 AND `id` = 5789 LIMIT 1   [ RunTime:0.0054s ]
NOTIC: [8] Undefined index: city C:\wamp\www\yinma\Runtime\Cache\Home\769e70f2e46f34ceb60619bbda5e4691.php 第 364 行.
NOTIC: [8] Undefined index: d C:\wamp\www\yinma\Application\Common\Common\function.php 第 1243 行.
NOTIC: [8] Undefined variable: finish_amount C:\wamp\www\yinma\Runtime\Cache\Home\769e70f2e46f34ceb60619bbda5e4691.php 第 365 行.
SQL: SELECT * FROM `jm_picture` WHERE `status` = 1 AND `id` = 5733 LIMIT 1   [ RunTime:0.0051s ]
SQL: SELECT * FROM `jm_picture` WHERE `status` = 1 AND `id` = 5672 LIMIT 1   [ RunTime:0.0065s ]
SQL: SELECT * FROM `jm_picture` WHERE `status` = 1 AND `id` = 5622 LIMIT 1   [ RunTime:0.0064s ]
SQL: SELECT * FROM `jm_picture` WHERE `status` = 1 AND `id` = 5597 LIMIT 1   [ RunTime:0.0061s ]
SQL: SELECT * FROM `jm_picture` WHERE `status` = 1 AND `id` = 5708 LIMIT 1   [ RunTime:0.0065s ]
SQL: SELECT * FROM `jm_picture` WHERE `status` = 1 AND `id` = 5572 LIMIT 1   [ RunTime:0.0054s ]
SQL: SELECT * FROM `jm_picture` WHERE `status` = 1 AND `id` = 5577 LIMIT 1   [ RunTime:0.0051s ]
SQL: SELECT * FROM `jm_picture` WHERE `status` = 1 AND `id` = 5580 LIMIT 1   [ RunTime:0.0049s ]
SQL: SELECT * FROM `jm_picture` WHERE `status` = 1 AND `id` = 5571 LIMIT 1   [ RunTime:0.0052s ]
SQL: SELECT * FROM `jm_picture` WHERE `status` = 1 AND `id` = 5579 LIMIT 1   [ RunTime:0.0049s ]
SQL: SELECT * FROM `jm_picture` WHERE `status` = 1 AND `id` = 5576 LIMIT 1   [ RunTime:0.0067s ]
SQL: SELECT * FROM `jm_picture` WHERE `status` = 1 AND `id` = 5574 LIMIT 1   [ RunTime:0.0073s ]
SQL: SELECT * FROM `jm_picture` WHERE `status` = 1 AND `id` = 5569 LIMIT 1   [ RunTime:0.0062s ]
SQL: SELECT * FROM `jm_picture` WHERE `status` = 1 AND `id` = 5650 LIMIT 1   [ RunTime:0.0048s ]
SQL: SELECT * FROM `jm_picture` WHERE `status` = 1 AND `id` = 5651 LIMIT 1   [ RunTime:0.0049s ]
SQL: SELECT * FROM `jm_picture` WHERE `status` = 1 AND `id` = 5654 LIMIT 1   [ RunTime:0.0050s ]
INFO: Run Behavior\ParseTemplateBehavior [ RunTime:0.198996s ]
INFO: [ view_parse ] --END-- [ RunTime:0.199075s ]
INFO: [ view_filter ] --START--
INFO: Run Behavior\WriteHtmlCacheBehavior [ RunTime:0.000597s ]
INFO: [ view_filter ] --END-- [ RunTime:0.000682s ]
INFO: [ app_end ] --START--
INFO: Run Behavior\ShowPageTraceBehavior [ RunTime:0.000765s ]
INFO: [ app_end ] --END-- [ RunTime:0.000834s ]

[ 2016-03-16T15:14:17+08:00 ] 127.0.0.1 /
INFO: [ app_init ] --START--
INFO: Run Behavior\BuildLiteBehavior [ RunTime:0.000033s ]
INFO: Run Common\Behavior\InitHookBehavior [ RunTime:0.004621s ]
INFO: [ app_init ] --END-- [ RunTime:0.005365s ]
INFO: [ app_begin ] --START--
INFO: Run Behavior\ReadHtmlCacheBehavior [ RunTime:0.003065s ]
INFO: Run Addons\Iswaf\IswafAddon [ RunTime:0.014276s ]
INFO: [ app_begin ] --END-- [ RunTime:0.017579s ]
SQL: SHOW COLUMNS FROM `jm_config` [ RunTime:0.0114s ]
SQL: SELECT `type`,`name`,`value` FROM `jm_config` WHERE `status` = 1  [ RunTime:0.0054s ]
SQL: SHOW COLUMNS FROM `jm_notice` [ RunTime:0.0063s ]
SQL: SELECT `id`,`create_time`,`title` FROM `jm_notice` WHERE ( status = 0 ) ORDER BY is_top desc,create_time desc LIMIT 6   [ RunTime:0.0075s ]
SQL: SHOW COLUMNS FROM `jm_infomation` [ RunTime:0.0055s ]
SQL: SELECT `id`,`create_time`,`title` FROM `jm_infomation` WHERE ( status = 1 ) ORDER BY level desc,create_time desc LIMIT 6   [ RunTime:0.0057s ]
NOTIC: [8] Undefined variable: noticearray C:\wamp\www\yinma\Application\Home\Controller\IndexController.class.php 第 60 行.
NOTIC: [2] implode(): Invalid arguments passed C:\wamp\www\yinma\Application\Home\Controller\IndexController.class.php 第 60 行.
NOTIC: [8] Undefined variable: newsarray C:\wamp\www\yinma\Application\Home\Controller\IndexController.class.php 第 62 行.
NOTIC: [2] implode(): Invalid arguments passed C:\wamp\www\yinma\Application\Home\Controller\IndexController.class.php 第 62 行.
SQL: SHOW COLUMNS FROM `jm_project` [ RunTime:0.0066s ]
SQL: SHOW COLUMNS FROM `jm_proj_index` [ RunTime:0.0060s ]
SQL: SELECT * FROM `jm_proj_index` WHERE `stage` = 4 ORDER BY is_top desc, create_time desc LIMIT 6   [ RunTime:0.0063s ]
SQL: SELECT * FROM `jm_proj_index` WHERE `stage` = 2 ORDER BY is_top desc, create_time desc  [ RunTime:0.0070s ]
SQL: SELECT * FROM `jm_proj_index` WHERE `stage` = 1 ORDER BY is_top desc, create_time desc  [ RunTime:0.0062s ]
SQL: SELECT * FROM `jm_proj_index` WHERE `stage` = 9 ORDER BY is_top desc, create_time desc LIMIT 6   [ RunTime:0.0066s ]
SQL: SHOW COLUMNS FROM `jm_banner` [ RunTime:0.0054s ]
SQL: SELECT * FROM `jm_banner` WHERE `status` = 0 ORDER BY sort asc,id desc  [ RunTime:0.0052s ]
SQL: SHOW COLUMNS FROM `jm_product` [ RunTime:0.0056s ]
SQL: SELECT * FROM `jm_product` WHERE `status` = 9 AND ( `stage` > 1 AND `stage` < 9 AND `stage` <> 8  ) ORDER BY is_sort desc,start_time desc LIMIT 4   [ RunTime:0.0053s ]
SQL: SELECT * FROM `jm_product` WHERE `status` = 9 AND ( `stage` = 9  ) ORDER BY is_sort desc,start_time desc LIMIT 4   [ RunTime:0.0072s ]
SQL: SELECT * FROM `jm_proj_index` WHERE `status` = 9 AND `stage` BETWEEN '1' AND '4' ORDER BY stage desc,is_top desc,create_time desc LIMIT 6   [ RunTime:0.0067s ]
SQL: SHOW COLUMNS FROM `jm_project` [ RunTime:0.0064s ]
SQL: SELECT COUNT(*) AS tp_count FROM `jm_project` WHERE `status` >= 9 AND `stage` IN ('1','4','9') LIMIT 1   [ RunTime:0.0047s ]
SQL: SHOW COLUMNS FROM `jm_project_investor` [ RunTime:0.0054s ]
SQL: SELECT SUM(fund) AS tp_sum FROM `jm_project_investor` WHERE `status` >= 4 LIMIT 1   [ RunTime:0.0051s ]
SQL: SELECT COUNT(*) AS tp_count FROM `jm_product` WHERE `status` >= 9 AND `stage` IN ('2','9') LIMIT 1   [ RunTime:0.0044s ]
SQL: SHOW COLUMNS FROM `jm_custom` [ RunTime:0.0055s ]
SQL: SELECT SUM(amount*count) AS tp_sum FROM `jm_custom` WHERE `status` = 1 LIMIT 1   [ RunTime:0.0062s ]
SQL: SHOW COLUMNS FROM `jm_ucenter_member` [ RunTime:0.0052s ]
SQL: SELECT COUNT(*) AS tp_count FROM `jm_ucenter_member` WHERE `status` = 1 LIMIT 1   [ RunTime:0.0053s ]
SQL: SHOW COLUMNS FROM `jm_link` [ RunTime:0.0050s ]
SQL: SELECT `name`,`logo`,`url` FROM `jm_link` WHERE `status` = 1 ORDER BY sort desc LIMIT 12   [ RunTime:0.0056s ]
INFO: [ view_parse ] --START--
INFO: [ template_filter ] --START--
INFO: Run Behavior\ContentReplaceBehavior [ RunTime:0.000467s ]
INFO: [ template_filter ] --END-- [ RunTime:0.000562s ]
SQL: SHOW COLUMNS FROM `jm_picture` [ RunTime:0.0059s ]
SQL: SELECT * FROM `jm_picture` WHERE `status` = 1 AND `id` = 5817 LIMIT 1   [ RunTime:0.0049s ]
SQL: SELECT * FROM `jm_picture` WHERE `status` = 1 AND `id` = 5817 LIMIT 1   [ RunTime:0.0051s ]
SQL: SELECT * FROM `jm_picture` WHERE `status` = 1 AND `id` = 5769 LIMIT 1   [ RunTime:0.0088s ]
SQL: SELECT * FROM `jm_picture` WHERE `status` = 1 AND `id` = 5769 LIMIT 1   [ RunTime:0.0049s ]
SQL: SELECT * FROM `jm_picture` WHERE `status` = 1 AND `id` = 5794 LIMIT 1   [ RunTime:0.0060s ]
SQL: SELECT * FROM `jm_picture` WHERE `status` = 1 AND `id` = 5789 LIMIT 1   [ RunTime:0.0072s ]
NOTIC: [8] Undefined index: city C:\wamp\www\yinma\Runtime\Cache\Home\769e70f2e46f34ceb60619bbda5e4691.php 第 364 行.
NOTIC: [8] Undefined index: d C:\wamp\www\yinma\Application\Common\Common\function.php 第 1243 行.
NOTIC: [8] Undefined variable: finish_amount C:\wamp\www\yinma\Runtime\Cache\Home\769e70f2e46f34ceb60619bbda5e4691.php 第 365 行.
SQL: SELECT * FROM `jm_picture` WHERE `status` = 1 AND `id` = 5733 LIMIT 1   [ RunTime:0.0049s ]
SQL: SELECT * FROM `jm_picture` WHERE `status` = 1 AND `id` = 5672 LIMIT 1   [ RunTime:0.0054s ]
SQL: SELECT * FROM `jm_picture` WHERE `status` = 1 AND `id` = 5622 LIMIT 1   [ RunTime:0.0057s ]
SQL: SELECT * FROM `jm_picture` WHERE `status` = 1 AND `id` = 5597 LIMIT 1   [ RunTime:0.0064s ]
SQL: SELECT * FROM `jm_picture` WHERE `status` = 1 AND `id` = 5708 LIMIT 1   [ RunTime:0.0070s ]
SQL: SELECT * FROM `jm_picture` WHERE `status` = 1 AND `id` = 5572 LIMIT 1   [ RunTime:0.0062s ]
SQL: SELECT * FROM `jm_picture` WHERE `status` = 1 AND `id` = 5577 LIMIT 1   [ RunTime:0.0062s ]
SQL: SELECT * FROM `jm_picture` WHERE `status` = 1 AND `id` = 5580 LIMIT 1   [ RunTime:0.0052s ]
SQL: SELECT * FROM `jm_picture` WHERE `status` = 1 AND `id` = 5571 LIMIT 1   [ RunTime:0.0048s ]
SQL: SELECT * FROM `jm_picture` WHERE `status` = 1 AND `id` = 5579 LIMIT 1   [ RunTime:0.0051s ]
SQL: SELECT * FROM `jm_picture` WHERE `status` = 1 AND `id` = 5576 LIMIT 1   [ RunTime:0.0091s ]
SQL: SELECT * FROM `jm_picture` WHERE `status` = 1 AND `id` = 5574 LIMIT 1   [ RunTime:0.0110s ]
SQL: SELECT * FROM `jm_picture` WHERE `status` = 1 AND `id` = 5569 LIMIT 1   [ RunTime:0.0076s ]
SQL: SELECT * FROM `jm_picture` WHERE `status` = 1 AND `id` = 5650 LIMIT 1   [ RunTime:0.0072s ]
SQL: SELECT * FROM `jm_picture` WHERE `status` = 1 AND `id` = 5651 LIMIT 1   [ RunTime:0.0050s ]
SQL: SELECT * FROM `jm_picture` WHERE `status` = 1 AND `id` = 5654 LIMIT 1   [ RunTime:0.0054s ]
INFO: Run Behavior\ParseTemplateBehavior [ RunTime:0.216278s ]
INFO: [ view_parse ] --END-- [ RunTime:0.216441s ]
INFO: [ view_filter ] --START--
INFO: Run Behavior\WriteHtmlCacheBehavior [ RunTime:0.001792s ]
INFO: [ view_filter ] --END-- [ RunTime:0.002168s ]
INFO: [ app_end ] --START--
INFO: Run Behavior\ShowPageTraceBehavior [ RunTime:0.002071s ]
INFO: [ app_end ] --END-- [ RunTime:0.002260s ]

[ 2016-03-16T15:14:19+08:00 ] 127.0.0.1 /Index/getinfo.html?type=1&id=170
INFO: [ app_init ] --START--
INFO: Run Behavior\BuildLiteBehavior [ RunTime:0.000043s ]
INFO: Run Common\Behavior\InitHookBehavior [ RunTime:0.005898s ]
INFO: [ app_init ] --END-- [ RunTime:0.007007s ]
INFO: [ app_begin ] --START--
INFO: Run Behavior\ReadHtmlCacheBehavior [ RunTime:0.001521s ]
INFO: Run Addons\Iswaf\IswafAddon [ RunTime:0.024703s ]
INFO: [ app_begin ] --END-- [ RunTime:0.026494s ]
SQL: SHOW COLUMNS FROM `jm_config` [ RunTime:0.0101s ]
SQL: SELECT `type`,`name`,`value` FROM `jm_config` WHERE `status` = 1  [ RunTime:0.0062s ]
SQL: SHOW COLUMNS FROM `jm_infomation` [ RunTime:0.0067s ]
SQL: SELECT `description`,`title` FROM `jm_infomation` WHERE `id` = 170 LIMIT 1   [ RunTime:0.0047s ]
NOTIC: [8] Undefined index: id C:\wamp\www\yinma\Application\Home\Controller\IndexController.class.php 第 152 行.

[ 2016-03-16T15:14:28+08:00 ] 127.0.0.1 /Public/static/jquery.js
INFO: [ app_init ] --START--
INFO: Run Behavior\BuildLiteBehavior [ RunTime:0.000024s ]
INFO: Run Common\Behavior\InitHookBehavior [ RunTime:0.003435s ]
INFO: [ app_init ] --END-- [ RunTime:0.004081s ]
INFO: [ app_begin ] --START--
INFO: Run Behavior\ReadHtmlCacheBehavior [ RunTime:0.001000s ]
INFO: Run Addons\Iswaf\IswafAddon [ RunTime:0.016589s ]
INFO: [ app_begin ] --END-- [ RunTime:0.017767s ]
SQL: SHOW COLUMNS FROM `jm_config` [ RunTime:0.0054s ]
SQL: SELECT `type`,`name`,`value` FROM `jm_config` WHERE `status` = 1  [ RunTime:0.0051s ]

[ 2016-03-16T15:14:29+08:00 ] 127.0.0.1 /Index/index.html
INFO: [ app_init ] --START--
INFO: Run Behavior\BuildLiteBehavior [ RunTime:0.000022s ]
INFO: Run Common\Behavior\InitHookBehavior [ RunTime:0.003955s ]
INFO: [ app_init ] --END-- [ RunTime:0.004602s ]
INFO: [ app_begin ] --START--
INFO: Run Behavior\ReadHtmlCacheBehavior [ RunTime:0.000938s ]
INFO: Run Addons\Iswaf\IswafAddon [ RunTime:0.015418s ]
INFO: [ app_begin ] --END-- [ RunTime:0.016492s ]
SQL: SHOW COLUMNS FROM `jm_config` [ RunTime:0.0053s ]
SQL: SELECT `type`,`name`,`value` FROM `jm_config` WHERE `status` = 1  [ RunTime:0.0051s ]
SQL: SHOW COLUMNS FROM `jm_notice` [ RunTime:0.0049s ]
SQL: SELECT `id`,`create_time`,`title` FROM `jm_notice` WHERE ( status = 0 ) ORDER BY is_top desc,create_time desc LIMIT 6   [ RunTime:0.0050s ]
SQL: SHOW COLUMNS FROM `jm_infomation` [ RunTime:0.0058s ]
SQL: SELECT `id`,`create_time`,`title` FROM `jm_infomation` WHERE ( status = 1 ) ORDER BY level desc,create_time desc LIMIT 6   [ RunTime:0.0061s ]
NOTIC: [8] Undefined variable: noticearray C:\wamp\www\yinma\Application\Home\Controller\IndexController.class.php 第 60 行.
NOTIC: [2] implode(): Invalid arguments passed C:\wamp\www\yinma\Application\Home\Controller\IndexController.class.php 第 60 行.
NOTIC: [8] Undefined variable: newsarray C:\wamp\www\yinma\Application\Home\Controller\IndexController.class.php 第 62 行.
NOTIC: [2] implode(): Invalid arguments passed C:\wamp\www\yinma\Application\Home\Controller\IndexController.class.php 第 62 行.
SQL: SHOW COLUMNS FROM `jm_project` [ RunTime:0.0180s ]
SQL: SHOW COLUMNS FROM `jm_proj_index` [ RunTime:0.0076s ]
SQL: SELECT * FROM `jm_proj_index` WHERE `stage` = 4 ORDER BY is_top desc, create_time desc LIMIT 6   [ RunTime:0.0064s ]
SQL: SELECT * FROM `jm_proj_index` WHERE `stage` = 2 ORDER BY is_top desc, create_time desc  [ RunTime:0.0068s ]
SQL: SELECT * FROM `jm_proj_index` WHERE `stage` = 1 ORDER BY is_top desc, create_time desc  [ RunTime:0.0068s ]
SQL: SELECT * FROM `jm_proj_index` WHERE `stage` = 9 ORDER BY is_top desc, create_time desc LIMIT 6   [ RunTime:0.0072s ]
SQL: SHOW COLUMNS FROM `jm_banner` [ RunTime:0.0051s ]
SQL: SELECT * FROM `jm_banner` WHERE `status` = 0 ORDER BY sort asc,id desc  [ RunTime:0.0047s ]
SQL: SHOW COLUMNS FROM `jm_product` [ RunTime:0.0061s ]
SQL: SELECT * FROM `jm_product` WHERE `status` = 9 AND ( `stage` > 1 AND `stage` < 9 AND `stage` <> 8  ) ORDER BY is_sort desc,start_time desc LIMIT 4   [ RunTime:0.0052s ]
SQL: SELECT * FROM `jm_product` WHERE `status` = 9 AND ( `stage` = 9  ) ORDER BY is_sort desc,start_time desc LIMIT 4   [ RunTime:0.0051s ]
SQL: SELECT * FROM `jm_proj_index` WHERE `status` = 9 AND `stage` BETWEEN '1' AND '4' ORDER BY stage desc,is_top desc,create_time desc LIMIT 6   [ RunTime:0.0063s ]
SQL: SHOW COLUMNS FROM `jm_project` [ RunTime:0.0060s ]
SQL: SELECT COUNT(*) AS tp_count FROM `jm_project` WHERE `status` >= 9 AND `stage` IN ('1','4','9') LIMIT 1   [ RunTime:0.0067s ]
SQL: SHOW COLUMNS FROM `jm_project_investor` [ RunTime:0.0059s ]
SQL: SELECT SUM(fund) AS tp_sum FROM `jm_project_investor` WHERE `status` >= 4 LIMIT 1   [ RunTime:0.0057s ]
SQL: SELECT COUNT(*) AS tp_count FROM `jm_product` WHERE `status` >= 9 AND `stage` IN ('2','9') LIMIT 1   [ RunTime:0.0066s ]
SQL: SHOW COLUMNS FROM `jm_custom` [ RunTime:0.0057s ]
SQL: SELECT SUM(amount*count) AS tp_sum FROM `jm_custom` WHERE `status` = 1 LIMIT 1   [ RunTime:0.0044s ]
SQL: SHOW COLUMNS FROM `jm_ucenter_member` [ RunTime:0.0051s ]
SQL: SELECT COUNT(*) AS tp_count FROM `jm_ucenter_member` WHERE `status` = 1 LIMIT 1   [ RunTime:0.0048s ]
SQL: SHOW COLUMNS FROM `jm_link` [ RunTime:0.0051s ]
SQL: SELECT `name`,`logo`,`url` FROM `jm_link` WHERE `status` = 1 ORDER BY sort desc LIMIT 12   [ RunTime:0.0048s ]
INFO: [ view_parse ] --START--
INFO: [ template_filter ] --START--
INFO: Run Behavior\ContentReplaceBehavior [ RunTime:0.000514s ]
INFO: [ template_filter ] --END-- [ RunTime:0.000657s ]
SQL: SHOW COLUMNS FROM `jm_picture` [ RunTime:0.0086s ]
SQL: SELECT * FROM `jm_picture` WHERE `status` = 1 AND `id` = 5817 LIMIT 1   [ RunTime:0.0063s ]
SQL: SELECT * FROM `jm_picture` WHERE `status` = 1 AND `id` = 5817 LIMIT 1   [ RunTime:0.0102s ]
SQL: SELECT * FROM `jm_picture` WHERE `status` = 1 AND `id` = 5769 LIMIT 1   [ RunTime:0.0076s ]
SQL: SELECT * FROM `jm_picture` WHERE `status` = 1 AND `id` = 5769 LIMIT 1   [ RunTime:0.0046s ]
SQL: SELECT * FROM `jm_picture` WHERE `status` = 1 AND `id` = 5794 LIMIT 1   [ RunTime:0.0045s ]
SQL: SELECT * FROM `jm_picture` WHERE `status` = 1 AND `id` = 5789 LIMIT 1   [ RunTime:0.0079s ]
NOTIC: [8] Undefined index: city C:\wamp\www\yinma\Runtime\Cache\Home\769e70f2e46f34ceb60619bbda5e4691.php 第 364 行.
NOTIC: [8] Undefined index: d C:\wamp\www\yinma\Application\Common\Common\function.php 第 1243 行.
NOTIC: [8] Undefined variable: finish_amount C:\wamp\www\yinma\Runtime\Cache\Home\769e70f2e46f34ceb60619bbda5e4691.php 第 365 行.
SQL: SELECT * FROM `jm_picture` WHERE `status` = 1 AND `id` = 5733 LIMIT 1   [ RunTime:0.0099s ]
SQL: SELECT * FROM `jm_picture` WHERE `status` = 1 AND `id` = 5672 LIMIT 1   [ RunTime:0.0048s ]
SQL: SELECT * FROM `jm_picture` WHERE `status` = 1 AND `id` = 5622 LIMIT 1   [ RunTime:0.0049s ]
SQL: SELECT * FROM `jm_picture` WHERE `status` = 1 AND `id` = 5597 LIMIT 1   [ RunTime:0.0045s ]
SQL: SELECT * FROM `jm_picture` WHERE `status` = 1 AND `id` = 5708 LIMIT 1   [ RunTime:0.0046s ]
SQL: SELECT * FROM `jm_picture` WHERE `status` = 1 AND `id` = 5572 LIMIT 1   [ RunTime:0.0047s ]
SQL: SELECT * FROM `jm_picture` WHERE `status` = 1 AND `id` = 5577 LIMIT 1   [ RunTime:0.0049s ]
SQL: SELECT * FROM `jm_picture` WHERE `status` = 1 AND `id` = 5580 LIMIT 1   [ RunTime:0.0069s ]
SQL: SELECT * FROM `jm_picture` WHERE `status` = 1 AND `id` = 5571 LIMIT 1   [ RunTime:0.0052s ]
SQL: SELECT * FROM `jm_picture` WHERE `status` = 1 AND `id` = 5579 LIMIT 1   [ RunTime:0.0067s ]
SQL: SELECT * FROM `jm_picture` WHERE `status` = 1 AND `id` = 5576 LIMIT 1   [ RunTime:0.0087s ]
SQL: SELECT * FROM `jm_picture` WHERE `status` = 1 AND `id` = 5574 LIMIT 1   [ RunTime:0.0046s ]
SQL: SELECT * FROM `jm_picture` WHERE `status` = 1 AND `id` = 5569 LIMIT 1   [ RunTime:0.0045s ]
SQL: SELECT * FROM `jm_picture` WHERE `status` = 1 AND `id` = 5650 LIMIT 1   [ RunTime:0.0056s ]
SQL: SELECT * FROM `jm_picture` WHERE `status` = 1 AND `id` = 5651 LIMIT 1   [ RunTime:0.0046s ]
SQL: SELECT * FROM `jm_picture` WHERE `status` = 1 AND `id` = 5654 LIMIT 1   [ RunTime:0.0050s ]
INFO: Run Behavior\ParseTemplateBehavior [ RunTime:0.247057s ]
INFO: [ view_parse ] --END-- [ RunTime:0.247204s ]
INFO: [ view_filter ] --START--
INFO: Run Behavior\WriteHtmlCacheBehavior [ RunTime:0.000723s ]
INFO: [ view_filter ] --END-- [ RunTime:0.000822s ]
INFO: [ app_end ] --START--
INFO: Run Behavior\ShowPageTraceBehavior [ RunTime:0.000869s ]
INFO: [ app_end ] --END-- [ RunTime:0.000949s ]

[ 2016-03-16T15:14:31+08:00 ] 127.0.0.1 /Public/static/jquery.js
INFO: [ app_init ] --START--
INFO: Run Behavior\BuildLiteBehavior [ RunTime:0.000030s ]
INFO: Run Common\Behavior\InitHookBehavior [ RunTime:0.003191s ]
INFO: [ app_init ] --END-- [ RunTime:0.003747s ]
INFO: [ app_begin ] --START--
INFO: Run Behavior\ReadHtmlCacheBehavior [ RunTime:0.001113s ]
INFO: Run Addons\Iswaf\IswafAddon [ RunTime:0.018400s ]
INFO: [ app_begin ] --END-- [ RunTime:0.019672s ]
SQL: SHOW COLUMNS FROM `jm_config` [ RunTime:0.0051s ]
SQL: SELECT `type`,`name`,`value` FROM `jm_config` WHERE `status` = 1  [ RunTime:0.0049s ]

[ 2016-03-16T15:14:31+08:00 ] 127.0.0.1 /Index/index.html
INFO: [ app_init ] --START--
INFO: Run Behavior\BuildLiteBehavior [ RunTime:0.000019s ]
INFO: Run Common\Behavior\InitHookBehavior [ RunTime:0.004386s ]
INFO: [ app_init ] --END-- [ RunTime:0.004947s ]
INFO: [ app_begin ] --START--
INFO: Run Behavior\ReadHtmlCacheBehavior [ RunTime:0.001113s ]
INFO: Run Addons\Iswaf\IswafAddon [ RunTime:0.018092s ]
INFO: [ app_begin ] --END-- [ RunTime:0.019378s ]
SQL: SHOW COLUMNS FROM `jm_config` [ RunTime:0.0051s ]
SQL: SELECT `type`,`name`,`value` FROM `jm_config` WHERE `status` = 1  [ RunTime:0.0049s ]
SQL: SHOW COLUMNS FROM `jm_notice` [ RunTime:0.0048s ]
SQL: SELECT `id`,`create_time`,`title` FROM `jm_notice` WHERE ( status = 0 ) ORDER BY is_top desc,create_time desc LIMIT 6   [ RunTime:0.0044s ]
SQL: SHOW COLUMNS FROM `jm_infomation` [ RunTime:0.0053s ]
SQL: SELECT `id`,`create_time`,`title` FROM `jm_infomation` WHERE ( status = 1 ) ORDER BY level desc,create_time desc LIMIT 6   [ RunTime:0.0049s ]
NOTIC: [8] Undefined variable: noticearray C:\wamp\www\yinma\Application\Home\Controller\IndexController.class.php 第 60 行.
NOTIC: [2] implode(): Invalid arguments passed C:\wamp\www\yinma\Application\Home\Controller\IndexController.class.php 第 60 行.
NOTIC: [8] Undefined variable: newsarray C:\wamp\www\yinma\Application\Home\Controller\IndexController.class.php 第 62 行.
NOTIC: [2] implode(): Invalid arguments passed C:\wamp\www\yinma\Application\Home\Controller\IndexController.class.php 第 62 行.
SQL: SHOW COLUMNS FROM `jm_project` [ RunTime:0.0081s ]
SQL: SHOW COLUMNS FROM `jm_proj_index` [ RunTime:0.0120s ]
SQL: SELECT * FROM `jm_proj_index` WHERE `stage` = 4 ORDER BY is_top desc, create_time desc LIMIT 6   [ RunTime:0.0094s ]
SQL: SELECT * FROM `jm_proj_index` WHERE `stage` = 2 ORDER BY is_top desc, create_time desc  [ RunTime:0.0094s ]
SQL: SELECT * FROM `jm_proj_index` WHERE `stage` = 1 ORDER BY is_top desc, create_time desc  [ RunTime:0.0099s ]
SQL: SELECT * FROM `jm_proj_index` WHERE `stage` = 9 ORDER BY is_top desc, create_time desc LIMIT 6   [ RunTime:0.0065s ]
SQL: SHOW COLUMNS FROM `jm_banner` [ RunTime:0.0049s ]
SQL: SELECT * FROM `jm_banner` WHERE `status` = 0 ORDER BY sort asc,id desc  [ RunTime:0.0046s ]
SQL: SHOW COLUMNS FROM `jm_product` [ RunTime:0.0075s ]
SQL: SELECT * FROM `jm_product` WHERE `status` = 9 AND ( `stage` > 1 AND `stage` < 9 AND `stage` <> 8  ) ORDER BY is_sort desc,start_time desc LIMIT 4   [ RunTime:0.0055s ]
SQL: SELECT * FROM `jm_product` WHERE `status` = 9 AND ( `stage` = 9  ) ORDER BY is_sort desc,start_time desc LIMIT 4   [ RunTime:0.0050s ]
SQL: SELECT * FROM `jm_proj_index` WHERE `status` = 9 AND `stage` BETWEEN '1' AND '4' ORDER BY stage desc,is_top desc,create_time desc LIMIT 6   [ RunTime:0.0060s ]
SQL: SHOW COLUMNS FROM `jm_project` [ RunTime:0.0057s ]
SQL: SELECT COUNT(*) AS tp_count FROM `jm_project` WHERE `status` >= 9 AND `stage` IN ('1','4','9') LIMIT 1   [ RunTime:0.0055s ]
SQL: SHOW COLUMNS FROM `jm_project_investor` [ RunTime:0.0057s ]
SQL: SELECT SUM(fund) AS tp_sum FROM `jm_project_investor` WHERE `status` >= 4 LIMIT 1   [ RunTime:0.0047s ]
SQL: SELECT COUNT(*) AS tp_count FROM `jm_product` WHERE `status` >= 9 AND `stage` IN ('2','9') LIMIT 1   [ RunTime:0.0041s ]
SQL: SHOW COLUMNS FROM `jm_custom` [ RunTime:0.0053s ]
SQL: SELECT SUM(amount*count) AS tp_sum FROM `jm_custom` WHERE `status` = 1 LIMIT 1   [ RunTime:0.0043s ]
SQL: SHOW COLUMNS FROM `jm_ucenter_member` [ RunTime:0.0055s ]
SQL: SELECT COUNT(*) AS tp_count FROM `jm_ucenter_member` WHERE `status` = 1 LIMIT 1   [ RunTime:0.0044s ]
SQL: SHOW COLUMNS FROM `jm_link` [ RunTime:0.0057s ]
SQL: SELECT `name`,`logo`,`url` FROM `jm_link` WHERE `status` = 1 ORDER BY sort desc LIMIT 12   [ RunTime:0.0045s ]
INFO: [ view_parse ] --START--
INFO: [ template_filter ] --START--
INFO: Run Behavior\ContentReplaceBehavior [ RunTime:0.000414s ]
INFO: [ template_filter ] --END-- [ RunTime:0.000505s ]
SQL: SHOW COLUMNS FROM `jm_picture` [ RunTime:0.0052s ]
SQL: SELECT * FROM `jm_picture` WHERE `status` = 1 AND `id` = 5817 LIMIT 1   [ RunTime:0.0062s ]
SQL: SELECT * FROM `jm_picture` WHERE `status` = 1 AND `id` = 5817 LIMIT 1   [ RunTime:0.0048s ]
SQL: SELECT * FROM `jm_picture` WHERE `status` = 1 AND `id` = 5769 LIMIT 1   [ RunTime:0.0075s ]
SQL: SELECT * FROM `jm_picture` WHERE `status` = 1 AND `id` = 5769 LIMIT 1   [ RunTime:0.0057s ]
SQL: SELECT * FROM `jm_picture` WHERE `status` = 1 AND `id` = 5794 LIMIT 1   [ RunTime:0.0045s ]
SQL: SELECT * FROM `jm_picture` WHERE `status` = 1 AND `id` = 5789 LIMIT 1   [ RunTime:0.0046s ]
NOTIC: [8] Undefined index: city C:\wamp\www\yinma\Runtime\Cache\Home\769e70f2e46f34ceb60619bbda5e4691.php 第 364 行.
NOTIC: [8] Undefined index: d C:\wamp\www\yinma\Application\Common\Common\function.php 第 1243 行.
NOTIC: [8] Undefined variable: finish_amount C:\wamp\www\yinma\Runtime\Cache\Home\769e70f2e46f34ceb60619bbda5e4691.php 第 365 行.
SQL: SELECT * FROM `jm_picture` WHERE `status` = 1 AND `id` = 5733 LIMIT 1   [ RunTime:0.0051s ]
SQL: SELECT * FROM `jm_picture` WHERE `status` = 1 AND `id` = 5672 LIMIT 1   [ RunTime:0.0047s ]
SQL: SELECT * FROM `jm_picture` WHERE `status` = 1 AND `id` = 5622 LIMIT 1   [ RunTime:0.0047s ]
SQL: SELECT * FROM `jm_picture` WHERE `status` = 1 AND `id` = 5597 LIMIT 1   [ RunTime:0.0047s ]
SQL: SELECT * FROM `jm_picture` WHERE `status` = 1 AND `id` = 5708 LIMIT 1   [ RunTime:0.0050s ]
SQL: SELECT * FROM `jm_picture` WHERE `status` = 1 AND `id` = 5572 LIMIT 1   [ RunTime:0.0065s ]
SQL: SELECT * FROM `jm_picture` WHERE `status` = 1 AND `id` = 5577 LIMIT 1   [ RunTime:0.0078s ]
SQL: SELECT * FROM `jm_picture` WHERE `status` = 1 AND `id` = 5580 LIMIT 1   [ RunTime:0.0065s ]
SQL: SELECT * FROM `jm_picture` WHERE `status` = 1 AND `id` = 5571 LIMIT 1   [ RunTime:0.0056s ]
SQL: SELECT * FROM `jm_picture` WHERE `status` = 1 AND `id` = 5579 LIMIT 1   [ RunTime:0.0045s ]
SQL: SELECT * FROM `jm_picture` WHERE `status` = 1 AND `id` = 5576 LIMIT 1   [ RunTime:0.0052s ]
SQL: SELECT * FROM `jm_picture` WHERE `status` = 1 AND `id` = 5574 LIMIT 1   [ RunTime:0.0044s ]
SQL: SELECT * FROM `jm_picture` WHERE `status` = 1 AND `id` = 5569 LIMIT 1   [ RunTime:0.0071s ]
SQL: SELECT * FROM `jm_picture` WHERE `status` = 1 AND `id` = 5650 LIMIT 1   [ RunTime:0.0057s ]
SQL: SELECT * FROM `jm_picture` WHERE `status` = 1 AND `id` = 5651 LIMIT 1   [ RunTime:0.0045s ]
SQL: SELECT * FROM `jm_picture` WHERE `status` = 1 AND `id` = 5654 LIMIT 1   [ RunTime:0.0044s ]
INFO: Run Behavior\ParseTemplateBehavior [ RunTime:0.204954s ]
INFO: [ view_parse ] --END-- [ RunTime:0.205040s ]
INFO: [ view_filter ] --START--
INFO: Run Behavior\WriteHtmlCacheBehavior [ RunTime:0.000754s ]
INFO: [ view_filter ] --END-- [ RunTime:0.000858s ]
INFO: [ app_end ] --START--
INFO: Run Behavior\ShowPageTraceBehavior [ RunTime:0.001075s ]
INFO: [ app_end ] --END-- [ RunTime:0.001156s ]

[ 2016-03-16T15:37:27+08:00 ] 127.0.0.1 /Public/static/jquery.js
INFO: [ app_init ] --START--
INFO: Run Behavior\BuildLiteBehavior [ RunTime:0.000027s ]
INFO: Run Common\Behavior\InitHookBehavior [ RunTime:0.014387s ]
INFO: [ app_init ] --END-- [ RunTime:0.015664s ]
INFO: [ app_begin ] --START--
INFO: Run Behavior\ReadHtmlCacheBehavior [ RunTime:0.001219s ]
INFO: Run Addons\Iswaf\IswafAddon [ RunTime:0.032494s ]
INFO: [ app_begin ] --END-- [ RunTime:0.033925s ]
SQL: SHOW COLUMNS FROM `jm_config` [ RunTime:0.0051s ]
SQL: SELECT `type`,`name`,`value` FROM `jm_config` WHERE `status` = 1  [ RunTime:0.0052s ]

[ 2016-03-16T15:37:27+08:00 ] 127.0.0.1 /Index/getinfo.html?type=1&id=170
INFO: [ app_init ] --START--
INFO: Run Behavior\BuildLiteBehavior [ RunTime:0.000032s ]
INFO: Run Common\Behavior\InitHookBehavior [ RunTime:0.014367s ]
INFO: [ app_init ] --END-- [ RunTime:0.015477s ]
INFO: [ app_begin ] --START--
INFO: Run Behavior\ReadHtmlCacheBehavior [ RunTime:0.001266s ]
INFO: Run Addons\Iswaf\IswafAddon [ RunTime:0.039770s ]
INFO: [ app_begin ] --END-- [ RunTime:0.041192s ]
SQL: SHOW COLUMNS FROM `jm_config` [ RunTime:0.0057s ]
SQL: SELECT `type`,`name`,`value` FROM `jm_config` WHERE `status` = 1  [ RunTime:0.0051s ]
SQL: SHOW COLUMNS FROM `jm_infomation` [ RunTime:0.0069s ]
SQL: SELECT `description`,`title` FROM `jm_infomation` WHERE `id` = 170 LIMIT 1   [ RunTime:0.0056s ]
NOTIC: [8] Undefined index: id C:\wamp\www\yinma\Application\Home\Controller\IndexController.class.php 第 152 行.

[ 2016-03-16T15:37:28+08:00 ] 127.0.0.1 /Index/index.html
INFO: [ app_init ] --START--
INFO: Run Behavior\BuildLiteBehavior [ RunTime:0.000040s ]
INFO: Run Common\Behavior\InitHookBehavior [ RunTime:0.007359s ]
INFO: [ app_init ] --END-- [ RunTime:0.009041s ]
INFO: [ app_begin ] --START--
INFO: Run Behavior\ReadHtmlCacheBehavior [ RunTime:0.001227s ]
INFO: Run Addons\Iswaf\IswafAddon [ RunTime:0.018529s ]
INFO: [ app_begin ] --END-- [ RunTime:0.019940s ]
SQL: SHOW COLUMNS FROM `jm_config` [ RunTime:0.0067s ]
SQL: SELECT `type`,`name`,`value` FROM `jm_config` WHERE `status` = 1  [ RunTime:0.0057s ]
SQL: SHOW COLUMNS FROM `jm_notice` [ RunTime:0.0100s ]
SQL: SELECT `id`,`create_time`,`title` FROM `jm_notice` WHERE ( status = 0 ) ORDER BY is_top desc,create_time desc LIMIT 6   [ RunTime:0.0048s ]
SQL: SHOW COLUMNS FROM `jm_infomation` [ RunTime:0.0060s ]
SQL: SELECT `id`,`create_time`,`title` FROM `jm_infomation` WHERE ( status = 1 ) ORDER BY level desc,create_time desc LIMIT 6   [ RunTime:0.0055s ]
NOTIC: [8] Undefined variable: noticearray C:\wamp\www\yinma\Application\Home\Controller\IndexController.class.php 第 60 行.
NOTIC: [2] implode(): Invalid arguments passed C:\wamp\www\yinma\Application\Home\Controller\IndexController.class.php 第 60 行.
NOTIC: [8] Undefined variable: newsarray C:\wamp\www\yinma\Application\Home\Controller\IndexController.class.php 第 62 行.
NOTIC: [2] implode(): Invalid arguments passed C:\wamp\www\yinma\Application\Home\Controller\IndexController.class.php 第 62 行.
SQL: SHOW COLUMNS FROM `jm_project` [ RunTime:0.0068s ]
SQL: SHOW COLUMNS FROM `jm_proj_index` [ RunTime:0.0072s ]
SQL: SELECT * FROM `jm_proj_index` WHERE `stage` = 4 ORDER BY is_top desc, create_time desc LIMIT 6   [ RunTime:0.0077s ]
SQL: SELECT * FROM `jm_proj_index` WHERE `stage` = 2 ORDER BY is_top desc, create_time desc  [ RunTime:0.0065s ]
SQL: SELECT * FROM `jm_proj_index` WHERE `stage` = 1 ORDER BY is_top desc, create_time desc  [ RunTime:0.0063s ]
SQL: SELECT * FROM `jm_proj_index` WHERE `stage` = 9 ORDER BY is_top desc, create_time desc LIMIT 6   [ RunTime:0.0063s ]
SQL: SHOW COLUMNS FROM `jm_banner` [ RunTime:0.0065s ]
SQL: SELECT * FROM `jm_banner` WHERE `status` = 0 ORDER BY sort asc,id desc  [ RunTime:0.0049s ]
SQL: SHOW COLUMNS FROM `jm_product` [ RunTime:0.0060s ]
SQL: SELECT * FROM `jm_product` WHERE `status` = 9 AND ( `stage` > 1 AND `stage` < 9 AND `stage` <> 8  ) ORDER BY is_sort desc,start_time desc LIMIT 4   [ RunTime:0.0055s ]
SQL: SELECT * FROM `jm_product` WHERE `status` = 9 AND ( `stage` = 9  ) ORDER BY is_sort desc,start_time desc LIMIT 4   [ RunTime:0.0054s ]
SQL: SELECT * FROM `jm_proj_index` WHERE `status` = 9 AND `stage` BETWEEN '1' AND '4' ORDER BY stage desc,is_top desc,create_time desc LIMIT 6   [ RunTime:0.0069s ]
SQL: SHOW COLUMNS FROM `jm_project` [ RunTime:0.0060s ]
SQL: SELECT COUNT(*) AS tp_count FROM `jm_project` WHERE `status` >= 9 AND `stage` IN ('1','4','9') LIMIT 1   [ RunTime:0.0045s ]
SQL: SHOW COLUMNS FROM `jm_project_investor` [ RunTime:0.0055s ]
SQL: SELECT SUM(fund) AS tp_sum FROM `jm_project_investor` WHERE `status` >= 4 LIMIT 1   [ RunTime:0.0045s ]
SQL: SELECT COUNT(*) AS tp_count FROM `jm_product` WHERE `status` >= 9 AND `stage` IN ('2','9') LIMIT 1   [ RunTime:0.0049s ]
SQL: SHOW COLUMNS FROM `jm_custom` [ RunTime:0.0058s ]
SQL: SELECT SUM(amount*count) AS tp_sum FROM `jm_custom` WHERE `status` = 1 LIMIT 1   [ RunTime:0.0052s ]
SQL: SHOW COLUMNS FROM `jm_ucenter_member` [ RunTime:0.0060s ]
SQL: SELECT COUNT(*) AS tp_count FROM `jm_ucenter_member` WHERE `status` = 1 LIMIT 1   [ RunTime:0.0046s ]
SQL: SHOW COLUMNS FROM `jm_link` [ RunTime:0.0052s ]
SQL: SELECT `name`,`logo`,`url` FROM `jm_link` WHERE `status` = 1 ORDER BY sort desc LIMIT 12   [ RunTime:0.0050s ]
INFO: [ view_parse ] --START--
INFO: [ template_filter ] --START--
INFO: Run Behavior\ContentReplaceBehavior [ RunTime:0.000732s ]
INFO: [ template_filter ] --END-- [ RunTime:0.000898s ]
SQL: SHOW COLUMNS FROM `jm_picture` [ RunTime:0.0062s ]
SQL: SELECT * FROM `jm_picture` WHERE `status` = 1 AND `id` = 5817 LIMIT 1   [ RunTime:0.0053s ]
SQL: SELECT * FROM `jm_picture` WHERE `status` = 1 AND `id` = 5817 LIMIT 1   [ RunTime:0.0051s ]
SQL: SELECT * FROM `jm_picture` WHERE `status` = 1 AND `id` = 5769 LIMIT 1   [ RunTime:0.0056s ]
SQL: SELECT * FROM `jm_picture` WHERE `status` = 1 AND `id` = 5769 LIMIT 1   [ RunTime:0.0051s ]
SQL: SELECT * FROM `jm_picture` WHERE `status` = 1 AND `id` = 5794 LIMIT 1   [ RunTime:0.0074s ]
SQL: SELECT * FROM `jm_picture` WHERE `status` = 1 AND `id` = 5789 LIMIT 1   [ RunTime:0.0066s ]
NOTIC: [8] Undefined index: city C:\wamp\www\yinma\Runtime\Cache\Home\769e70f2e46f34ceb60619bbda5e4691.php 第 364 行.
NOTIC: [8] Undefined index: d C:\wamp\www\yinma\Application\Common\Common\function.php 第 1243 行.
NOTIC: [8] Undefined variable: finish_amount C:\wamp\www\yinma\Runtime\Cache\Home\769e70f2e46f34ceb60619bbda5e4691.php 第 365 行.
SQL: SELECT * FROM `jm_picture` WHERE `status` = 1 AND `id` = 5733 LIMIT 1   [ RunTime:0.0067s ]
SQL: SELECT * FROM `jm_picture` WHERE `status` = 1 AND `id` = 5672 LIMIT 1   [ RunTime:0.0047s ]
SQL: SELECT * FROM `jm_picture` WHERE `status` = 1 AND `id` = 5622 LIMIT 1   [ RunTime:0.0047s ]
SQL: SELECT * FROM `jm_picture` WHERE `status` = 1 AND `id` = 5597 LIMIT 1   [ RunTime:0.0048s ]
SQL: SELECT * FROM `jm_picture` WHERE `status` = 1 AND `id` = 5708 LIMIT 1   [ RunTime:0.0048s ]
SQL: SELECT * FROM `jm_picture` WHERE `status` = 1 AND `id` = 5572 LIMIT 1   [ RunTime:0.0047s ]
SQL: SELECT * FROM `jm_picture` WHERE `status` = 1 AND `id` = 5577 LIMIT 1   [ RunTime:0.0047s ]
SQL: SELECT * FROM `jm_picture` WHERE `status` = 1 AND `id` = 5580 LIMIT 1   [ RunTime:0.0049s ]
SQL: SELECT * FROM `jm_picture` WHERE `status` = 1 AND `id` = 5571 LIMIT 1   [ RunTime:0.0048s ]
SQL: SELECT * FROM `jm_picture` WHERE `status` = 1 AND `id` = 5579 LIMIT 1   [ RunTime:0.0056s ]
SQL: SELECT * FROM `jm_picture` WHERE `status` = 1 AND `id` = 5576 LIMIT 1   [ RunTime:0.0049s ]
SQL: SELECT * FROM `jm_picture` WHERE `status` = 1 AND `id` = 5574 LIMIT 1   [ RunTime:0.0050s ]
SQL: SELECT * FROM `jm_picture` WHERE `status` = 1 AND `id` = 5569 LIMIT 1   [ RunTime:0.0047s ]
SQL: SELECT * FROM `jm_picture` WHERE `status` = 1 AND `id` = 5650 LIMIT 1   [ RunTime:0.0052s ]
SQL: SELECT * FROM `jm_picture` WHERE `status` = 1 AND `id` = 5651 LIMIT 1   [ RunTime:0.0047s ]
SQL: SELECT * FROM `jm_picture` WHERE `status` = 1 AND `id` = 5654 LIMIT 1   [ RunTime:0.0055s ]
INFO: Run Behavior\ParseTemplateBehavior [ RunTime:0.219574s ]
INFO: [ view_parse ] --END-- [ RunTime:0.219747s ]
INFO: [ view_filter ] --START--
INFO: Run Behavior\WriteHtmlCacheBehavior [ RunTime:0.001275s ]
INFO: [ view_filter ] --END-- [ RunTime:0.001436s ]
INFO: [ app_end ] --START--
INFO: Run Behavior\ShowPageTraceBehavior [ RunTime:0.001471s ]
INFO: [ app_end ] --END-- [ RunTime:0.001601s ]

[ 2016-03-16T15:37:40+08:00 ] 127.0.0.1 /Public/static/jquery.js
INFO: [ app_init ] --START--
INFO: Run Behavior\BuildLiteBehavior [ RunTime:0.000019s ]
INFO: Run Common\Behavior\InitHookBehavior [ RunTime:0.004408s ]
INFO: [ app_init ] --END-- [ RunTime:0.004961s ]
INFO: [ app_begin ] --START--
INFO: Run Behavior\ReadHtmlCacheBehavior [ RunTime:0.000959s ]
INFO: Run Addons\Iswaf\IswafAddon [ RunTime:0.013018s ]
INFO: [ app_begin ] --END-- [ RunTime:0.014137s ]
SQL: SHOW COLUMNS FROM `jm_config` [ RunTime:0.0064s ]
SQL: SELECT `type`,`name`,`value` FROM `jm_config` WHERE `status` = 1  [ RunTime:0.0056s ]

[ 2016-03-16T15:37:41+08:00 ] 127.0.0.1 /Index/index.html
INFO: [ app_init ] --START--
INFO: Run Behavior\BuildLiteBehavior [ RunTime:0.000019s ]
INFO: Run Common\Behavior\InitHookBehavior [ RunTime:0.002933s ]
INFO: [ app_init ] --END-- [ RunTime:0.003401s ]
INFO: [ app_begin ] --START--
INFO: Run Behavior\ReadHtmlCacheBehavior [ RunTime:0.000854s ]
INFO: Run Addons\Iswaf\IswafAddon [ RunTime:0.014815s ]
INFO: [ app_begin ] --END-- [ RunTime:0.015821s ]
SQL: SHOW COLUMNS FROM `jm_config` [ RunTime:0.0059s ]
SQL: SELECT `type`,`name`,`value` FROM `jm_config` WHERE `status` = 1  [ RunTime:0.0058s ]
SQL: SHOW COLUMNS FROM `jm_notice` [ RunTime:0.0056s ]
SQL: SELECT `id`,`create_time`,`title` FROM `jm_notice` WHERE ( status = 0 ) ORDER BY is_top desc,create_time desc LIMIT 6   [ RunTime:0.0055s ]
SQL: SHOW COLUMNS FROM `jm_infomation` [ RunTime:0.0091s ]
SQL: SELECT `id`,`create_time`,`title` FROM `jm_infomation` WHERE ( status = 1 ) ORDER BY level desc,create_time desc LIMIT 6   [ RunTime:0.0059s ]
NOTIC: [8] Undefined variable: noticearray C:\wamp\www\yinma\Application\Home\Controller\IndexController.class.php 第 60 行.
NOTIC: [2] implode(): Invalid arguments passed C:\wamp\www\yinma\Application\Home\Controller\IndexController.class.php 第 60 行.
NOTIC: [8] Undefined variable: newsarray C:\wamp\www\yinma\Application\Home\Controller\IndexController.class.php 第 62 行.
NOTIC: [2] implode(): Invalid arguments passed C:\wamp\www\yinma\Application\Home\Controller\IndexController.class.php 第 62 行.
SQL: SHOW COLUMNS FROM `jm_project` [ RunTime:0.0064s ]
SQL: SHOW COLUMNS FROM `jm_proj_index` [ RunTime:0.0065s ]
SQL: SELECT * FROM `jm_proj_index` WHERE `stage` = 4 ORDER BY is_top desc, create_time desc LIMIT 6   [ RunTime:0.0068s ]
SQL: SELECT * FROM `jm_proj_index` WHERE `stage` = 2 ORDER BY is_top desc, create_time desc  [ RunTime:0.0071s ]
SQL: SELECT * FROM `jm_proj_index` WHERE `stage` = 1 ORDER BY is_top desc, create_time desc  [ RunTime:0.0071s ]
SQL: SELECT * FROM `jm_proj_index` WHERE `stage` = 9 ORDER BY is_top desc, create_time desc LIMIT 6   [ RunTime:0.0071s ]
SQL: SHOW COLUMNS FROM `jm_banner` [ RunTime:0.0064s ]
SQL: SELECT * FROM `jm_banner` WHERE `status` = 0 ORDER BY sort asc,id desc  [ RunTime:0.0075s ]
SQL: SHOW COLUMNS FROM `jm_product` [ RunTime:0.0078s ]
SQL: SELECT * FROM `jm_product` WHERE `status` = 9 AND ( `stage` > 1 AND `stage` < 9 AND `stage` <> 8  ) ORDER BY is_sort desc,start_time desc LIMIT 4   [ RunTime:0.0063s ]
SQL: SELECT * FROM `jm_product` WHERE `status` = 9 AND ( `stage` = 9  ) ORDER BY is_sort desc,start_time desc LIMIT 4   [ RunTime:0.0063s ]
SQL: SELECT * FROM `jm_proj_index` WHERE `status` = 9 AND `stage` BETWEEN '1' AND '4' ORDER BY stage desc,is_top desc,create_time desc LIMIT 6   [ RunTime:0.0079s ]
SQL: SHOW COLUMNS FROM `jm_project` [ RunTime:0.0066s ]
SQL: SELECT COUNT(*) AS tp_count FROM `jm_project` WHERE `status` >= 9 AND `stage` IN ('1','4','9') LIMIT 1   [ RunTime:0.0051s ]
SQL: SHOW COLUMNS FROM `jm_project_investor` [ RunTime:0.0065s ]
SQL: SELECT SUM(fund) AS tp_sum FROM `jm_project_investor` WHERE `status` >= 4 LIMIT 1   [ RunTime:0.0059s ]
SQL: SELECT COUNT(*) AS tp_count FROM `jm_product` WHERE `status` >= 9 AND `stage` IN ('2','9') LIMIT 1   [ RunTime:0.0064s ]
SQL: SHOW COLUMNS FROM `jm_custom` [ RunTime:0.0060s ]
SQL: SELECT SUM(amount*count) AS tp_sum FROM `jm_custom` WHERE `status` = 1 LIMIT 1   [ RunTime:0.0073s ]
SQL: SHOW COLUMNS FROM `jm_ucenter_member` [ RunTime:0.0059s ]
SQL: SELECT COUNT(*) AS tp_count FROM `jm_ucenter_member` WHERE `status` = 1 LIMIT 1   [ RunTime:0.0054s ]
SQL: SHOW COLUMNS FROM `jm_link` [ RunTime:0.0056s ]
SQL: SELECT `name`,`logo`,`url` FROM `jm_link` WHERE `status` = 1 ORDER BY sort desc LIMIT 12   [ RunTime:0.0065s ]
INFO: [ view_parse ] --START--
INFO: [ template_filter ] --START--
INFO: Run Behavior\ContentReplaceBehavior [ RunTime:0.000692s ]
INFO: [ template_filter ] --END-- [ RunTime:0.000861s ]
SQL: SHOW COLUMNS FROM `jm_picture` [ RunTime:0.0059s ]
SQL: SELECT * FROM `jm_picture` WHERE `status` = 1 AND `id` = 5817 LIMIT 1   [ RunTime:0.0056s ]
SQL: SELECT * FROM `jm_picture` WHERE `status` = 1 AND `id` = 5817 LIMIT 1   [ RunTime:0.0085s ]
SQL: SELECT * FROM `jm_picture` WHERE `status` = 1 AND `id` = 5769 LIMIT 1   [ RunTime:0.0054s ]
SQL: SELECT * FROM `jm_picture` WHERE `status` = 1 AND `id` = 5769 LIMIT 1   [ RunTime:0.0071s ]
SQL: SELECT * FROM `jm_picture` WHERE `status` = 1 AND `id` = 5794 LIMIT 1   [ RunTime:0.0068s ]
SQL: SELECT * FROM `jm_picture` WHERE `status` = 1 AND `id` = 5789 LIMIT 1   [ RunTime:0.0099s ]
NOTIC: [8] Undefined index: city C:\wamp\www\yinma\Runtime\Cache\Home\769e70f2e46f34ceb60619bbda5e4691.php 第 364 行.
NOTIC: [8] Undefined index: d C:\wamp\www\yinma\Application\Common\Common\function.php 第 1243 行.
NOTIC: [8] Undefined variable: finish_amount C:\wamp\www\yinma\Runtime\Cache\Home\769e70f2e46f34ceb60619bbda5e4691.php 第 365 行.
SQL: SELECT * FROM `jm_picture` WHERE `status` = 1 AND `id` = 5733 LIMIT 1   [ RunTime:0.0101s ]
SQL: SELECT * FROM `jm_picture` WHERE `status` = 1 AND `id` = 5672 LIMIT 1   [ RunTime:0.0108s ]
SQL: SELECT * FROM `jm_picture` WHERE `status` = 1 AND `id` = 5622 LIMIT 1   [ RunTime:0.0053s ]
SQL: SELECT * FROM `jm_picture` WHERE `status` = 1 AND `id` = 5597 LIMIT 1   [ RunTime:0.0053s ]
SQL: SELECT * FROM `jm_picture` WHERE `status` = 1 AND `id` = 5708 LIMIT 1   [ RunTime:0.0065s ]
SQL: SELECT * FROM `jm_picture` WHERE `status` = 1 AND `id` = 5572 LIMIT 1   [ RunTime:0.0088s ]
SQL: SELECT * FROM `jm_picture` WHERE `status` = 1 AND `id` = 5577 LIMIT 1   [ RunTime:0.0065s ]
SQL: SELECT * FROM `jm_picture` WHERE `status` = 1 AND `id` = 5580 LIMIT 1   [ RunTime:0.0055s ]
SQL: SELECT * FROM `jm_picture` WHERE `status` = 1 AND `id` = 5571 LIMIT 1   [ RunTime:0.0054s ]
SQL: SELECT * FROM `jm_picture` WHERE `status` = 1 AND `id` = 5579 LIMIT 1   [ RunTime:0.0087s ]
SQL: SELECT * FROM `jm_picture` WHERE `status` = 1 AND `id` = 5576 LIMIT 1   [ RunTime:0.0066s ]
SQL: SELECT * FROM `jm_picture` WHERE `status` = 1 AND `id` = 5574 LIMIT 1   [ RunTime:0.0054s ]
SQL: SELECT * FROM `jm_picture` WHERE `status` = 1 AND `id` = 5569 LIMIT 1   [ RunTime:0.0054s ]
SQL: SELECT * FROM `jm_picture` WHERE `status` = 1 AND `id` = 5650 LIMIT 1   [ RunTime:0.0056s ]
SQL: SELECT * FROM `jm_picture` WHERE `status` = 1 AND `id` = 5651 LIMIT 1   [ RunTime:0.0053s ]
SQL: SELECT * FROM `jm_picture` WHERE `status` = 1 AND `id` = 5654 LIMIT 1   [ RunTime:0.0054s ]
INFO: Run Behavior\ParseTemplateBehavior [ RunTime:0.234682s ]
INFO: [ view_parse ] --END-- [ RunTime:0.234765s ]
INFO: [ view_filter ] --START--
INFO: Run Behavior\WriteHtmlCacheBehavior [ RunTime:0.000736s ]
INFO: [ view_filter ] --END-- [ RunTime:0.000840s ]
INFO: [ app_end ] --START--
INFO: Run Behavior\ShowPageTraceBehavior [ RunTime:0.000939s ]
INFO: [ app_end ] --END-- [ RunTime:0.001049s ]

[ 2016-03-16T15:37:42+08:00 ] 127.0.0.1 /Public/static/jquery.js
INFO: [ app_init ] --START--
INFO: Run Behavior\BuildLiteBehavior [ RunTime:0.000021s ]
INFO: Run Common\Behavior\InitHookBehavior [ RunTime:0.004592s ]
INFO: [ app_init ] --END-- [ RunTime:0.005115s ]
INFO: [ app_begin ] --START--
INFO: Run Behavior\ReadHtmlCacheBehavior [ RunTime:0.000965s ]
INFO: Run Addons\Iswaf\IswafAddon [ RunTime:0.012523s ]
INFO: [ app_begin ] --END-- [ RunTime:0.013683s ]
SQL: SHOW COLUMNS FROM `jm_config` [ RunTime:0.0093s ]
SQL: SELECT `type`,`name`,`value` FROM `jm_config` WHERE `status` = 1  [ RunTime:0.0077s ]

[ 2016-03-16T15:37:43+08:00 ] 127.0.0.1 /Index/index.html
INFO: [ app_init ] --START--
INFO: Run Behavior\BuildLiteBehavior [ RunTime:0.000035s ]
INFO: Run Common\Behavior\InitHookBehavior [ RunTime:0.004159s ]
INFO: [ app_init ] --END-- [ RunTime:0.004787s ]
INFO: [ app_begin ] --START--
INFO: Run Behavior\ReadHtmlCacheBehavior [ RunTime:0.001581s ]
INFO: Run Addons\Iswaf\IswafAddon [ RunTime:0.018426s ]
INFO: [ app_begin ] --END-- [ RunTime:0.020293s ]
SQL: SHOW COLUMNS FROM `jm_config` [ RunTime:0.0051s ]
SQL: SELECT `type`,`name`,`value` FROM `jm_config` WHERE `status` = 1  [ RunTime:0.0050s ]
SQL: SHOW COLUMNS FROM `jm_notice` [ RunTime:0.0048s ]
SQL: SELECT `id`,`create_time`,`title` FROM `jm_notice` WHERE ( status = 0 ) ORDER BY is_top desc,create_time desc LIMIT 6   [ RunTime:0.0043s ]
SQL: SHOW COLUMNS FROM `jm_infomation` [ RunTime:0.0057s ]
SQL: SELECT `id`,`create_time`,`title` FROM `jm_infomation` WHERE ( status = 1 ) ORDER BY level desc,create_time desc LIMIT 6   [ RunTime:0.0052s ]
NOTIC: [8] Undefined variable: noticearray C:\wamp\www\yinma\Application\Home\Controller\IndexController.class.php 第 60 行.
NOTIC: [2] implode(): Invalid arguments passed C:\wamp\www\yinma\Application\Home\Controller\IndexController.class.php 第 60 行.
NOTIC: [8] Undefined variable: newsarray C:\wamp\www\yinma\Application\Home\Controller\IndexController.class.php 第 62 行.
NOTIC: [2] implode(): Invalid arguments passed C:\wamp\www\yinma\Application\Home\Controller\IndexController.class.php 第 62 行.
SQL: SHOW COLUMNS FROM `jm_project` [ RunTime:0.0058s ]
SQL: SHOW COLUMNS FROM `jm_proj_index` [ RunTime:0.0077s ]
SQL: SELECT * FROM `jm_proj_index` WHERE `stage` = 4 ORDER BY is_top desc, create_time desc LIMIT 6   [ RunTime:0.0066s ]
SQL: SELECT * FROM `jm_proj_index` WHERE `stage` = 2 ORDER BY is_top desc, create_time desc  [ RunTime:0.0063s ]
SQL: SELECT * FROM `jm_proj_index` WHERE `stage` = 1 ORDER BY is_top desc, create_time desc  [ RunTime:0.0077s ]
SQL: SELECT * FROM `jm_proj_index` WHERE `stage` = 9 ORDER BY is_top desc, create_time desc LIMIT 6   [ RunTime:0.0063s ]
SQL: SHOW COLUMNS FROM `jm_banner` [ RunTime:0.0050s ]
SQL: SELECT * FROM `jm_banner` WHERE `status` = 0 ORDER BY sort asc,id desc  [ RunTime:0.0049s ]
SQL: SHOW COLUMNS FROM `jm_product` [ RunTime:0.0054s ]
SQL: SELECT * FROM `jm_product` WHERE `status` = 9 AND ( `stage` > 1 AND `stage` < 9 AND `stage` <> 8  ) ORDER BY is_sort desc,start_time desc LIMIT 4   [ RunTime:0.0053s ]
SQL: SELECT * FROM `jm_product` WHERE `status` = 9 AND ( `stage` = 9  ) ORDER BY is_sort desc,start_time desc LIMIT 4   [ RunTime:0.0050s ]
SQL: SELECT * FROM `jm_proj_index` WHERE `status` = 9 AND `stage` BETWEEN '1' AND '4' ORDER BY stage desc,is_top desc,create_time desc LIMIT 6   [ RunTime:0.0070s ]
SQL: SHOW COLUMNS FROM `jm_project` [ RunTime:0.0054s ]
SQL: SELECT COUNT(*) AS tp_count FROM `jm_project` WHERE `status` >= 9 AND `stage` IN ('1','4','9') LIMIT 1   [ RunTime:0.0044s ]
SQL: SHOW COLUMNS FROM `jm_project_investor` [ RunTime:0.0050s ]
SQL: SELECT SUM(fund) AS tp_sum FROM `jm_project_investor` WHERE `status` >= 4 LIMIT 1   [ RunTime:0.0081s ]
SQL: SELECT COUNT(*) AS tp_count FROM `jm_product` WHERE `status` >= 9 AND `stage` IN ('2','9') LIMIT 1   [ RunTime:0.0042s ]
SQL: SHOW COLUMNS FROM `jm_custom` [ RunTime:0.0052s ]
SQL: SELECT SUM(amount*count) AS tp_sum FROM `jm_custom` WHERE `status` = 1 LIMIT 1   [ RunTime:0.0043s ]
SQL: SHOW COLUMNS FROM `jm_ucenter_member` [ RunTime:0.0052s ]
SQL: SELECT COUNT(*) AS tp_count FROM `jm_ucenter_member` WHERE `status` = 1 LIMIT 1   [ RunTime:0.0046s ]
SQL: SHOW COLUMNS FROM `jm_link` [ RunTime:0.0049s ]
SQL: SELECT `name`,`logo`,`url` FROM `jm_link` WHERE `status` = 1 ORDER BY sort desc LIMIT 12   [ RunTime:0.0045s ]
INFO: [ view_parse ] --START--
INFO: [ template_filter ] --START--
INFO: Run Behavior\ContentReplaceBehavior [ RunTime:0.000576s ]
INFO: [ template_filter ] --END-- [ RunTime:0.000741s ]
SQL: SHOW COLUMNS FROM `jm_picture` [ RunTime:0.0049s ]
SQL: SELECT * FROM `jm_picture` WHERE `status` = 1 AND `id` = 5817 LIMIT 1   [ RunTime:0.0051s ]
SQL: SELECT * FROM `jm_picture` WHERE `status` = 1 AND `id` = 5817 LIMIT 1   [ RunTime:0.0053s ]
SQL: SELECT * FROM `jm_picture` WHERE `status` = 1 AND `id` = 5769 LIMIT 1   [ RunTime:0.0044s ]
SQL: SELECT * FROM `jm_picture` WHERE `status` = 1 AND `id` = 5769 LIMIT 1   [ RunTime:0.0044s ]
SQL: SELECT * FROM `jm_picture` WHERE `status` = 1 AND `id` = 5794 LIMIT 1   [ RunTime:0.0044s ]
SQL: SELECT * FROM `jm_picture` WHERE `status` = 1 AND `id` = 5789 LIMIT 1   [ RunTime:0.0043s ]
NOTIC: [8] Undefined index: city C:\wamp\www\yinma\Runtime\Cache\Home\769e70f2e46f34ceb60619bbda5e4691.php 第 364 行.
NOTIC: [8] Undefined index: d C:\wamp\www\yinma\Application\Common\Common\function.php 第 1243 行.
NOTIC: [8] Undefined variable: finish_amount C:\wamp\www\yinma\Runtime\Cache\Home\769e70f2e46f34ceb60619bbda5e4691.php 第 365 行.
SQL: SELECT * FROM `jm_picture` WHERE `status` = 1 AND `id` = 5733 LIMIT 1   [ RunTime:0.0045s ]
SQL: SELECT * FROM `jm_picture` WHERE `status` = 1 AND `id` = 5672 LIMIT 1   [ RunTime:0.0049s ]
SQL: SELECT * FROM `jm_picture` WHERE `status` = 1 AND `id` = 5622 LIMIT 1   [ RunTime:0.0045s ]
SQL: SELECT * FROM `jm_picture` WHERE `status` = 1 AND `id` = 5597 LIMIT 1   [ RunTime:0.0075s ]
SQL: SELECT * FROM `jm_picture` WHERE `status` = 1 AND `id` = 5708 LIMIT 1   [ RunTime:0.0050s ]
SQL: SELECT * FROM `jm_picture` WHERE `status` = 1 AND `id` = 5572 LIMIT 1   [ RunTime:0.0049s ]
SQL: SELECT * FROM `jm_picture` WHERE `status` = 1 AND `id` = 5577 LIMIT 1   [ RunTime:0.0050s ]
SQL: SELECT * FROM `jm_picture` WHERE `status` = 1 AND `id` = 5580 LIMIT 1   [ RunTime:0.0047s ]
SQL: SELECT * FROM `jm_picture` WHERE `status` = 1 AND `id` = 5571 LIMIT 1   [ RunTime:0.0045s ]
SQL: SELECT * FROM `jm_picture` WHERE `status` = 1 AND `id` = 5579 LIMIT 1   [ RunTime:0.0044s ]
SQL: SELECT * FROM `jm_picture` WHERE `status` = 1 AND `id` = 5576 LIMIT 1   [ RunTime:0.0045s ]
SQL: SELECT * FROM `jm_picture` WHERE `status` = 1 AND `id` = 5574 LIMIT 1   [ RunTime:0.0045s ]
SQL: SELECT * FROM `jm_picture` WHERE `status` = 1 AND `id` = 5569 LIMIT 1   [ RunTime:0.0045s ]
SQL: SELECT * FROM `jm_picture` WHERE `status` = 1 AND `id` = 5650 LIMIT 1   [ RunTime:0.0044s ]
SQL: SELECT * FROM `jm_picture` WHERE `status` = 1 AND `id` = 5651 LIMIT 1   [ RunTime:0.0044s ]
SQL: SELECT * FROM `jm_picture` WHERE `status` = 1 AND `id` = 5654 LIMIT 1   [ RunTime:0.0050s ]
INFO: Run Behavior\ParseTemplateBehavior [ RunTime:0.199975s ]
INFO: [ view_parse ] --END-- [ RunTime:0.200156s ]
INFO: [ view_filter ] --START--
INFO: Run Behavior\WriteHtmlCacheBehavior [ RunTime:0.001876s ]
INFO: [ view_filter ] --END-- [ RunTime:0.002032s ]
INFO: [ app_end ] --START--
INFO: Run Behavior\ShowPageTraceBehavior [ RunTime:0.002442s ]
INFO: [ app_end ] --END-- [ RunTime:0.002613s ]

[ 2016-03-16T15:37:48+08:00 ] 127.0.0.1 /Public/static/jquery.js
INFO: [ app_init ] --START--
INFO: Run Behavior\BuildLiteBehavior [ RunTime:0.000018s ]
INFO: Run Common\Behavior\InitHookBehavior [ RunTime:0.003110s ]
INFO: [ app_init ] --END-- [ RunTime:0.003560s ]
INFO: [ app_begin ] --START--
INFO: Run Behavior\ReadHtmlCacheBehavior [ RunTime:0.000880s ]
INFO: Run Addons\Iswaf\IswafAddon [ RunTime:0.013453s ]
INFO: [ app_begin ] --END-- [ RunTime:0.014483s ]
SQL: SHOW COLUMNS FROM `jm_config` [ RunTime:0.0060s ]
SQL: SELECT `type`,`name`,`value` FROM `jm_config` WHERE `status` = 1  [ RunTime:0.0062s ]

[ 2016-03-16T15:37:49+08:00 ] 127.0.0.1 /Index/index.html
INFO: [ app_init ] --START--
INFO: Run Behavior\BuildLiteBehavior [ RunTime:0.000019s ]
INFO: Run Common\Behavior\InitHookBehavior [ RunTime:0.002846s ]
INFO: [ app_init ] --END-- [ RunTime:0.003270s ]
INFO: [ app_begin ] --START--
INFO: Run Behavior\ReadHtmlCacheBehavior [ RunTime:0.000892s ]
INFO: Run Addons\Iswaf\IswafAddon [ RunTime:0.014434s ]
INFO: [ app_begin ] --END-- [ RunTime:0.015486s ]
SQL: SHOW COLUMNS FROM `jm_config` [ RunTime:0.0057s ]
SQL: SELECT `type`,`name`,`value` FROM `jm_config` WHERE `status` = 1  [ RunTime:0.0057s ]
SQL: SHOW COLUMNS FROM `jm_notice` [ RunTime:0.0057s ]
SQL: SELECT `id`,`create_time`,`title` FROM `jm_notice` WHERE ( status = 0 ) ORDER BY is_top desc,create_time desc LIMIT 6   [ RunTime:0.0056s ]
SQL: SHOW COLUMNS FROM `jm_infomation` [ RunTime:0.0061s ]
SQL: SELECT `id`,`create_time`,`title` FROM `jm_infomation` WHERE ( status = 1 ) ORDER BY level desc,create_time desc LIMIT 6   [ RunTime:0.0059s ]
NOTIC: [8] Undefined variable: noticearray C:\wamp\www\yinma\Application\Home\Controller\IndexController.class.php 第 60 行.
NOTIC: [2] implode(): Invalid arguments passed C:\wamp\www\yinma\Application\Home\Controller\IndexController.class.php 第 60 行.
NOTIC: [8] Undefined variable: newsarray C:\wamp\www\yinma\Application\Home\Controller\IndexController.class.php 第 62 行.
NOTIC: [2] implode(): Invalid arguments passed C:\wamp\www\yinma\Application\Home\Controller\IndexController.class.php 第 62 行.
SQL: SHOW COLUMNS FROM `jm_project` [ RunTime:0.0063s ]
SQL: SHOW COLUMNS FROM `jm_proj_index` [ RunTime:0.0063s ]
SQL: SELECT * FROM `jm_proj_index` WHERE `stage` = 4 ORDER BY is_top desc, create_time desc LIMIT 6   [ RunTime:0.0071s ]
SQL: SELECT * FROM `jm_proj_index` WHERE `stage` = 2 ORDER BY is_top desc, create_time desc  [ RunTime:0.0106s ]
SQL: SELECT * FROM `jm_proj_index` WHERE `stage` = 1 ORDER BY is_top desc, create_time desc  [ RunTime:0.0069s ]
SQL: SELECT * FROM `jm_proj_index` WHERE `stage` = 9 ORDER BY is_top desc, create_time desc LIMIT 6   [ RunTime:0.0080s ]
SQL: SHOW COLUMNS FROM `jm_banner` [ RunTime:0.0058s ]
SQL: SELECT * FROM `jm_banner` WHERE `status` = 0 ORDER BY sort asc,id desc  [ RunTime:0.0055s ]
SQL: SHOW COLUMNS FROM `jm_product` [ RunTime:0.0066s ]
SQL: SELECT * FROM `jm_product` WHERE `status` = 9 AND ( `stage` > 1 AND `stage` < 9 AND `stage` <> 8  ) ORDER BY is_sort desc,start_time desc LIMIT 4   [ RunTime:0.0061s ]
SQL: SELECT * FROM `jm_product` WHERE `status` = 9 AND ( `stage` = 9  ) ORDER BY is_sort desc,start_time desc LIMIT 4   [ RunTime:0.0068s ]
SQL: SELECT * FROM `jm_proj_index` WHERE `status` = 9 AND `stage` BETWEEN '1' AND '4' ORDER BY stage desc,is_top desc,create_time desc LIMIT 6   [ RunTime:0.0071s ]
SQL: SHOW COLUMNS FROM `jm_project` [ RunTime:0.0069s ]
SQL: SELECT COUNT(*) AS tp_count FROM `jm_project` WHERE `status` >= 9 AND `stage` IN ('1','4','9') LIMIT 1   [ RunTime:0.0052s ]
SQL: SHOW COLUMNS FROM `jm_project_investor` [ RunTime:0.0058s ]
SQL: SELECT SUM(fund) AS tp_sum FROM `jm_project_investor` WHERE `status` >= 4 LIMIT 1   [ RunTime:0.0054s ]
SQL: SELECT COUNT(*) AS tp_count FROM `jm_product` WHERE `status` >= 9 AND `stage` IN ('2','9') LIMIT 1   [ RunTime:0.0050s ]
SQL: SHOW COLUMNS FROM `jm_custom` [ RunTime:0.0059s ]
SQL: SELECT SUM(amount*count) AS tp_sum FROM `jm_custom` WHERE `status` = 1 LIMIT 1   [ RunTime:0.0053s ]
SQL: SHOW COLUMNS FROM `jm_ucenter_member` [ RunTime:0.0089s ]
SQL: SELECT COUNT(*) AS tp_count FROM `jm_ucenter_member` WHERE `status` = 1 LIMIT 1   [ RunTime:0.0051s ]
SQL: SHOW COLUMNS FROM `jm_link` [ RunTime:0.0054s ]
SQL: SELECT `name`,`logo`,`url` FROM `jm_link` WHERE `status` = 1 ORDER BY sort desc LIMIT 12   [ RunTime:0.0055s ]
INFO: [ view_parse ] --START--
INFO: [ template_filter ] --START--
INFO: Run Behavior\ContentReplaceBehavior [ RunTime:0.000490s ]
INFO: [ template_filter ] --END-- [ RunTime:0.000586s ]
SQL: SHOW COLUMNS FROM `jm_picture` [ RunTime:0.0060s ]
SQL: SELECT * FROM `jm_picture` WHERE `status` = 1 AND `id` = 5817 LIMIT 1   [ RunTime:0.0054s ]
SQL: SELECT * FROM `jm_picture` WHERE `status` = 1 AND `id` = 5817 LIMIT 1   [ RunTime:0.0057s ]
SQL: SELECT * FROM `jm_picture` WHERE `status` = 1 AND `id` = 5769 LIMIT 1   [ RunTime:0.0051s ]
SQL: SELECT * FROM `jm_picture` WHERE `status` = 1 AND `id` = 5769 LIMIT 1   [ RunTime:0.0053s ]
SQL: SELECT * FROM `jm_picture` WHERE `status` = 1 AND `id` = 5794 LIMIT 1   [ RunTime:0.0057s ]
SQL: SELECT * FROM `jm_picture` WHERE `status` = 1 AND `id` = 5789 LIMIT 1   [ RunTime:0.0055s ]
NOTIC: [8] Undefined index: city C:\wamp\www\yinma\Runtime\Cache\Home\769e70f2e46f34ceb60619bbda5e4691.php 第 364 行.
NOTIC: [8] Undefined index: d C:\wamp\www\yinma\Application\Common\Common\function.php 第 1243 行.
NOTIC: [8] Undefined variable: finish_amount C:\wamp\www\yinma\Runtime\Cache\Home\769e70f2e46f34ceb60619bbda5e4691.php 第 365 行.
SQL: SELECT * FROM `jm_picture` WHERE `status` = 1 AND `id` = 5733 LIMIT 1   [ RunTime:0.0051s ]
SQL: SELECT * FROM `jm_picture` WHERE `status` = 1 AND `id` = 5672 LIMIT 1   [ RunTime:0.0054s ]
SQL: SELECT * FROM `jm_picture` WHERE `status` = 1 AND `id` = 5622 LIMIT 1   [ RunTime:0.0066s ]
SQL: SELECT * FROM `jm_picture` WHERE `status` = 1 AND `id` = 5597 LIMIT 1   [ RunTime:0.0052s ]
SQL: SELECT * FROM `jm_picture` WHERE `status` = 1 AND `id` = 5708 LIMIT 1   [ RunTime:0.0065s ]
SQL: SELECT * FROM `jm_picture` WHERE `status` = 1 AND `id` = 5572 LIMIT 1   [ RunTime:0.0051s ]
SQL: SELECT * FROM `jm_picture` WHERE `status` = 1 AND `id` = 5577 LIMIT 1   [ RunTime:0.0052s ]
SQL: SELECT * FROM `jm_picture` WHERE `status` = 1 AND `id` = 5580 LIMIT 1   [ RunTime:0.0069s ]
SQL: SELECT * FROM `jm_picture` WHERE `status` = 1 AND `id` = 5571 LIMIT 1   [ RunTime:0.0051s ]
SQL: SELECT * FROM `jm_picture` WHERE `status` = 1 AND `id` = 5579 LIMIT 1   [ RunTime:0.0052s ]
SQL: SELECT * FROM `jm_picture` WHERE `status` = 1 AND `id` = 5576 LIMIT 1   [ RunTime:0.0051s ]
SQL: SELECT * FROM `jm_picture` WHERE `status` = 1 AND `id` = 5574 LIMIT 1   [ RunTime:0.0059s ]
SQL: SELECT * FROM `jm_picture` WHERE `status` = 1 AND `id` = 5569 LIMIT 1   [ RunTime:0.0062s ]
SQL: SELECT * FROM `jm_picture` WHERE `status` = 1 AND `id` = 5650 LIMIT 1   [ RunTime:0.0058s ]
SQL: SELECT * FROM `jm_picture` WHERE `status` = 1 AND `id` = 5651 LIMIT 1   [ RunTime:0.0061s ]
SQL: SELECT * FROM `jm_picture` WHERE `status` = 1 AND `id` = 5654 LIMIT 1   [ RunTime:0.0056s ]
INFO: Run Behavior\ParseTemplateBehavior [ RunTime:0.237781s ]
INFO: [ view_parse ] --END-- [ RunTime:0.237988s ]
INFO: [ view_filter ] --START--
INFO: Run Behavior\WriteHtmlCacheBehavior [ RunTime:0.003822s ]
INFO: [ view_filter ] --END-- [ RunTime:0.003960s ]
INFO: [ app_end ] --START--
INFO: Run Behavior\ShowPageTraceBehavior [ RunTime:0.000989s ]
INFO: [ app_end ] --END-- [ RunTime:0.001077s ]

[ 2016-03-16T15:38:49+08:00 ] 127.0.0.1 /Public/static/jquery.js
INFO: [ app_init ] --START--
INFO: Run Behavior\BuildLiteBehavior [ RunTime:0.000019s ]
INFO: Run Common\Behavior\InitHookBehavior [ RunTime:0.002866s ]
INFO: [ app_init ] --END-- [ RunTime:0.003307s ]
INFO: [ app_begin ] --START--
INFO: Run Behavior\ReadHtmlCacheBehavior [ RunTime:0.001116s ]
INFO: Run Addons\Iswaf\IswafAddon [ RunTime:0.012581s ]
INFO: [ app_begin ] --END-- [ RunTime:0.013876s ]
SQL: SHOW COLUMNS FROM `jm_config` [ RunTime:0.0097s ]
SQL: SELECT `type`,`name`,`value` FROM `jm_config` WHERE `status` = 1  [ RunTime:0.0062s ]

[ 2016-03-16T15:38:50+08:00 ] 127.0.0.1 /Index/index.html
INFO: [ app_init ] --START--
INFO: Run Behavior\BuildLiteBehavior [ RunTime:0.000021s ]
INFO: Run Common\Behavior\InitHookBehavior [ RunTime:0.003771s ]
INFO: [ app_init ] --END-- [ RunTime:0.004262s ]
INFO: [ app_begin ] --START--
INFO: Run Behavior\ReadHtmlCacheBehavior [ RunTime:0.000937s ]
INFO: Run Addons\Iswaf\IswafAddon [ RunTime:0.014290s ]
INFO: [ app_begin ] --END-- [ RunTime:0.015387s ]
SQL: SHOW COLUMNS FROM `jm_config` [ RunTime:0.0060s ]
SQL: SELECT `type`,`name`,`value` FROM `jm_config` WHERE `status` = 1  [ RunTime:0.0052s ]
SQL: SHOW COLUMNS FROM `jm_notice` [ RunTime:0.0049s ]
SQL: SELECT `id`,`create_time`,`title` FROM `jm_notice` WHERE ( status = 0 ) ORDER BY is_top desc,create_time desc LIMIT 6   [ RunTime:0.0056s ]
SQL: SHOW COLUMNS FROM `jm_infomation` [ RunTime:0.0052s ]
SQL: SELECT `id`,`create_time`,`title` FROM `jm_infomation` WHERE ( status = 1 ) ORDER BY level desc,create_time desc LIMIT 6   [ RunTime:0.0052s ]
NOTIC: [8] Undefined variable: noticearray C:\wamp\www\yinma\Application\Home\Controller\IndexController.class.php 第 60 行.
NOTIC: [2] implode(): Invalid arguments passed C:\wamp\www\yinma\Application\Home\Controller\IndexController.class.php 第 60 行.
NOTIC: [8] Undefined variable: newsarray C:\wamp\www\yinma\Application\Home\Controller\IndexController.class.php 第 62 行.
NOTIC: [2] implode(): Invalid arguments passed C:\wamp\www\yinma\Application\Home\Controller\IndexController.class.php 第 62 行.
SQL: SHOW COLUMNS FROM `jm_project` [ RunTime:0.0058s ]
SQL: SHOW COLUMNS FROM `jm_proj_index` [ RunTime:0.0064s ]
SQL: SELECT * FROM `jm_proj_index` WHERE `stage` = 4 ORDER BY is_top desc, create_time desc LIMIT 6   [ RunTime:0.0069s ]
SQL: SELECT * FROM `jm_proj_index` WHERE `stage` = 2 ORDER BY is_top desc, create_time desc  [ RunTime:0.0067s ]
SQL: SELECT * FROM `jm_proj_index` WHERE `stage` = 1 ORDER BY is_top desc, create_time desc  [ RunTime:0.0062s ]
SQL: SELECT * FROM `jm_proj_index` WHERE `stage` = 9 ORDER BY is_top desc, create_time desc LIMIT 6   [ RunTime:0.0066s ]
SQL: SHOW COLUMNS FROM `jm_banner` [ RunTime:0.0067s ]
SQL: SELECT * FROM `jm_banner` WHERE `status` = 0 ORDER BY sort asc,id desc  [ RunTime:0.0048s ]
SQL: SHOW COLUMNS FROM `jm_product` [ RunTime:0.0056s ]
SQL: SELECT * FROM `jm_product` WHERE `status` = 9 AND ( `stage` > 1 AND `stage` < 9 AND `stage` <> 8  ) ORDER BY is_sort desc,start_time desc LIMIT 4   [ RunTime:0.0058s ]
SQL: SELECT * FROM `jm_product` WHERE `status` = 9 AND ( `stage` = 9  ) ORDER BY is_sort desc,start_time desc LIMIT 4   [ RunTime:0.0060s ]
SQL: SELECT * FROM `jm_proj_index` WHERE `status` = 9 AND `stage` BETWEEN '1' AND '4' ORDER BY stage desc,is_top desc,create_time desc LIMIT 6   [ RunTime:0.0148s ]
SQL: SHOW COLUMNS FROM `jm_project` [ RunTime:0.0092s ]
SQL: SELECT COUNT(*) AS tp_count FROM `jm_project` WHERE `status` >= 9 AND `stage` IN ('1','4','9') LIMIT 1   [ RunTime:0.0113s ]
SQL: SHOW COLUMNS FROM `jm_project_investor` [ RunTime:0.0053s ]
SQL: SELECT SUM(fund) AS tp_sum FROM `jm_project_investor` WHERE `status` >= 4 LIMIT 1   [ RunTime:0.0050s ]
SQL: SELECT COUNT(*) AS tp_count FROM `jm_product` WHERE `status` >= 9 AND `stage` IN ('2','9') LIMIT 1   [ RunTime:0.0053s ]
SQL: SHOW COLUMNS FROM `jm_custom` [ RunTime:0.0062s ]
SQL: SELECT SUM(amount*count) AS tp_sum FROM `jm_custom` WHERE `status` = 1 LIMIT 1   [ RunTime:0.0046s ]
SQL: SHOW COLUMNS FROM `jm_ucenter_member` [ RunTime:0.0066s ]
SQL: SELECT COUNT(*) AS tp_count FROM `jm_ucenter_member` WHERE `status` = 1 LIMIT 1   [ RunTime:0.0047s ]
SQL: SHOW COLUMNS FROM `jm_link` [ RunTime:0.0052s ]
SQL: SELECT `name`,`logo`,`url` FROM `jm_link` WHERE `status` = 1 ORDER BY sort desc LIMIT 12   [ RunTime:0.0056s ]
INFO: [ view_parse ] --START--
INFO: [ template_filter ] --START--
INFO: Run Behavior\ContentReplaceBehavior [ RunTime:0.000452s ]
INFO: [ template_filter ] --END-- [ RunTime:0.000537s ]
SQL: SHOW COLUMNS FROM `jm_picture` [ RunTime:0.0144s ]
SQL: SELECT * FROM `jm_picture` WHERE `status` = 1 AND `id` = 5817 LIMIT 1   [ RunTime:0.0136s ]
SQL: SELECT * FROM `jm_picture` WHERE `status` = 1 AND `id` = 5817 LIMIT 1   [ RunTime:0.0158s ]
SQL: SELECT * FROM `jm_picture` WHERE `status` = 1 AND `id` = 5769 LIMIT 1   [ RunTime:0.0139s ]
SQL: SELECT * FROM `jm_picture` WHERE `status` = 1 AND `id` = 5769 LIMIT 1   [ RunTime:0.0107s ]
SQL: SELECT * FROM `jm_picture` WHERE `status` = 1 AND `id` = 5794 LIMIT 1   [ RunTime:0.0107s ]
SQL: SELECT * FROM `jm_picture` WHERE `status` = 1 AND `id` = 5789 LIMIT 1   [ RunTime:0.0121s ]
NOTIC: [8] Undefined index: city C:\wamp\www\yinma\Runtime\Cache\Home\769e70f2e46f34ceb60619bbda5e4691.php 第 364 行.
NOTIC: [8] Undefined index: d C:\wamp\www\yinma\Application\Common\Common\function.php 第 1243 行.
NOTIC: [8] Undefined variable: finish_amount C:\wamp\www\yinma\Runtime\Cache\Home\769e70f2e46f34ceb60619bbda5e4691.php 第 365 行.
SQL: SELECT * FROM `jm_picture` WHERE `status` = 1 AND `id` = 5733 LIMIT 1   [ RunTime:0.0051s ]
SQL: SELECT * FROM `jm_picture` WHERE `status` = 1 AND `id` = 5672 LIMIT 1   [ RunTime:0.0063s ]
SQL: SELECT * FROM `jm_picture` WHERE `status` = 1 AND `id` = 5622 LIMIT 1   [ RunTime:0.0045s ]
SQL: SELECT * FROM `jm_picture` WHERE `status` = 1 AND `id` = 5597 LIMIT 1   [ RunTime:0.0051s ]
SQL: SELECT * FROM `jm_picture` WHERE `status` = 1 AND `id` = 5708 LIMIT 1   [ RunTime:0.0046s ]
SQL: SELECT * FROM `jm_picture` WHERE `status` = 1 AND `id` = 5572 LIMIT 1   [ RunTime:0.0048s ]
SQL: SELECT * FROM `jm_picture` WHERE `status` = 1 AND `id` = 5577 LIMIT 1   [ RunTime:0.0059s ]
SQL: SELECT * FROM `jm_picture` WHERE `status` = 1 AND `id` = 5580 LIMIT 1   [ RunTime:0.0076s ]
SQL: SELECT * FROM `jm_picture` WHERE `status` = 1 AND `id` = 5571 LIMIT 1   [ RunTime:0.0046s ]
SQL: SELECT * FROM `jm_picture` WHERE `status` = 1 AND `id` = 5579 LIMIT 1   [ RunTime:0.0053s ]
SQL: SELECT * FROM `jm_picture` WHERE `status` = 1 AND `id` = 5576 LIMIT 1   [ RunTime:0.0077s ]
SQL: SELECT * FROM `jm_picture` WHERE `status` = 1 AND `id` = 5574 LIMIT 1   [ RunTime:0.0062s ]
SQL: SELECT * FROM `jm_picture` WHERE `status` = 1 AND `id` = 5569 LIMIT 1   [ RunTime:0.0071s ]
SQL: SELECT * FROM `jm_picture` WHERE `status` = 1 AND `id` = 5650 LIMIT 1   [ RunTime:0.0045s ]
SQL: SELECT * FROM `jm_picture` WHERE `status` = 1 AND `id` = 5651 LIMIT 1   [ RunTime:0.0045s ]
SQL: SELECT * FROM `jm_picture` WHERE `status` = 1 AND `id` = 5654 LIMIT 1   [ RunTime:0.0060s ]
INFO: Run Behavior\ParseTemplateBehavior [ RunTime:0.245555s ]
INFO: [ view_parse ] --END-- [ RunTime:0.245641s ]
INFO: [ view_filter ] --START--
INFO: Run Behavior\WriteHtmlCacheBehavior [ RunTime:0.000664s ]
INFO: [ view_filter ] --END-- [ RunTime:0.000735s ]
INFO: [ app_end ] --START--
INFO: Run Behavior\ShowPageTraceBehavior [ RunTime:0.000889s ]
INFO: [ app_end ] --END-- [ RunTime:0.000976s ]

