[ 2016-04-05T11:01:19+08:00 ] 127.0.0.1 /
INFO: [ app_init ] --START--
INFO: Run Behavior\BuildLiteBehavior [ RunTime:0.000021s ]
INFO: Run Common\Behavior\InitHookBehavior [ RunTime:0.003073s ]
INFO: [ app_init ] --END-- [ RunTime:0.003678s ]
INFO: [ app_begin ] --START--
INFO: Run Behavior\ReadHtmlCacheBehavior [ RunTime:0.001260s ]
INFO: Run Addons\Iswaf\IswafAddon [ RunTime:0.012969s ]
INFO: [ app_begin ] --END-- [ RunTime:0.014401s ]
SQL: SHOW COLUMNS FROM `jm_config` [ RunTime:0.0055s ]
SQL: SELECT `type`,`name`,`value` FROM `jm_config` WHERE `status` = 1  [ RunTime:0.0053s ]
SQL: SHOW COLUMNS FROM `jm_notice` [ RunTime:0.0059s ]
SQL: SELECT `id`,`create_time`,`title` FROM `jm_notice` WHERE ( status = 0 ) ORDER BY is_top desc,create_time desc LIMIT 6   [ RunTime:0.0049s ]
SQL: SHOW COLUMNS FROM `jm_infomation` [ RunTime:0.0052s ]
SQL: SELECT `id`,`create_time`,`title` FROM `jm_infomation` WHERE ( status = 1 ) ORDER BY level desc,create_time desc LIMIT 6   [ RunTime:0.0053s ]
NOTIC: [8] Undefined variable: noticearray C:\wamp\www\yinma\Application\Home\Controller\IndexController.class.php 第 60 行.
NOTIC: [2] implode(): Invalid arguments passed C:\wamp\www\yinma\Application\Home\Controller\IndexController.class.php 第 60 行.
NOTIC: [8] Undefined variable: newsarray C:\wamp\www\yinma\Application\Home\Controller\IndexController.class.php 第 62 行.
NOTIC: [2] implode(): Invalid arguments passed C:\wamp\www\yinma\Application\Home\Controller\IndexController.class.php 第 62 行.
SQL: SHOW COLUMNS FROM `jm_project` [ RunTime:0.0062s ]
SQL: SHOW COLUMNS FROM `jm_proj_index` [ RunTime:0.0069s ]
SQL: SELECT * FROM `jm_proj_index` WHERE `stage` = 4 ORDER BY is_top desc, create_time desc LIMIT 6   [ RunTime:0.0073s ]
SQL: SELECT * FROM `jm_proj_index` WHERE `stage` = 2 ORDER BY is_top desc, create_time desc  [ RunTime:0.0065s ]
SQL: SELECT * FROM `jm_proj_index` WHERE `stage` = 1 ORDER BY is_top desc, create_time desc  [ RunTime:0.0064s ]
SQL: SELECT * FROM `jm_proj_index` WHERE `stage` = 9 ORDER BY is_top desc, create_time desc LIMIT 6   [ RunTime:0.0066s ]
SQL: SHOW COLUMNS FROM `jm_banner` [ RunTime:0.0076s ]
SQL: SELECT * FROM `jm_banner` WHERE `status` = 0 ORDER BY sort asc,id desc  [ RunTime:0.0054s ]
SQL: SHOW COLUMNS FROM `jm_product` [ RunTime:0.0062s ]
SQL: SELECT * FROM `jm_product` WHERE `status` = 9 AND ( `stage` > 1 AND `stage` < 9 AND `stage` <> 8  ) ORDER BY is_sort desc,start_time desc LIMIT 4   [ RunTime:0.0059s ]
SQL: SELECT * FROM `jm_product` WHERE `status` = 9 AND ( `stage` = 9  ) ORDER BY is_sort desc,start_time desc LIMIT 4   [ RunTime:0.0064s ]
SQL: SELECT * FROM `jm_proj_index` WHERE `status` = 9 AND `stage` BETWEEN '1' AND '4' ORDER BY stage desc,is_top desc,create_time desc LIMIT 6   [ RunTime:0.0120s ]
SQL: SHOW COLUMNS FROM `jm_project` [ RunTime:0.0067s ]
SQL: SELECT COUNT(*) AS tp_count FROM `jm_project` WHERE `status` >= 9 AND `stage` IN ('1','4','9') LIMIT 1   [ RunTime:0.0047s ]
SQL: SHOW COLUMNS FROM `jm_project_investor` [ RunTime:0.0054s ]
SQL: SELECT SUM(fund) AS tp_sum FROM `jm_project_investor` WHERE `status` >= 4 LIMIT 1   [ RunTime:0.0045s ]
SQL: SELECT COUNT(*) AS tp_count FROM `jm_product` WHERE `status` >= 9 AND `stage` IN ('2','9') LIMIT 1   [ RunTime:0.0043s ]
SQL: SHOW COLUMNS FROM `jm_custom` [ RunTime:0.0055s ]
SQL: SELECT SUM(amount*count) AS tp_sum FROM `jm_custom` WHERE `status` = 1 LIMIT 1   [ RunTime:0.0043s ]
SQL: SHOW COLUMNS FROM `jm_ucenter_member` [ RunTime:0.0060s ]
SQL: SELECT COUNT(*) AS tp_count FROM `jm_ucenter_member` WHERE `status` = 1 LIMIT 1   [ RunTime:0.0045s ]
SQL: SHOW COLUMNS FROM `jm_link` [ RunTime:0.0048s ]
SQL: SELECT `name`,`logo`,`url` FROM `jm_link` WHERE `status` = 1 ORDER BY sort desc LIMIT 12   [ RunTime:0.0050s ]
INFO: [ view_parse ] --START--
INFO: [ template_filter ] --START--
INFO: Run Behavior\ContentReplaceBehavior [ RunTime:0.000498s ]
INFO: [ template_filter ] --END-- [ RunTime:0.000602s ]
SQL: SHOW COLUMNS FROM `jm_picture` [ RunTime:0.0052s ]
SQL: SELECT * FROM `jm_picture` WHERE `status` = 1 AND `id` = 5817 LIMIT 1   [ RunTime:0.0053s ]
SQL: SELECT * FROM `jm_picture` WHERE `status` = 1 AND `id` = 5817 LIMIT 1   [ RunTime:0.0047s ]
SQL: SELECT * FROM `jm_picture` WHERE `status` = 1 AND `id` = 5769 LIMIT 1   [ RunTime:0.0053s ]
SQL: SELECT * FROM `jm_picture` WHERE `status` = 1 AND `id` = 5769 LIMIT 1   [ RunTime:0.0056s ]
SQL: SELECT * FROM `jm_picture` WHERE `status` = 1 AND `id` = 5794 LIMIT 1   [ RunTime:0.0046s ]
SQL: SELECT * FROM `jm_picture` WHERE `status` = 1 AND `id` = 5789 LIMIT 1   [ RunTime:0.0046s ]
NOTIC: [8] Undefined index: city C:\wamp\www\yinma\Runtime\Cache\Home\769e70f2e46f34ceb60619bbda5e4691.php 第 364 行.
NOTIC: [8] Undefined index: d C:\wamp\www\yinma\Application\Common\Common\function.php 第 1243 行.
NOTIC: [8] Undefined variable: finish_amount C:\wamp\www\yinma\Runtime\Cache\Home\769e70f2e46f34ceb60619bbda5e4691.php 第 365 行.
SQL: SELECT * FROM `jm_picture` WHERE `status` = 1 AND `id` = 5733 LIMIT 1   [ RunTime:0.0048s ]
SQL: SELECT * FROM `jm_picture` WHERE `status` = 1 AND `id` = 5672 LIMIT 1   [ RunTime:0.0059s ]
SQL: SELECT * FROM `jm_picture` WHERE `status` = 1 AND `id` = 5622 LIMIT 1   [ RunTime:0.0046s ]
SQL: SELECT * FROM `jm_picture` WHERE `status` = 1 AND `id` = 5597 LIMIT 1   [ RunTime:0.0046s ]
SQL: SELECT * FROM `jm_picture` WHERE `status` = 1 AND `id` = 5708 LIMIT 1   [ RunTime:0.0046s ]
SQL: SELECT * FROM `jm_picture` WHERE `status` = 1 AND `id` = 5572 LIMIT 1   [ RunTime:0.0045s ]
SQL: SELECT * FROM `jm_picture` WHERE `status` = 1 AND `id` = 5577 LIMIT 1   [ RunTime:0.0045s ]
SQL: SELECT * FROM `jm_picture` WHERE `status` = 1 AND `id` = 5580 LIMIT 1   [ RunTime:0.0055s ]
SQL: SELECT * FROM `jm_picture` WHERE `status` = 1 AND `id` = 5571 LIMIT 1   [ RunTime:0.0050s ]
SQL: SELECT * FROM `jm_picture` WHERE `status` = 1 AND `id` = 5579 LIMIT 1   [ RunTime:0.0049s ]
SQL: SELECT * FROM `jm_picture` WHERE `status` = 1 AND `id` = 5576 LIMIT 1   [ RunTime:0.0046s ]
SQL: SELECT * FROM `jm_picture` WHERE `status` = 1 AND `id` = 5574 LIMIT 1   [ RunTime:0.0047s ]
SQL: SELECT * FROM `jm_picture` WHERE `status` = 1 AND `id` = 5569 LIMIT 1   [ RunTime:0.0045s ]
SQL: SELECT * FROM `jm_picture` WHERE `status` = 1 AND `id` = 5650 LIMIT 1   [ RunTime:0.0056s ]
SQL: SELECT * FROM `jm_picture` WHERE `status` = 1 AND `id` = 5651 LIMIT 1   [ RunTime:0.0049s ]
SQL: SELECT * FROM `jm_picture` WHERE `status` = 1 AND `id` = 5654 LIMIT 1   [ RunTime:0.0064s ]
INFO: Run Behavior\ParseTemplateBehavior [ RunTime:0.185035s ]
INFO: [ view_parse ] --END-- [ RunTime:0.185174s ]
INFO: [ view_filter ] --START--
INFO: Run Behavior\WriteHtmlCacheBehavior [ RunTime:0.000524s ]
INFO: [ view_filter ] --END-- [ RunTime:0.000592s ]
INFO: [ app_end ] --START--
INFO: Run Behavior\ShowPageTraceBehavior [ RunTime:0.000716s ]
INFO: [ app_end ] --END-- [ RunTime:0.000785s ]

[ 2016-04-05T11:01:20+08:00 ] 127.0.0.1 /Index/getinfo.html?type=1&id=171
INFO: [ app_init ] --START--
INFO: Run Behavior\BuildLiteBehavior [ RunTime:0.000037s ]
INFO: Run Common\Behavior\InitHookBehavior [ RunTime:0.005064s ]
INFO: [ app_init ] --END-- [ RunTime:0.005956s ]
INFO: [ app_begin ] --START--
INFO: Run Behavior\ReadHtmlCacheBehavior [ RunTime:0.001339s ]
INFO: Run Addons\Iswaf\IswafAddon [ RunTime:0.019991s ]
INFO: [ app_begin ] --END-- [ RunTime:0.021562s ]
SQL: SHOW COLUMNS FROM `jm_config` [ RunTime:0.0058s ]
SQL: SELECT `type`,`name`,`value` FROM `jm_config` WHERE `status` = 1  [ RunTime:0.0060s ]
SQL: SHOW COLUMNS FROM `jm_infomation` [ RunTime:0.0058s ]
SQL: SELECT `description`,`title` FROM `jm_infomation` WHERE `id` = 171 LIMIT 1   [ RunTime:0.0069s ]
NOTIC: [8] Undefined index: id C:\wamp\www\yinma\Application\Home\Controller\IndexController.class.php 第 152 行.

[ 2016-04-05T11:01:21+08:00 ] 127.0.0.1 /User/login.html
INFO: [ app_init ] --START--
INFO: Run Behavior\BuildLiteBehavior [ RunTime:0.000019s ]
INFO: Run Common\Behavior\InitHookBehavior [ RunTime:0.002424s ]
INFO: [ app_init ] --END-- [ RunTime:0.002916s ]
INFO: [ app_begin ] --START--
INFO: Run Behavior\ReadHtmlCacheBehavior [ RunTime:0.000663s ]
INFO: Run Addons\Iswaf\IswafAddon [ RunTime:0.009780s ]
INFO: [ app_begin ] --END-- [ RunTime:0.010573s ]
SQL: SHOW COLUMNS FROM `jm_config` [ RunTime:0.0058s ]
SQL: SELECT `type`,`name`,`value` FROM `jm_config` WHERE `status` = 1  [ RunTime:0.0052s ]
INFO: [ view_parse ] --START--
INFO: [ template_filter ] --START--
INFO: Run Behavior\ContentReplaceBehavior [ RunTime:0.000310s ]
INFO: [ template_filter ] --END-- [ RunTime:0.000409s ]
INFO: Run Behavior\ParseTemplateBehavior [ RunTime:0.022274s ]
INFO: [ view_parse ] --END-- [ RunTime:0.022370s ]
INFO: [ view_filter ] --START--
INFO: Run Behavior\WriteHtmlCacheBehavior [ RunTime:0.000537s ]
INFO: [ view_filter ] --END-- [ RunTime:0.000608s ]
INFO: [ app_end ] --START--
INFO: Run Behavior\ShowPageTraceBehavior [ RunTime:0.000799s ]
INFO: [ app_end ] --END-- [ RunTime:0.000891s ]

[ 2016-04-05T11:10:30+08:00 ] 127.0.0.1 /User/login_daily
INFO: [ app_init ] --START--
INFO: Run Behavior\BuildLiteBehavior [ RunTime:0.000035s ]
INFO: Run Common\Behavior\InitHookBehavior [ RunTime:0.004143s ]
INFO: [ app_init ] --END-- [ RunTime:0.005094s ]
INFO: [ app_begin ] --START--
INFO: Run Behavior\ReadHtmlCacheBehavior [ RunTime:0.000691s ]
INFO: Run Addons\Iswaf\IswafAddon [ RunTime:0.014178s ]
INFO: [ app_begin ] --END-- [ RunTime:0.015003s ]
SQL: SHOW COLUMNS FROM `jm_config` [ RunTime:0.0201s ]
SQL: SELECT `type`,`name`,`value` FROM `jm_config` WHERE `status` = 1  [ RunTime:0.0109s ]
NOTIC: [8] Undefined index: HTTP_REFERER C:\wamp\www\yinma\Application\Home\Controller\UserController.class.php 第 105 行.
INFO: [ view_parse ] --START--
INFO: [ template_filter ] --START--
INFO: Run Behavior\ContentReplaceBehavior [ RunTime:0.000104s ]
INFO: [ template_filter ] --END-- [ RunTime:0.000195s ]

[ 2016-04-05T11:11:03+08:00 ] 127.0.0.1 /User/login_daily
INFO: [ app_init ] --START--
INFO: Run Behavior\BuildLiteBehavior [ RunTime:0.000022s ]
INFO: Run Common\Behavior\InitHookBehavior [ RunTime:0.002780s ]
INFO: [ app_init ] --END-- [ RunTime:0.003322s ]
INFO: [ app_begin ] --START--
INFO: Run Behavior\ReadHtmlCacheBehavior [ RunTime:0.001427s ]
INFO: Run Addons\Iswaf\IswafAddon [ RunTime:0.010525s ]
INFO: [ app_begin ] --END-- [ RunTime:0.012109s ]
SQL: SHOW COLUMNS FROM `jm_config` [ RunTime:0.0094s ]
SQL: SELECT `type`,`name`,`value` FROM `jm_config` WHERE `status` = 1  [ RunTime:0.0092s ]
NOTIC: [8] Undefined index: HTTP_REFERER C:\wamp\www\yinma\Application\Home\Controller\UserController.class.php 第 105 行.
INFO: [ view_parse ] --START--
INFO: [ template_filter ] --START--
INFO: Run Behavior\ContentReplaceBehavior [ RunTime:0.000226s ]
INFO: [ template_filter ] --END-- [ RunTime:0.000433s ]
NOTIC: [8] Use of undefined constant Index - assumed 'Index' C:\wamp\www\yinma\Runtime\Cache\Home\e4178b8dc92ccaf78365423fad09b9c9.php 第 134 行.
NOTIC: [8] Use of undefined constant index - assumed 'index' C:\wamp\www\yinma\Runtime\Cache\Home\e4178b8dc92ccaf78365423fad09b9c9.php 第 134 行.
NOTIC: [2] Division by zero C:\wamp\www\yinma\Runtime\Cache\Home\e4178b8dc92ccaf78365423fad09b9c9.php 第 134 行.
INFO: Run Behavior\ParseTemplateBehavior [ RunTime:0.012807s ]
INFO: [ view_parse ] --END-- [ RunTime:0.012919s ]
INFO: [ view_filter ] --START--
INFO: Run Behavior\WriteHtmlCacheBehavior [ RunTime:0.000406s ]
INFO: [ view_filter ] --END-- [ RunTime:0.000471s ]
INFO: [ app_end ] --START--
INFO: Run Behavior\ShowPageTraceBehavior [ RunTime:0.000655s ]
INFO: [ app_end ] --END-- [ RunTime:0.000735s ]

[ 2016-04-05T11:11:23+08:00 ] 127.0.0.1 /User/login.html
INFO: [ app_init ] --START--
INFO: Run Behavior\BuildLiteBehavior [ RunTime:0.000027s ]
INFO: Run Common\Behavior\InitHookBehavior [ RunTime:0.003007s ]
INFO: [ app_init ] --END-- [ RunTime:0.003736s ]
INFO: [ app_begin ] --START--
INFO: Run Behavior\ReadHtmlCacheBehavior [ RunTime:0.001400s ]
INFO: Run Addons\Iswaf\IswafAddon [ RunTime:0.009895s ]
INFO: [ app_begin ] --END-- [ RunTime:0.011471s ]
SQL: SHOW COLUMNS FROM `jm_config` [ RunTime:0.0212s ]
SQL: SELECT `type`,`name`,`value` FROM `jm_config` WHERE `status` = 1  [ RunTime:0.0213s ]
NOTIC: [8] Undefined index: lite C:\wamp\www\yinma\ThinkPHP\Library\Think\Db.class.php 第 37 行.

[ 2016-04-05T11:11:24+08:00 ] 127.0.0.1 /User/login.html
INFO: [ app_init ] --START--
INFO: Run Behavior\BuildLiteBehavior [ RunTime:0.000023s ]
INFO: Run Common\Behavior\InitHookBehavior [ RunTime:0.002816s ]
INFO: [ app_init ] --END-- [ RunTime:0.003374s ]
INFO: [ app_begin ] --START--
INFO: Run Behavior\ReadHtmlCacheBehavior [ RunTime:0.000746s ]
INFO: Run Addons\Iswaf\IswafAddon [ RunTime:0.010662s ]
INFO: [ app_begin ] --END-- [ RunTime:0.011553s ]
SQL: SHOW COLUMNS FROM `jm_config` [ RunTime:0.0165s ]
SQL: SELECT `type`,`name`,`value` FROM `jm_config` WHERE `status` = 1  [ RunTime:0.0364s ]
NOTIC: [8] Undefined index: lite C:\wamp\www\yinma\ThinkPHP\Library\Think\Db.class.php 第 37 行.

[ 2016-04-05T11:11:26+08:00 ] 127.0.0.1 /User/login.html
INFO: [ app_init ] --START--
INFO: Run Behavior\BuildLiteBehavior [ RunTime:0.000021s ]
INFO: Run Common\Behavior\InitHookBehavior [ RunTime:0.002621s ]
INFO: [ app_init ] --END-- [ RunTime:0.003125s ]
INFO: [ app_begin ] --START--
INFO: Run Behavior\ReadHtmlCacheBehavior [ RunTime:0.000616s ]
INFO: Run Addons\Iswaf\IswafAddon [ RunTime:0.009976s ]
INFO: [ app_begin ] --END-- [ RunTime:0.010716s ]
SQL: SHOW COLUMNS FROM `jm_config` [ RunTime:0.0166s ]
SQL: SELECT `type`,`name`,`value` FROM `jm_config` WHERE `status` = 1  [ RunTime:0.0155s ]
NOTIC: [8] Undefined index: lite C:\wamp\www\yinma\ThinkPHP\Library\Think\Db.class.php 第 37 行.

[ 2016-04-05T11:11:27+08:00 ] 127.0.0.1 /User/login.html
INFO: [ app_init ] --START--
INFO: Run Behavior\BuildLiteBehavior [ RunTime:0.000019s ]
INFO: Run Common\Behavior\InitHookBehavior [ RunTime:0.002357s ]
INFO: [ app_init ] --END-- [ RunTime:0.002806s ]
INFO: [ app_begin ] --START--
INFO: Run Behavior\ReadHtmlCacheBehavior [ RunTime:0.000615s ]
INFO: Run Addons\Iswaf\IswafAddon [ RunTime:0.010018s ]
INFO: [ app_begin ] --END-- [ RunTime:0.010757s ]
SQL: SHOW COLUMNS FROM `jm_config` [ RunTime:0.0123s ]
SQL: SELECT `type`,`name`,`value` FROM `jm_config` WHERE `status` = 1  [ RunTime:0.0132s ]
NOTIC: [8] Undefined index: lite C:\wamp\www\yinma\ThinkPHP\Library\Think\Db.class.php 第 37 行.

[ 2016-04-05T11:11:35+08:00 ] 127.0.0.1 /User/login.html
INFO: [ app_init ] --START--
INFO: Run Behavior\BuildLiteBehavior [ RunTime:0.000023s ]
INFO: Run Common\Behavior\InitHookBehavior [ RunTime:0.002838s ]
INFO: [ app_init ] --END-- [ RunTime:0.003393s ]
INFO: [ app_begin ] --START--
INFO: Run Behavior\ReadHtmlCacheBehavior [ RunTime:0.000761s ]
INFO: Run Addons\Iswaf\IswafAddon [ RunTime:0.010166s ]
INFO: [ app_begin ] --END-- [ RunTime:0.011081s ]
SQL: SHOW COLUMNS FROM `jm_config` [ RunTime:0.0073s ]
SQL: SELECT `type`,`name`,`value` FROM `jm_config` WHERE `status` = 1  [ RunTime:0.0080s ]
INFO: [ view_parse ] --START--
INFO: [ template_filter ] --START--
INFO: Run Behavior\ContentReplaceBehavior [ RunTime:0.000522s ]
INFO: [ template_filter ] --END-- [ RunTime:0.000746s ]
INFO: Run Behavior\ParseTemplateBehavior [ RunTime:0.025367s ]
INFO: [ view_parse ] --END-- [ RunTime:0.025460s ]
INFO: [ view_filter ] --START--
INFO: Run Behavior\WriteHtmlCacheBehavior [ RunTime:0.000546s ]
INFO: [ view_filter ] --END-- [ RunTime:0.000633s ]
INFO: [ app_end ] --START--
INFO: Run Behavior\ShowPageTraceBehavior [ RunTime:0.000787s ]
INFO: [ app_end ] --END-- [ RunTime:0.000872s ]

[ 2016-04-05T11:11:40+08:00 ] 127.0.0.1 /User/register.html
INFO: [ app_init ] --START--
INFO: Run Behavior\BuildLiteBehavior [ RunTime:0.000025s ]
INFO: Run Common\Behavior\InitHookBehavior [ RunTime:0.002851s ]
INFO: [ app_init ] --END-- [ RunTime:0.003550s ]
INFO: [ app_begin ] --START--
INFO: Run Behavior\ReadHtmlCacheBehavior [ RunTime:0.000767s ]
INFO: Run Addons\Iswaf\IswafAddon [ RunTime:0.009760s ]
INFO: [ app_begin ] --END-- [ RunTime:0.010680s ]
SQL: SHOW COLUMNS FROM `jm_config` [ RunTime:0.0057s ]
SQL: SELECT `type`,`name`,`value` FROM `jm_config` WHERE `status` = 1  [ RunTime:0.0059s ]
INFO: [ view_parse ] --START--
INFO: [ template_filter ] --START--
INFO: Run Behavior\ContentReplaceBehavior [ RunTime:0.000227s ]
INFO: [ template_filter ] --END-- [ RunTime:0.000309s ]
INFO: Run Behavior\ParseTemplateBehavior [ RunTime:0.019031s ]
INFO: [ view_parse ] --END-- [ RunTime:0.019130s ]
INFO: [ view_filter ] --START--
INFO: Run Behavior\WriteHtmlCacheBehavior [ RunTime:0.000724s ]
INFO: [ view_filter ] --END-- [ RunTime:0.000809s ]
INFO: [ app_end ] --START--
INFO: Run Behavior\ShowPageTraceBehavior [ RunTime:0.000746s ]
INFO: [ app_end ] --END-- [ RunTime:0.000823s ]

[ 2016-04-05T11:11:40+08:00 ] 127.0.0.1 /User/verify1.html
INFO: [ app_init ] --START--
INFO: Run Behavior\BuildLiteBehavior [ RunTime:0.000022s ]
INFO: Run Common\Behavior\InitHookBehavior [ RunTime:0.002732s ]
INFO: [ app_init ] --END-- [ RunTime:0.003275s ]
INFO: [ app_begin ] --START--
INFO: Run Behavior\ReadHtmlCacheBehavior [ RunTime:0.000756s ]
INFO: Run Addons\Iswaf\IswafAddon [ RunTime:0.015182s ]
INFO: [ app_begin ] --END-- [ RunTime:0.016136s ]
SQL: SHOW COLUMNS FROM `jm_config` [ RunTime:0.0145s ]
SQL: SELECT `type`,`name`,`value` FROM `jm_config` WHERE `status` = 1  [ RunTime:0.0090s ]
INFO: [ app_end ] --START--
INFO: Run Behavior\ShowPageTraceBehavior [ RunTime:0.001331s ]
INFO: [ app_end ] --END-- [ RunTime:0.001531s ]

[ 2016-04-05T11:16:20+08:00 ] 127.0.0.1 /User/login_daily
INFO: [ app_init ] --START--
INFO: Run Behavior\BuildLiteBehavior [ RunTime:0.000033s ]
INFO: Run Common\Behavior\InitHookBehavior [ RunTime:0.002522s ]
INFO: [ app_init ] --END-- [ RunTime:0.003217s ]
INFO: [ app_begin ] --START--
INFO: Run Behavior\ReadHtmlCacheBehavior [ RunTime:0.000696s ]
INFO: Run Addons\Iswaf\IswafAddon [ RunTime:0.012001s ]
INFO: [ app_begin ] --END-- [ RunTime:0.012827s ]
SQL: SHOW COLUMNS FROM `jm_config` [ RunTime:0.0073s ]
SQL: SELECT `type`,`name`,`value` FROM `jm_config` WHERE `status` = 1  [ RunTime:0.0060s ]
NOTIC: [8] Undefined index: HTTP_REFERER C:\wamp\www\yinma\Application\Home\Controller\UserController.class.php 第 105 行.
INFO: [ view_parse ] --START--
INFO: [ template_filter ] --START--
INFO: Run Behavior\ContentReplaceBehavior [ RunTime:0.000102s ]
INFO: [ template_filter ] --END-- [ RunTime:0.000181s ]
NOTIC: [8] Use of undefined constant Index - assumed 'Index' C:\wamp\www\yinma\Runtime\Cache\Home\e4178b8dc92ccaf78365423fad09b9c9.php 第 134 行.
NOTIC: [8] Use of undefined constant index - assumed 'index' C:\wamp\www\yinma\Runtime\Cache\Home\e4178b8dc92ccaf78365423fad09b9c9.php 第 134 行.
NOTIC: [2] Division by zero C:\wamp\www\yinma\Runtime\Cache\Home\e4178b8dc92ccaf78365423fad09b9c9.php 第 134 行.
INFO: Run Behavior\ParseTemplateBehavior [ RunTime:0.012646s ]
INFO: [ view_parse ] --END-- [ RunTime:0.012721s ]
INFO: [ view_filter ] --START--
INFO: Run Behavior\WriteHtmlCacheBehavior [ RunTime:0.000444s ]
INFO: [ view_filter ] --END-- [ RunTime:0.000523s ]
INFO: [ app_end ] --START--
INFO: Run Behavior\ShowPageTraceBehavior [ RunTime:0.000657s ]
INFO: [ app_end ] --END-- [ RunTime:0.000729s ]

[ 2016-04-05T11:21:36+08:00 ] 127.0.0.1 /User/login.html
INFO: [ app_init ] --START--
INFO: Run Behavior\BuildLiteBehavior [ RunTime:0.000021s ]
INFO: Run Common\Behavior\InitHookBehavior [ RunTime:0.003107s ]
INFO: [ app_init ] --END-- [ RunTime:0.003629s ]
INFO: [ app_begin ] --START--
INFO: Run Behavior\ReadHtmlCacheBehavior [ RunTime:0.000730s ]
INFO: Run Addons\Iswaf\IswafAddon [ RunTime:0.011157s ]
INFO: [ app_begin ] --END-- [ RunTime:0.012036s ]
SQL: SHOW COLUMNS FROM `jm_config` [ RunTime:0.0060s ]
SQL: SELECT `type`,`name`,`value` FROM `jm_config` WHERE `status` = 1  [ RunTime:0.0059s ]
INFO: [ view_parse ] --START--
INFO: [ template_filter ] --START--
INFO: Run Behavior\ContentReplaceBehavior [ RunTime:0.000101s ]
INFO: [ template_filter ] --END-- [ RunTime:0.000182s ]
NOTIC: [8] Use of undefined constant Index - assumed 'Index' C:\wamp\www\yinma\Runtime\Cache\Home\b171d71961885d3bf0f7a9b2e0867b01.php 第 134 行.
NOTIC: [8] Use of undefined constant index - assumed 'index' C:\wamp\www\yinma\Runtime\Cache\Home\b171d71961885d3bf0f7a9b2e0867b01.php 第 134 行.
NOTIC: [2] Division by zero C:\wamp\www\yinma\Runtime\Cache\Home\b171d71961885d3bf0f7a9b2e0867b01.php 第 134 行.
INFO: Run Behavior\ParseTemplateBehavior [ RunTime:0.012733s ]
INFO: [ view_parse ] --END-- [ RunTime:0.012820s ]
INFO: [ view_filter ] --START--
INFO: Run Behavior\WriteHtmlCacheBehavior [ RunTime:0.000402s ]
INFO: [ view_filter ] --END-- [ RunTime:0.000468s ]
INFO: [ app_end ] --START--
INFO: Run Behavior\ShowPageTraceBehavior [ RunTime:0.000720s ]
INFO: [ app_end ] --END-- [ RunTime:0.000801s ]

[ 2016-04-05T11:21:42+08:00 ] 127.0.0.1 /User/forget.html
INFO: [ app_init ] --START--
INFO: Run Behavior\BuildLiteBehavior [ RunTime:0.000022s ]
INFO: Run Common\Behavior\InitHookBehavior [ RunTime:0.001969s ]
INFO: [ app_init ] --END-- [ RunTime:0.002470s ]
INFO: [ app_begin ] --START--
INFO: Run Behavior\ReadHtmlCacheBehavior [ RunTime:0.000637s ]
INFO: Run Addons\Iswaf\IswafAddon [ RunTime:0.010630s ]
INFO: [ app_begin ] --END-- [ RunTime:0.011412s ]
SQL: SHOW COLUMNS FROM `jm_config` [ RunTime:0.0075s ]
SQL: SELECT `type`,`name`,`value` FROM `jm_config` WHERE `status` = 1  [ RunTime:0.0067s ]
INFO: [ view_parse ] --START--
INFO: [ template_filter ] --START--
INFO: Run Behavior\ContentReplaceBehavior [ RunTime:0.000256s ]
INFO: [ template_filter ] --END-- [ RunTime:0.000368s ]
INFO: Run Behavior\ParseTemplateBehavior [ RunTime:0.029766s ]
INFO: [ view_parse ] --END-- [ RunTime:0.029972s ]
INFO: [ view_filter ] --START--
INFO: Run Behavior\WriteHtmlCacheBehavior [ RunTime:0.000976s ]
INFO: [ view_filter ] --END-- [ RunTime:0.001145s ]
INFO: [ app_end ] --START--
INFO: Run Behavior\ShowPageTraceBehavior [ RunTime:0.002001s ]
INFO: [ app_end ] --END-- [ RunTime:0.002129s ]

[ 2016-04-05T11:21:43+08:00 ] 127.0.0.1 /User/verify1.html
INFO: [ app_init ] --START--
INFO: Run Behavior\BuildLiteBehavior [ RunTime:0.000039s ]
INFO: Run Common\Behavior\InitHookBehavior [ RunTime:0.001988s ]
INFO: [ app_init ] --END-- [ RunTime:0.002665s ]
INFO: [ app_begin ] --START--
INFO: Run Behavior\ReadHtmlCacheBehavior [ RunTime:0.000621s ]
INFO: Run Addons\Iswaf\IswafAddon [ RunTime:0.010282s ]
INFO: [ app_begin ] --END-- [ RunTime:0.011075s ]
SQL: SHOW COLUMNS FROM `jm_config` [ RunTime:0.0052s ]
SQL: SELECT `type`,`name`,`value` FROM `jm_config` WHERE `status` = 1  [ RunTime:0.0064s ]
INFO: [ app_end ] --START--
INFO: Run Behavior\ShowPageTraceBehavior [ RunTime:0.001457s ]
INFO: [ app_end ] --END-- [ RunTime:0.001628s ]

[ 2016-04-05T11:26:21+08:00 ] 127.0.0.1 /User/login_daily.html
INFO: [ app_init ] --START--
INFO: Run Behavior\BuildLiteBehavior [ RunTime:0.000019s ]
INFO: Run Common\Behavior\InitHookBehavior [ RunTime:0.004292s ]
INFO: [ app_init ] --END-- [ RunTime:0.004812s ]
INFO: [ app_begin ] --START--
INFO: Run Behavior\ReadHtmlCacheBehavior [ RunTime:0.000713s ]
INFO: Run Addons\Iswaf\IswafAddon [ RunTime:0.009392s ]
INFO: [ app_begin ] --END-- [ RunTime:0.010248s ]
SQL: SHOW COLUMNS FROM `jm_config` [ RunTime:0.0062s ]
SQL: SELECT `type`,`name`,`value` FROM `jm_config` WHERE `status` = 1  [ RunTime:0.0055s ]
NOTIC: [8] Undefined index: HTTP_REFERER C:\wamp\www\yinma\Application\Home\Controller\UserController.class.php 第 105 行.
INFO: [ view_parse ] --START--
INFO: [ template_filter ] --START--
INFO: Run Behavior\ContentReplaceBehavior [ RunTime:0.000326s ]
INFO: [ template_filter ] --END-- [ RunTime:0.000430s ]
INFO: Run Behavior\ParseTemplateBehavior [ RunTime:0.025164s ]
INFO: [ view_parse ] --END-- [ RunTime:0.025254s ]
INFO: [ view_filter ] --START--
INFO: Run Behavior\WriteHtmlCacheBehavior [ RunTime:0.000423s ]
INFO: [ view_filter ] --END-- [ RunTime:0.000491s ]
INFO: [ app_end ] --START--
INFO: Run Behavior\ShowPageTraceBehavior [ RunTime:0.000650s ]
INFO: [ app_end ] --END-- [ RunTime:0.000720s ]

[ 2016-04-05T16:46:13+08:00 ] 127.0.0.1 /
INFO: [ app_init ] --START--
INFO: Run Behavior\BuildLiteBehavior [ RunTime:0.000307s ]
INFO: Run Common\Behavior\InitHookBehavior [ RunTime:0.010032s ]
INFO: [ app_init ] --END-- [ RunTime:0.013842s ]
INFO: [ app_begin ] --START--
INFO: Run Behavior\ReadHtmlCacheBehavior [ RunTime:0.002935s ]
INFO: Run Addons\Iswaf\IswafAddon [ RunTime:0.038450s ]
INFO: [ app_begin ] --END-- [ RunTime:0.045500s ]
SQL: SHOW COLUMNS FROM `jm_config` [ RunTime:0.0059s ]
SQL: SELECT `type`,`name`,`value` FROM `jm_config` WHERE `status` = 1  [ RunTime:0.0054s ]
SQL: SHOW COLUMNS FROM `jm_notice` [ RunTime:0.0056s ]
SQL: SELECT `id`,`create_time`,`title` FROM `jm_notice` WHERE ( status = 0 ) ORDER BY is_top desc,create_time desc LIMIT 6   [ RunTime:0.0048s ]
SQL: SHOW COLUMNS FROM `jm_infomation` [ RunTime:0.0061s ]
SQL: SELECT `id`,`create_time`,`title` FROM `jm_infomation` WHERE ( status = 1 ) ORDER BY level desc,create_time desc LIMIT 6   [ RunTime:0.0056s ]
NOTIC: [8] Undefined variable: noticearray C:\wamp\www\yinma\Application\Home\Controller\IndexController.class.php 第 60 行.
NOTIC: [2] implode(): Invalid arguments passed C:\wamp\www\yinma\Application\Home\Controller\IndexController.class.php 第 60 行.
NOTIC: [8] Undefined variable: newsarray C:\wamp\www\yinma\Application\Home\Controller\IndexController.class.php 第 62 行.
NOTIC: [2] implode(): Invalid arguments passed C:\wamp\www\yinma\Application\Home\Controller\IndexController.class.php 第 62 行.
SQL: SHOW COLUMNS FROM `jm_project` [ RunTime:0.0063s ]
SQL: SHOW COLUMNS FROM `jm_proj_index` [ RunTime:0.0063s ]
SQL: SELECT * FROM `jm_proj_index` WHERE `stage` = 4 ORDER BY is_top desc, create_time desc LIMIT 6   [ RunTime:0.0073s ]
SQL: SELECT * FROM `jm_proj_index` WHERE `stage` = 2 ORDER BY is_top desc, create_time desc  [ RunTime:0.0067s ]
SQL: SELECT * FROM `jm_proj_index` WHERE `stage` = 1 ORDER BY is_top desc, create_time desc  [ RunTime:0.0080s ]
SQL: SELECT * FROM `jm_proj_index` WHERE `stage` = 9 ORDER BY is_top desc, create_time desc LIMIT 6   [ RunTime:0.0067s ]
SQL: SHOW COLUMNS FROM `jm_banner` [ RunTime:0.0053s ]
SQL: SELECT * FROM `jm_banner` WHERE `status` = 0 ORDER BY sort asc,id desc  [ RunTime:0.0051s ]
SQL: SHOW COLUMNS FROM `jm_product` [ RunTime:0.0058s ]
SQL: SELECT * FROM `jm_product` WHERE `status` = 9 AND ( `stage` > 1 AND `stage` < 9 AND `stage` <> 8  ) ORDER BY is_sort desc,start_time desc LIMIT 4   [ RunTime:0.0056s ]
SQL: SELECT * FROM `jm_product` WHERE `status` = 9 AND ( `stage` = 9  ) ORDER BY is_sort desc,start_time desc LIMIT 4   [ RunTime:0.0056s ]
SQL: SELECT * FROM `jm_proj_index` WHERE `status` = 9 AND `stage` BETWEEN '1' AND '4' ORDER BY stage desc,is_top desc,create_time desc LIMIT 6   [ RunTime:0.0069s ]
SQL: SHOW COLUMNS FROM `jm_project` [ RunTime:0.0062s ]
SQL: SELECT COUNT(*) AS tp_count FROM `jm_project` WHERE `status` >= 9 AND `stage` IN ('1','4','9') LIMIT 1   [ RunTime:0.0056s ]
SQL: SHOW COLUMNS FROM `jm_project_investor` [ RunTime:0.0085s ]
SQL: SELECT SUM(fund) AS tp_sum FROM `jm_project_investor` WHERE `status` >= 4 LIMIT 1   [ RunTime:0.0065s ]
SQL: SELECT COUNT(*) AS tp_count FROM `jm_product` WHERE `status` >= 9 AND `stage` IN ('2','9') LIMIT 1   [ RunTime:0.0078s ]
SQL: SHOW COLUMNS FROM `jm_custom` [ RunTime:0.0058s ]
SQL: SELECT SUM(amount*count) AS tp_sum FROM `jm_custom` WHERE `status` = 1 LIMIT 1   [ RunTime:0.0047s ]
SQL: SHOW COLUMNS FROM `jm_ucenter_member` [ RunTime:0.0105s ]
SQL: SELECT COUNT(*) AS tp_count FROM `jm_ucenter_member` WHERE `status` = 1 LIMIT 1   [ RunTime:0.0080s ]
SQL: SHOW COLUMNS FROM `jm_link` [ RunTime:0.0055s ]
SQL: SELECT `name`,`logo`,`url` FROM `jm_link` WHERE `status` = 1 ORDER BY sort desc LIMIT 15   [ RunTime:0.0082s ]
INFO: [ view_parse ] --START--
INFO: [ template_filter ] --START--
INFO: Run Behavior\ContentReplaceBehavior [ RunTime:0.002090s ]
INFO: [ template_filter ] --END-- [ RunTime:0.003799s ]
SQL: SHOW COLUMNS FROM `jm_picture` [ RunTime:0.0077s ]
SQL: SELECT * FROM `jm_picture` WHERE `status` = 1 AND `id` = 5817 LIMIT 1   [ RunTime:0.0079s ]
SQL: SELECT * FROM `jm_picture` WHERE `status` = 1 AND `id` = 5817 LIMIT 1   [ RunTime:0.0058s ]
SQL: SELECT * FROM `jm_picture` WHERE `status` = 1 AND `id` = 5769 LIMIT 1   [ RunTime:0.0117s ]
SQL: SELECT * FROM `jm_picture` WHERE `status` = 1 AND `id` = 5769 LIMIT 1   [ RunTime:0.0050s ]
SQL: SELECT * FROM `jm_picture` WHERE `status` = 1 AND `id` = 5794 LIMIT 1   [ RunTime:0.0061s ]
SQL: SELECT * FROM `jm_picture` WHERE `status` = 1 AND `id` = 5789 LIMIT 1   [ RunTime:0.0077s ]
NOTIC: [8] Undefined index: city C:\wamp\www\yinma\Runtime\Cache\Home\769e70f2e46f34ceb60619bbda5e4691.php 第 364 行.
NOTIC: [8] Undefined index: d C:\wamp\www\yinma\Application\Common\Common\function.php 第 1243 行.
NOTIC: [8] Undefined variable: finish_amount C:\wamp\www\yinma\Runtime\Cache\Home\769e70f2e46f34ceb60619bbda5e4691.php 第 365 行.
SQL: SELECT * FROM `jm_picture` WHERE `status` = 1 AND `id` = 5733 LIMIT 1   [ RunTime:0.0072s ]
SQL: SELECT * FROM `jm_picture` WHERE `status` = 1 AND `id` = 5672 LIMIT 1   [ RunTime:0.0087s ]
SQL: SELECT * FROM `jm_picture` WHERE `status` = 1 AND `id` = 5622 LIMIT 1   [ RunTime:0.0062s ]
SQL: SELECT * FROM `jm_picture` WHERE `status` = 1 AND `id` = 5597 LIMIT 1   [ RunTime:0.0063s ]
SQL: SELECT * FROM `jm_picture` WHERE `status` = 1 AND `id` = 5708 LIMIT 1   [ RunTime:0.0093s ]
SQL: SELECT * FROM `jm_picture` WHERE `status` = 1 AND `id` = 5572 LIMIT 1   [ RunTime:0.0053s ]
SQL: SELECT * FROM `jm_picture` WHERE `status` = 1 AND `id` = 5577 LIMIT 1   [ RunTime:0.0073s ]
SQL: SELECT * FROM `jm_picture` WHERE `status` = 1 AND `id` = 5580 LIMIT 1   [ RunTime:0.0055s ]
SQL: SELECT * FROM `jm_picture` WHERE `status` = 1 AND `id` = 5571 LIMIT 1   [ RunTime:0.0052s ]
SQL: SELECT * FROM `jm_picture` WHERE `status` = 1 AND `id` = 5579 LIMIT 1   [ RunTime:0.0050s ]
SQL: SELECT * FROM `jm_picture` WHERE `status` = 1 AND `id` = 5576 LIMIT 1   [ RunTime:0.0050s ]
SQL: SELECT * FROM `jm_picture` WHERE `status` = 1 AND `id` = 5574 LIMIT 1   [ RunTime:0.0063s ]
SQL: SELECT * FROM `jm_picture` WHERE `status` = 1 AND `id` = 5569 LIMIT 1   [ RunTime:0.0059s ]
SQL: SELECT * FROM `jm_picture` WHERE `status` = 1 AND `id` = 5650 LIMIT 1   [ RunTime:0.0054s ]
SQL: SELECT * FROM `jm_picture` WHERE `status` = 1 AND `id` = 5654 LIMIT 1   [ RunTime:0.0095s ]
SQL: SELECT * FROM `jm_picture` WHERE `status` = 1 AND `id` = 5828 LIMIT 1   [ RunTime:0.0063s ]
SQL: SELECT * FROM `jm_picture` WHERE `status` = 1 AND `id` = 5829 LIMIT 1   [ RunTime:0.0058s ]
INFO: Run Behavior\ParseTemplateBehavior [ RunTime:0.967991s ]
INFO: [ view_parse ] --END-- [ RunTime:0.970153s ]
INFO: [ view_filter ] --START--
INFO: Run Behavior\WriteHtmlCacheBehavior [ RunTime:0.001831s ]
INFO: [ view_filter ] --END-- [ RunTime:0.004314s ]
INFO: [ app_end ] --START--
INFO: Run Behavior\ShowPageTraceBehavior [ RunTime:0.001974s ]
INFO: [ app_end ] --END-- [ RunTime:0.003664s ]

[ 2016-04-05T16:46:15+08:00 ] 127.0.0.1 /Index/getinfo.html?type=1&id=171
INFO: [ app_init ] --START--
INFO: Run Behavior\BuildLiteBehavior [ RunTime:0.000471s ]
INFO: Run Common\Behavior\InitHookBehavior [ RunTime:0.018170s ]
INFO: [ app_init ] --END-- [ RunTime:0.035371s ]
INFO: [ app_begin ] --START--
INFO: Run Behavior\ReadHtmlCacheBehavior [ RunTime:0.003037s ]
INFO: Run Addons\Iswaf\IswafAddon [ RunTime:0.065909s ]
INFO: [ app_begin ] --END-- [ RunTime:0.074974s ]
SQL: SHOW COLUMNS FROM `jm_config` [ RunTime:0.0096s ]
SQL: SELECT `type`,`name`,`value` FROM `jm_config` WHERE `status` = 1  [ RunTime:0.0080s ]
SQL: SHOW COLUMNS FROM `jm_infomation` [ RunTime:0.0081s ]
SQL: SELECT `description`,`title` FROM `jm_infomation` WHERE `id` = 171 LIMIT 1   [ RunTime:0.0074s ]
NOTIC: [8] Undefined index: id C:\wamp\www\yinma\Application\Home\Controller\IndexController.class.php 第 152 行.

[ 2016-04-05T16:46:15+08:00 ] 127.0.0.1 /Public/static/jquery.js
INFO: [ app_init ] --START--
INFO: Run Behavior\BuildLiteBehavior [ RunTime:0.000931s ]
INFO: Run Common\Behavior\InitHookBehavior [ RunTime:0.012792s ]
INFO: [ app_init ] --END-- [ RunTime:0.020512s ]
INFO: [ app_begin ] --START--
INFO: Run Behavior\ReadHtmlCacheBehavior [ RunTime:0.003715s ]
INFO: Run Addons\Iswaf\IswafAddon [ RunTime:0.067464s ]
INFO: [ app_begin ] --END-- [ RunTime:0.078348s ]
SQL: SHOW COLUMNS FROM `jm_config` [ RunTime:0.0055s ]
SQL: SELECT `type`,`name`,`value` FROM `jm_config` WHERE `status` = 1  [ RunTime:0.0053s ]

[ 2016-04-05T16:46:17+08:00 ] 127.0.0.1 /Index/index.html
INFO: [ app_init ] --START--
INFO: Run Behavior\BuildLiteBehavior [ RunTime:0.000360s ]
INFO: Run Common\Behavior\InitHookBehavior [ RunTime:0.009374s ]
INFO: [ app_init ] --END-- [ RunTime:0.014291s ]
INFO: [ app_begin ] --START--
INFO: Run Behavior\ReadHtmlCacheBehavior [ RunTime:0.003382s ]
INFO: Run Addons\Iswaf\IswafAddon [ RunTime:0.040077s ]
INFO: [ app_begin ] --END-- [ RunTime:0.048174s ]
SQL: SHOW COLUMNS FROM `jm_config` [ RunTime:0.0065s ]
SQL: SELECT `type`,`name`,`value` FROM `jm_config` WHERE `status` = 1  [ RunTime:0.0073s ]
SQL: SHOW COLUMNS FROM `jm_notice` [ RunTime:0.0050s ]
SQL: SELECT `id`,`create_time`,`title` FROM `jm_notice` WHERE ( status = 0 ) ORDER BY is_top desc,create_time desc LIMIT 6   [ RunTime:0.0093s ]
SQL: SHOW COLUMNS FROM `jm_infomation` [ RunTime:0.0085s ]
SQL: SELECT `id`,`create_time`,`title` FROM `jm_infomation` WHERE ( status = 1 ) ORDER BY level desc,create_time desc LIMIT 6   [ RunTime:0.0110s ]
NOTIC: [8] Undefined variable: noticearray C:\wamp\www\yinma\Application\Home\Controller\IndexController.class.php 第 60 行.
NOTIC: [2] implode(): Invalid arguments passed C:\wamp\www\yinma\Application\Home\Controller\IndexController.class.php 第 60 行.
NOTIC: [8] Undefined variable: newsarray C:\wamp\www\yinma\Application\Home\Controller\IndexController.class.php 第 62 行.
NOTIC: [2] implode(): Invalid arguments passed C:\wamp\www\yinma\Application\Home\Controller\IndexController.class.php 第 62 行.
SQL: SHOW COLUMNS FROM `jm_project` [ RunTime:0.0083s ]
SQL: SHOW COLUMNS FROM `jm_proj_index` [ RunTime:0.0069s ]
SQL: SELECT * FROM `jm_proj_index` WHERE `stage` = 4 ORDER BY is_top desc, create_time desc LIMIT 6   [ RunTime:0.0130s ]
SQL: SELECT * FROM `jm_proj_index` WHERE `stage` = 2 ORDER BY is_top desc, create_time desc  [ RunTime:0.0065s ]
SQL: SELECT * FROM `jm_proj_index` WHERE `stage` = 1 ORDER BY is_top desc, create_time desc  [ RunTime:0.0101s ]
SQL: SELECT * FROM `jm_proj_index` WHERE `stage` = 9 ORDER BY is_top desc, create_time desc LIMIT 6   [ RunTime:0.0109s ]
SQL: SHOW COLUMNS FROM `jm_banner` [ RunTime:0.0083s ]
SQL: SELECT * FROM `jm_banner` WHERE `status` = 0 ORDER BY sort asc,id desc  [ RunTime:0.0074s ]
SQL: SHOW COLUMNS FROM `jm_product` [ RunTime:0.0094s ]
SQL: SELECT * FROM `jm_product` WHERE `status` = 9 AND ( `stage` > 1 AND `stage` < 9 AND `stage` <> 8  ) ORDER BY is_sort desc,start_time desc LIMIT 4   [ RunTime:0.0054s ]
SQL: SELECT * FROM `jm_product` WHERE `status` = 9 AND ( `stage` = 9  ) ORDER BY is_sort desc,start_time desc LIMIT 4   [ RunTime:0.0078s ]
SQL: SELECT * FROM `jm_proj_index` WHERE `status` = 9 AND `stage` BETWEEN '1' AND '4' ORDER BY stage desc,is_top desc,create_time desc LIMIT 6   [ RunTime:0.0068s ]
SQL: SHOW COLUMNS FROM `jm_project` [ RunTime:0.0080s ]
SQL: SELECT COUNT(*) AS tp_count FROM `jm_project` WHERE `status` >= 9 AND `stage` IN ('1','4','9') LIMIT 1   [ RunTime:0.0091s ]
SQL: SHOW COLUMNS FROM `jm_project_investor` [ RunTime:0.0072s ]
SQL: SELECT SUM(fund) AS tp_sum FROM `jm_project_investor` WHERE `status` >= 4 LIMIT 1   [ RunTime:0.0051s ]
SQL: SELECT COUNT(*) AS tp_count FROM `jm_product` WHERE `status` >= 9 AND `stage` IN ('2','9') LIMIT 1   [ RunTime:0.0068s ]
SQL: SHOW COLUMNS FROM `jm_custom` [ RunTime:0.0083s ]
SQL: SELECT SUM(amount*count) AS tp_sum FROM `jm_custom` WHERE `status` = 1 LIMIT 1   [ RunTime:0.0067s ]
SQL: SHOW COLUMNS FROM `jm_ucenter_member` [ RunTime:0.0055s ]
SQL: SELECT COUNT(*) AS tp_count FROM `jm_ucenter_member` WHERE `status` = 1 LIMIT 1   [ RunTime:0.0050s ]
SQL: SHOW COLUMNS FROM `jm_link` [ RunTime:0.0066s ]
SQL: SELECT `name`,`logo`,`url` FROM `jm_link` WHERE `status` = 1 ORDER BY sort desc LIMIT 15   [ RunTime:0.0053s ]
INFO: [ view_parse ] --START--
INFO: [ template_filter ] --START--
INFO: Run Behavior\ContentReplaceBehavior [ RunTime:0.003203s ]
INFO: [ template_filter ] --END-- [ RunTime:0.006056s ]
SQL: SHOW COLUMNS FROM `jm_picture` [ RunTime:0.0055s ]
SQL: SELECT * FROM `jm_picture` WHERE `status` = 1 AND `id` = 5817 LIMIT 1   [ RunTime:0.0050s ]
SQL: SELECT * FROM `jm_picture` WHERE `status` = 1 AND `id` = 5817 LIMIT 1   [ RunTime:0.0068s ]
SQL: SELECT * FROM `jm_picture` WHERE `status` = 1 AND `id` = 5769 LIMIT 1   [ RunTime:0.0054s ]
SQL: SELECT * FROM `jm_picture` WHERE `status` = 1 AND `id` = 5769 LIMIT 1   [ RunTime:0.0072s ]
SQL: SELECT * FROM `jm_picture` WHERE `status` = 1 AND `id` = 5794 LIMIT 1   [ RunTime:0.0057s ]
SQL: SELECT * FROM `jm_picture` WHERE `status` = 1 AND `id` = 5789 LIMIT 1   [ RunTime:0.0048s ]
NOTIC: [8] Undefined index: city C:\wamp\www\yinma\Runtime\Cache\Home\769e70f2e46f34ceb60619bbda5e4691.php 第 364 行.
NOTIC: [8] Undefined index: d C:\wamp\www\yinma\Application\Common\Common\function.php 第 1243 行.
NOTIC: [8] Undefined variable: finish_amount C:\wamp\www\yinma\Runtime\Cache\Home\769e70f2e46f34ceb60619bbda5e4691.php 第 365 行.
SQL: SELECT * FROM `jm_picture` WHERE `status` = 1 AND `id` = 5733 LIMIT 1   [ RunTime:0.2313s ]
SQL: SELECT * FROM `jm_picture` WHERE `status` = 1 AND `id` = 5672 LIMIT 1   [ RunTime:0.0057s ]
SQL: SELECT * FROM `jm_picture` WHERE `status` = 1 AND `id` = 5622 LIMIT 1   [ RunTime:0.0052s ]
SQL: SELECT * FROM `jm_picture` WHERE `status` = 1 AND `id` = 5597 LIMIT 1   [ RunTime:0.0095s ]
SQL: SELECT * FROM `jm_picture` WHERE `status` = 1 AND `id` = 5708 LIMIT 1   [ RunTime:0.0056s ]
SQL: SELECT * FROM `jm_picture` WHERE `status` = 1 AND `id` = 5572 LIMIT 1   [ RunTime:0.0051s ]
SQL: SELECT * FROM `jm_picture` WHERE `status` = 1 AND `id` = 5577 LIMIT 1   [ RunTime:0.0105s ]
SQL: SELECT * FROM `jm_picture` WHERE `status` = 1 AND `id` = 5580 LIMIT 1   [ RunTime:0.0049s ]
SQL: SELECT * FROM `jm_picture` WHERE `status` = 1 AND `id` = 5571 LIMIT 1   [ RunTime:0.0065s ]
SQL: SELECT * FROM `jm_picture` WHERE `status` = 1 AND `id` = 5579 LIMIT 1   [ RunTime:0.0067s ]
SQL: SELECT * FROM `jm_picture` WHERE `status` = 1 AND `id` = 5576 LIMIT 1   [ RunTime:0.0065s ]
SQL: SELECT * FROM `jm_picture` WHERE `status` = 1 AND `id` = 5574 LIMIT 1   [ RunTime:0.0059s ]
SQL: SELECT * FROM `jm_picture` WHERE `status` = 1 AND `id` = 5569 LIMIT 1   [ RunTime:0.0107s ]
SQL: SELECT * FROM `jm_picture` WHERE `status` = 1 AND `id` = 5650 LIMIT 1   [ RunTime:0.0063s ]
SQL: SELECT * FROM `jm_picture` WHERE `status` = 1 AND `id` = 5654 LIMIT 1   [ RunTime:0.0053s ]
SQL: SELECT * FROM `jm_picture` WHERE `status` = 1 AND `id` = 5828 LIMIT 1   [ RunTime:0.0049s ]
SQL: SELECT * FROM `jm_picture` WHERE `status` = 1 AND `id` = 5829 LIMIT 1   [ RunTime:0.0081s ]
INFO: Run Behavior\ParseTemplateBehavior [ RunTime:1.353290s ]
INFO: [ view_parse ] --END-- [ RunTime:1.356219s ]
INFO: [ view_filter ] --START--
INFO: Run Behavior\WriteHtmlCacheBehavior [ RunTime:0.001719s ]
INFO: [ view_filter ] --END-- [ RunTime:0.004621s ]
INFO: [ app_end ] --START--
INFO: Run Behavior\ShowPageTraceBehavior [ RunTime:0.002286s ]
INFO: [ app_end ] --END-- [ RunTime:0.004335s ]

[ 2016-04-05T16:46:17+08:00 ] 127.0.0.1 /User/login.html
INFO: [ app_init ] --START--
INFO: Run Behavior\BuildLiteBehavior [ RunTime:0.000336s ]
INFO: Run Common\Behavior\InitHookBehavior [ RunTime:0.008227s ]
INFO: [ app_init ] --END-- [ RunTime:0.012079s ]
INFO: [ app_begin ] --START--
INFO: Run Behavior\ReadHtmlCacheBehavior [ RunTime:0.002487s ]
INFO: Run Addons\Iswaf\IswafAddon [ RunTime:0.043114s ]
INFO: [ app_begin ] --END-- [ RunTime:0.049866s ]
SQL: SHOW COLUMNS FROM `jm_config` [ RunTime:0.0103s ]
SQL: SELECT `type`,`name`,`value` FROM `jm_config` WHERE `status` = 1  [ RunTime:0.0070s ]
INFO: [ view_parse ] --START--
INFO: [ template_filter ] --START--
INFO: Run Behavior\ContentReplaceBehavior [ RunTime:0.001341s ]
INFO: [ template_filter ] --END-- [ RunTime:0.003303s ]
NOTIC: [8] Use of undefined constant Index - assumed 'Index' C:\wamp\www\yinma\Runtime\Cache\Home\b171d71961885d3bf0f7a9b2e0867b01.php 第 135 行.
NOTIC: [8] Use of undefined constant index - assumed 'index' C:\wamp\www\yinma\Runtime\Cache\Home\b171d71961885d3bf0f7a9b2e0867b01.php 第 135 行.
NOTIC: [2] Division by zero C:\wamp\www\yinma\Runtime\Cache\Home\b171d71961885d3bf0f7a9b2e0867b01.php 第 135 行.
INFO: Run Behavior\ParseTemplateBehavior [ RunTime:0.142556s ]
INFO: [ view_parse ] --END-- [ RunTime:0.144740s ]
INFO: [ view_filter ] --START--
INFO: Run Behavior\WriteHtmlCacheBehavior [ RunTime:0.001675s ]
INFO: [ view_filter ] --END-- [ RunTime:0.003792s ]
INFO: [ app_end ] --START--
INFO: Run Behavior\ShowPageTraceBehavior [ RunTime:0.005555s ]
INFO: [ app_end ] --END-- [ RunTime:0.008703s ]

[ 2016-04-05T16:46:18+08:00 ] 127.0.0.1 /Public/Home/fsr/js/jquery-2.0.3.min.map
INFO: [ app_init ] --START--
INFO: Run Behavior\BuildLiteBehavior [ RunTime:0.000330s ]
INFO: Run Common\Behavior\InitHookBehavior [ RunTime:0.010213s ]
INFO: [ app_init ] --END-- [ RunTime:0.018727s ]
INFO: [ app_begin ] --START--
INFO: Run Behavior\ReadHtmlCacheBehavior [ RunTime:0.001710s ]
INFO: Run Addons\Iswaf\IswafAddon [ RunTime:0.035522s ]
INFO: [ app_begin ] --END-- [ RunTime:0.039822s ]
SQL: SHOW COLUMNS FROM `jm_config` [ RunTime:0.0068s ]
SQL: SELECT `type`,`name`,`value` FROM `jm_config` WHERE `status` = 1  [ RunTime:0.0061s ]

[ 2016-04-05T16:46:20+08:00 ] 127.0.0.1 /Index/index.html
INFO: [ app_init ] --START--
INFO: Run Behavior\BuildLiteBehavior [ RunTime:0.000311s ]
INFO: Run Common\Behavior\InitHookBehavior [ RunTime:0.006124s ]
INFO: [ app_init ] --END-- [ RunTime:0.009458s ]
INFO: [ app_begin ] --START--
INFO: Run Behavior\ReadHtmlCacheBehavior [ RunTime:0.002431s ]
INFO: Run Addons\Iswaf\IswafAddon [ RunTime:0.030030s ]
INFO: [ app_begin ] --END-- [ RunTime:0.035373s ]
SQL: SHOW COLUMNS FROM `jm_config` [ RunTime:0.0073s ]
SQL: SELECT `type`,`name`,`value` FROM `jm_config` WHERE `status` = 1  [ RunTime:0.0064s ]
SQL: SHOW COLUMNS FROM `jm_notice` [ RunTime:0.0092s ]
SQL: SELECT `id`,`create_time`,`title` FROM `jm_notice` WHERE ( status = 0 ) ORDER BY is_top desc,create_time desc LIMIT 6   [ RunTime:0.0094s ]
SQL: SHOW COLUMNS FROM `jm_infomation` [ RunTime:0.0065s ]
SQL: SELECT `id`,`create_time`,`title` FROM `jm_infomation` WHERE ( status = 1 ) ORDER BY level desc,create_time desc LIMIT 6   [ RunTime:0.0093s ]
NOTIC: [8] Undefined variable: noticearray C:\wamp\www\yinma\Application\Home\Controller\IndexController.class.php 第 60 行.
NOTIC: [2] implode(): Invalid arguments passed C:\wamp\www\yinma\Application\Home\Controller\IndexController.class.php 第 60 行.
NOTIC: [8] Undefined variable: newsarray C:\wamp\www\yinma\Application\Home\Controller\IndexController.class.php 第 62 行.
NOTIC: [2] implode(): Invalid arguments passed C:\wamp\www\yinma\Application\Home\Controller\IndexController.class.php 第 62 行.
SQL: SHOW COLUMNS FROM `jm_project` [ RunTime:0.0142s ]
SQL: SHOW COLUMNS FROM `jm_proj_index` [ RunTime:0.0086s ]
SQL: SELECT * FROM `jm_proj_index` WHERE `stage` = 4 ORDER BY is_top desc, create_time desc LIMIT 6   [ RunTime:0.0133s ]
SQL: SELECT * FROM `jm_proj_index` WHERE `stage` = 2 ORDER BY is_top desc, create_time desc  [ RunTime:0.0085s ]
SQL: SELECT * FROM `jm_proj_index` WHERE `stage` = 1 ORDER BY is_top desc, create_time desc  [ RunTime:0.0099s ]
SQL: SELECT * FROM `jm_proj_index` WHERE `stage` = 9 ORDER BY is_top desc, create_time desc LIMIT 6   [ RunTime:0.0141s ]
SQL: SHOW COLUMNS FROM `jm_banner` [ RunTime:0.0090s ]
SQL: SELECT * FROM `jm_banner` WHERE `status` = 0 ORDER BY sort asc,id desc  [ RunTime:0.0103s ]
SQL: SHOW COLUMNS FROM `jm_product` [ RunTime:0.0077s ]
SQL: SELECT * FROM `jm_product` WHERE `status` = 9 AND ( `stage` > 1 AND `stage` < 9 AND `stage` <> 8  ) ORDER BY is_sort desc,start_time desc LIMIT 4   [ RunTime:0.0130s ]
SQL: SELECT * FROM `jm_product` WHERE `status` = 9 AND ( `stage` = 9  ) ORDER BY is_sort desc,start_time desc LIMIT 4   [ RunTime:0.0100s ]
SQL: SELECT * FROM `jm_proj_index` WHERE `status` = 9 AND `stage` BETWEEN '1' AND '4' ORDER BY stage desc,is_top desc,create_time desc LIMIT 6   [ RunTime:0.0121s ]
SQL: SHOW COLUMNS FROM `jm_project` [ RunTime:0.0131s ]
SQL: SELECT COUNT(*) AS tp_count FROM `jm_project` WHERE `status` >= 9 AND `stage` IN ('1','4','9') LIMIT 1   [ RunTime:0.0159s ]
SQL: SHOW COLUMNS FROM `jm_project_investor` [ RunTime:0.0108s ]
SQL: SELECT SUM(fund) AS tp_sum FROM `jm_project_investor` WHERE `status` >= 4 LIMIT 1   [ RunTime:0.0069s ]
SQL: SELECT COUNT(*) AS tp_count FROM `jm_product` WHERE `status` >= 9 AND `stage` IN ('2','9') LIMIT 1   [ RunTime:0.0126s ]
SQL: SHOW COLUMNS FROM `jm_custom` [ RunTime:0.0118s ]
SQL: SELECT SUM(amount*count) AS tp_sum FROM `jm_custom` WHERE `status` = 1 LIMIT 1   [ RunTime:0.0115s ]
SQL: SHOW COLUMNS FROM `jm_ucenter_member` [ RunTime:0.0105s ]
SQL: SELECT COUNT(*) AS tp_count FROM `jm_ucenter_member` WHERE `status` = 1 LIMIT 1   [ RunTime:0.0078s ]
SQL: SHOW COLUMNS FROM `jm_link` [ RunTime:0.0084s ]
SQL: SELECT `name`,`logo`,`url` FROM `jm_link` WHERE `status` = 1 ORDER BY sort desc LIMIT 15   [ RunTime:0.0076s ]
INFO: [ view_parse ] --START--
INFO: [ template_filter ] --START--
INFO: Run Behavior\ContentReplaceBehavior [ RunTime:0.002400s ]
INFO: [ template_filter ] --END-- [ RunTime:0.004143s ]
SQL: SHOW COLUMNS FROM `jm_picture` [ RunTime:0.0071s ]
SQL: SELECT * FROM `jm_picture` WHERE `status` = 1 AND `id` = 5817 LIMIT 1   [ RunTime:0.0095s ]
SQL: SELECT * FROM `jm_picture` WHERE `status` = 1 AND `id` = 5817 LIMIT 1   [ RunTime:0.0073s ]
SQL: SELECT * FROM `jm_picture` WHERE `status` = 1 AND `id` = 5769 LIMIT 1   [ RunTime:0.0098s ]
SQL: SELECT * FROM `jm_picture` WHERE `status` = 1 AND `id` = 5769 LIMIT 1   [ RunTime:0.0161s ]
SQL: SELECT * FROM `jm_picture` WHERE `status` = 1 AND `id` = 5794 LIMIT 1   [ RunTime:0.0061s ]
SQL: SELECT * FROM `jm_picture` WHERE `status` = 1 AND `id` = 5789 LIMIT 1   [ RunTime:0.0060s ]
NOTIC: [8] Undefined index: city C:\wamp\www\yinma\Runtime\Cache\Home\769e70f2e46f34ceb60619bbda5e4691.php 第 364 行.
NOTIC: [8] Undefined index: d C:\wamp\www\yinma\Application\Common\Common\function.php 第 1243 行.
NOTIC: [8] Undefined variable: finish_amount C:\wamp\www\yinma\Runtime\Cache\Home\769e70f2e46f34ceb60619bbda5e4691.php 第 365 行.
SQL: SELECT * FROM `jm_picture` WHERE `status` = 1 AND `id` = 5733 LIMIT 1   [ RunTime:0.0069s ]
SQL: SELECT * FROM `jm_picture` WHERE `status` = 1 AND `id` = 5672 LIMIT 1   [ RunTime:0.0065s ]
SQL: SELECT * FROM `jm_picture` WHERE `status` = 1 AND `id` = 5622 LIMIT 1   [ RunTime:0.0067s ]
SQL: SELECT * FROM `jm_picture` WHERE `status` = 1 AND `id` = 5597 LIMIT 1   [ RunTime:0.0118s ]
SQL: SELECT * FROM `jm_picture` WHERE `status` = 1 AND `id` = 5708 LIMIT 1   [ RunTime:0.0092s ]
SQL: SELECT * FROM `jm_picture` WHERE `status` = 1 AND `id` = 5572 LIMIT 1   [ RunTime:0.0070s ]
SQL: SELECT * FROM `jm_picture` WHERE `status` = 1 AND `id` = 5577 LIMIT 1   [ RunTime:0.0062s ]
SQL: SELECT * FROM `jm_picture` WHERE `status` = 1 AND `id` = 5580 LIMIT 1   [ RunTime:0.0100s ]
SQL: SELECT * FROM `jm_picture` WHERE `status` = 1 AND `id` = 5571 LIMIT 1   [ RunTime:0.0058s ]
SQL: SELECT * FROM `jm_picture` WHERE `status` = 1 AND `id` = 5579 LIMIT 1   [ RunTime:0.0070s ]
SQL: SELECT * FROM `jm_picture` WHERE `status` = 1 AND `id` = 5576 LIMIT 1   [ RunTime:0.0121s ]
SQL: SELECT * FROM `jm_picture` WHERE `status` = 1 AND `id` = 5574 LIMIT 1   [ RunTime:0.0082s ]
SQL: SELECT * FROM `jm_picture` WHERE `status` = 1 AND `id` = 5569 LIMIT 1   [ RunTime:0.0089s ]
SQL: SELECT * FROM `jm_picture` WHERE `status` = 1 AND `id` = 5650 LIMIT 1   [ RunTime:0.0117s ]
SQL: SELECT * FROM `jm_picture` WHERE `status` = 1 AND `id` = 5654 LIMIT 1   [ RunTime:0.0074s ]
SQL: SELECT * FROM `jm_picture` WHERE `status` = 1 AND `id` = 5828 LIMIT 1   [ RunTime:0.0061s ]
SQL: SELECT * FROM `jm_picture` WHERE `status` = 1 AND `id` = 5829 LIMIT 1   [ RunTime:0.0064s ]
INFO: Run Behavior\ParseTemplateBehavior [ RunTime:0.939264s ]
INFO: [ view_parse ] --END-- [ RunTime:0.940925s ]
INFO: [ view_filter ] --START--
INFO: Run Behavior\WriteHtmlCacheBehavior [ RunTime:0.001980s ]
INFO: [ view_filter ] --END-- [ RunTime:0.003820s ]
INFO: [ app_end ] --START--
INFO: Run Behavior\ShowPageTraceBehavior [ RunTime:0.002047s ]
INFO: [ app_end ] --END-- [ RunTime:0.003948s ]

[ 2016-04-05T16:48:13+08:00 ] 127.0.0.1 /User/login.html
INFO: [ app_init ] --START--
INFO: Run Behavior\BuildLiteBehavior [ RunTime:0.000346s ]
INFO: Run Common\Behavior\InitHookBehavior [ RunTime:0.007974s ]
INFO: [ app_init ] --END-- [ RunTime:0.011412s ]
INFO: [ app_begin ] --START--
INFO: Run Behavior\ReadHtmlCacheBehavior [ RunTime:0.001700s ]
INFO: Run Addons\Iswaf\IswafAddon [ RunTime:0.038738s ]
INFO: [ app_begin ] --END-- [ RunTime:0.042894s ]
SQL: SHOW COLUMNS FROM `jm_config` [ RunTime:0.0056s ]
SQL: SELECT `type`,`name`,`value` FROM `jm_config` WHERE `status` = 1  [ RunTime:0.0054s ]
INFO: [ view_parse ] --START--
INFO: [ template_filter ] --START--
INFO: Run Behavior\ContentReplaceBehavior [ RunTime:0.001114s ]
INFO: [ template_filter ] --END-- [ RunTime:0.002937s ]
NOTIC: [8] Use of undefined constant Index - assumed 'Index' C:\wamp\www\yinma\Runtime\Cache\Home\b171d71961885d3bf0f7a9b2e0867b01.php 第 135 行.
NOTIC: [8] Use of undefined constant index - assumed 'index' C:\wamp\www\yinma\Runtime\Cache\Home\b171d71961885d3bf0f7a9b2e0867b01.php 第 135 行.
NOTIC: [2] Division by zero C:\wamp\www\yinma\Runtime\Cache\Home\b171d71961885d3bf0f7a9b2e0867b01.php 第 135 行.
INFO: Run Behavior\ParseTemplateBehavior [ RunTime:0.094678s ]
INFO: [ view_parse ] --END-- [ RunTime:0.096473s ]
INFO: [ view_filter ] --START--
INFO: Run Behavior\WriteHtmlCacheBehavior [ RunTime:0.001502s ]
INFO: [ view_filter ] --END-- [ RunTime:0.003225s ]
INFO: [ app_end ] --START--
INFO: Run Behavior\ShowPageTraceBehavior [ RunTime:0.002360s ]
INFO: [ app_end ] --END-- [ RunTime:0.004744s ]

[ 2016-04-05T16:48:14+08:00 ] 127.0.0.1 /Public/Home/fsr/js/jquery-2.0.3.min.map
INFO: [ app_init ] --START--
INFO: Run Behavior\BuildLiteBehavior [ RunTime:0.000326s ]
INFO: Run Common\Behavior\InitHookBehavior [ RunTime:0.007564s ]
INFO: [ app_init ] --END-- [ RunTime:0.011281s ]
INFO: [ app_begin ] --START--
INFO: Run Behavior\ReadHtmlCacheBehavior [ RunTime:0.001796s ]
INFO: Run Addons\Iswaf\IswafAddon [ RunTime:0.026969s ]
INFO: [ app_begin ] --END-- [ RunTime:0.032250s ]
SQL: SHOW COLUMNS FROM `jm_config` [ RunTime:0.0099s ]
SQL: SELECT `type`,`name`,`value` FROM `jm_config` WHERE `status` = 1  [ RunTime:0.0076s ]

[ 2016-04-05T16:48:15+08:00 ] 127.0.0.1 /Index/index.html
INFO: [ app_init ] --START--
INFO: Run Behavior\BuildLiteBehavior [ RunTime:0.000630s ]
INFO: Run Common\Behavior\InitHookBehavior [ RunTime:0.006651s ]
INFO: [ app_init ] --END-- [ RunTime:0.011412s ]
INFO: [ app_begin ] --START--
INFO: Run Behavior\ReadHtmlCacheBehavior [ RunTime:0.001891s ]
INFO: Run Addons\Iswaf\IswafAddon [ RunTime:0.028490s ]
INFO: [ app_begin ] --END-- [ RunTime:0.033255s ]
SQL: SHOW COLUMNS FROM `jm_config` [ RunTime:0.0123s ]
SQL: SELECT `type`,`name`,`value` FROM `jm_config` WHERE `status` = 1  [ RunTime:0.0148s ]
SQL: SHOW COLUMNS FROM `jm_notice` [ RunTime:0.0058s ]
SQL: SELECT `id`,`create_time`,`title` FROM `jm_notice` WHERE ( status = 0 ) ORDER BY is_top desc,create_time desc LIMIT 6   [ RunTime:0.0053s ]
SQL: SHOW COLUMNS FROM `jm_infomation` [ RunTime:0.0057s ]
SQL: SELECT `id`,`create_time`,`title` FROM `jm_infomation` WHERE ( status = 1 ) ORDER BY level desc,create_time desc LIMIT 6   [ RunTime:0.0066s ]
NOTIC: [8] Undefined variable: noticearray C:\wamp\www\yinma\Application\Home\Controller\IndexController.class.php 第 60 行.
NOTIC: [2] implode(): Invalid arguments passed C:\wamp\www\yinma\Application\Home\Controller\IndexController.class.php 第 60 行.
NOTIC: [8] Undefined variable: newsarray C:\wamp\www\yinma\Application\Home\Controller\IndexController.class.php 第 62 行.
NOTIC: [2] implode(): Invalid arguments passed C:\wamp\www\yinma\Application\Home\Controller\IndexController.class.php 第 62 行.
SQL: SHOW COLUMNS FROM `jm_project` [ RunTime:0.0116s ]
SQL: SHOW COLUMNS FROM `jm_proj_index` [ RunTime:0.0062s ]
SQL: SELECT * FROM `jm_proj_index` WHERE `stage` = 4 ORDER BY is_top desc, create_time desc LIMIT 6   [ RunTime:0.0072s ]
SQL: SELECT * FROM `jm_proj_index` WHERE `stage` = 2 ORDER BY is_top desc, create_time desc  [ RunTime:0.0065s ]
SQL: SELECT * FROM `jm_proj_index` WHERE `stage` = 1 ORDER BY is_top desc, create_time desc  [ RunTime:0.0110s ]
SQL: SELECT * FROM `jm_proj_index` WHERE `stage` = 9 ORDER BY is_top desc, create_time desc LIMIT 6   [ RunTime:0.0069s ]
SQL: SHOW COLUMNS FROM `jm_banner` [ RunTime:0.0060s ]
SQL: SELECT * FROM `jm_banner` WHERE `status` = 0 ORDER BY sort asc,id desc  [ RunTime:0.0091s ]
SQL: SHOW COLUMNS FROM `jm_product` [ RunTime:0.0132s ]
SQL: SELECT * FROM `jm_product` WHERE `status` = 9 AND ( `stage` > 1 AND `stage` < 9 AND `stage` <> 8  ) ORDER BY is_sort desc,start_time desc LIMIT 4   [ RunTime:0.0065s ]
SQL: SELECT * FROM `jm_product` WHERE `status` = 9 AND ( `stage` = 9  ) ORDER BY is_sort desc,start_time desc LIMIT 4   [ RunTime:0.0077s ]
SQL: SELECT * FROM `jm_proj_index` WHERE `status` = 9 AND `stage` BETWEEN '1' AND '4' ORDER BY stage desc,is_top desc,create_time desc LIMIT 6   [ RunTime:0.0073s ]
SQL: SHOW COLUMNS FROM `jm_project` [ RunTime:0.0064s ]
SQL: SELECT COUNT(*) AS tp_count FROM `jm_project` WHERE `status` >= 9 AND `stage` IN ('1','4','9') LIMIT 1   [ RunTime:0.0055s ]
SQL: SHOW COLUMNS FROM `jm_project_investor` [ RunTime:0.0074s ]
SQL: SELECT SUM(fund) AS tp_sum FROM `jm_project_investor` WHERE `status` >= 4 LIMIT 1   [ RunTime:0.0084s ]
SQL: SELECT COUNT(*) AS tp_count FROM `jm_product` WHERE `status` >= 9 AND `stage` IN ('2','9') LIMIT 1   [ RunTime:0.0047s ]
SQL: SHOW COLUMNS FROM `jm_custom` [ RunTime:0.0055s ]
SQL: SELECT SUM(amount*count) AS tp_sum FROM `jm_custom` WHERE `status` = 1 LIMIT 1   [ RunTime:0.0048s ]
SQL: SHOW COLUMNS FROM `jm_ucenter_member` [ RunTime:0.0057s ]
SQL: SELECT COUNT(*) AS tp_count FROM `jm_ucenter_member` WHERE `status` = 1 LIMIT 1   [ RunTime:0.0050s ]
SQL: SHOW COLUMNS FROM `jm_link` [ RunTime:0.0054s ]
SQL: SELECT `name`,`logo`,`url` FROM `jm_link` WHERE `status` = 1 ORDER BY sort desc LIMIT 15   [ RunTime:0.0063s ]
INFO: [ view_parse ] --START--
INFO: [ template_filter ] --START--
INFO: Run Behavior\ContentReplaceBehavior [ RunTime:0.002062s ]
INFO: [ template_filter ] --END-- [ RunTime:0.003961s ]
SQL: SHOW COLUMNS FROM `jm_picture` [ RunTime:0.0056s ]
SQL: SELECT * FROM `jm_picture` WHERE `status` = 1 AND `id` = 5817 LIMIT 1   [ RunTime:0.0051s ]
SQL: SELECT * FROM `jm_picture` WHERE `status` = 1 AND `id` = 5817 LIMIT 1   [ RunTime:0.0094s ]
SQL: SELECT * FROM `jm_picture` WHERE `status` = 1 AND `id` = 5769 LIMIT 1   [ RunTime:0.0071s ]
SQL: SELECT * FROM `jm_picture` WHERE `status` = 1 AND `id` = 5769 LIMIT 1   [ RunTime:0.0062s ]
SQL: SELECT * FROM `jm_picture` WHERE `status` = 1 AND `id` = 5794 LIMIT 1   [ RunTime:0.0086s ]
SQL: SELECT * FROM `jm_picture` WHERE `status` = 1 AND `id` = 5789 LIMIT 1   [ RunTime:0.0058s ]
NOTIC: [8] Undefined index: city C:\wamp\www\yinma\Runtime\Cache\Home\769e70f2e46f34ceb60619bbda5e4691.php 第 364 行.
NOTIC: [8] Undefined index: d C:\wamp\www\yinma\Application\Common\Common\function.php 第 1243 行.
NOTIC: [8] Undefined variable: finish_amount C:\wamp\www\yinma\Runtime\Cache\Home\769e70f2e46f34ceb60619bbda5e4691.php 第 365 行.
SQL: SELECT * FROM `jm_picture` WHERE `status` = 1 AND `id` = 5733 LIMIT 1   [ RunTime:0.0049s ]
SQL: SELECT * FROM `jm_picture` WHERE `status` = 1 AND `id` = 5672 LIMIT 1   [ RunTime:0.0056s ]
SQL: SELECT * FROM `jm_picture` WHERE `status` = 1 AND `id` = 5622 LIMIT 1   [ RunTime:0.0053s ]
SQL: SELECT * FROM `jm_picture` WHERE `status` = 1 AND `id` = 5597 LIMIT 1   [ RunTime:0.0058s ]
SQL: SELECT * FROM `jm_picture` WHERE `status` = 1 AND `id` = 5708 LIMIT 1   [ RunTime:0.0052s ]
SQL: SELECT * FROM `jm_picture` WHERE `status` = 1 AND `id` = 5572 LIMIT 1   [ RunTime:0.0052s ]
SQL: SELECT * FROM `jm_picture` WHERE `status` = 1 AND `id` = 5577 LIMIT 1   [ RunTime:0.0050s ]
SQL: SELECT * FROM `jm_picture` WHERE `status` = 1 AND `id` = 5580 LIMIT 1   [ RunTime:0.0052s ]
SQL: SELECT * FROM `jm_picture` WHERE `status` = 1 AND `id` = 5571 LIMIT 1   [ RunTime:0.0049s ]
SQL: SELECT * FROM `jm_picture` WHERE `status` = 1 AND `id` = 5579 LIMIT 1   [ RunTime:0.0048s ]
SQL: SELECT * FROM `jm_picture` WHERE `status` = 1 AND `id` = 5576 LIMIT 1   [ RunTime:0.0083s ]
SQL: SELECT * FROM `jm_picture` WHERE `status` = 1 AND `id` = 5574 LIMIT 1   [ RunTime:0.0069s ]
SQL: SELECT * FROM `jm_picture` WHERE `status` = 1 AND `id` = 5569 LIMIT 1   [ RunTime:0.0052s ]
SQL: SELECT * FROM `jm_picture` WHERE `status` = 1 AND `id` = 5650 LIMIT 1   [ RunTime:0.0102s ]
SQL: SELECT * FROM `jm_picture` WHERE `status` = 1 AND `id` = 5654 LIMIT 1   [ RunTime:0.0065s ]
SQL: SELECT * FROM `jm_picture` WHERE `status` = 1 AND `id` = 5828 LIMIT 1   [ RunTime:0.0061s ]
SQL: SELECT * FROM `jm_picture` WHERE `status` = 1 AND `id` = 5829 LIMIT 1   [ RunTime:0.0099s ]
INFO: Run Behavior\ParseTemplateBehavior [ RunTime:0.922878s ]
INFO: [ view_parse ] --END-- [ RunTime:0.924922s ]
INFO: [ view_filter ] --START--
INFO: Run Behavior\WriteHtmlCacheBehavior [ RunTime:0.001843s ]
INFO: [ view_filter ] --END-- [ RunTime:0.003724s ]
INFO: [ app_end ] --START--
INFO: Run Behavior\ShowPageTraceBehavior [ RunTime:0.002127s ]
INFO: [ app_end ] --END-- [ RunTime:0.005237s ]

[ 2016-04-05T16:53:30+08:00 ] 127.0.0.1 /User/login.html
INFO: [ app_init ] --START--
INFO: Run Behavior\BuildLiteBehavior [ RunTime:0.000348s ]
INFO: Run Common\Behavior\InitHookBehavior [ RunTime:0.006781s ]
INFO: [ app_init ] --END-- [ RunTime:0.010593s ]
INFO: [ app_begin ] --START--
INFO: Run Behavior\ReadHtmlCacheBehavior [ RunTime:0.002008s ]
INFO: Run Addons\Iswaf\IswafAddon [ RunTime:0.028296s ]
INFO: [ app_begin ] --END-- [ RunTime:0.032816s ]
SQL: SHOW COLUMNS FROM `jm_config` [ RunTime:0.0059s ]
SQL: SELECT `type`,`name`,`value` FROM `jm_config` WHERE `status` = 1  [ RunTime:0.0056s ]
INFO: [ view_parse ] --START--
INFO: [ template_filter ] --START--
INFO: Run Behavior\ContentReplaceBehavior [ RunTime:0.001147s ]
INFO: [ template_filter ] --END-- [ RunTime:0.002969s ]
NOTIC: [8] Use of undefined constant Index - assumed 'Index' C:\wamp\www\yinma\Runtime\Cache\Home\b171d71961885d3bf0f7a9b2e0867b01.php 第 135 行.
NOTIC: [8] Use of undefined constant index - assumed 'index' C:\wamp\www\yinma\Runtime\Cache\Home\b171d71961885d3bf0f7a9b2e0867b01.php 第 135 行.
NOTIC: [2] Division by zero C:\wamp\www\yinma\Runtime\Cache\Home\b171d71961885d3bf0f7a9b2e0867b01.php 第 135 行.
INFO: Run Behavior\ParseTemplateBehavior [ RunTime:0.101277s ]
INFO: [ view_parse ] --END-- [ RunTime:0.102977s ]
INFO: [ view_filter ] --START--
INFO: Run Behavior\WriteHtmlCacheBehavior [ RunTime:0.001392s ]
INFO: [ view_filter ] --END-- [ RunTime:0.003036s ]
INFO: [ app_end ] --START--
INFO: Run Behavior\ShowPageTraceBehavior [ RunTime:0.001740s ]
INFO: [ app_end ] --END-- [ RunTime:0.003294s ]

[ 2016-04-05T16:53:31+08:00 ] 127.0.0.1 /Public/Home/fsr/js/jquery-2.0.3.min.map
INFO: [ app_init ] --START--
INFO: Run Behavior\BuildLiteBehavior [ RunTime:0.000354s ]
INFO: Run Common\Behavior\InitHookBehavior [ RunTime:0.007361s ]
INFO: [ app_init ] --END-- [ RunTime:0.012502s ]
INFO: [ app_begin ] --START--
INFO: Run Behavior\ReadHtmlCacheBehavior [ RunTime:0.001686s ]
INFO: Run Addons\Iswaf\IswafAddon [ RunTime:0.028734s ]
INFO: [ app_begin ] --END-- [ RunTime:0.033508s ]
SQL: SHOW COLUMNS FROM `jm_config` [ RunTime:0.0058s ]
SQL: SELECT `type`,`name`,`value` FROM `jm_config` WHERE `status` = 1  [ RunTime:0.0057s ]

[ 2016-04-05T16:53:32+08:00 ] 127.0.0.1 /Index/index.html
INFO: [ app_init ] --START--
INFO: Run Behavior\BuildLiteBehavior [ RunTime:0.000323s ]
INFO: Run Common\Behavior\InitHookBehavior [ RunTime:0.007593s ]
INFO: [ app_init ] --END-- [ RunTime:0.011331s ]
INFO: [ app_begin ] --START--
INFO: Run Behavior\ReadHtmlCacheBehavior [ RunTime:0.002037s ]
INFO: Run Addons\Iswaf\IswafAddon [ RunTime:0.031363s ]
INFO: [ app_begin ] --END-- [ RunTime:0.036769s ]
SQL: SHOW COLUMNS FROM `jm_config` [ RunTime:0.0075s ]
SQL: SELECT `type`,`name`,`value` FROM `jm_config` WHERE `status` = 1  [ RunTime:0.0086s ]
SQL: SHOW COLUMNS FROM `jm_notice` [ RunTime:0.0065s ]
SQL: SELECT `id`,`create_time`,`title` FROM `jm_notice` WHERE ( status = 0 ) ORDER BY is_top desc,create_time desc LIMIT 6   [ RunTime:0.0065s ]
SQL: SHOW COLUMNS FROM `jm_infomation` [ RunTime:0.0063s ]
SQL: SELECT `id`,`create_time`,`title` FROM `jm_infomation` WHERE ( status = 1 ) ORDER BY level desc,create_time desc LIMIT 6   [ RunTime:0.0077s ]
NOTIC: [8] Undefined variable: noticearray C:\wamp\www\yinma\Application\Home\Controller\IndexController.class.php 第 60 行.
NOTIC: [2] implode(): Invalid arguments passed C:\wamp\www\yinma\Application\Home\Controller\IndexController.class.php 第 60 行.
NOTIC: [8] Undefined variable: newsarray C:\wamp\www\yinma\Application\Home\Controller\IndexController.class.php 第 62 行.
NOTIC: [2] implode(): Invalid arguments passed C:\wamp\www\yinma\Application\Home\Controller\IndexController.class.php 第 62 行.
SQL: SHOW COLUMNS FROM `jm_project` [ RunTime:0.0075s ]
SQL: SHOW COLUMNS FROM `jm_proj_index` [ RunTime:0.0072s ]
SQL: SELECT * FROM `jm_proj_index` WHERE `stage` = 4 ORDER BY is_top desc, create_time desc LIMIT 6   [ RunTime:0.0077s ]
SQL: SELECT * FROM `jm_proj_index` WHERE `stage` = 2 ORDER BY is_top desc, create_time desc  [ RunTime:0.0078s ]
SQL: SELECT * FROM `jm_proj_index` WHERE `stage` = 1 ORDER BY is_top desc, create_time desc  [ RunTime:0.0076s ]
SQL: SELECT * FROM `jm_proj_index` WHERE `stage` = 9 ORDER BY is_top desc, create_time desc LIMIT 6   [ RunTime:0.0075s ]
SQL: SHOW COLUMNS FROM `jm_banner` [ RunTime:0.0060s ]
SQL: SELECT * FROM `jm_banner` WHERE `status` = 0 ORDER BY sort asc,id desc  [ RunTime:0.0075s ]
SQL: SHOW COLUMNS FROM `jm_product` [ RunTime:0.0066s ]
SQL: SELECT * FROM `jm_product` WHERE `status` = 9 AND ( `stage` > 1 AND `stage` < 9 AND `stage` <> 8  ) ORDER BY is_sort desc,start_time desc LIMIT 4   [ RunTime:0.0063s ]
SQL: SELECT * FROM `jm_product` WHERE `status` = 9 AND ( `stage` = 9  ) ORDER BY is_sort desc,start_time desc LIMIT 4   [ RunTime:0.0063s ]
SQL: SELECT * FROM `jm_proj_index` WHERE `status` = 9 AND `stage` BETWEEN '1' AND '4' ORDER BY stage desc,is_top desc,create_time desc LIMIT 6   [ RunTime:0.0074s ]
SQL: SHOW COLUMNS FROM `jm_project` [ RunTime:0.0073s ]
SQL: SELECT COUNT(*) AS tp_count FROM `jm_project` WHERE `status` >= 9 AND `stage` IN ('1','4','9') LIMIT 1   [ RunTime:0.0053s ]
SQL: SHOW COLUMNS FROM `jm_project_investor` [ RunTime:0.0065s ]
SQL: SELECT SUM(fund) AS tp_sum FROM `jm_project_investor` WHERE `status` >= 4 LIMIT 1   [ RunTime:0.0103s ]
SQL: SELECT COUNT(*) AS tp_count FROM `jm_product` WHERE `status` >= 9 AND `stage` IN ('2','9') LIMIT 1   [ RunTime:0.0093s ]
SQL: SHOW COLUMNS FROM `jm_custom` [ RunTime:0.0090s ]
SQL: SELECT SUM(amount*count) AS tp_sum FROM `jm_custom` WHERE `status` = 1 LIMIT 1   [ RunTime:0.0099s ]
SQL: SHOW COLUMNS FROM `jm_ucenter_member` [ RunTime:0.0065s ]
SQL: SELECT COUNT(*) AS tp_count FROM `jm_ucenter_member` WHERE `status` = 1 LIMIT 1   [ RunTime:0.0073s ]
SQL: SHOW COLUMNS FROM `jm_link` [ RunTime:0.0066s ]
SQL: SELECT `name`,`logo`,`url` FROM `jm_link` WHERE `status` = 1 ORDER BY sort desc LIMIT 15   [ RunTime:0.0063s ]
INFO: [ view_parse ] --START--
INFO: [ template_filter ] --START--
INFO: Run Behavior\ContentReplaceBehavior [ RunTime:0.002214s ]
INFO: [ template_filter ] --END-- [ RunTime:0.004187s ]
SQL: SHOW COLUMNS FROM `jm_picture` [ RunTime:0.0060s ]
SQL: SELECT * FROM `jm_picture` WHERE `status` = 1 AND `id` = 5817 LIMIT 1   [ RunTime:0.0062s ]
SQL: SELECT * FROM `jm_picture` WHERE `status` = 1 AND `id` = 5817 LIMIT 1   [ RunTime:0.0066s ]
SQL: SELECT * FROM `jm_picture` WHERE `status` = 1 AND `id` = 5769 LIMIT 1   [ RunTime:0.0069s ]
SQL: SELECT * FROM `jm_picture` WHERE `status` = 1 AND `id` = 5769 LIMIT 1   [ RunTime:0.0057s ]
SQL: SELECT * FROM `jm_picture` WHERE `status` = 1 AND `id` = 5794 LIMIT 1   [ RunTime:0.0057s ]
SQL: SELECT * FROM `jm_picture` WHERE `status` = 1 AND `id` = 5789 LIMIT 1   [ RunTime:0.0100s ]
NOTIC: [8] Undefined index: city C:\wamp\www\yinma\Runtime\Cache\Home\769e70f2e46f34ceb60619bbda5e4691.php 第 364 行.
NOTIC: [8] Undefined index: d C:\wamp\www\yinma\Application\Common\Common\function.php 第 1243 行.
NOTIC: [8] Undefined variable: finish_amount C:\wamp\www\yinma\Runtime\Cache\Home\769e70f2e46f34ceb60619bbda5e4691.php 第 365 行.
SQL: SELECT * FROM `jm_picture` WHERE `status` = 1 AND `id` = 5733 LIMIT 1   [ RunTime:0.0057s ]
SQL: SELECT * FROM `jm_picture` WHERE `status` = 1 AND `id` = 5672 LIMIT 1   [ RunTime:0.0062s ]
SQL: SELECT * FROM `jm_picture` WHERE `status` = 1 AND `id` = 5622 LIMIT 1   [ RunTime:0.0056s ]
SQL: SELECT * FROM `jm_picture` WHERE `status` = 1 AND `id` = 5597 LIMIT 1   [ RunTime:0.0056s ]
SQL: SELECT * FROM `jm_picture` WHERE `status` = 1 AND `id` = 5708 LIMIT 1   [ RunTime:0.0059s ]
SQL: SELECT * FROM `jm_picture` WHERE `status` = 1 AND `id` = 5572 LIMIT 1   [ RunTime:0.0110s ]
SQL: SELECT * FROM `jm_picture` WHERE `status` = 1 AND `id` = 5577 LIMIT 1   [ RunTime:0.0092s ]
SQL: SELECT * FROM `jm_picture` WHERE `status` = 1 AND `id` = 5580 LIMIT 1   [ RunTime:0.0062s ]
SQL: SELECT * FROM `jm_picture` WHERE `status` = 1 AND `id` = 5571 LIMIT 1   [ RunTime:0.0062s ]
SQL: SELECT * FROM `jm_picture` WHERE `status` = 1 AND `id` = 5579 LIMIT 1   [ RunTime:0.0079s ]
SQL: SELECT * FROM `jm_picture` WHERE `status` = 1 AND `id` = 5576 LIMIT 1   [ RunTime:0.0062s ]
SQL: SELECT * FROM `jm_picture` WHERE `status` = 1 AND `id` = 5574 LIMIT 1   [ RunTime:0.0063s ]
SQL: SELECT * FROM `jm_picture` WHERE `status` = 1 AND `id` = 5569 LIMIT 1   [ RunTime:0.0056s ]
SQL: SELECT * FROM `jm_picture` WHERE `status` = 1 AND `id` = 5650 LIMIT 1   [ RunTime:0.0133s ]
SQL: SELECT * FROM `jm_picture` WHERE `status` = 1 AND `id` = 5654 LIMIT 1   [ RunTime:0.0056s ]
SQL: SELECT * FROM `jm_picture` WHERE `status` = 1 AND `id` = 5828 LIMIT 1   [ RunTime:0.0061s ]
SQL: SELECT * FROM `jm_picture` WHERE `status` = 1 AND `id` = 5829 LIMIT 1   [ RunTime:0.0057s ]
INFO: Run Behavior\ParseTemplateBehavior [ RunTime:0.975386s ]
INFO: [ view_parse ] --END-- [ RunTime:0.977107s ]
INFO: [ view_filter ] --START--
INFO: Run Behavior\WriteHtmlCacheBehavior [ RunTime:0.001460s ]
INFO: [ view_filter ] --END-- [ RunTime:0.003144s ]
INFO: [ app_end ] --START--
INFO: Run Behavior\ShowPageTraceBehavior [ RunTime:0.002661s ]
INFO: [ app_end ] --END-- [ RunTime:0.005333s ]

[ 2016-04-05T16:53:53+08:00 ] 127.0.0.1 /User/login.html
INFO: [ app_init ] --START--
INFO: Run Behavior\BuildLiteBehavior [ RunTime:0.000303s ]
INFO: Run Common\Behavior\InitHookBehavior [ RunTime:0.007536s ]
INFO: [ app_init ] --END-- [ RunTime:0.013099s ]
INFO: [ app_begin ] --START--
INFO: Run Behavior\ReadHtmlCacheBehavior [ RunTime:0.002299s ]
INFO: Run Addons\Iswaf\IswafAddon [ RunTime:0.028614s ]
INFO: [ app_begin ] --END-- [ RunTime:0.033555s ]
SQL: SHOW COLUMNS FROM `jm_config` [ RunTime:0.0063s ]
SQL: SELECT `type`,`name`,`value` FROM `jm_config` WHERE `status` = 1  [ RunTime:0.0063s ]
INFO: [ view_parse ] --START--
INFO: [ template_filter ] --START--
INFO: Run Behavior\ContentReplaceBehavior [ RunTime:0.001468s ]
INFO: [ template_filter ] --END-- [ RunTime:0.004174s ]
NOTIC: [8] Use of undefined constant Index - assumed 'Index' C:\wamp\www\yinma\Runtime\Cache\Home\b171d71961885d3bf0f7a9b2e0867b01.php 第 134 行.
NOTIC: [8] Use of undefined constant index - assumed 'index' C:\wamp\www\yinma\Runtime\Cache\Home\b171d71961885d3bf0f7a9b2e0867b01.php 第 134 行.
NOTIC: [2] Division by zero C:\wamp\www\yinma\Runtime\Cache\Home\b171d71961885d3bf0f7a9b2e0867b01.php 第 134 行.
INFO: Run Behavior\ParseTemplateBehavior [ RunTime:0.093326s ]
INFO: [ view_parse ] --END-- [ RunTime:0.095698s ]
INFO: [ view_filter ] --START--
INFO: Run Behavior\WriteHtmlCacheBehavior [ RunTime:0.001380s ]
INFO: [ view_filter ] --END-- [ RunTime:0.003025s ]
INFO: [ app_end ] --START--
INFO: Run Behavior\ShowPageTraceBehavior [ RunTime:0.001731s ]
INFO: [ app_end ] --END-- [ RunTime:0.003509s ]

[ 2016-04-05T16:53:53+08:00 ] 127.0.0.1 /Public/Home/fsr/js/jquery-2.0.3.min.map
INFO: [ app_init ] --START--
INFO: Run Behavior\BuildLiteBehavior [ RunTime:0.000315s ]
INFO: Run Common\Behavior\InitHookBehavior [ RunTime:0.005973s ]
INFO: [ app_init ] --END-- [ RunTime:0.009448s ]
INFO: [ app_begin ] --START--
INFO: Run Behavior\ReadHtmlCacheBehavior [ RunTime:0.001804s ]
INFO: Run Addons\Iswaf\IswafAddon [ RunTime:0.029340s ]
INFO: [ app_begin ] --END-- [ RunTime:0.033792s ]
SQL: SHOW COLUMNS FROM `jm_config` [ RunTime:0.0067s ]
SQL: SELECT `type`,`name`,`value` FROM `jm_config` WHERE `status` = 1  [ RunTime:0.0058s ]

[ 2016-04-05T16:53:55+08:00 ] 127.0.0.1 /Index/index.html
INFO: [ app_init ] --START--
INFO: Run Behavior\BuildLiteBehavior [ RunTime:0.000320s ]
INFO: Run Common\Behavior\InitHookBehavior [ RunTime:0.006443s ]
INFO: [ app_init ] --END-- [ RunTime:0.010262s ]
INFO: [ app_begin ] --START--
INFO: Run Behavior\ReadHtmlCacheBehavior [ RunTime:0.001598s ]
INFO: Run Addons\Iswaf\IswafAddon [ RunTime:0.027295s ]
INFO: [ app_begin ] --END-- [ RunTime:0.031273s ]
SQL: SHOW COLUMNS FROM `jm_config` [ RunTime:0.0070s ]
SQL: SELECT `type`,`name`,`value` FROM `jm_config` WHERE `status` = 1  [ RunTime:0.0089s ]
SQL: SHOW COLUMNS FROM `jm_notice` [ RunTime:0.0066s ]
SQL: SELECT `id`,`create_time`,`title` FROM `jm_notice` WHERE ( status = 0 ) ORDER BY is_top desc,create_time desc LIMIT 6   [ RunTime:0.0061s ]
SQL: SHOW COLUMNS FROM `jm_infomation` [ RunTime:0.0066s ]
SQL: SELECT `id`,`create_time`,`title` FROM `jm_infomation` WHERE ( status = 1 ) ORDER BY level desc,create_time desc LIMIT 6   [ RunTime:0.0067s ]
NOTIC: [8] Undefined variable: noticearray C:\wamp\www\yinma\Application\Home\Controller\IndexController.class.php 第 60 行.
NOTIC: [2] implode(): Invalid arguments passed C:\wamp\www\yinma\Application\Home\Controller\IndexController.class.php 第 60 行.
NOTIC: [8] Undefined variable: newsarray C:\wamp\www\yinma\Application\Home\Controller\IndexController.class.php 第 62 行.
NOTIC: [2] implode(): Invalid arguments passed C:\wamp\www\yinma\Application\Home\Controller\IndexController.class.php 第 62 行.
SQL: SHOW COLUMNS FROM `jm_project` [ RunTime:0.0107s ]
SQL: SHOW COLUMNS FROM `jm_proj_index` [ RunTime:0.0074s ]
SQL: SELECT * FROM `jm_proj_index` WHERE `stage` = 4 ORDER BY is_top desc, create_time desc LIMIT 6   [ RunTime:0.0080s ]
SQL: SELECT * FROM `jm_proj_index` WHERE `stage` = 2 ORDER BY is_top desc, create_time desc  [ RunTime:0.0085s ]
SQL: SELECT * FROM `jm_proj_index` WHERE `stage` = 1 ORDER BY is_top desc, create_time desc  [ RunTime:0.0077s ]
SQL: SELECT * FROM `jm_proj_index` WHERE `stage` = 9 ORDER BY is_top desc, create_time desc LIMIT 6   [ RunTime:0.0095s ]
SQL: SHOW COLUMNS FROM `jm_banner` [ RunTime:0.0078s ]
SQL: SELECT * FROM `jm_banner` WHERE `status` = 0 ORDER BY sort asc,id desc  [ RunTime:0.0063s ]
SQL: SHOW COLUMNS FROM `jm_product` [ RunTime:0.0074s ]
SQL: SELECT * FROM `jm_product` WHERE `status` = 9 AND ( `stage` > 1 AND `stage` < 9 AND `stage` <> 8  ) ORDER BY is_sort desc,start_time desc LIMIT 4   [ RunTime:0.0066s ]
SQL: SELECT * FROM `jm_product` WHERE `status` = 9 AND ( `stage` = 9  ) ORDER BY is_sort desc,start_time desc LIMIT 4   [ RunTime:0.0083s ]
SQL: SELECT * FROM `jm_proj_index` WHERE `status` = 9 AND `stage` BETWEEN '1' AND '4' ORDER BY stage desc,is_top desc,create_time desc LIMIT 6   [ RunTime:0.0114s ]
SQL: SHOW COLUMNS FROM `jm_project` [ RunTime:0.0096s ]
SQL: SELECT COUNT(*) AS tp_count FROM `jm_project` WHERE `status` >= 9 AND `stage` IN ('1','4','9') LIMIT 1   [ RunTime:0.0125s ]
SQL: SHOW COLUMNS FROM `jm_project_investor` [ RunTime:0.0125s ]
SQL: SELECT SUM(fund) AS tp_sum FROM `jm_project_investor` WHERE `status` >= 4 LIMIT 1   [ RunTime:0.0084s ]
SQL: SELECT COUNT(*) AS tp_count FROM `jm_product` WHERE `status` >= 9 AND `stage` IN ('2','9') LIMIT 1   [ RunTime:0.0065s ]
SQL: SHOW COLUMNS FROM `jm_custom` [ RunTime:0.0069s ]
SQL: SELECT SUM(amount*count) AS tp_sum FROM `jm_custom` WHERE `status` = 1 LIMIT 1   [ RunTime:0.0061s ]
SQL: SHOW COLUMNS FROM `jm_ucenter_member` [ RunTime:0.0065s ]
SQL: SELECT COUNT(*) AS tp_count FROM `jm_ucenter_member` WHERE `status` = 1 LIMIT 1   [ RunTime:0.0061s ]
SQL: SHOW COLUMNS FROM `jm_link` [ RunTime:0.0064s ]
SQL: SELECT `name`,`logo`,`url` FROM `jm_link` WHERE `status` = 1 ORDER BY sort desc LIMIT 15   [ RunTime:0.0065s ]
INFO: [ view_parse ] --START--
INFO: [ template_filter ] --START--
INFO: Run Behavior\ContentReplaceBehavior [ RunTime:0.001825s ]
INFO: [ template_filter ] --END-- [ RunTime:0.003556s ]
SQL: SHOW COLUMNS FROM `jm_picture` [ RunTime:0.0083s ]
SQL: SELECT * FROM `jm_picture` WHERE `status` = 1 AND `id` = 5817 LIMIT 1   [ RunTime:0.0135s ]
SQL: SELECT * FROM `jm_picture` WHERE `status` = 1 AND `id` = 5817 LIMIT 1   [ RunTime:0.0062s ]
SQL: SELECT * FROM `jm_picture` WHERE `status` = 1 AND `id` = 5769 LIMIT 1   [ RunTime:0.0106s ]
SQL: SELECT * FROM `jm_picture` WHERE `status` = 1 AND `id` = 5769 LIMIT 1   [ RunTime:0.0078s ]
SQL: SELECT * FROM `jm_picture` WHERE `status` = 1 AND `id` = 5794 LIMIT 1   [ RunTime:0.0062s ]
SQL: SELECT * FROM `jm_picture` WHERE `status` = 1 AND `id` = 5789 LIMIT 1   [ RunTime:0.0115s ]
NOTIC: [8] Undefined index: city C:\wamp\www\yinma\Runtime\Cache\Home\769e70f2e46f34ceb60619bbda5e4691.php 第 364 行.
NOTIC: [8] Undefined index: d C:\wamp\www\yinma\Application\Common\Common\function.php 第 1243 行.
NOTIC: [8] Undefined variable: finish_amount C:\wamp\www\yinma\Runtime\Cache\Home\769e70f2e46f34ceb60619bbda5e4691.php 第 365 行.
SQL: SELECT * FROM `jm_picture` WHERE `status` = 1 AND `id` = 5733 LIMIT 1   [ RunTime:0.0061s ]
SQL: SELECT * FROM `jm_picture` WHERE `status` = 1 AND `id` = 5672 LIMIT 1   [ RunTime:0.0065s ]
SQL: SELECT * FROM `jm_picture` WHERE `status` = 1 AND `id` = 5622 LIMIT 1   [ RunTime:0.0061s ]
SQL: SELECT * FROM `jm_picture` WHERE `status` = 1 AND `id` = 5597 LIMIT 1   [ RunTime:0.0063s ]
SQL: SELECT * FROM `jm_picture` WHERE `status` = 1 AND `id` = 5708 LIMIT 1   [ RunTime:0.0063s ]
SQL: SELECT * FROM `jm_picture` WHERE `status` = 1 AND `id` = 5572 LIMIT 1   [ RunTime:0.0060s ]
SQL: SELECT * FROM `jm_picture` WHERE `status` = 1 AND `id` = 5577 LIMIT 1   [ RunTime:0.0078s ]
SQL: SELECT * FROM `jm_picture` WHERE `status` = 1 AND `id` = 5580 LIMIT 1   [ RunTime:0.0063s ]
SQL: SELECT * FROM `jm_picture` WHERE `status` = 1 AND `id` = 5571 LIMIT 1   [ RunTime:0.0068s ]
SQL: SELECT * FROM `jm_picture` WHERE `status` = 1 AND `id` = 5579 LIMIT 1   [ RunTime:0.0066s ]
SQL: SELECT * FROM `jm_picture` WHERE `status` = 1 AND `id` = 5576 LIMIT 1   [ RunTime:0.0060s ]
SQL: SELECT * FROM `jm_picture` WHERE `status` = 1 AND `id` = 5574 LIMIT 1   [ RunTime:0.0061s ]
SQL: SELECT * FROM `jm_picture` WHERE `status` = 1 AND `id` = 5569 LIMIT 1   [ RunTime:0.0061s ]
SQL: SELECT * FROM `jm_picture` WHERE `status` = 1 AND `id` = 5650 LIMIT 1   [ RunTime:0.0077s ]
SQL: SELECT * FROM `jm_picture` WHERE `status` = 1 AND `id` = 5654 LIMIT 1   [ RunTime:0.0062s ]
SQL: SELECT * FROM `jm_picture` WHERE `status` = 1 AND `id` = 5828 LIMIT 1   [ RunTime:0.0102s ]
SQL: SELECT * FROM `jm_picture` WHERE `status` = 1 AND `id` = 5829 LIMIT 1   [ RunTime:0.0063s ]
INFO: Run Behavior\ParseTemplateBehavior [ RunTime:0.919768s ]
INFO: [ view_parse ] --END-- [ RunTime:0.922026s ]
INFO: [ view_filter ] --START--
INFO: Run Behavior\WriteHtmlCacheBehavior [ RunTime:0.001339s ]
INFO: [ view_filter ] --END-- [ RunTime:0.002944s ]
INFO: [ app_end ] --START--
INFO: Run Behavior\ShowPageTraceBehavior [ RunTime:0.002109s ]
INFO: [ app_end ] --END-- [ RunTime:0.004177s ]

