[ 2016-03-18T16:39:47+08:00 ] 127.0.0.1 /admin.php?s=/Member/exploadUsersList
INFO: [ app_init ] --START--
INFO: Run Behavior\BuildLiteBehavior [ RunTime:0.000023s ]
INFO: Run Common\Behavior\InitHookBehavior [ RunTime:0.004600s ]
INFO: [ app_init ] --END-- [ RunTime:0.023433s ]
INFO: [ app_begin ] --START--
INFO: Run Behavior\ReadHtmlCacheBehavior [ RunTime:0.001131s ]
INFO: Run Addons\Iswaf\IswafAddon [ RunTime:0.016351s ]
INFO: [ app_begin ] --END-- [ RunTime:0.017640s ]
SQL: SHOW COLUMNS FROM `jm_users` [ RunTime:0.0150s ]
SQL: SELECT u.id,u.nickname,d.name,d.phone FROM jm_users as u INNER JOIN jm_users_detail as d on u.id = d.id  WHERE `status` = 1 ORDER BY id desc  [ RunTime:0.3625s ]
NOTIC: [2] Illegal string offset 'project_name' C:\wamp\www\yinma\Application\Admin\Controller\MemberController.class.php 第 49 行.
INFO: [ app_end ] --START--
INFO: Run Behavior\ShowPageTraceBehavior [ RunTime:0.001370s ]
INFO: [ app_end ] --END-- [ RunTime:0.001476s ]

[ 2016-03-18T17:04:48+08:00 ] 127.0.0.1 /admin.php?s=/Member/exploadUsersList
INFO: [ app_init ] --START--
INFO: Run Behavior\BuildLiteBehavior [ RunTime:0.000022s ]
INFO: Run Common\Behavior\InitHookBehavior [ RunTime:0.005299s ]
INFO: [ app_init ] --END-- [ RunTime:0.005957s ]
INFO: [ app_begin ] --START--
INFO: Run Behavior\ReadHtmlCacheBehavior [ RunTime:0.001564s ]
INFO: Run Addons\Iswaf\IswafAddon [ RunTime:0.021352s ]
INFO: [ app_begin ] --END-- [ RunTime:0.032087s ]
SQL: SHOW COLUMNS FROM `jm_users` [ RunTime:0.0057s ]
SQL: SELECT u.id,u.nickname,u.score,u.login,u.last_login_time,d.name,d.phone,d.card_id FROM jm_users as u INNER JOIN jm_users_detail as d on u.id = d.id  WHERE `status` = 1 ORDER BY id desc  [ RunTime:0.0379s ]
NOTIC: [2] Illegal string offset 'project_name' C:\wamp\www\yinma\Application\Admin\Controller\MemberController.class.php 第 49 行.
INFO: [ app_end ] --START--
INFO: Run Behavior\ShowPageTraceBehavior [ RunTime:0.001412s ]
INFO: [ app_end ] --END-- [ RunTime:0.001522s ]

