[ 2016-03-14T16:57:38+08:00 ] 127.0.0.1 /admin.php
INFO: [ app_init ] --START--
INFO: Run Behavior\BuildLiteBehavior [ RunTime:0.000041s ]
INFO: Run Common\Behavior\InitHookBehavior [ RunTime:0.003961s ]
INFO: [ app_init ] --END-- [ RunTime:0.005042s ]
INFO: [ app_begin ] --START--
INFO: Run Behavior\ReadHtmlCacheBehavior [ RunTime:0.000866s ]
INFO: Run Addons\Iswaf\IswafAddon [ RunTime:0.027522s ]
INFO: [ app_begin ] --END-- [ RunTime:0.028598s ]
SQL: SHOW COLUMNS FROM `jm_config` [ RunTime:0.0085s ]
SQL: SELECT `type`,`name`,`value` FROM `jm_config` WHERE `status` = 1  [ RunTime:0.0051s ]
INFO: [ view_parse ] --START--
INFO: [ template_filter ] --START--
INFO: Run Behavior\ContentReplaceBehavior [ RunTime:0.000195s ]
INFO: [ template_filter ] --END-- [ RunTime:0.000353s ]
INFO: [ AdminIndex ] --START--
SQL: SHOW COLUMNS FROM `jm_addons` [ RunTime:0.0050s ]
SQL: SELECT `config` FROM `jm_addons` WHERE `name` = 'SiteStat' AND `status` = 1 LIMIT 1   [ RunTime:0.0045s ]
SQL: SHOW COLUMNS FROM `jm_member` [ RunTime:0.0058s ]
SQL: SELECT COUNT(*) AS tp_count FROM `jm_member` LIMIT 1   [ RunTime:0.0042s ]
SQL: SHOW COLUMNS FROM `jm_action_log` [ RunTime:0.0050s ]
SQL: SELECT COUNT(*) AS tp_count FROM `jm_action_log` LIMIT 1   [ RunTime:0.0045s ]
SQL: SHOW COLUMNS FROM `jm_document` [ RunTime:0.0055s ]
SQL: SELECT COUNT(*) AS tp_count FROM `jm_document` LIMIT 1   [ RunTime:0.0047s ]
SQL: SHOW COLUMNS FROM `jm_category` [ RunTime:0.0057s ]
SQL: SELECT COUNT(*) AS tp_count FROM `jm_category` LIMIT 1   [ RunTime:0.0048s ]
SQL: SHOW COLUMNS FROM `jm_model` [ RunTime:0.0053s ]
SQL: SELECT COUNT(*) AS tp_count FROM `jm_model` LIMIT 1   [ RunTime:0.0050s ]
INFO: [ view_parse ] --START--
INFO: [ template_filter ] --START--
INFO: Run Behavior\ContentReplaceBehavior [ RunTime:0.000100s ]
INFO: [ template_filter ] --END-- [ RunTime:-0.074905s ]
INFO: Run Behavior\ParseTemplateBehavior [ RunTime:0.005972s ]
INFO: [ view_parse ] --END-- [ RunTime:0.006152s ]
INFO: [ view_filter ] --START--
INFO: Run Behavior\WriteHtmlCacheBehavior [ RunTime:0.000695s ]
INFO: [ view_filter ] --END-- [ RunTime:0.000821s ]
INFO: Run Addons\SiteStat\SiteStatAddon [ RunTime:0.073356s ]
SQL: SELECT `config` FROM `jm_addons` WHERE `name` = 'SystemInfo' AND `status` = 1 LIMIT 1   [ RunTime:0.0045s ]
INFO: [ view_parse ] --START--
INFO: [ template_filter ] --START--
INFO: Run Behavior\ContentReplaceBehavior [ RunTime:0.000129s ]
INFO: [ template_filter ] --END-- [ RunTime:-0.184028s ]
SQL: select version() as v; [ RunTime:0.0046s ]
INFO: Run Behavior\ParseTemplateBehavior [ RunTime:0.009649s ]
INFO: [ view_parse ] --END-- [ RunTime:-0.103279s ]
INFO: [ view_filter ] --START--
INFO: Run Behavior\WriteHtmlCacheBehavior [ RunTime:0.000048s ]
INFO: [ view_filter ] --END-- [ RunTime:-0.112260s ]
INFO: Run Addons\SystemInfo\SystemInfoAddon [ RunTime:0.112509s ]
SQL: SELECT `config` FROM `jm_addons` WHERE `name` = 'DevTeam' AND `status` = 1 LIMIT 1   [ RunTime:0.0049s ]
INFO: [ view_parse ] --START--
INFO: [ template_filter ] --START--
INFO: Run Behavior\ContentReplaceBehavior [ RunTime:0.000149s ]
INFO: [ template_filter ] --END-- [ RunTime:-0.204731s ]
INFO: Run Behavior\ParseTemplateBehavior [ RunTime:0.006939s ]
INFO: [ view_parse ] --END-- [ RunTime:-0.122822s ]
INFO: [ view_filter ] --START--
INFO: Run Behavior\WriteHtmlCacheBehavior [ RunTime:0.000049s ]
INFO: [ view_filter ] --END-- [ RunTime:-0.129197s ]
INFO: Run Addons\DevTeam\DevTeamAddon [ RunTime:0.016820s ]
INFO: [ AdminIndex ] --END-- [ RunTime:0.202931s ]
INFO: Run Behavior\ParseTemplateBehavior [ RunTime:0.007773s ]
INFO: [ view_parse ] --END-- [ RunTime:-0.122822s ]
INFO: [ view_filter ] --START--
INFO: Run Behavior\WriteHtmlCacheBehavior [ RunTime:0.000044s ]
INFO: [ view_filter ] --END-- [ RunTime:-0.129938s ]
INFO: [ app_end ] --START--
INFO: Run Behavior\ShowPageTraceBehavior [ RunTime:0.002103s ]
INFO: [ app_end ] --END-- [ RunTime:0.002284s ]

[ 2016-03-14T16:57:42+08:00 ] 127.0.0.1 /admin.php?s=/Config/group.html
INFO: [ app_init ] --START--
INFO: Run Behavior\BuildLiteBehavior [ RunTime:0.000032s ]
INFO: Run Common\Behavior\InitHookBehavior [ RunTime:0.003133s ]
INFO: [ app_init ] --END-- [ RunTime:0.004150s ]
INFO: [ app_begin ] --START--
INFO: Run Behavior\ReadHtmlCacheBehavior [ RunTime:0.000715s ]
INFO: Run Addons\Iswaf\IswafAddon [ RunTime:0.012550s ]
INFO: [ app_begin ] --END-- [ RunTime:0.013430s ]
SQL: SHOW COLUMNS FROM `jm_config` [ RunTime:0.0062s ]
SQL: SELECT `id`,`name`,`title`,`extra`,`value`,`remark`,`type` FROM `jm_config` WHERE `status` = 1 AND `group` = 1 ORDER BY sort  [ RunTime:0.0061s ]
INFO: [ view_parse ] --START--
INFO: [ template_filter ] --START--
INFO: Run Behavior\ContentReplaceBehavior [ RunTime:0.000188s ]
INFO: [ template_filter ] --END-- [ RunTime:0.000276s ]
INFO: Run Behavior\ParseTemplateBehavior [ RunTime:0.026491s ]
INFO: [ view_parse ] --END-- [ RunTime:0.026577s ]
INFO: [ view_filter ] --START--
INFO: Run Behavior\WriteHtmlCacheBehavior [ RunTime:0.000637s ]
INFO: [ view_filter ] --END-- [ RunTime:0.000706s ]
INFO: [ app_end ] --START--
INFO: Run Behavior\ShowPageTraceBehavior [ RunTime:0.000788s ]
INFO: [ app_end ] --END-- [ RunTime:0.000856s ]

[ 2016-03-14T16:57:46+08:00 ] 127.0.0.1 /admin.php?s=/Banner/index.html
INFO: [ app_init ] --START--
INFO: Run Behavior\BuildLiteBehavior [ RunTime:0.000038s ]
INFO: Run Common\Behavior\InitHookBehavior [ RunTime:0.001863s ]
INFO: [ app_init ] --END-- [ RunTime:0.002371s ]
INFO: [ app_begin ] --START--
INFO: Run Behavior\ReadHtmlCacheBehavior [ RunTime:0.000576s ]
INFO: Run Addons\Iswaf\IswafAddon [ RunTime:0.009866s ]
INFO: [ app_begin ] --END-- [ RunTime:0.010581s ]
NOTIC: [2048] Declaration of Admin\Controller\BannerController::setStatus() should be compatible with Admin\Controller\AdminController::setStatus($Model = 'Banner') C:\wamp\www\yinma\Application\Admin\Controller\BannerController.class.php 第 17 行.
SQL: SHOW COLUMNS FROM `jm_menu` [ RunTime:0.0122s ]
SQL: SELECT `id`,`title`,`url` FROM `jm_menu` WHERE `pid` = 0 AND `hide` = 0 ORDER BY sort asc  [ RunTime:0.0055s ]
SQL: SELECT `pid` FROM `jm_menu` WHERE ( pid !=0 AND url like '%Banner/index%' ) LIMIT 1   [ RunTime:0.0054s ]
SQL: SELECT * FROM `jm_menu` WHERE `id` = 68 LIMIT 1   [ RunTime:0.0055s ]
SQL: SELECT DISTINCT  `group` FROM `jm_menu` WHERE `group` <> '' AND `pid` = 68  [ RunTime:0.0054s ]
SQL: SELECT `id`,`url` FROM `jm_menu` WHERE `pid` = 68 AND `hide` = 0  [ RunTime:0.0069s ]
SQL: SELECT `id`,`pid`,`title`,`url`,`tip` FROM `jm_menu` WHERE `group` = '系统设置' AND `pid` = 68 AND `hide` = 0 ORDER BY sort asc  [ RunTime:0.0056s ]
SQL: SELECT `id`,`pid`,`title`,`url`,`tip` FROM `jm_menu` WHERE `group` = '数据备份' AND `pid` = 68 AND `hide` = 0 ORDER BY sort asc  [ RunTime:0.0054s ]
SQL: SELECT `id`,`pid`,`title`,`url`,`tip` FROM `jm_menu` WHERE `group` = '信息管理' AND `pid` = 68 AND `hide` = 0 ORDER BY sort asc  [ RunTime:0.0055s ]
NOTIC: [8] Undefined variable: pid C:\wamp\www\yinma\Application\Admin\Controller\BannerController.class.php 第 26 行.
SQL: SHOW COLUMNS FROM `jm_banner` [ RunTime:0.0059s ]
SQL: SELECT * FROM `jm_banner` WHERE `status` <> -1 ORDER BY sort asc,id desc  [ RunTime:0.0062s ]
NOTIC: [8] Undefined variable: pid C:\wamp\www\yinma\Application\Admin\Controller\BannerController.class.php 第 30 行.
INFO: [ view_parse ] --START--
INFO: [ template_filter ] --START--
INFO: Run Behavior\ContentReplaceBehavior [ RunTime:0.000171s ]
INFO: [ template_filter ] --END-- [ RunTime:0.000251s ]
INFO: Run Behavior\ParseTemplateBehavior [ RunTime:0.075787s ]
INFO: [ view_parse ] --END-- [ RunTime:0.075879s ]
INFO: [ view_filter ] --START--
INFO: Run Behavior\WriteHtmlCacheBehavior [ RunTime:0.000904s ]
INFO: [ view_filter ] --END-- [ RunTime:0.001003s ]
INFO: [ app_end ] --START--
INFO: Run Behavior\ShowPageTraceBehavior [ RunTime:0.001240s ]
INFO: [ app_end ] --END-- [ RunTime:0.001356s ]

[ 2016-03-14T16:58:02+08:00 ] 127.0.0.1 /admin.php?s=/Banner/index.html
INFO: [ app_init ] --START--
INFO: Run Behavior\BuildLiteBehavior [ RunTime:0.000027s ]
INFO: Run Common\Behavior\InitHookBehavior [ RunTime:0.002347s ]
INFO: [ app_init ] --END-- [ RunTime:0.002967s ]
INFO: [ app_begin ] --START--
INFO: Run Behavior\ReadHtmlCacheBehavior [ RunTime:0.000833s ]
INFO: Run Addons\Iswaf\IswafAddon [ RunTime:0.011914s ]
INFO: [ app_begin ] --END-- [ RunTime:0.012967s ]
NOTIC: [2048] Declaration of Admin\Controller\BannerController::setStatus() should be compatible with Admin\Controller\AdminController::setStatus($Model = 'Banner') C:\wamp\www\yinma\Application\Admin\Controller\BannerController.class.php 第 17 行.
NOTIC: [8] Undefined variable: pid C:\wamp\www\yinma\Application\Admin\Controller\BannerController.class.php 第 26 行.
SQL: SHOW COLUMNS FROM `jm_banner` [ RunTime:0.0064s ]
SQL: SELECT * FROM `jm_banner` WHERE `status` <> -1 ORDER BY sort asc,id desc  [ RunTime:0.0051s ]
NOTIC: [8] Undefined variable: pid C:\wamp\www\yinma\Application\Admin\Controller\BannerController.class.php 第 30 行.
INFO: [ view_parse ] --START--
INFO: [ template_filter ] --START--
INFO: Run Behavior\ContentReplaceBehavior [ RunTime:0.000167s ]
INFO: [ template_filter ] --END-- [ RunTime:0.000248s ]
INFO: Run Behavior\ParseTemplateBehavior [ RunTime:0.029648s ]
INFO: [ view_parse ] --END-- [ RunTime:0.029774s ]
INFO: [ view_filter ] --START--
INFO: Run Behavior\WriteHtmlCacheBehavior [ RunTime:0.000990s ]
INFO: [ view_filter ] --END-- [ RunTime:0.001072s ]
INFO: [ app_end ] --START--
INFO: Run Behavior\ShowPageTraceBehavior [ RunTime:0.000886s ]
INFO: [ app_end ] --END-- [ RunTime:0.000963s ]

[ 2016-03-14T16:58:17+08:00 ] 127.0.0.1 /admin.php?s=/Menu/index.html
INFO: [ app_init ] --START--
INFO: Run Behavior\BuildLiteBehavior [ RunTime:0.000038s ]
INFO: Run Common\Behavior\InitHookBehavior [ RunTime:0.002969s ]
INFO: [ app_init ] --END-- [ RunTime:0.004210s ]
INFO: [ app_begin ] --START--
INFO: Run Behavior\ReadHtmlCacheBehavior [ RunTime:0.000841s ]
INFO: Run Addons\Iswaf\IswafAddon [ RunTime:0.012105s ]
INFO: [ app_begin ] --END-- [ RunTime:0.013097s ]
SQL: SHOW COLUMNS FROM `jm_menu` [ RunTime:0.0052s ]
SQL: SELECT `id`,`title` FROM `jm_menu`  [ RunTime:0.0054s ]
SQL: SELECT `id`,`title`,`pid`,`sort`,`url`,`hide`,`tip`,`group`,`is_dev`,`status` FROM `jm_menu` WHERE `pid` = 0 ORDER BY sort asc,id asc  [ RunTime:0.0054s ]
INFO: [ view_parse ] --START--
INFO: [ template_filter ] --START--
INFO: Run Behavior\ContentReplaceBehavior [ RunTime:0.000208s ]
INFO: [ template_filter ] --END-- [ RunTime:0.000290s ]
INFO: Run Behavior\ParseTemplateBehavior [ RunTime:0.028801s ]
INFO: [ view_parse ] --END-- [ RunTime:0.028885s ]
INFO: [ view_filter ] --START--
INFO: Run Behavior\WriteHtmlCacheBehavior [ RunTime:0.000617s ]
INFO: [ view_filter ] --END-- [ RunTime:0.000726s ]
INFO: [ app_end ] --START--
INFO: Run Behavior\ShowPageTraceBehavior [ RunTime:0.000802s ]
INFO: [ app_end ] --END-- [ RunTime:0.000903s ]

[ 2016-03-14T16:58:20+08:00 ] 127.0.0.1 /admin.php?s=/Menu/index/pid/68.html
INFO: [ app_init ] --START--
INFO: Run Behavior\BuildLiteBehavior [ RunTime:0.000032s ]
INFO: Run Common\Behavior\InitHookBehavior [ RunTime:0.002485s ]
INFO: [ app_init ] --END-- [ RunTime:0.003164s ]
INFO: [ app_begin ] --START--
INFO: Run Behavior\ReadHtmlCacheBehavior [ RunTime:0.000602s ]
INFO: Run Addons\Iswaf\IswafAddon [ RunTime:0.010241s ]
INFO: [ app_begin ] --END-- [ RunTime:0.010971s ]
SQL: SHOW COLUMNS FROM `jm_menu` [ RunTime:0.0061s ]
SQL: SELECT `id`,`title`,`pid`,`sort`,`url`,`hide`,`tip`,`group`,`is_dev`,`status` FROM `jm_menu` WHERE ( id=68 ) LIMIT 1   [ RunTime:0.0056s ]
SQL: SELECT `id`,`title` FROM `jm_menu`  [ RunTime:0.0063s ]
SQL: SELECT `id`,`title`,`pid`,`sort`,`url`,`hide`,`tip`,`group`,`is_dev`,`status` FROM `jm_menu` WHERE `pid` = 68 ORDER BY sort asc,id asc  [ RunTime:0.0063s ]
INFO: [ view_parse ] --START--
INFO: [ template_filter ] --START--
INFO: Run Behavior\ContentReplaceBehavior [ RunTime:0.000232s ]
INFO: [ template_filter ] --END-- [ RunTime:0.000326s ]
INFO: Run Behavior\ParseTemplateBehavior [ RunTime:0.035979s ]
INFO: [ view_parse ] --END-- [ RunTime:0.036080s ]
INFO: [ view_filter ] --START--
INFO: Run Behavior\WriteHtmlCacheBehavior [ RunTime:0.000725s ]
INFO: [ view_filter ] --END-- [ RunTime:0.000810s ]
INFO: [ app_end ] --START--
INFO: Run Behavior\ShowPageTraceBehavior [ RunTime:0.000998s ]
INFO: [ app_end ] --END-- [ RunTime:0.001087s ]

[ 2016-03-14T16:58:28+08:00 ] 127.0.0.1 /admin.php?s=/Menu/edit/id/139.html
INFO: [ app_init ] --START--
INFO: Run Behavior\BuildLiteBehavior [ RunTime:0.000028s ]
INFO: Run Common\Behavior\InitHookBehavior [ RunTime:0.001891s ]
INFO: [ app_init ] --END-- [ RunTime:0.002345s ]
INFO: [ app_begin ] --START--
INFO: Run Behavior\ReadHtmlCacheBehavior [ RunTime:0.000602s ]
INFO: Run Addons\Iswaf\IswafAddon [ RunTime:0.009626s ]
INFO: [ app_begin ] --END-- [ RunTime:0.010361s ]
SQL: SHOW COLUMNS FROM `jm_menu` [ RunTime:0.0067s ]
SQL: SELECT `id`,`title`,`pid`,`sort`,`url`,`hide`,`tip`,`group`,`is_dev`,`status` FROM `jm_menu` WHERE `id` = 139 LIMIT 1   [ RunTime:0.0054s ]
SQL: SELECT `id`,`title`,`pid`,`sort`,`url`,`hide`,`tip`,`group`,`is_dev`,`status` FROM `jm_menu`  [ RunTime:0.0080s ]
INFO: [ view_parse ] --START--
INFO: [ template_filter ] --START--
INFO: Run Behavior\ContentReplaceBehavior [ RunTime:0.000336s ]
INFO: [ template_filter ] --END-- [ RunTime:0.000475s ]
INFO: Run Behavior\ParseTemplateBehavior [ RunTime:0.025942s ]
INFO: [ view_parse ] --END-- [ RunTime:0.026075s ]
INFO: [ view_filter ] --START--
INFO: Run Behavior\WriteHtmlCacheBehavior [ RunTime:0.000626s ]
INFO: [ view_filter ] --END-- [ RunTime:0.000706s ]
INFO: [ app_end ] --START--
INFO: Run Behavior\ShowPageTraceBehavior [ RunTime:0.000796s ]
INFO: [ app_end ] --END-- [ RunTime:0.000881s ]

[ 2016-03-14T16:58:43+08:00 ] 127.0.0.1 /admin.php?s=/Banner/index.html
INFO: [ app_init ] --START--
INFO: Run Behavior\BuildLiteBehavior [ RunTime:0.000020s ]
INFO: Run Common\Behavior\InitHookBehavior [ RunTime:0.002527s ]
INFO: [ app_init ] --END-- [ RunTime:0.003045s ]
INFO: [ app_begin ] --START--
INFO: Run Behavior\ReadHtmlCacheBehavior [ RunTime:0.000948s ]
INFO: Run Addons\Iswaf\IswafAddon [ RunTime:0.012744s ]
INFO: [ app_begin ] --END-- [ RunTime:0.013879s ]
NOTIC: [2048] Declaration of Admin\Controller\BannerController::setStatus() should be compatible with Admin\Controller\AdminController::setStatus($Model = 'Banner') C:\wamp\www\yinma\Application\Admin\Controller\BannerController.class.php 第 17 行.
NOTIC: [8] Undefined variable: pid C:\wamp\www\yinma\Application\Admin\Controller\BannerController.class.php 第 26 行.
SQL: SHOW COLUMNS FROM `jm_banner` [ RunTime:0.0062s ]
SQL: SELECT * FROM `jm_banner` WHERE `status` <> -1 ORDER BY sort asc,id desc  [ RunTime:0.0062s ]
NOTIC: [8] Undefined variable: pid C:\wamp\www\yinma\Application\Admin\Controller\BannerController.class.php 第 30 行.
INFO: [ view_parse ] --START--
INFO: [ template_filter ] --START--
INFO: Run Behavior\ContentReplaceBehavior [ RunTime:0.000232s ]
INFO: [ template_filter ] --END-- [ RunTime:0.000356s ]
INFO: Run Behavior\ParseTemplateBehavior [ RunTime:0.030516s ]
INFO: [ view_parse ] --END-- [ RunTime:0.030621s ]
INFO: [ view_filter ] --START--
INFO: Run Behavior\WriteHtmlCacheBehavior [ RunTime:0.000633s ]
INFO: [ view_filter ] --END-- [ RunTime:0.000702s ]
INFO: [ app_end ] --START--
INFO: Run Behavior\ShowPageTraceBehavior [ RunTime:0.000901s ]
INFO: [ app_end ] --END-- [ RunTime:0.000981s ]

[ 2016-03-14T16:58:54+08:00 ] 127.0.0.1 /admin.php?s=/Banner/edit/id/81.html
INFO: [ app_init ] --START--
INFO: Run Behavior\BuildLiteBehavior [ RunTime:0.000034s ]
INFO: Run Common\Behavior\InitHookBehavior [ RunTime:0.002098s ]
INFO: [ app_init ] --END-- [ RunTime:0.002698s ]
INFO: [ app_begin ] --START--
INFO: Run Behavior\ReadHtmlCacheBehavior [ RunTime:0.000610s ]
INFO: Run Addons\Iswaf\IswafAddon [ RunTime:0.010886s ]
INFO: [ app_begin ] --END-- [ RunTime:0.011625s ]
NOTIC: [2048] Declaration of Admin\Controller\BannerController::setStatus() should be compatible with Admin\Controller\AdminController::setStatus($Model = 'Banner') C:\wamp\www\yinma\Application\Admin\Controller\BannerController.class.php 第 17 行.
SQL: SHOW COLUMNS FROM `jm_banner` [ RunTime:0.0055s ]
SQL: SELECT * FROM `jm_banner` WHERE `id` = 81 LIMIT 1   [ RunTime:0.0049s ]
INFO: [ view_parse ] --START--
INFO: [ template_filter ] --START--
INFO: Run Behavior\ContentReplaceBehavior [ RunTime:0.000254s ]
INFO: [ template_filter ] --END-- [ RunTime:0.000349s ]
SQL: SHOW COLUMNS FROM `jm_picture` [ RunTime:0.0055s ]
SQL: SELECT * FROM `jm_picture` WHERE `status` = 1 AND `id` = 5788 LIMIT 1   [ RunTime:0.0050s ]
INFO: Run Behavior\ParseTemplateBehavior [ RunTime:0.144757s ]
INFO: [ view_parse ] --END-- [ RunTime:0.144845s ]
INFO: [ view_filter ] --START--
INFO: Run Behavior\WriteHtmlCacheBehavior [ RunTime:0.000745s ]
INFO: [ view_filter ] --END-- [ RunTime:0.000827s ]
INFO: [ app_end ] --START--
INFO: Run Behavior\ShowPageTraceBehavior [ RunTime:0.000961s ]
INFO: [ app_end ] --END-- [ RunTime:0.001046s ]

[ 2016-03-14T16:59:43+08:00 ] 127.0.0.1 /admin.php?s=/Banner/edit/id/80.html
INFO: [ app_init ] --START--
INFO: Run Behavior\BuildLiteBehavior [ RunTime:0.000035s ]
INFO: Run Common\Behavior\InitHookBehavior [ RunTime:0.002464s ]
INFO: [ app_init ] --END-- [ RunTime:0.003050s ]
INFO: [ app_begin ] --START--
INFO: Run Behavior\ReadHtmlCacheBehavior [ RunTime:0.000800s ]
INFO: Run Addons\Iswaf\IswafAddon [ RunTime:0.009636s ]
INFO: [ app_begin ] --END-- [ RunTime:0.010625s ]
NOTIC: [2048] Declaration of Admin\Controller\BannerController::setStatus() should be compatible with Admin\Controller\AdminController::setStatus($Model = 'Banner') C:\wamp\www\yinma\Application\Admin\Controller\BannerController.class.php 第 17 行.
SQL: SHOW COLUMNS FROM `jm_banner` [ RunTime:0.0054s ]
SQL: SELECT * FROM `jm_banner` WHERE `id` = 80 LIMIT 1   [ RunTime:0.0050s ]
INFO: [ view_parse ] --START--
INFO: [ template_filter ] --START--
INFO: Run Behavior\ContentReplaceBehavior [ RunTime:0.000207s ]
INFO: [ template_filter ] --END-- [ RunTime:0.000286s ]
SQL: SHOW COLUMNS FROM `jm_picture` [ RunTime:0.0052s ]
SQL: SELECT * FROM `jm_picture` WHERE `status` = 1 AND `id` = 5817 LIMIT 1   [ RunTime:0.0048s ]
INFO: Run Behavior\ParseTemplateBehavior [ RunTime:0.033915s ]
INFO: [ view_parse ] --END-- [ RunTime:0.034004s ]
INFO: [ view_filter ] --START--
INFO: Run Behavior\WriteHtmlCacheBehavior [ RunTime:0.000733s ]
INFO: [ view_filter ] --END-- [ RunTime:0.000806s ]
INFO: [ app_end ] --START--
INFO: Run Behavior\ShowPageTraceBehavior [ RunTime:0.000812s ]
INFO: [ app_end ] --END-- [ RunTime:0.000881s ]

[ 2016-03-14T16:59:51+08:00 ] 127.0.0.1 /admin.php?s=/Banner/edit/id/81.html
INFO: [ app_init ] --START--
INFO: Run Behavior\BuildLiteBehavior [ RunTime:0.000020s ]
INFO: Run Common\Behavior\InitHookBehavior [ RunTime:0.003333s ]
INFO: [ app_init ] --END-- [ RunTime:0.003865s ]
INFO: [ app_begin ] --START--
INFO: Run Behavior\ReadHtmlCacheBehavior [ RunTime:0.000879s ]
INFO: Run Addons\Iswaf\IswafAddon [ RunTime:0.014147s ]
INFO: [ app_begin ] --END-- [ RunTime:0.015162s ]
NOTIC: [2048] Declaration of Admin\Controller\BannerController::setStatus() should be compatible with Admin\Controller\AdminController::setStatus($Model = 'Banner') C:\wamp\www\yinma\Application\Admin\Controller\BannerController.class.php 第 17 行.
SQL: SHOW COLUMNS FROM `jm_banner` [ RunTime:0.0087s ]
SQL: SELECT * FROM `jm_banner` WHERE `id` = 81 LIMIT 1   [ RunTime:0.0056s ]
INFO: [ view_parse ] --START--
INFO: [ template_filter ] --START--
INFO: Run Behavior\ContentReplaceBehavior [ RunTime:0.000227s ]
INFO: [ template_filter ] --END-- [ RunTime:0.000323s ]
SQL: SHOW COLUMNS FROM `jm_picture` [ RunTime:0.0054s ]
SQL: SELECT * FROM `jm_picture` WHERE `status` = 1 AND `id` = 5788 LIMIT 1   [ RunTime:0.0048s ]
INFO: Run Behavior\ParseTemplateBehavior [ RunTime:0.034500s ]
INFO: [ view_parse ] --END-- [ RunTime:0.034606s ]
INFO: [ view_filter ] --START--
INFO: Run Behavior\WriteHtmlCacheBehavior [ RunTime:0.000714s ]
INFO: [ view_filter ] --END-- [ RunTime:0.000802s ]
INFO: [ app_end ] --START--
INFO: Run Behavior\ShowPageTraceBehavior [ RunTime:0.000887s ]
INFO: [ app_end ] --END-- [ RunTime:0.000974s ]

[ 2016-03-14T17:00:36+08:00 ] 127.0.0.1 /admin.php?s=/Banner/edit/id/78.html
INFO: [ app_init ] --START--
INFO: Run Behavior\BuildLiteBehavior [ RunTime:0.000023s ]
INFO: Run Common\Behavior\InitHookBehavior [ RunTime:0.003803s ]
INFO: [ app_init ] --END-- [ RunTime:0.004435s ]
INFO: [ app_begin ] --START--
INFO: Run Behavior\ReadHtmlCacheBehavior [ RunTime:0.001070s ]
INFO: Run Addons\Iswaf\IswafAddon [ RunTime:0.017710s ]
INFO: [ app_begin ] --END-- [ RunTime:0.018955s ]
NOTIC: [2048] Declaration of Admin\Controller\BannerController::setStatus() should be compatible with Admin\Controller\AdminController::setStatus($Model = 'Banner') C:\wamp\www\yinma\Application\Admin\Controller\BannerController.class.php 第 17 行.
SQL: SHOW COLUMNS FROM `jm_banner` [ RunTime:0.0096s ]
SQL: SELECT * FROM `jm_banner` WHERE `id` = 78 LIMIT 1   [ RunTime:0.0109s ]
INFO: [ view_parse ] --START--
INFO: [ template_filter ] --START--
INFO: Run Behavior\ContentReplaceBehavior [ RunTime:0.000249s ]
INFO: [ template_filter ] --END-- [ RunTime:0.000339s ]
SQL: SHOW COLUMNS FROM `jm_picture` [ RunTime:0.0117s ]
SQL: SELECT * FROM `jm_picture` WHERE `status` = 1 AND `id` = 5769 LIMIT 1   [ RunTime:0.0099s ]
SQL: SELECT * FROM `jm_picture` WHERE `status` = 1 AND `id` = 5770 LIMIT 1   [ RunTime:0.0088s ]
INFO: Run Behavior\ParseTemplateBehavior [ RunTime:0.053808s ]
INFO: [ view_parse ] --END-- [ RunTime:0.053912s ]
INFO: [ view_filter ] --START--
INFO: Run Behavior\WriteHtmlCacheBehavior [ RunTime:0.000818s ]
INFO: [ view_filter ] --END-- [ RunTime:0.000894s ]
INFO: [ app_end ] --START--
INFO: Run Behavior\ShowPageTraceBehavior [ RunTime:0.000878s ]
INFO: [ app_end ] --END-- [ RunTime:0.000948s ]

[ 2016-03-14T17:00:43+08:00 ] 127.0.0.1 /admin.php?s=/Banner/edit/id/80.html
INFO: [ app_init ] --START--
INFO: Run Behavior\BuildLiteBehavior [ RunTime:0.000024s ]
INFO: Run Common\Behavior\InitHookBehavior [ RunTime:0.003917s ]
INFO: [ app_init ] --END-- [ RunTime:0.004514s ]
INFO: [ app_begin ] --START--
INFO: Run Behavior\ReadHtmlCacheBehavior [ RunTime:0.001629s ]
INFO: Run Addons\Iswaf\IswafAddon [ RunTime:0.015998s ]
INFO: [ app_begin ] --END-- [ RunTime:0.017858s ]
NOTIC: [2048] Declaration of Admin\Controller\BannerController::setStatus() should be compatible with Admin\Controller\AdminController::setStatus($Model = 'Banner') C:\wamp\www\yinma\Application\Admin\Controller\BannerController.class.php 第 17 行.
SQL: SHOW COLUMNS FROM `jm_banner` [ RunTime:0.0059s ]
SQL: SELECT * FROM `jm_banner` WHERE `id` = 80 LIMIT 1   [ RunTime:0.0055s ]
INFO: [ view_parse ] --START--
INFO: [ template_filter ] --START--
INFO: Run Behavior\ContentReplaceBehavior [ RunTime:0.000222s ]
INFO: [ template_filter ] --END-- [ RunTime:0.000310s ]
SQL: SHOW COLUMNS FROM `jm_picture` [ RunTime:0.0065s ]
SQL: SELECT * FROM `jm_picture` WHERE `status` = 1 AND `id` = 5817 LIMIT 1   [ RunTime:0.0057s ]
INFO: Run Behavior\ParseTemplateBehavior [ RunTime:0.040314s ]
INFO: [ view_parse ] --END-- [ RunTime:0.040431s ]
INFO: [ view_filter ] --START--
INFO: Run Behavior\WriteHtmlCacheBehavior [ RunTime:0.001243s ]
INFO: [ view_filter ] --END-- [ RunTime:0.001382s ]
INFO: [ app_end ] --START--
INFO: Run Behavior\ShowPageTraceBehavior [ RunTime:0.001063s ]
INFO: [ app_end ] --END-- [ RunTime:0.001153s ]

